<?xml version="1.0" encoding="utf-8" standalone="no"?>
<test-results xmlns:xsi="http://www.w3.org/2001/XMLSchema-instance" xsi:noNamespaceSchemaLocation="nunit_schema_2.5.xsd" name="Pester" total="19" errors="0" failures="0" not-run="0" inconclusive="0" ignored="0" skipped="0" invalid="0" date="2020-09-23" time="17:13:48">
  <environment nunit-version="2.5.8.0" machine-name="AWP-LUCAS-01" user-domain="FAREAST" clr-version="Unknown" os-version="10.0.19041" cwd="D:\azure-service\Databricks\azure-powershell\src\Databricks" user="v-diya" platform="Microsoft Windows 10 Enterprise|C:\WINDOWS|\Device\Harddisk0\Partition2" />
  <culture-info current-culture="en-US" current-uiculture="en-US" />
  <test-suite type="TestFixture" name="Pester" executed="True" result="Success" success="True" time="6.8985" asserts="0" description="Pester">
    <results>
      <test-suite type="TestFixture" name="D:\azure-service\Databricks\azure-powershell\src\Databricks\test\Get-AzDatabricksVNetPeering.Tests.ps1" executed="True" result="Success" success="True" time="0.9296" asserts="0" description="D:\azure-service\Databricks\azure-powershell\src\Databricks\test\Get-AzDatabricksVNetPeering.Tests.ps1">
        <results>
          <test-suite type="TestFixture" name="Get-AzDatabricksVNetPeering" executed="True" result="Success" success="True" time="0.695" asserts="0" description="Get-AzDatabricksVNetPeering">
            <results>
              <test-case description="List" name="Get-AzDatabricksVNetPeering.List" time="0.2617" asserts="0" success="True" result="Success" executed="True" />
              <test-case description="Get" name="Get-AzDatabricksVNetPeering.Get" time="0.028" asserts="0" success="True" result="Success" executed="True" />
              <test-case description="GetViaIdentity" name="Get-AzDatabricksVNetPeering.GetViaIdentity" time="0.0435" asserts="0" success="True" result="Success" executed="True" />
            </results>
          </test-suite>
        </results>
      </test-suite>
      <test-suite type="TestFixture" name="D:\azure-service\Databricks\azure-powershell\src\Databricks\test\Get-AzDatabricksWorkspace.Tests.ps1" executed="True" result="Success" success="True" time="0.3979" asserts="0" description="D:\azure-service\Databricks\azure-powershell\src\Databricks\test\Get-AzDatabricksWorkspace.Tests.ps1">
        <results>
          <test-suite type="TestFixture" name="Get-AzDatabricksWorkspace" executed="True" result="Success" success="True" time="0.2613" asserts="0" description="Get-AzDatabricksWorkspace">
            <results>
              <test-case description="List1" name="Get-AzDatabricksWorkspace.List1" time="0.0666" asserts="0" success="True" result="Success" executed="True" />
              <test-case description="Get" name="Get-AzDatabricksWorkspace.Get" time="0.0332" asserts="0" success="True" result="Success" executed="True" />
              <test-case description="List" name="Get-AzDatabricksWorkspace.List" time="0.0267" asserts="0" success="True" result="Success" executed="True" />
              <test-case description="GetViaIdentity" name="Get-AzDatabricksWorkspace.GetViaIdentity" time="0.0382" asserts="0" success="True" result="Success" executed="True" />
            </results>
          </test-suite>
        </results>
      </test-suite>
      <test-suite type="TestFixture" name="D:\azure-service\Databricks\azure-powershell\src\Databricks\test\New-AzDatabricksVNetPeering.Tests.ps1" executed="True" result="Success" success="True" time="0.2652" asserts="0" description="D:\azure-service\Databricks\azure-powershell\src\Databricks\test\New-AzDatabricksVNetPeering.Tests.ps1">
        <results>
          <test-suite type="TestFixture" name="New-AzDatabricksVNetPeering" executed="True" result="Success" success="True" time="0.1145" asserts="0" description="New-AzDatabricksVNetPeering">
            <results>
              <test-case description="CreateExpanded" name="New-AzDatabricksVNetPeering.CreateExpanded" time="0.0417" asserts="0" success="True" result="Success" executed="True" />
            </results>
          </test-suite>
        </results>
      </test-suite>
      <test-suite type="TestFixture" name="D:\azure-service\Databricks\azure-powershell\src\Databricks\test\New-AzDatabricksWorkspace.Tests.ps1" executed="True" result="Success" success="True" time="2.2416" asserts="0" description="D:\azure-service\Databricks\azure-powershell\src\Databricks\test\New-AzDatabricksWorkspace.Tests.ps1">
        <results>
          <test-suite type="TestFixture" name="New-AzDatabricksWorkspace" executed="True" result="Success" success="True" time="2.1121" asserts="0" description="New-AzDatabricksWorkspace">
            <results>
              <test-case description="CreateExpanded" name="New-AzDatabricksWorkspace.CreateExpanded" time="1.1021" asserts="0" success="True" result="Success" executed="True" />
              <test-case description="CreateExpandedWithEncryption" name="New-AzDatabricksWorkspace.CreateExpandedWithEncryption" time="0.9095" asserts="0" success="True" result="Success" executed="True" />
            </results>
          </test-suite>
        </results>
      </test-suite>
      <test-suite type="TestFixture" name="D:\azure-service\Databricks\azure-powershell\src\Databricks\test\Remove-AzDatabricksVNetPeering.Tests.ps1" executed="True" result="Success" success="True" time="0.2856" asserts="0" description="D:\azure-service\Databricks\azure-powershell\src\Databricks\test\Remove-AzDatabricksVNetPeering.Tests.ps1">
        <results>
          <test-suite type="TestFixture" name="Remove-AzDatabricksVNetPeering" executed="True" result="Success" success="True" time="0.1556" asserts="0" description="Remove-AzDatabricksVNetPeering">
            <results>
              <test-case description="Delete" name="Remove-AzDatabricksVNetPeering.Delete" time="0.0447" asserts="0" success="True" result="Success" executed="True" />
              <test-case description="DeleteViaIdentity" name="Remove-AzDatabricksVNetPeering.DeleteViaIdentity" time="0.034" asserts="0" success="True" result="Success" executed="True" />
            </results>
          </test-suite>
        </results>
      </test-suite>
      <test-suite type="TestFixture" name="D:\azure-service\Databricks\azure-powershell\src\Databricks\test\Remove-AzDatabricksWorkspace.Tests.ps1" executed="True" result="Success" success="True" time="2.1155" asserts="0" description="D:\azure-service\Databricks\azure-powershell\src\Databricks\test\Remove-AzDatabricksWorkspace.Tests.ps1">
        <results>
          <test-suite type="TestFixture" name="Remove-AzDatabricksWorkspace" executed="True" result="Success" success="True" time="1.9968" asserts="0" description="Remove-AzDatabricksWorkspace">
            <results>
              <test-case description="Delete" name="Remove-AzDatabricksWorkspace.Delete" time="1.0267" asserts="0" success="True" result="Success" executed="True" />
              <test-case description="DeleteViaIdentity" name="Remove-AzDatabricksWorkspace.DeleteViaIdentity" time="0.8889" asserts="0" success="True" result="Success" executed="True" />
            </results>
          </test-suite>
        </results>
      </test-suite>
      <test-suite type="TestFixture" name="D:\azure-service\Databricks\azure-powershell\src\Databricks\test\Update-AzDatabricksVNetPeering.Tests.ps1" executed="True" result="Success" success="True" time="0.3009" asserts="0" description="D:\azure-service\Databricks\azure-powershell\src\Databricks\test\Update-AzDatabricksVNetPeering.Tests.ps1">
        <results>
          <test-suite type="TestFixture" name="Update-AzDatabricksVNetPeering" executed="True" result="Success" success="True" time="0.1723" asserts="0" description="Update-AzDatabricksVNetPeering">
            <results>
              <test-case description="UpdateExpanded" name="Update-AzDatabricksVNetPeering.UpdateExpanded" time="0.0483" asserts="0" success="True" result="Success" executed="True" />
              <test-case description="UpdateViaIdentityExpanded" name="Update-AzDatabricksVNetPeering.UpdateViaIdentityExpanded" time="0.0541" asserts="0" success="True" result="Success" executed="True" />
            </results>
          </test-suite>
        </results>
      </test-suite>
      <test-suite type="TestFixture" name="D:\azure-service\Databricks\azure-powershell\src\Databricks\test\Update-AzDatabricksWorkspace.Tests.ps1" executed="True" result="Success" success="True" time="0.3623" asserts="0" description="D:\azure-service\Databricks\azure-powershell\src\Databricks\test\Update-AzDatabricksWorkspace.Tests.ps1">
        <results>
          <test-suite type="TestFixture" name="Update-AzDatabricksWorkspace" executed="True" result="Success" success="True" time="0.2353" asserts="0" description="Update-AzDatabricksWorkspace">
            <results>
              <test-case description="UpdateExpanded" name="Update-AzDatabricksWorkspace.UpdateExpanded" time="0.0609" asserts="0" success="True" result="Success" executed="True" />
              <test-case description="UpdateViaIdentityExpanded" name="Update-AzDatabricksWorkspace.UpdateViaIdentityExpanded" time="0.0294" asserts="0" success="True" result="Success" executed="True" />
              <test-case description="UpdateViaIdentityForEncryption" name="Update-AzDatabricksWorkspace.UpdateViaIdentityForEncryption" time="0.0662" asserts="0" success="True" result="Success" executed="True" />
            </results>
          </test-suite>
        </results>
      </test-suite>
    </results>
  </test-suite>
</test-results>