<?xml version="1.0" encoding="utf-8" standalone="no"?>
<test-results xmlns:xsi="http://www.w3.org/2001/XMLSchema-instance" xsi:noNamespaceSchemaLocation="nunit_schema_2.5.xsd" name="Pester" total="20" errors="0" failures="3" not-run="0" inconclusive="0" ignored="167" skipped="0" invalid="0" date="2023-06-16" time="19:07:04">
  <environment cwd="C:\azure-powershell\src\RecoveryServices\RecoveryServices.SiteRecovery.Autorest" clr-version="Unknown" os-version="10.0.22000" nunit-version="2.5.8.0" user="Administrator" platform="Microsoft Windows 11 Enterprise|C:\WINDOWS|\Device\Harddisk0\Partition4" machine-name="MININT-3RDDDQ0" user-domain="MININT-3RDDDQ0" />
  <culture-info current-culture="en-US" current-uiculture="en-US" />
  <test-suite type="TestFixture" name="Pester" executed="True" result="Failure" success="False" time="419.3915" asserts="0" description="Pester">
    <results>
      <test-suite type="TestFixture" name="C:\azure-powershell\src\RecoveryServices\RecoveryServices.SiteRecovery.Autorest\test\Add-AzRecoveryServicesReplicationProtectedItemDisk.Tests.ps1" executed="True" result="Ignored" success="True" time="1.433" asserts="0" description="C:\azure-powershell\src\RecoveryServices\RecoveryServices.SiteRecovery.Autorest\test\Add-AzRecoveryServicesReplicationProtectedItemDisk.Tests.ps1">
        <results>
          <test-suite type="TestFixture" name="Add-AzRecoveryServicesReplicationProtectedItemDisk" executed="True" result="Ignored" success="True" time="0.7956" asserts="0" description="Add-AzRecoveryServicesReplicationProtectedItemDisk">
            <results>
              <test-case description="AddExpanded" name="Add-AzRecoveryServicesReplicationProtectedItemDisk.AddExpanded" time="0" asserts="0" success="True" result="Ignored" executed="False" />
              <test-case description="Add" name="Add-AzRecoveryServicesReplicationProtectedItemDisk.Add" time="0" asserts="0" success="True" result="Ignored" executed="False" />
            </results>
          </test-suite>
        </results>
      </test-suite>
      <test-suite type="TestFixture" name="C:\azure-powershell\src\RecoveryServices\RecoveryServices.SiteRecovery.Autorest\test\Add-AzRecoveryServicesReplicationProtectedItemRecoveryPoint.Tests.ps1" executed="True" result="Ignored" success="True" time="0.5057" asserts="0" description="C:\azure-powershell\src\RecoveryServices\RecoveryServices.SiteRecovery.Autorest\test\Add-AzRecoveryServicesReplicationProtectedItemRecoveryPoint.Tests.ps1">
        <results>
          <test-suite type="TestFixture" name="Add-AzRecoveryServicesReplicationProtectedItemRecoveryPoint" executed="True" result="Ignored" success="True" time="0.0895" asserts="0" description="Add-AzRecoveryServicesReplicationProtectedItemRecoveryPoint">
            <results>
              <test-case description="ApplyExpanded" name="Add-AzRecoveryServicesReplicationProtectedItemRecoveryPoint.ApplyExpanded" time="0" asserts="0" success="True" result="Ignored" executed="False" />
              <test-case description="Apply" name="Add-AzRecoveryServicesReplicationProtectedItemRecoveryPoint.Apply" time="0" asserts="0" success="True" result="Ignored" executed="False" />
            </results>
          </test-suite>
        </results>
      </test-suite>
      <test-suite type="TestFixture" name="C:\azure-powershell\src\RecoveryServices\RecoveryServices.SiteRecovery.Autorest\test\Clear-AzRecoveryServicesReplicationFabric.Tests.ps1" executed="True" result="Ignored" success="True" time="0.5053" asserts="0" description="C:\azure-powershell\src\RecoveryServices\RecoveryServices.SiteRecovery.Autorest\test\Clear-AzRecoveryServicesReplicationFabric.Tests.ps1">
        <results>
          <test-suite type="TestFixture" name="Clear-AzRecoveryServicesReplicationFabric" executed="True" result="Ignored" success="True" time="0.0838" asserts="0" description="Clear-AzRecoveryServicesReplicationFabric">
            <results>
              <test-case description="Purge" name="Clear-AzRecoveryServicesReplicationFabric.Purge" time="0" asserts="0" success="True" result="Ignored" executed="False" />
            </results>
          </test-suite>
        </results>
      </test-suite>
      <test-suite type="TestFixture" name="C:\azure-powershell\src\RecoveryServices\RecoveryServices.SiteRecovery.Autorest\test\Clear-AzRecoveryServicesReplicationProtectedItem.Tests.ps1" executed="True" result="Ignored" success="True" time="0.4779" asserts="0" description="C:\azure-powershell\src\RecoveryServices\RecoveryServices.SiteRecovery.Autorest\test\Clear-AzRecoveryServicesReplicationProtectedItem.Tests.ps1">
        <results>
          <test-suite type="TestFixture" name="Clear-AzRecoveryServicesReplicationProtectedItem" executed="True" result="Ignored" success="True" time="0.0651" asserts="0" description="Clear-AzRecoveryServicesReplicationProtectedItem">
            <results>
              <test-case description="Purge" name="Clear-AzRecoveryServicesReplicationProtectedItem.Purge" time="0" asserts="0" success="True" result="Ignored" executed="False" />
            </results>
          </test-suite>
        </results>
      </test-suite>
      <test-suite type="TestFixture" name="C:\azure-powershell\src\RecoveryServices\RecoveryServices.SiteRecovery.Autorest\test\Clear-AzRecoveryServicesReplicationProtectionContainerMapping.Tests.ps1" executed="True" result="Ignored" success="True" time="0.4758" asserts="0" description="C:\azure-powershell\src\RecoveryServices\RecoveryServices.SiteRecovery.Autorest\test\Clear-AzRecoveryServicesReplicationProtectionContainerMapping.Tests.ps1">
        <results>
          <test-suite type="TestFixture" name="Clear-AzRecoveryServicesReplicationProtectionContainerMapping" executed="True" result="Ignored" success="True" time="0.0658" asserts="0" description="Clear-AzRecoveryServicesReplicationProtectionContainerMapping">
            <results>
              <test-case description="Purge" name="Clear-AzRecoveryServicesReplicationProtectionContainerMapping.Purge" time="0" asserts="0" success="True" result="Ignored" executed="False" />
            </results>
          </test-suite>
        </results>
      </test-suite>
      <test-suite type="TestFixture" name="C:\azure-powershell\src\RecoveryServices\RecoveryServices.SiteRecovery.Autorest\test\Clear-AzRecoveryServicesReplicationRecoveryServicesProvider.Tests.ps1" executed="True" result="Ignored" success="True" time="0.5295" asserts="0" description="C:\azure-powershell\src\RecoveryServices\RecoveryServices.SiteRecovery.Autorest\test\Clear-AzRecoveryServicesReplicationRecoveryServicesProvider.Tests.ps1">
        <results>
          <test-suite type="TestFixture" name="Clear-AzRecoveryServicesReplicationRecoveryServicesProvider" executed="True" result="Ignored" success="True" time="0.1042" asserts="0" description="Clear-AzRecoveryServicesReplicationRecoveryServicesProvider">
            <results>
              <test-case description="Purge" name="Clear-AzRecoveryServicesReplicationRecoveryServicesProvider.Purge" time="0" asserts="0" success="True" result="Ignored" executed="False" />
            </results>
          </test-suite>
        </results>
      </test-suite>
      <test-suite type="TestFixture" name="C:\azure-powershell\src\RecoveryServices\RecoveryServices.SiteRecovery.Autorest\test\Export-AzRecoveryServicesReplicationJob.Tests.ps1" executed="True" result="Ignored" success="True" time="0.505" asserts="0" description="C:\azure-powershell\src\RecoveryServices\RecoveryServices.SiteRecovery.Autorest\test\Export-AzRecoveryServicesReplicationJob.Tests.ps1">
        <results>
          <test-suite type="TestFixture" name="Export-AzRecoveryServicesReplicationJob" executed="True" result="Ignored" success="True" time="0.1002" asserts="0" description="Export-AzRecoveryServicesReplicationJob">
            <results>
              <test-case description="ExportExpanded" name="Export-AzRecoveryServicesReplicationJob.ExportExpanded" time="0" asserts="0" success="True" result="Ignored" executed="False" />
              <test-case description="Export" name="Export-AzRecoveryServicesReplicationJob.Export" time="0" asserts="0" success="True" result="Ignored" executed="False" />
            </results>
          </test-suite>
        </results>
      </test-suite>
      <test-suite type="TestFixture" name="C:\azure-powershell\src\RecoveryServices\RecoveryServices.SiteRecovery.Autorest\test\Find-AzRecoveryServicesReplicationProtectionContainerProtectableItem.Tests.ps1" executed="True" result="Ignored" success="True" time="0.5595" asserts="0" description="C:\azure-powershell\src\RecoveryServices\RecoveryServices.SiteRecovery.Autorest\test\Find-AzRecoveryServicesReplicationProtectionContainerProtectableItem.Tests.ps1">
        <results>
          <test-suite type="TestFixture" name="Find-AzRecoveryServicesReplicationProtectionContainerProtectableItem" executed="True" result="Ignored" success="True" time="0.0977" asserts="0" description="Find-AzRecoveryServicesReplicationProtectionContainerProtectableItem">
            <results>
              <test-case description="DiscoverExpanded" name="Find-AzRecoveryServicesReplicationProtectionContainerProtectableItem.DiscoverExpanded" time="0" asserts="0" success="True" result="Ignored" executed="False" />
              <test-case description="Discover" name="Find-AzRecoveryServicesReplicationProtectionContainerProtectableItem.Discover" time="0" asserts="0" success="True" result="Ignored" executed="False" />
            </results>
          </test-suite>
        </results>
      </test-suite>
      <test-suite type="TestFixture" name="C:\azure-powershell\src\RecoveryServices\RecoveryServices.SiteRecovery.Autorest\test\Get-AzRecoveryServicesMigrationRecoveryPoint.Tests.ps1" executed="True" result="Ignored" success="True" time="0.4935" asserts="0" description="C:\azure-powershell\src\RecoveryServices\RecoveryServices.SiteRecovery.Autorest\test\Get-AzRecoveryServicesMigrationRecoveryPoint.Tests.ps1">
        <results>
          <test-suite type="TestFixture" name="Get-AzRecoveryServicesMigrationRecoveryPoint" executed="True" result="Ignored" success="True" time="0.0826" asserts="0" description="Get-AzRecoveryServicesMigrationRecoveryPoint">
            <results>
              <test-case description="List" name="Get-AzRecoveryServicesMigrationRecoveryPoint.List" time="0" asserts="0" success="True" result="Ignored" executed="False" />
              <test-case description="Get" name="Get-AzRecoveryServicesMigrationRecoveryPoint.Get" time="0" asserts="0" success="True" result="Ignored" executed="False" />
            </results>
          </test-suite>
        </results>
      </test-suite>
      <test-suite type="TestFixture" name="C:\azure-powershell\src\RecoveryServices\RecoveryServices.SiteRecovery.Autorest\test\Get-AzRecoveryServicesRecoveryPoint.Tests.ps1" executed="True" result="Ignored" success="True" time="0.4891" asserts="0" description="C:\azure-powershell\src\RecoveryServices\RecoveryServices.SiteRecovery.Autorest\test\Get-AzRecoveryServicesRecoveryPoint.Tests.ps1">
        <results>
          <test-suite type="TestFixture" name="Get-AzRecoveryServicesRecoveryPoint" executed="True" result="Ignored" success="True" time="0.0835" asserts="0" description="Get-AzRecoveryServicesRecoveryPoint">
            <results>
              <test-case description="List" name="Get-AzRecoveryServicesRecoveryPoint.List" time="0" asserts="0" success="True" result="Ignored" executed="False" />
              <test-case description="Get" name="Get-AzRecoveryServicesRecoveryPoint.Get" time="0" asserts="0" success="True" result="Ignored" executed="False" />
            </results>
          </test-suite>
        </results>
      </test-suite>
      <test-suite type="TestFixture" name="C:\azure-powershell\src\RecoveryServices\RecoveryServices.SiteRecovery.Autorest\test\Get-AzRecoveryServicesReplicationAlertSetting.Tests.ps1" executed="True" result="Ignored" success="True" time="0.5221" asserts="0" description="C:\azure-powershell\src\RecoveryServices\RecoveryServices.SiteRecovery.Autorest\test\Get-AzRecoveryServicesReplicationAlertSetting.Tests.ps1">
        <results>
          <test-suite type="TestFixture" name="Get-AzRecoveryServicesReplicationAlertSetting" executed="True" result="Ignored" success="True" time="0.0815" asserts="0" description="Get-AzRecoveryServicesReplicationAlertSetting">
            <results>
              <test-case description="List" name="Get-AzRecoveryServicesReplicationAlertSetting.List" time="0" asserts="0" success="True" result="Ignored" executed="False" />
              <test-case description="Get" name="Get-AzRecoveryServicesReplicationAlertSetting.Get" time="0" asserts="0" success="True" result="Ignored" executed="False" />
            </results>
          </test-suite>
        </results>
      </test-suite>
      <test-suite type="TestFixture" name="C:\azure-powershell\src\RecoveryServices\RecoveryServices.SiteRecovery.Autorest\test\Get-AzRecoveryServicesReplicationAppliance.Tests.ps1" executed="True" result="Ignored" success="True" time="0.4913" asserts="0" description="C:\azure-powershell\src\RecoveryServices\RecoveryServices.SiteRecovery.Autorest\test\Get-AzRecoveryServicesReplicationAppliance.Tests.ps1">
        <results>
          <test-suite type="TestFixture" name="Get-AzRecoveryServicesReplicationAppliance" executed="True" result="Ignored" success="True" time="0.1007" asserts="0" description="Get-AzRecoveryServicesReplicationAppliance">
            <results>
              <test-case description="List" name="Get-AzRecoveryServicesReplicationAppliance.List" time="0" asserts="0" success="True" result="Ignored" executed="False" />
            </results>
          </test-suite>
        </results>
      </test-suite>
      <test-suite type="TestFixture" name="C:\azure-powershell\src\RecoveryServices\RecoveryServices.SiteRecovery.Autorest\test\Get-AzRecoveryServicesReplicationEligibilityResult.Tests.ps1" executed="True" result="Ignored" success="True" time="0.4942" asserts="0" description="C:\azure-powershell\src\RecoveryServices\RecoveryServices.SiteRecovery.Autorest\test\Get-AzRecoveryServicesReplicationEligibilityResult.Tests.ps1">
        <results>
          <test-suite type="TestFixture" name="Get-AzRecoveryServicesReplicationEligibilityResult" executed="True" result="Ignored" success="True" time="0.0752" asserts="0" description="Get-AzRecoveryServicesReplicationEligibilityResult">
            <results>
              <test-case description="Get" name="Get-AzRecoveryServicesReplicationEligibilityResult.Get" time="0" asserts="0" success="True" result="Ignored" executed="False" />
            </results>
          </test-suite>
        </results>
      </test-suite>
      <test-suite type="TestFixture" name="C:\azure-powershell\src\RecoveryServices\RecoveryServices.SiteRecovery.Autorest\test\Get-AzRecoveryServicesReplicationEvent.Tests.ps1" executed="True" result="Ignored" success="True" time="0.4914" asserts="0" description="C:\azure-powershell\src\RecoveryServices\RecoveryServices.SiteRecovery.Autorest\test\Get-AzRecoveryServicesReplicationEvent.Tests.ps1">
        <results>
          <test-suite type="TestFixture" name="Get-AzRecoveryServicesReplicationEvent" executed="True" result="Ignored" success="True" time="0.0854" asserts="0" description="Get-AzRecoveryServicesReplicationEvent">
            <results>
              <test-case description="List" name="Get-AzRecoveryServicesReplicationEvent.List" time="0" asserts="0" success="True" result="Ignored" executed="False" />
              <test-case description="Get" name="Get-AzRecoveryServicesReplicationEvent.Get" time="0" asserts="0" success="True" result="Ignored" executed="False" />
            </results>
          </test-suite>
        </results>
      </test-suite>
      <test-suite type="TestFixture" name="C:\azure-powershell\src\RecoveryServices\RecoveryServices.SiteRecovery.Autorest\test\Get-AzRecoveryServicesReplicationFabric.Tests.ps1" executed="True" result="Success" success="True" time="3.9132" asserts="0" description="C:\azure-powershell\src\RecoveryServices\RecoveryServices.SiteRecovery.Autorest\test\Get-AzRecoveryServicesReplicationFabric.Tests.ps1">
        <results>
          <test-suite type="TestFixture" name="Get-AzRecoveryServicesReplicationFabric" executed="True" result="Success" success="True" time="3.4952" asserts="0" description="Get-AzRecoveryServicesReplicationFabric">
            <results>
              <test-case description="List" name="Get-AzRecoveryServicesReplicationFabric.List" time="2.2947" asserts="0" success="True" result="Success" executed="True" />
              <test-case description="Get" name="Get-AzRecoveryServicesReplicationFabric.Get" time="1.0672" asserts="0" success="True" result="Success" executed="True" />
            </results>
          </test-suite>
        </results>
      </test-suite>
      <test-suite type="TestFixture" name="C:\azure-powershell\src\RecoveryServices\RecoveryServices.SiteRecovery.Autorest\test\Get-AzRecoveryServicesReplicationJob.Tests.ps1" executed="True" result="Ignored" success="True" time="0.522" asserts="0" description="C:\azure-powershell\src\RecoveryServices\RecoveryServices.SiteRecovery.Autorest\test\Get-AzRecoveryServicesReplicationJob.Tests.ps1">
        <results>
          <test-suite type="TestFixture" name="Get-AzRecoveryServicesReplicationJob" executed="True" result="Ignored" success="True" time="0.0721" asserts="0" description="Get-AzRecoveryServicesReplicationJob">
            <results>
              <test-case description="List" name="Get-AzRecoveryServicesReplicationJob.List" time="0" asserts="0" success="True" result="Ignored" executed="False" />
              <test-case description="Get" name="Get-AzRecoveryServicesReplicationJob.Get" time="0" asserts="0" success="True" result="Ignored" executed="False" />
            </results>
          </test-suite>
        </results>
      </test-suite>
      <test-suite type="TestFixture" name="C:\azure-powershell\src\RecoveryServices\RecoveryServices.SiteRecovery.Autorest\test\Get-AzRecoveryServicesReplicationLogicalNetwork.Tests.ps1" executed="True" result="Ignored" success="True" time="0.4872" asserts="0" description="C:\azure-powershell\src\RecoveryServices\RecoveryServices.SiteRecovery.Autorest\test\Get-AzRecoveryServicesReplicationLogicalNetwork.Tests.ps1">
        <results>
          <test-suite type="TestFixture" name="Get-AzRecoveryServicesReplicationLogicalNetwork" executed="True" result="Ignored" success="True" time="0.0794" asserts="0" description="Get-AzRecoveryServicesReplicationLogicalNetwork">
            <results>
              <test-case description="List" name="Get-AzRecoveryServicesReplicationLogicalNetwork.List" time="0" asserts="0" success="True" result="Ignored" executed="False" />
              <test-case description="Get" name="Get-AzRecoveryServicesReplicationLogicalNetwork.Get" time="0" asserts="0" success="True" result="Ignored" executed="False" />
            </results>
          </test-suite>
        </results>
      </test-suite>
      <test-suite type="TestFixture" name="C:\azure-powershell\src\RecoveryServices\RecoveryServices.SiteRecovery.Autorest\test\Get-AzRecoveryServicesReplicationMigrationItem.Tests.ps1" executed="True" result="Ignored" success="True" time="0.5078" asserts="0" description="C:\azure-powershell\src\RecoveryServices\RecoveryServices.SiteRecovery.Autorest\test\Get-AzRecoveryServicesReplicationMigrationItem.Tests.ps1">
        <results>
          <test-suite type="TestFixture" name="Get-AzRecoveryServicesReplicationMigrationItem" executed="True" result="Ignored" success="True" time="0.0993" asserts="0" description="Get-AzRecoveryServicesReplicationMigrationItem">
            <results>
              <test-case description="List1" name="Get-AzRecoveryServicesReplicationMigrationItem.List1" time="0" asserts="0" success="True" result="Ignored" executed="False" />
              <test-case description="List" name="Get-AzRecoveryServicesReplicationMigrationItem.List" time="0" asserts="0" success="True" result="Ignored" executed="False" />
              <test-case description="Get" name="Get-AzRecoveryServicesReplicationMigrationItem.Get" time="0" asserts="0" success="True" result="Ignored" executed="False" />
            </results>
          </test-suite>
        </results>
      </test-suite>
      <test-suite type="TestFixture" name="C:\azure-powershell\src\RecoveryServices\RecoveryServices.SiteRecovery.Autorest\test\Get-AzRecoveryServicesReplicationNetwork.Tests.ps1" executed="True" result="Ignored" success="True" time="0.4948" asserts="0" description="C:\azure-powershell\src\RecoveryServices\RecoveryServices.SiteRecovery.Autorest\test\Get-AzRecoveryServicesReplicationNetwork.Tests.ps1">
        <results>
          <test-suite type="TestFixture" name="Get-AzRecoveryServicesReplicationNetwork" executed="True" result="Ignored" success="True" time="0.0991" asserts="0" description="Get-AzRecoveryServicesReplicationNetwork">
            <results>
              <test-case description="List1" name="Get-AzRecoveryServicesReplicationNetwork.List1" time="0" asserts="0" success="True" result="Ignored" executed="False" />
              <test-case description="List" name="Get-AzRecoveryServicesReplicationNetwork.List" time="0" asserts="0" success="True" result="Ignored" executed="False" />
              <test-case description="Get" name="Get-AzRecoveryServicesReplicationNetwork.Get" time="0" asserts="0" success="True" result="Ignored" executed="False" />
            </results>
          </test-suite>
        </results>
      </test-suite>
      <test-suite type="TestFixture" name="C:\azure-powershell\src\RecoveryServices\RecoveryServices.SiteRecovery.Autorest\test\Get-AzRecoveryServicesReplicationNetworkMapping.Tests.ps1" executed="True" result="Ignored" success="True" time="0.51" asserts="0" description="C:\azure-powershell\src\RecoveryServices\RecoveryServices.SiteRecovery.Autorest\test\Get-AzRecoveryServicesReplicationNetworkMapping.Tests.ps1">
        <results>
          <test-suite type="TestFixture" name="Get-AzRecoveryServicesReplicationNetworkMapping" executed="True" result="Ignored" success="True" time="0.1141" asserts="0" description="Get-AzRecoveryServicesReplicationNetworkMapping">
            <results>
              <test-case description="List1" name="Get-AzRecoveryServicesReplicationNetworkMapping.List1" time="0" asserts="0" success="True" result="Ignored" executed="False" />
              <test-case description="List" name="Get-AzRecoveryServicesReplicationNetworkMapping.List" time="0" asserts="0" success="True" result="Ignored" executed="False" />
              <test-case description="Get" name="Get-AzRecoveryServicesReplicationNetworkMapping.Get" time="0" asserts="0" success="True" result="Ignored" executed="False" />
            </results>
          </test-suite>
        </results>
      </test-suite>
      <test-suite type="TestFixture" name="C:\azure-powershell\src\RecoveryServices\RecoveryServices.SiteRecovery.Autorest\test\Get-AzRecoveryServicesReplicationPolicy.Tests.ps1" executed="True" result="Success" success="True" time="1.4062" asserts="0" description="C:\azure-powershell\src\RecoveryServices\RecoveryServices.SiteRecovery.Autorest\test\Get-AzRecoveryServicesReplicationPolicy.Tests.ps1">
        <results>
          <test-suite type="TestFixture" name="Get-AzRecoveryServicesReplicationPolicy" executed="True" result="Success" success="True" time="1.0009" asserts="0" description="Get-AzRecoveryServicesReplicationPolicy">
            <results>
              <test-case description="List" name="Get-AzRecoveryServicesReplicationPolicy.List" time="0.4459" asserts="0" success="True" result="Success" executed="True" />
              <test-case description="Get" name="Get-AzRecoveryServicesReplicationPolicy.Get" time="0.4462" asserts="0" success="True" result="Success" executed="True" />
            </results>
          </test-suite>
        </results>
      </test-suite>
      <test-suite type="TestFixture" name="C:\azure-powershell\src\RecoveryServices\RecoveryServices.SiteRecovery.Autorest\test\Get-AzRecoveryServicesReplicationProtectableItem.Tests.ps1" executed="True" result="Ignored" success="True" time="0.5625" asserts="0" description="C:\azure-powershell\src\RecoveryServices\RecoveryServices.SiteRecovery.Autorest\test\Get-AzRecoveryServicesReplicationProtectableItem.Tests.ps1">
        <results>
          <test-suite type="TestFixture" name="Get-AzRecoveryServicesReplicationProtectableItem" executed="True" result="Ignored" success="True" time="0.0853" asserts="0" description="Get-AzRecoveryServicesReplicationProtectableItem">
            <results>
              <test-case description="List" name="Get-AzRecoveryServicesReplicationProtectableItem.List" time="0" asserts="0" success="True" result="Ignored" executed="False" />
              <test-case description="Get" name="Get-AzRecoveryServicesReplicationProtectableItem.Get" time="0" asserts="0" success="True" result="Ignored" executed="False" />
            </results>
          </test-suite>
        </results>
      </test-suite>
      <test-suite type="TestFixture" name="C:\azure-powershell\src\RecoveryServices\RecoveryServices.SiteRecovery.Autorest\test\Get-AzRecoveryServicesReplicationProtectedItem.Tests.ps1" executed="True" result="Ignored" success="True" time="0.5135" asserts="0" description="C:\azure-powershell\src\RecoveryServices\RecoveryServices.SiteRecovery.Autorest\test\Get-AzRecoveryServicesReplicationProtectedItem.Tests.ps1">
        <results>
          <test-suite type="TestFixture" name="Get-AzRecoveryServicesReplicationProtectedItem" executed="True" result="Ignored" success="True" time="0.0953" asserts="0" description="Get-AzRecoveryServicesReplicationProtectedItem">
            <results>
              <test-case description="List1" name="Get-AzRecoveryServicesReplicationProtectedItem.List1" time="0" asserts="0" success="True" result="Ignored" executed="False" />
              <test-case description="List" name="Get-AzRecoveryServicesReplicationProtectedItem.List" time="0" asserts="0" success="True" result="Ignored" executed="False" />
              <test-case description="Get" name="Get-AzRecoveryServicesReplicationProtectedItem.Get" time="0" asserts="0" success="True" result="Ignored" executed="False" />
            </results>
          </test-suite>
        </results>
      </test-suite>
      <test-suite type="TestFixture" name="C:\azure-powershell\src\RecoveryServices\RecoveryServices.SiteRecovery.Autorest\test\Get-AzRecoveryServicesReplicationProtectionContainer.Tests.ps1" executed="True" result="Success" success="True" time="2.8785" asserts="0" description="C:\azure-powershell\src\RecoveryServices\RecoveryServices.SiteRecovery.Autorest\test\Get-AzRecoveryServicesReplicationProtectionContainer.Tests.ps1">
        <results>
          <test-suite type="TestFixture" name="Get-AzRecoveryServicesReplicationProtectionContainer" executed="True" result="Success" success="True" time="2.4649" asserts="0" description="Get-AzRecoveryServicesReplicationProtectionContainer">
            <results>
              <test-case description="List1" name="Get-AzRecoveryServicesReplicationProtectionContainer.List1" time="0.5243" asserts="0" success="True" result="Success" executed="True" />
              <test-case description="List" name="Get-AzRecoveryServicesReplicationProtectionContainer.List" time="0.9228" asserts="0" success="True" result="Success" executed="True" />
              <test-case description="Get" name="Get-AzRecoveryServicesReplicationProtectionContainer.Get" time="0.8994" asserts="0" success="True" result="Success" executed="True" />
            </results>
          </test-suite>
        </results>
      </test-suite>
      <test-suite type="TestFixture" name="C:\azure-powershell\src\RecoveryServices\RecoveryServices.SiteRecovery.Autorest\test\Get-AzRecoveryServicesReplicationProtectionContainerMapping.Tests.ps1" executed="True" result="Success" success="True" time="3.9196" asserts="0" description="C:\azure-powershell\src\RecoveryServices\RecoveryServices.SiteRecovery.Autorest\test\Get-AzRecoveryServicesReplicationProtectionContainerMapping.Tests.ps1">
        <results>
          <test-suite type="TestFixture" name="Get-AzRecoveryServicesReplicationProtectionContainerMapping" executed="True" result="Success" success="True" time="3.504" asserts="0" description="Get-AzRecoveryServicesReplicationProtectionContainerMapping">
            <results>
              <test-case description="List1" name="Get-AzRecoveryServicesReplicationProtectionContainerMapping.List1" time="0.495" asserts="0" success="True" result="Success" executed="True" />
              <test-case description="List" name="Get-AzRecoveryServicesReplicationProtectionContainerMapping.List" time="1.4041" asserts="0" success="True" result="Success" executed="True" />
              <test-case description="Get" name="Get-AzRecoveryServicesReplicationProtectionContainerMapping.Get" time="1.4976" asserts="0" success="True" result="Success" executed="True" />
            </results>
          </test-suite>
        </results>
      </test-suite>
      <test-suite type="TestFixture" name="C:\azure-powershell\src\RecoveryServices\RecoveryServices.SiteRecovery.Autorest\test\Get-AzRecoveryServicesReplicationProtectionIntent.Tests.ps1" executed="True" result="Ignored" success="True" time="0.497" asserts="0" description="C:\azure-powershell\src\RecoveryServices\RecoveryServices.SiteRecovery.Autorest\test\Get-AzRecoveryServicesReplicationProtectionIntent.Tests.ps1">
        <results>
          <test-suite type="TestFixture" name="Get-AzRecoveryServicesReplicationProtectionIntent" executed="True" result="Ignored" success="True" time="0.0783" asserts="0" description="Get-AzRecoveryServicesReplicationProtectionIntent">
            <results>
              <test-case description="List" name="Get-AzRecoveryServicesReplicationProtectionIntent.List" time="0" asserts="0" success="True" result="Ignored" executed="False" />
              <test-case description="Get" name="Get-AzRecoveryServicesReplicationProtectionIntent.Get" time="0" asserts="0" success="True" result="Ignored" executed="False" />
            </results>
          </test-suite>
        </results>
      </test-suite>
      <test-suite type="TestFixture" name="C:\azure-powershell\src\RecoveryServices\RecoveryServices.SiteRecovery.Autorest\test\Get-AzRecoveryServicesReplicationRecoveryPlan.Tests.ps1" executed="True" result="Ignored" success="True" time="0.4872" asserts="0" description="C:\azure-powershell\src\RecoveryServices\RecoveryServices.SiteRecovery.Autorest\test\Get-AzRecoveryServicesReplicationRecoveryPlan.Tests.ps1">
        <results>
          <test-suite type="TestFixture" name="Get-AzRecoveryServicesReplicationRecoveryPlan" executed="True" result="Ignored" success="True" time="0.0928" asserts="0" description="Get-AzRecoveryServicesReplicationRecoveryPlan">
            <results>
              <test-case description="List" name="Get-AzRecoveryServicesReplicationRecoveryPlan.List" time="0" asserts="0" success="True" result="Ignored" executed="False" />
              <test-case description="Get" name="Get-AzRecoveryServicesReplicationRecoveryPlan.Get" time="0" asserts="0" success="True" result="Ignored" executed="False" />
            </results>
          </test-suite>
        </results>
      </test-suite>
      <test-suite type="TestFixture" name="C:\azure-powershell\src\RecoveryServices\RecoveryServices.SiteRecovery.Autorest\test\Get-AzRecoveryServicesReplicationRecoveryServiceProvider.Tests.ps1" executed="True" result="Ignored" success="True" time="0.4796" asserts="0" description="C:\azure-powershell\src\RecoveryServices\RecoveryServices.SiteRecovery.Autorest\test\Get-AzRecoveryServicesReplicationRecoveryServiceProvider.Tests.ps1">
        <results>
          <test-suite type="TestFixture" name="Get-AzRecoveryServicesReplicationRecoveryServiceProvider" executed="True" result="Ignored" success="True" time="0.0665" asserts="0" description="Get-AzRecoveryServicesReplicationRecoveryServiceProvider">
            <results>
              <test-case description="List" name="Get-AzRecoveryServicesReplicationRecoveryServiceProvider.List" time="0" asserts="0" success="True" result="Ignored" executed="False" />
            </results>
          </test-suite>
        </results>
      </test-suite>
      <test-suite type="TestFixture" name="C:\azure-powershell\src\RecoveryServices\RecoveryServices.SiteRecovery.Autorest\test\Get-AzRecoveryServicesReplicationRecoveryServicesProvider.Tests.ps1" executed="True" result="Ignored" success="True" time="0.5035" asserts="0" description="C:\azure-powershell\src\RecoveryServices\RecoveryServices.SiteRecovery.Autorest\test\Get-AzRecoveryServicesReplicationRecoveryServicesProvider.Tests.ps1">
        <results>
          <test-suite type="TestFixture" name="Get-AzRecoveryServicesReplicationRecoveryServicesProvider" executed="True" result="Ignored" success="True" time="0.0859" asserts="0" description="Get-AzRecoveryServicesReplicationRecoveryServicesProvider">
            <results>
              <test-case description="List" name="Get-AzRecoveryServicesReplicationRecoveryServicesProvider.List" time="0" asserts="0" success="True" result="Ignored" executed="False" />
              <test-case description="Get" name="Get-AzRecoveryServicesReplicationRecoveryServicesProvider.Get" time="0" asserts="0" success="True" result="Ignored" executed="False" />
            </results>
          </test-suite>
        </results>
      </test-suite>
      <test-suite type="TestFixture" name="C:\azure-powershell\src\RecoveryServices\RecoveryServices.SiteRecovery.Autorest\test\Get-AzRecoveryServicesReplicationStorageClassification.Tests.ps1" executed="True" result="Ignored" success="True" time="0.4876" asserts="0" description="C:\azure-powershell\src\RecoveryServices\RecoveryServices.SiteRecovery.Autorest\test\Get-AzRecoveryServicesReplicationStorageClassification.Tests.ps1">
        <results>
          <test-suite type="TestFixture" name="Get-AzRecoveryServicesReplicationStorageClassification" executed="True" result="Ignored" success="True" time="0.0818" asserts="0" description="Get-AzRecoveryServicesReplicationStorageClassification">
            <results>
              <test-case description="List1" name="Get-AzRecoveryServicesReplicationStorageClassification.List1" time="0" asserts="0" success="True" result="Ignored" executed="False" />
              <test-case description="List" name="Get-AzRecoveryServicesReplicationStorageClassification.List" time="0" asserts="0" success="True" result="Ignored" executed="False" />
              <test-case description="Get" name="Get-AzRecoveryServicesReplicationStorageClassification.Get" time="0" asserts="0" success="True" result="Ignored" executed="False" />
            </results>
          </test-suite>
        </results>
      </test-suite>
      <test-suite type="TestFixture" name="C:\azure-powershell\src\RecoveryServices\RecoveryServices.SiteRecovery.Autorest\test\Get-AzRecoveryServicesReplicationStorageClassificationMapping.Tests.ps1" executed="True" result="Ignored" success="True" time="0.4873" asserts="0" description="C:\azure-powershell\src\RecoveryServices\RecoveryServices.SiteRecovery.Autorest\test\Get-AzRecoveryServicesReplicationStorageClassificationMapping.Tests.ps1">
        <results>
          <test-suite type="TestFixture" name="Get-AzRecoveryServicesReplicationStorageClassificationMapping" executed="True" result="Ignored" success="True" time="0.0814" asserts="0" description="Get-AzRecoveryServicesReplicationStorageClassificationMapping">
            <results>
              <test-case description="List1" name="Get-AzRecoveryServicesReplicationStorageClassificationMapping.List1" time="0" asserts="0" success="True" result="Ignored" executed="False" />
              <test-case description="List" name="Get-AzRecoveryServicesReplicationStorageClassificationMapping.List" time="0" asserts="0" success="True" result="Ignored" executed="False" />
              <test-case description="Get" name="Get-AzRecoveryServicesReplicationStorageClassificationMapping.Get" time="0" asserts="0" success="True" result="Ignored" executed="False" />
            </results>
          </test-suite>
        </results>
      </test-suite>
      <test-suite type="TestFixture" name="C:\azure-powershell\src\RecoveryServices\RecoveryServices.SiteRecovery.Autorest\test\Get-AzRecoveryServicesReplicationVaultHealth.Tests.ps1" executed="True" result="Ignored" success="True" time="0.4782" asserts="0" description="C:\azure-powershell\src\RecoveryServices\RecoveryServices.SiteRecovery.Autorest\test\Get-AzRecoveryServicesReplicationVaultHealth.Tests.ps1">
        <results>
          <test-suite type="TestFixture" name="Get-AzRecoveryServicesReplicationVaultHealth" executed="True" result="Ignored" success="True" time="0.0651" asserts="0" description="Get-AzRecoveryServicesReplicationVaultHealth">
            <results>
              <test-case description="Get" name="Get-AzRecoveryServicesReplicationVaultHealth.Get" time="0" asserts="0" success="True" result="Ignored" executed="False" />
            </results>
          </test-suite>
        </results>
      </test-suite>
      <test-suite type="TestFixture" name="C:\azure-powershell\src\RecoveryServices\RecoveryServices.SiteRecovery.Autorest\test\Get-AzRecoveryServicesReplicationVaultSetting.Tests.ps1" executed="True" result="Ignored" success="True" time="0.5558" asserts="0" description="C:\azure-powershell\src\RecoveryServices\RecoveryServices.SiteRecovery.Autorest\test\Get-AzRecoveryServicesReplicationVaultSetting.Tests.ps1">
        <results>
          <test-suite type="TestFixture" name="Get-AzRecoveryServicesReplicationVaultSetting" executed="True" result="Ignored" success="True" time="0.0906" asserts="0" description="Get-AzRecoveryServicesReplicationVaultSetting">
            <results>
              <test-case description="List" name="Get-AzRecoveryServicesReplicationVaultSetting.List" time="0" asserts="0" success="True" result="Ignored" executed="False" />
              <test-case description="Get" name="Get-AzRecoveryServicesReplicationVaultSetting.Get" time="0" asserts="0" success="True" result="Ignored" executed="False" />
            </results>
          </test-suite>
        </results>
      </test-suite>
      <test-suite type="TestFixture" name="C:\azure-powershell\src\RecoveryServices\RecoveryServices.SiteRecovery.Autorest\test\Get-AzRecoveryServicesReplicationvCenter.Tests.ps1" executed="True" result="Ignored" success="True" time="0.4937" asserts="0" description="C:\azure-powershell\src\RecoveryServices\RecoveryServices.SiteRecovery.Autorest\test\Get-AzRecoveryServicesReplicationvCenter.Tests.ps1">
        <results>
          <test-suite type="TestFixture" name="Get-AzRecoveryServicesReplicationvCenter" executed="True" result="Ignored" success="True" time="0.0941" asserts="0" description="Get-AzRecoveryServicesReplicationvCenter">
            <results>
              <test-case description="List1" name="Get-AzRecoveryServicesReplicationvCenter.List1" time="0" asserts="0" success="True" result="Ignored" executed="False" />
              <test-case description="List" name="Get-AzRecoveryServicesReplicationvCenter.List" time="0" asserts="0" success="True" result="Ignored" executed="False" />
              <test-case description="Get" name="Get-AzRecoveryServicesReplicationvCenter.Get" time="0" asserts="0" success="True" result="Ignored" executed="False" />
            </results>
          </test-suite>
        </results>
      </test-suite>
      <test-suite type="TestFixture" name="C:\azure-powershell\src\RecoveryServices\RecoveryServices.SiteRecovery.Autorest\test\Get-AzRecoveryServicesSupportedOperatingSystem.Tests.ps1" executed="True" result="Ignored" success="True" time="0.4885" asserts="0" description="C:\azure-powershell\src\RecoveryServices\RecoveryServices.SiteRecovery.Autorest\test\Get-AzRecoveryServicesSupportedOperatingSystem.Tests.ps1">
        <results>
          <test-suite type="TestFixture" name="Get-AzRecoveryServicesSupportedOperatingSystem" executed="True" result="Ignored" success="True" time="0.0849" asserts="0" description="Get-AzRecoveryServicesSupportedOperatingSystem">
            <results>
              <test-case description="Get" name="Get-AzRecoveryServicesSupportedOperatingSystem.Get" time="0" asserts="0" success="True" result="Ignored" executed="False" />
            </results>
          </test-suite>
        </results>
      </test-suite>
      <test-suite type="TestFixture" name="C:\azure-powershell\src\RecoveryServices\RecoveryServices.SiteRecovery.Autorest\test\Get-AzRecoveryServicesTargetComputeSize.Tests.ps1" executed="True" result="Ignored" success="True" time="0.494" asserts="0" description="C:\azure-powershell\src\RecoveryServices\RecoveryServices.SiteRecovery.Autorest\test\Get-AzRecoveryServicesTargetComputeSize.Tests.ps1">
        <results>
          <test-suite type="TestFixture" name="Get-AzRecoveryServicesTargetComputeSize" executed="True" result="Ignored" success="True" time="0.0742" asserts="0" description="Get-AzRecoveryServicesTargetComputeSize">
            <results>
              <test-case description="List" name="Get-AzRecoveryServicesTargetComputeSize.List" time="0" asserts="0" success="True" result="Ignored" executed="False" />
            </results>
          </test-suite>
        </results>
      </test-suite>
      <test-suite type="TestFixture" name="C:\azure-powershell\src\RecoveryServices\RecoveryServices.SiteRecovery.Autorest\test\Invoke-AzRecoveryServicesCommitReplicationProtectedItemFailover.Tests.ps1" executed="True" result="Ignored" success="True" time="0.5005" asserts="0" description="C:\azure-powershell\src\RecoveryServices\RecoveryServices.SiteRecovery.Autorest\test\Invoke-AzRecoveryServicesCommitReplicationProtectedItemFailover.Tests.ps1">
        <results>
          <test-suite type="TestFixture" name="Invoke-AzRecoveryServicesCommitReplicationProtectedItemFailover" executed="True" result="Ignored" success="True" time="0.0875" asserts="0" description="Invoke-AzRecoveryServicesCommitReplicationProtectedItemFailover">
            <results>
              <test-case description="Commit" name="Invoke-AzRecoveryServicesCommitReplicationProtectedItemFailover.Commit" time="0" asserts="0" success="True" result="Ignored" executed="False" />
            </results>
          </test-suite>
        </results>
      </test-suite>
      <test-suite type="TestFixture" name="C:\azure-powershell\src\RecoveryServices\RecoveryServices.SiteRecovery.Autorest\test\Invoke-AzRecoveryServicesCommitReplicationRecoveryPlanFailover.Tests.ps1" executed="True" result="Ignored" success="True" time="0.4578" asserts="0" description="C:\azure-powershell\src\RecoveryServices\RecoveryServices.SiteRecovery.Autorest\test\Invoke-AzRecoveryServicesCommitReplicationRecoveryPlanFailover.Tests.ps1">
        <results>
          <test-suite type="TestFixture" name="Invoke-AzRecoveryServicesCommitReplicationRecoveryPlanFailover" executed="True" result="Ignored" success="True" time="0.0712" asserts="0" description="Invoke-AzRecoveryServicesCommitReplicationRecoveryPlanFailover">
            <results>
              <test-case description="Commit" name="Invoke-AzRecoveryServicesCommitReplicationRecoveryPlanFailover.Commit" time="0" asserts="0" success="True" result="Ignored" executed="False" />
            </results>
          </test-suite>
        </results>
      </test-suite>
      <test-suite type="TestFixture" name="C:\azure-powershell\src\RecoveryServices\RecoveryServices.SiteRecovery.Autorest\test\Invoke-AzRecoveryServicesPlannedReplicationProtectedItemFailover.Tests.ps1" executed="True" result="Ignored" success="True" time="0.5059" asserts="0" description="C:\azure-powershell\src\RecoveryServices\RecoveryServices.SiteRecovery.Autorest\test\Invoke-AzRecoveryServicesPlannedReplicationProtectedItemFailover.Tests.ps1">
        <results>
          <test-suite type="TestFixture" name="Invoke-AzRecoveryServicesPlannedReplicationProtectedItemFailover" executed="True" result="Ignored" success="True" time="0.0884" asserts="0" description="Invoke-AzRecoveryServicesPlannedReplicationProtectedItemFailover">
            <results>
              <test-case description="PlannedExpanded" name="Invoke-AzRecoveryServicesPlannedReplicationProtectedItemFailover.PlannedExpanded" time="0" asserts="0" success="True" result="Ignored" executed="False" />
              <test-case description="Planned" name="Invoke-AzRecoveryServicesPlannedReplicationProtectedItemFailover.Planned" time="0" asserts="0" success="True" result="Ignored" executed="False" />
            </results>
          </test-suite>
        </results>
      </test-suite>
      <test-suite type="TestFixture" name="C:\azure-powershell\src\RecoveryServices\RecoveryServices.SiteRecovery.Autorest\test\Invoke-AzRecoveryServicesPlannedReplicationRecoveryPlanFailover.Tests.ps1" executed="True" result="Ignored" success="True" time="0.5227" asserts="0" description="C:\azure-powershell\src\RecoveryServices\RecoveryServices.SiteRecovery.Autorest\test\Invoke-AzRecoveryServicesPlannedReplicationRecoveryPlanFailover.Tests.ps1">
        <results>
          <test-suite type="TestFixture" name="Invoke-AzRecoveryServicesPlannedReplicationRecoveryPlanFailover" executed="True" result="Ignored" success="True" time="0.0961" asserts="0" description="Invoke-AzRecoveryServicesPlannedReplicationRecoveryPlanFailover">
            <results>
              <test-case description="PlannedExpanded" name="Invoke-AzRecoveryServicesPlannedReplicationRecoveryPlanFailover.PlannedExpanded" time="0" asserts="0" success="True" result="Ignored" executed="False" />
              <test-case description="Planned" name="Invoke-AzRecoveryServicesPlannedReplicationRecoveryPlanFailover.Planned" time="0" asserts="0" success="True" result="Ignored" executed="False" />
            </results>
          </test-suite>
        </results>
      </test-suite>
      <test-suite type="TestFixture" name="C:\azure-powershell\src\RecoveryServices\RecoveryServices.SiteRecovery.Autorest\test\Invoke-AzRecoveryServicesRenewReplicationFabricCertificate.Tests.ps1" executed="True" result="Ignored" success="True" time="0.5152" asserts="0" description="C:\azure-powershell\src\RecoveryServices\RecoveryServices.SiteRecovery.Autorest\test\Invoke-AzRecoveryServicesRenewReplicationFabricCertificate.Tests.ps1">
        <results>
          <test-suite type="TestFixture" name="Invoke-AzRecoveryServicesRenewReplicationFabricCertificate" executed="True" result="Ignored" success="True" time="0.0887" asserts="0" description="Invoke-AzRecoveryServicesRenewReplicationFabricCertificate">
            <results>
              <test-case description="RenewExpanded" name="Invoke-AzRecoveryServicesRenewReplicationFabricCertificate.RenewExpanded" time="0" asserts="0" success="True" result="Ignored" executed="False" />
              <test-case description="Renew" name="Invoke-AzRecoveryServicesRenewReplicationFabricCertificate.Renew" time="0" asserts="0" success="True" result="Ignored" executed="False" />
            </results>
          </test-suite>
        </results>
      </test-suite>
      <test-suite type="TestFixture" name="C:\azure-powershell\src\RecoveryServices\RecoveryServices.SiteRecovery.Autorest\test\Invoke-AzRecoveryServicesReprotectReplicationProtectedItem.Tests.ps1" executed="True" result="Ignored" success="True" time="0.5027" asserts="0" description="C:\azure-powershell\src\RecoveryServices\RecoveryServices.SiteRecovery.Autorest\test\Invoke-AzRecoveryServicesReprotectReplicationProtectedItem.Tests.ps1">
        <results>
          <test-suite type="TestFixture" name="Invoke-AzRecoveryServicesReprotectReplicationProtectedItem" executed="True" result="Ignored" success="True" time="0.0888" asserts="0" description="Invoke-AzRecoveryServicesReprotectReplicationProtectedItem">
            <results>
              <test-case description="ReprotectExpanded" name="Invoke-AzRecoveryServicesReprotectReplicationProtectedItem.ReprotectExpanded" time="0" asserts="0" success="True" result="Ignored" executed="False" />
              <test-case description="Reprotect" name="Invoke-AzRecoveryServicesReprotectReplicationProtectedItem.Reprotect" time="0" asserts="0" success="True" result="Ignored" executed="False" />
            </results>
          </test-suite>
        </results>
      </test-suite>
      <test-suite type="TestFixture" name="C:\azure-powershell\src\RecoveryServices\RecoveryServices.SiteRecovery.Autorest\test\Invoke-AzRecoveryServicesReprotectReplicationRecoveryPlan.Tests.ps1" executed="True" result="Ignored" success="True" time="0.5301" asserts="0" description="C:\azure-powershell\src\RecoveryServices\RecoveryServices.SiteRecovery.Autorest\test\Invoke-AzRecoveryServicesReprotectReplicationRecoveryPlan.Tests.ps1">
        <results>
          <test-suite type="TestFixture" name="Invoke-AzRecoveryServicesReprotectReplicationRecoveryPlan" executed="True" result="Ignored" success="True" time="0.0822" asserts="0" description="Invoke-AzRecoveryServicesReprotectReplicationRecoveryPlan">
            <results>
              <test-case description="Reprotect" name="Invoke-AzRecoveryServicesReprotectReplicationRecoveryPlan.Reprotect" time="0" asserts="0" success="True" result="Ignored" executed="False" />
            </results>
          </test-suite>
        </results>
      </test-suite>
      <test-suite type="TestFixture" name="C:\azure-powershell\src\RecoveryServices\RecoveryServices.SiteRecovery.Autorest\test\Invoke-AzRecoveryServicesResyncReplicationMigrationItem.Tests.ps1" executed="True" result="Ignored" success="True" time="0.6303" asserts="0" description="C:\azure-powershell\src\RecoveryServices\RecoveryServices.SiteRecovery.Autorest\test\Invoke-AzRecoveryServicesResyncReplicationMigrationItem.Tests.ps1">
        <results>
          <test-suite type="TestFixture" name="Invoke-AzRecoveryServicesResyncReplicationMigrationItem" executed="True" result="Ignored" success="True" time="0.0912" asserts="0" description="Invoke-AzRecoveryServicesResyncReplicationMigrationItem">
            <results>
              <test-case description="ResyncExpanded" name="Invoke-AzRecoveryServicesResyncReplicationMigrationItem.ResyncExpanded" time="0" asserts="0" success="True" result="Ignored" executed="False" />
              <test-case description="Resync" name="Invoke-AzRecoveryServicesResyncReplicationMigrationItem.Resync" time="0" asserts="0" success="True" result="Ignored" executed="False" />
            </results>
          </test-suite>
        </results>
      </test-suite>
      <test-suite type="TestFixture" name="C:\azure-powershell\src\RecoveryServices\RecoveryServices.SiteRecovery.Autorest\test\Invoke-AzRecoveryServicesUnplannedReplicationProtectedItemFailover.Tests.ps1" executed="True" result="Ignored" success="True" time="0.4919" asserts="0" description="C:\azure-powershell\src\RecoveryServices\RecoveryServices.SiteRecovery.Autorest\test\Invoke-AzRecoveryServicesUnplannedReplicationProtectedItemFailover.Tests.ps1">
        <results>
          <test-suite type="TestFixture" name="Invoke-AzRecoveryServicesUnplannedReplicationProtectedItemFailover" executed="True" result="Ignored" success="True" time="0.0852" asserts="0" description="Invoke-AzRecoveryServicesUnplannedReplicationProtectedItemFailover">
            <results>
              <test-case description="UnplannedExpanded" name="Invoke-AzRecoveryServicesUnplannedReplicationProtectedItemFailover.UnplannedExpanded" time="0" asserts="0" success="True" result="Ignored" executed="False" />
              <test-case description="Unplanned" name="Invoke-AzRecoveryServicesUnplannedReplicationProtectedItemFailover.Unplanned" time="0" asserts="0" success="True" result="Ignored" executed="False" />
            </results>
          </test-suite>
        </results>
      </test-suite>
      <test-suite type="TestFixture" name="C:\azure-powershell\src\RecoveryServices\RecoveryServices.SiteRecovery.Autorest\test\Invoke-AzRecoveryServicesUnplannedReplicationRecoveryPlanFailover.Tests.ps1" executed="True" result="Ignored" success="True" time="0.5348" asserts="0" description="C:\azure-powershell\src\RecoveryServices\RecoveryServices.SiteRecovery.Autorest\test\Invoke-AzRecoveryServicesUnplannedReplicationRecoveryPlanFailover.Tests.ps1">
        <results>
          <test-suite type="TestFixture" name="Invoke-AzRecoveryServicesUnplannedReplicationRecoveryPlanFailover" executed="True" result="Ignored" success="True" time="0.0973" asserts="0" description="Invoke-AzRecoveryServicesUnplannedReplicationRecoveryPlanFailover">
            <results>
              <test-case description="UnplannedExpanded" name="Invoke-AzRecoveryServicesUnplannedReplicationRecoveryPlanFailover.UnplannedExpanded" time="0" asserts="0" success="True" result="Ignored" executed="False" />
              <test-case description="Unplanned" name="Invoke-AzRecoveryServicesUnplannedReplicationRecoveryPlanFailover.Unplanned" time="0" asserts="0" success="True" result="Ignored" executed="False" />
            </results>
          </test-suite>
        </results>
      </test-suite>
      <test-suite type="TestFixture" name="C:\azure-powershell\src\RecoveryServices\RecoveryServices.SiteRecovery.Autorest\test\Move-AzRecoveryServicesReplicationFabricGateway.Tests.ps1" executed="True" result="Ignored" success="True" time="0.4721" asserts="0" description="C:\azure-powershell\src\RecoveryServices\RecoveryServices.SiteRecovery.Autorest\test\Move-AzRecoveryServicesReplicationFabricGateway.Tests.ps1">
        <results>
          <test-suite type="TestFixture" name="Move-AzRecoveryServicesReplicationFabricGateway" executed="True" result="Ignored" success="True" time="0.0797" asserts="0" description="Move-AzRecoveryServicesReplicationFabricGateway">
            <results>
              <test-case description="ReassociateExpanded" name="Move-AzRecoveryServicesReplicationFabricGateway.ReassociateExpanded" time="0" asserts="0" success="True" result="Ignored" executed="False" />
              <test-case description="Reassociate" name="Move-AzRecoveryServicesReplicationFabricGateway.Reassociate" time="0" asserts="0" success="True" result="Ignored" executed="False" />
            </results>
          </test-suite>
        </results>
      </test-suite>
      <test-suite type="TestFixture" name="C:\azure-powershell\src\RecoveryServices\RecoveryServices.SiteRecovery.Autorest\test\Move-AzRecoveryServicesReplicationFabricToAad.Tests.ps1" executed="True" result="Ignored" success="True" time="0.5196" asserts="0" description="C:\azure-powershell\src\RecoveryServices\RecoveryServices.SiteRecovery.Autorest\test\Move-AzRecoveryServicesReplicationFabricToAad.Tests.ps1">
        <results>
          <test-suite type="TestFixture" name="Move-AzRecoveryServicesReplicationFabricToAad" executed="True" result="Ignored" success="True" time="0.1147" asserts="0" description="Move-AzRecoveryServicesReplicationFabricToAad">
            <results>
              <test-case description="Migrate" name="Move-AzRecoveryServicesReplicationFabricToAad.Migrate" time="0" asserts="0" success="True" result="Ignored" executed="False" />
            </results>
          </test-suite>
        </results>
      </test-suite>
      <test-suite type="TestFixture" name="C:\azure-powershell\src\RecoveryServices\RecoveryServices.SiteRecovery.Autorest\test\Move-AzRecoveryServicesReplicationMigrationItem.Tests.ps1" executed="True" result="Ignored" success="True" time="0.4943" asserts="0" description="C:\azure-powershell\src\RecoveryServices\RecoveryServices.SiteRecovery.Autorest\test\Move-AzRecoveryServicesReplicationMigrationItem.Tests.ps1">
        <results>
          <test-suite type="TestFixture" name="Move-AzRecoveryServicesReplicationMigrationItem" executed="True" result="Ignored" success="True" time="0.0957" asserts="0" description="Move-AzRecoveryServicesReplicationMigrationItem">
            <results>
              <test-case description="MigrateExpanded" name="Move-AzRecoveryServicesReplicationMigrationItem.MigrateExpanded" time="0" asserts="0" success="True" result="Ignored" executed="False" />
              <test-case description="Migrate" name="Move-AzRecoveryServicesReplicationMigrationItem.Migrate" time="0" asserts="0" success="True" result="Ignored" executed="False" />
            </results>
          </test-suite>
        </results>
      </test-suite>
      <test-suite type="TestFixture" name="C:\azure-powershell\src\RecoveryServices\RecoveryServices.SiteRecovery.Autorest\test\New-AzRecoveryServicesReplicationAlertSetting.Tests.ps1" executed="True" result="Ignored" success="True" time="0.494" asserts="0" description="C:\azure-powershell\src\RecoveryServices\RecoveryServices.SiteRecovery.Autorest\test\New-AzRecoveryServicesReplicationAlertSetting.Tests.ps1">
        <results>
          <test-suite type="TestFixture" name="New-AzRecoveryServicesReplicationAlertSetting" executed="True" result="Ignored" success="True" time="0.0769" asserts="0" description="New-AzRecoveryServicesReplicationAlertSetting">
            <results>
              <test-case description="CreateExpanded" name="New-AzRecoveryServicesReplicationAlertSetting.CreateExpanded" time="0" asserts="0" success="True" result="Ignored" executed="False" />
              <test-case description="Create" name="New-AzRecoveryServicesReplicationAlertSetting.Create" time="0" asserts="0" success="True" result="Ignored" executed="False" />
            </results>
          </test-suite>
        </results>
      </test-suite>
      <test-suite type="TestFixture" name="C:\azure-powershell\src\RecoveryServices\RecoveryServices.SiteRecovery.Autorest\test\New-AzRecoveryServicesReplicationFabric.Tests.ps1" executed="True" result="Ignored" success="True" time="93.2804" asserts="0" description="C:\azure-powershell\src\RecoveryServices\RecoveryServices.SiteRecovery.Autorest\test\New-AzRecoveryServicesReplicationFabric.Tests.ps1">
        <results>
          <test-suite type="TestFixture" name="New-AzRecoveryServicesReplicationFabric" executed="True" result="Ignored" success="True" time="92.8761" asserts="0" description="New-AzRecoveryServicesReplicationFabric">
            <results>
              <test-case description="CreateExpanded" name="New-AzRecoveryServicesReplicationFabric.CreateExpanded" time="92.7708" asserts="0" success="True" result="Success" executed="True" />
              <test-case description="Create" name="New-AzRecoveryServicesReplicationFabric.Create" time="0" asserts="0" success="True" result="Ignored" executed="False" />
            </results>
          </test-suite>
        </results>
      </test-suite>
      <test-suite type="TestFixture" name="C:\azure-powershell\src\RecoveryServices\RecoveryServices.SiteRecovery.Autorest\test\New-AzRecoveryServicesReplicationMigrationItem.Tests.ps1" executed="True" result="Ignored" success="True" time="0.506" asserts="0" description="C:\azure-powershell\src\RecoveryServices\RecoveryServices.SiteRecovery.Autorest\test\New-AzRecoveryServicesReplicationMigrationItem.Tests.ps1">
        <results>
          <test-suite type="TestFixture" name="New-AzRecoveryServicesReplicationMigrationItem" executed="True" result="Ignored" success="True" time="0.0783" asserts="0" description="New-AzRecoveryServicesReplicationMigrationItem">
            <results>
              <test-case description="CreateExpanded" name="New-AzRecoveryServicesReplicationMigrationItem.CreateExpanded" time="0" asserts="0" success="True" result="Ignored" executed="False" />
              <test-case description="Create" name="New-AzRecoveryServicesReplicationMigrationItem.Create" time="0" asserts="0" success="True" result="Ignored" executed="False" />
            </results>
          </test-suite>
        </results>
      </test-suite>
      <test-suite type="TestFixture" name="C:\azure-powershell\src\RecoveryServices\RecoveryServices.SiteRecovery.Autorest\test\New-AzRecoveryServicesReplicationNetworkMapping.Tests.ps1" executed="True" result="Ignored" success="True" time="0.5031" asserts="0" description="C:\azure-powershell\src\RecoveryServices\RecoveryServices.SiteRecovery.Autorest\test\New-AzRecoveryServicesReplicationNetworkMapping.Tests.ps1">
        <results>
          <test-suite type="TestFixture" name="New-AzRecoveryServicesReplicationNetworkMapping" executed="True" result="Ignored" success="True" time="0.0776" asserts="0" description="New-AzRecoveryServicesReplicationNetworkMapping">
            <results>
              <test-case description="CreateExpanded" name="New-AzRecoveryServicesReplicationNetworkMapping.CreateExpanded" time="0" asserts="0" success="True" result="Ignored" executed="False" />
              <test-case description="Create" name="New-AzRecoveryServicesReplicationNetworkMapping.Create" time="0" asserts="0" success="True" result="Ignored" executed="False" />
            </results>
          </test-suite>
        </results>
      </test-suite>
      <test-suite type="TestFixture" name="C:\azure-powershell\src\RecoveryServices\RecoveryServices.SiteRecovery.Autorest\test\New-AzRecoveryServicesReplicationPolicy.Tests.ps1" executed="True" result="Ignored" success="True" time="31.9983" asserts="0" description="C:\azure-powershell\src\RecoveryServices\RecoveryServices.SiteRecovery.Autorest\test\New-AzRecoveryServicesReplicationPolicy.Tests.ps1">
        <results>
          <test-suite type="TestFixture" name="New-AzRecoveryServicesReplicationPolicy" executed="True" result="Ignored" success="True" time="31.5939" asserts="0" description="New-AzRecoveryServicesReplicationPolicy">
            <results>
              <test-case description="CreateExpanded" name="New-AzRecoveryServicesReplicationPolicy.CreateExpanded" time="31.4995" asserts="0" success="True" result="Success" executed="True" />
              <test-case description="Create" name="New-AzRecoveryServicesReplicationPolicy.Create" time="0" asserts="0" success="True" result="Ignored" executed="False" />
            </results>
          </test-suite>
        </results>
      </test-suite>
      <test-suite type="TestFixture" name="C:\azure-powershell\src\RecoveryServices\RecoveryServices.SiteRecovery.Autorest\test\New-AzRecoveryServicesReplicationProtectedItem.Tests.ps1" executed="True" result="Ignored" success="True" time="0.5011" asserts="0" description="C:\azure-powershell\src\RecoveryServices\RecoveryServices.SiteRecovery.Autorest\test\New-AzRecoveryServicesReplicationProtectedItem.Tests.ps1">
        <results>
          <test-suite type="TestFixture" name="New-AzRecoveryServicesReplicationProtectedItem" executed="True" result="Ignored" success="True" time="0.0857" asserts="0" description="New-AzRecoveryServicesReplicationProtectedItem">
            <results>
              <test-case description="CreateExpanded" name="New-AzRecoveryServicesReplicationProtectedItem.CreateExpanded" time="0" asserts="0" success="True" result="Ignored" executed="False" />
              <test-case description="Create" name="New-AzRecoveryServicesReplicationProtectedItem.Create" time="0" asserts="0" success="True" result="Ignored" executed="False" />
            </results>
          </test-suite>
        </results>
      </test-suite>
      <test-suite type="TestFixture" name="C:\azure-powershell\src\RecoveryServices\RecoveryServices.SiteRecovery.Autorest\test\New-AzRecoveryServicesReplicationProtectionContainer.Tests.ps1" executed="True" result="Ignored" success="True" time="32.6715" asserts="0" description="C:\azure-powershell\src\RecoveryServices\RecoveryServices.SiteRecovery.Autorest\test\New-AzRecoveryServicesReplicationProtectionContainer.Tests.ps1">
        <results>
          <test-suite type="TestFixture" name="New-AzRecoveryServicesReplicationProtectionContainer" executed="True" result="Ignored" success="True" time="32.2509" asserts="0" description="New-AzRecoveryServicesReplicationProtectionContainer">
            <results>
              <test-case description="CreateExpanded" name="New-AzRecoveryServicesReplicationProtectionContainer.CreateExpanded" time="32.1223" asserts="0" success="True" result="Success" executed="True" />
              <test-case description="Create" name="New-AzRecoveryServicesReplicationProtectionContainer.Create" time="0" asserts="0" success="True" result="Ignored" executed="False" />
            </results>
          </test-suite>
        </results>
      </test-suite>
      <test-suite type="TestFixture" name="C:\azure-powershell\src\RecoveryServices\RecoveryServices.SiteRecovery.Autorest\test\New-AzRecoveryServicesReplicationProtectionContainerMapping.Tests.ps1" executed="True" result="Failure" success="False" time="2.309" asserts="0" description="C:\azure-powershell\src\RecoveryServices\RecoveryServices.SiteRecovery.Autorest\test\New-AzRecoveryServicesReplicationProtectionContainerMapping.Tests.ps1">
        <results>
          <test-suite type="TestFixture" name="New-AzRecoveryServicesReplicationProtectionContainerMapping" executed="True" result="Failure" success="False" time="1.8619" asserts="0" description="New-AzRecoveryServicesReplicationProtectionContainerMapping">
            <results>
              <test-case description="CreateExpanded" name="New-AzRecoveryServicesReplicationProtectionContainerMapping.CreateExpanded" time="1.6591" asserts="0" success="False" result="Failure" executed="True">
                <failure>
                  <message>The property 'ReplicationScenario' cannot be found on this object. Verify that the property exists and can be set.</message>
                  <stack-trace>at &lt;ScriptBlock&gt;, C:\azure-powershell\src\RecoveryServices\RecoveryServices.SiteRecovery.Autorest\test\New-AzRecoveryServicesReplicationProtectionContainerMapping.Tests.ps1: line 21
21:         $protectioncontainer.ReplicationScenario = "ReplicateAzureToAzure"
</stack-trace>
                </failure>
              </test-case>
              <test-case description="Create" name="New-AzRecoveryServicesReplicationProtectionContainerMapping.Create" time="0" asserts="0" success="True" result="Ignored" executed="False" />
            </results>
          </test-suite>
        </results>
      </test-suite>
      <test-suite type="TestFixture" name="C:\azure-powershell\src\RecoveryServices\RecoveryServices.SiteRecovery.Autorest\test\New-AzRecoveryServicesReplicationProtectionIntent.Tests.ps1" executed="True" result="Ignored" success="True" time="0.51" asserts="0" description="C:\azure-powershell\src\RecoveryServices\RecoveryServices.SiteRecovery.Autorest\test\New-AzRecoveryServicesReplicationProtectionIntent.Tests.ps1">
        <results>
          <test-suite type="TestFixture" name="New-AzRecoveryServicesReplicationProtectionIntent" executed="True" result="Ignored" success="True" time="0.0715" asserts="0" description="New-AzRecoveryServicesReplicationProtectionIntent">
            <results>
              <test-case description="CreateExpanded" name="New-AzRecoveryServicesReplicationProtectionIntent.CreateExpanded" time="0" asserts="0" success="True" result="Ignored" executed="False" />
              <test-case description="Create" name="New-AzRecoveryServicesReplicationProtectionIntent.Create" time="0" asserts="0" success="True" result="Ignored" executed="False" />
            </results>
          </test-suite>
        </results>
      </test-suite>
      <test-suite type="TestFixture" name="C:\azure-powershell\src\RecoveryServices\RecoveryServices.SiteRecovery.Autorest\test\New-AzRecoveryServicesReplicationRecoveryPlan.Tests.ps1" executed="True" result="Ignored" success="True" time="0.6036" asserts="0" description="C:\azure-powershell\src\RecoveryServices\RecoveryServices.SiteRecovery.Autorest\test\New-AzRecoveryServicesReplicationRecoveryPlan.Tests.ps1">
        <results>
          <test-suite type="TestFixture" name="New-AzRecoveryServicesReplicationRecoveryPlan" executed="True" result="Ignored" success="True" time="0.0962" asserts="0" description="New-AzRecoveryServicesReplicationRecoveryPlan">
            <results>
              <test-case description="Create" name="New-AzRecoveryServicesReplicationRecoveryPlan.Create" time="0" asserts="0" success="True" result="Ignored" executed="False" />
              <test-case description="CreateExpanded" name="New-AzRecoveryServicesReplicationRecoveryPlan.CreateExpanded" time="0" asserts="0" success="True" result="Ignored" executed="False" />
            </results>
          </test-suite>
        </results>
      </test-suite>
      <test-suite type="TestFixture" name="C:\azure-powershell\src\RecoveryServices\RecoveryServices.SiteRecovery.Autorest\test\New-AzRecoveryServicesReplicationRecoveryServicesProvider.Tests.ps1" executed="True" result="Ignored" success="True" time="0.5421" asserts="0" description="C:\azure-powershell\src\RecoveryServices\RecoveryServices.SiteRecovery.Autorest\test\New-AzRecoveryServicesReplicationRecoveryServicesProvider.Tests.ps1">
        <results>
          <test-suite type="TestFixture" name="New-AzRecoveryServicesReplicationRecoveryServicesProvider" executed="True" result="Ignored" success="True" time="0.0731" asserts="0" description="New-AzRecoveryServicesReplicationRecoveryServicesProvider">
            <results>
              <test-case description="CreateExpanded" name="New-AzRecoveryServicesReplicationRecoveryServicesProvider.CreateExpanded" time="0" asserts="0" success="True" result="Ignored" executed="False" />
              <test-case description="Create" name="New-AzRecoveryServicesReplicationRecoveryServicesProvider.Create" time="0" asserts="0" success="True" result="Ignored" executed="False" />
            </results>
          </test-suite>
        </results>
      </test-suite>
      <test-suite type="TestFixture" name="C:\azure-powershell\src\RecoveryServices\RecoveryServices.SiteRecovery.Autorest\test\New-AzRecoveryServicesReplicationStorageClassificationMapping.Tests.ps1" executed="True" result="Ignored" success="True" time="0.5065" asserts="0" description="C:\azure-powershell\src\RecoveryServices\RecoveryServices.SiteRecovery.Autorest\test\New-AzRecoveryServicesReplicationStorageClassificationMapping.Tests.ps1">
        <results>
          <test-suite type="TestFixture" name="New-AzRecoveryServicesReplicationStorageClassificationMapping" executed="True" result="Ignored" success="True" time="0.0883" asserts="0" description="New-AzRecoveryServicesReplicationStorageClassificationMapping">
            <results>
              <test-case description="CreateExpanded" name="New-AzRecoveryServicesReplicationStorageClassificationMapping.CreateExpanded" time="0" asserts="0" success="True" result="Ignored" executed="False" />
              <test-case description="Create" name="New-AzRecoveryServicesReplicationStorageClassificationMapping.Create" time="0" asserts="0" success="True" result="Ignored" executed="False" />
            </results>
          </test-suite>
        </results>
      </test-suite>
      <test-suite type="TestFixture" name="C:\azure-powershell\src\RecoveryServices\RecoveryServices.SiteRecovery.Autorest\test\New-AzRecoveryServicesReplicationVaultSetting.Tests.ps1" executed="True" result="Ignored" success="True" time="0.5794" asserts="0" description="C:\azure-powershell\src\RecoveryServices\RecoveryServices.SiteRecovery.Autorest\test\New-AzRecoveryServicesReplicationVaultSetting.Tests.ps1">
        <results>
          <test-suite type="TestFixture" name="New-AzRecoveryServicesReplicationVaultSetting" executed="True" result="Ignored" success="True" time="0.1446" asserts="0" description="New-AzRecoveryServicesReplicationVaultSetting">
            <results>
              <test-case description="CreateExpanded" name="New-AzRecoveryServicesReplicationVaultSetting.CreateExpanded" time="0" asserts="0" success="True" result="Ignored" executed="False" />
              <test-case description="Create" name="New-AzRecoveryServicesReplicationVaultSetting.Create" time="0" asserts="0" success="True" result="Ignored" executed="False" />
            </results>
          </test-suite>
        </results>
      </test-suite>
      <test-suite type="TestFixture" name="C:\azure-powershell\src\RecoveryServices\RecoveryServices.SiteRecovery.Autorest\test\New-AzRecoveryServicesReplicationvCenter.Tests.ps1" executed="True" result="Ignored" success="True" time="0.5586" asserts="0" description="C:\azure-powershell\src\RecoveryServices\RecoveryServices.SiteRecovery.Autorest\test\New-AzRecoveryServicesReplicationvCenter.Tests.ps1">
        <results>
          <test-suite type="TestFixture" name="New-AzRecoveryServicesReplicationvCenter" executed="True" result="Ignored" success="True" time="0.0867" asserts="0" description="New-AzRecoveryServicesReplicationvCenter">
            <results>
              <test-case description="CreateExpanded" name="New-AzRecoveryServicesReplicationvCenter.CreateExpanded" time="0" asserts="0" success="True" result="Ignored" executed="False" />
              <test-case description="Create" name="New-AzRecoveryServicesReplicationvCenter.Create" time="0" asserts="0" success="True" result="Ignored" executed="False" />
            </results>
          </test-suite>
        </results>
      </test-suite>
      <test-suite type="TestFixture" name="C:\azure-powershell\src\RecoveryServices\RecoveryServices.SiteRecovery.Autorest\test\Remove-AzRecoveryServicesReplicationFabric.Tests.ps1" executed="True" result="Success" success="True" time="35.0165" asserts="0" description="C:\azure-powershell\src\RecoveryServices\RecoveryServices.SiteRecovery.Autorest\test\Remove-AzRecoveryServicesReplicationFabric.Tests.ps1">
        <results>
          <test-suite type="TestFixture" name="Remove-AzRecoveryServicesReplicationFabric" executed="True" result="Success" success="True" time="34.4483" asserts="0" description="Remove-AzRecoveryServicesReplicationFabric">
            <results>
              <test-case description="Delete" name="Remove-AzRecoveryServicesReplicationFabric.Delete" time="34.3308" asserts="0" success="True" result="Success" executed="True" />
            </results>
          </test-suite>
        </results>
      </test-suite>
      <test-suite type="TestFixture" name="C:\azure-powershell\src\RecoveryServices\RecoveryServices.SiteRecovery.Autorest\test\Remove-AzRecoveryServicesReplicationMigrationItem.Tests.ps1" executed="True" result="Ignored" success="True" time="0.5178" asserts="0" description="C:\azure-powershell\src\RecoveryServices\RecoveryServices.SiteRecovery.Autorest\test\Remove-AzRecoveryServicesReplicationMigrationItem.Tests.ps1">
        <results>
          <test-suite type="TestFixture" name="Remove-AzRecoveryServicesReplicationMigrationItem" executed="True" result="Ignored" success="True" time="0.0818" asserts="0" description="Remove-AzRecoveryServicesReplicationMigrationItem">
            <results>
              <test-case description="Delete" name="Remove-AzRecoveryServicesReplicationMigrationItem.Delete" time="0" asserts="0" success="True" result="Ignored" executed="False" />
            </results>
          </test-suite>
        </results>
      </test-suite>
      <test-suite type="TestFixture" name="C:\azure-powershell\src\RecoveryServices\RecoveryServices.SiteRecovery.Autorest\test\Remove-AzRecoveryServicesReplicationNetworkMapping.Tests.ps1" executed="True" result="Ignored" success="True" time="0.6007" asserts="0" description="C:\azure-powershell\src\RecoveryServices\RecoveryServices.SiteRecovery.Autorest\test\Remove-AzRecoveryServicesReplicationNetworkMapping.Tests.ps1">
        <results>
          <test-suite type="TestFixture" name="Remove-AzRecoveryServicesReplicationNetworkMapping" executed="True" result="Ignored" success="True" time="0.0784" asserts="0" description="Remove-AzRecoveryServicesReplicationNetworkMapping">
            <results>
              <test-case description="Delete" name="Remove-AzRecoveryServicesReplicationNetworkMapping.Delete" time="0" asserts="0" success="True" result="Ignored" executed="False" />
            </results>
          </test-suite>
        </results>
      </test-suite>
      <test-suite type="TestFixture" name="C:\azure-powershell\src\RecoveryServices\RecoveryServices.SiteRecovery.Autorest\test\Remove-AzRecoveryServicesReplicationPolicy.Tests.ps1" executed="True" result="Success" success="True" time="33.1821" asserts="0" description="C:\azure-powershell\src\RecoveryServices\RecoveryServices.SiteRecovery.Autorest\test\Remove-AzRecoveryServicesReplicationPolicy.Tests.ps1">
        <results>
          <test-suite type="TestFixture" name="Remove-AzRecoveryServicesReplicationPolicy" executed="True" result="Success" success="True" time="32.7358" asserts="0" description="Remove-AzRecoveryServicesReplicationPolicy">
            <results>
              <test-case description="Delete" name="Remove-AzRecoveryServicesReplicationPolicy.Delete" time="32.6617" asserts="0" success="True" result="Success" executed="True" />
            </results>
          </test-suite>
        </results>
      </test-suite>
      <test-suite type="TestFixture" name="C:\azure-powershell\src\RecoveryServices\RecoveryServices.SiteRecovery.Autorest\test\Remove-AzRecoveryServicesReplicationProtectedItem.Tests.ps1" executed="True" result="Ignored" success="True" time="0.5488" asserts="0" description="C:\azure-powershell\src\RecoveryServices\RecoveryServices.SiteRecovery.Autorest\test\Remove-AzRecoveryServicesReplicationProtectedItem.Tests.ps1">
        <results>
          <test-suite type="TestFixture" name="Remove-AzRecoveryServicesReplicationProtectedItem" executed="True" result="Ignored" success="True" time="0.0897" asserts="0" description="Remove-AzRecoveryServicesReplicationProtectedItem">
            <results>
              <test-case description="DeleteExpanded" name="Remove-AzRecoveryServicesReplicationProtectedItem.DeleteExpanded" time="0" asserts="0" success="True" result="Ignored" executed="False" />
              <test-case description="Delete" name="Remove-AzRecoveryServicesReplicationProtectedItem.Delete" time="0" asserts="0" success="True" result="Ignored" executed="False" />
            </results>
          </test-suite>
        </results>
      </test-suite>
      <test-suite type="TestFixture" name="C:\azure-powershell\src\RecoveryServices\RecoveryServices.SiteRecovery.Autorest\test\Remove-AzRecoveryServicesReplicationProtectedItemDisk.Tests.ps1" executed="True" result="Ignored" success="True" time="0.4882" asserts="0" description="C:\azure-powershell\src\RecoveryServices\RecoveryServices.SiteRecovery.Autorest\test\Remove-AzRecoveryServicesReplicationProtectedItemDisk.Tests.ps1">
        <results>
          <test-suite type="TestFixture" name="Remove-AzRecoveryServicesReplicationProtectedItemDisk" executed="True" result="Ignored" success="True" time="0.0809" asserts="0" description="Remove-AzRecoveryServicesReplicationProtectedItemDisk">
            <results>
              <test-case description="RemoveExpanded" name="Remove-AzRecoveryServicesReplicationProtectedItemDisk.RemoveExpanded" time="0" asserts="0" success="True" result="Ignored" executed="False" />
              <test-case description="Remove" name="Remove-AzRecoveryServicesReplicationProtectedItemDisk.Remove" time="0" asserts="0" success="True" result="Ignored" executed="False" />
            </results>
          </test-suite>
        </results>
      </test-suite>
[...]
        <results>
          <test-suite type="TestFixture" name="Test-AzRecoveryServicesReplicationMigrationItemMigrate" executed="True" result="Ignored" success="True" time="0.1065" asserts="0" description="Test-AzRecoveryServicesReplicationMigrationItemMigrate">
            <results>
              <test-case description="TestExpanded" name="Test-AzRecoveryServicesReplicationMigrationItemMigrate.TestExpanded" time="0" asserts="0" success="True" result="Ignored" executed="False" />
              <test-case description="Test" name="Test-AzRecoveryServicesReplicationMigrationItemMigrate.Test" time="0" asserts="0" success="True" result="Ignored" executed="False" />
            </results>
          </test-suite>
        </results>
      </test-suite>
      <test-suite type="TestFixture" name="C:\azure-powershell\src\RecoveryServices\RecoveryServices.SiteRecovery.Autorest\test\Test-AzRecoveryServicesReplicationMigrationItemMigrateCleanup.Tests.ps1" executed="True" result="Ignored" success="True" time="0.5235" asserts="0" description="C:\azure-powershell\src\RecoveryServices\RecoveryServices.SiteRecovery.Autorest\test\Test-AzRecoveryServicesReplicationMigrationItemMigrateCleanup.Tests.ps1">
        <results>
          <test-suite type="TestFixture" name="Test-AzRecoveryServicesReplicationMigrationItemMigrateCleanup" executed="True" result="Ignored" success="True" time="0.0931" asserts="0" description="Test-AzRecoveryServicesReplicationMigrationItemMigrateCleanup">
            <results>
              <test-case description="TestExpanded" name="Test-AzRecoveryServicesReplicationMigrationItemMigrateCleanup.TestExpanded" time="0" asserts="0" success="True" result="Ignored" executed="False" />
              <test-case description="Test" name="Test-AzRecoveryServicesReplicationMigrationItemMigrateCleanup.Test" time="0" asserts="0" success="True" result="Ignored" executed="False" />
            </results>
          </test-suite>
        </results>
      </test-suite>
      <test-suite type="TestFixture" name="C:\azure-powershell\src\RecoveryServices\RecoveryServices.SiteRecovery.Autorest\test\Test-AzRecoveryServicesReplicationProtectedItemFailover.Tests.ps1" executed="True" result="Ignored" success="True" time="0.5147" asserts="0" description="C:\azure-powershell\src\RecoveryServices\RecoveryServices.SiteRecovery.Autorest\test\Test-AzRecoveryServicesReplicationProtectedItemFailover.Tests.ps1">
        <results>
          <test-suite type="TestFixture" name="Test-AzRecoveryServicesReplicationProtectedItemFailover" executed="True" result="Ignored" success="True" time="0.0933" asserts="0" description="Test-AzRecoveryServicesReplicationProtectedItemFailover">
            <results>
              <test-case description="TestExpanded" name="Test-AzRecoveryServicesReplicationProtectedItemFailover.TestExpanded" time="0" asserts="0" success="True" result="Ignored" executed="False" />
              <test-case description="Test" name="Test-AzRecoveryServicesReplicationProtectedItemFailover.Test" time="0" asserts="0" success="True" result="Ignored" executed="False" />
            </results>
          </test-suite>
        </results>
      </test-suite>
      <test-suite type="TestFixture" name="C:\azure-powershell\src\RecoveryServices\RecoveryServices.SiteRecovery.Autorest\test\Test-AzRecoveryServicesReplicationProtectedItemFailoverCleanup.Tests.ps1" executed="True" result="Ignored" success="True" time="0.5072" asserts="0" description="C:\azure-powershell\src\RecoveryServices\RecoveryServices.SiteRecovery.Autorest\test\Test-AzRecoveryServicesReplicationProtectedItemFailoverCleanup.Tests.ps1">
        <results>
          <test-suite type="TestFixture" name="Test-AzRecoveryServicesReplicationProtectedItemFailoverCleanup" executed="True" result="Ignored" success="True" time="0.0712" asserts="0" description="Test-AzRecoveryServicesReplicationProtectedItemFailoverCleanup">
            <results>
              <test-case description="TestExpanded" name="Test-AzRecoveryServicesReplicationProtectedItemFailoverCleanup.TestExpanded" time="0" asserts="0" success="True" result="Ignored" executed="False" />
              <test-case description="Test" name="Test-AzRecoveryServicesReplicationProtectedItemFailoverCleanup.Test" time="0" asserts="0" success="True" result="Ignored" executed="False" />
            </results>
          </test-suite>
        </results>
      </test-suite>
      <test-suite type="TestFixture" name="C:\azure-powershell\src\RecoveryServices\RecoveryServices.SiteRecovery.Autorest\test\Test-AzRecoveryServicesReplicationRecoveryPlanFailover.Tests.ps1" executed="True" result="Ignored" success="True" time="0.545" asserts="0" description="C:\azure-powershell\src\RecoveryServices\RecoveryServices.SiteRecovery.Autorest\test\Test-AzRecoveryServicesReplicationRecoveryPlanFailover.Tests.ps1">
        <results>
          <test-suite type="TestFixture" name="Test-AzRecoveryServicesReplicationRecoveryPlanFailover" executed="True" result="Ignored" success="True" time="0.0767" asserts="0" description="Test-AzRecoveryServicesReplicationRecoveryPlanFailover">
            <results>
              <test-case description="TestExpanded" name="Test-AzRecoveryServicesReplicationRecoveryPlanFailover.TestExpanded" time="0" asserts="0" success="True" result="Ignored" executed="False" />
              <test-case description="Test" name="Test-AzRecoveryServicesReplicationRecoveryPlanFailover.Test" time="0" asserts="0" success="True" result="Ignored" executed="False" />
            </results>
          </test-suite>
        </results>
      </test-suite>
      <test-suite type="TestFixture" name="C:\azure-powershell\src\RecoveryServices\RecoveryServices.SiteRecovery.Autorest\test\Test-AzRecoveryServicesReplicationRecoveryPlanFailoverCleanup.Tests.ps1" executed="True" result="Ignored" success="True" time="0.5214" asserts="0" description="C:\azure-powershell\src\RecoveryServices\RecoveryServices.SiteRecovery.Autorest\test\Test-AzRecoveryServicesReplicationRecoveryPlanFailoverCleanup.Tests.ps1">
        <results>
          <test-suite type="TestFixture" name="Test-AzRecoveryServicesReplicationRecoveryPlanFailoverCleanup" executed="True" result="Ignored" success="True" time="0.0946" asserts="0" description="Test-AzRecoveryServicesReplicationRecoveryPlanFailoverCleanup">
            <results>
              <test-case description="TestExpanded" name="Test-AzRecoveryServicesReplicationRecoveryPlanFailoverCleanup.TestExpanded" time="0" asserts="0" success="True" result="Ignored" executed="False" />
              <test-case description="Test" name="Test-AzRecoveryServicesReplicationRecoveryPlanFailoverCleanup.Test" time="0" asserts="0" success="True" result="Ignored" executed="False" />
            </results>
          </test-suite>
        </results>
      </test-suite>
      <test-suite type="TestFixture" name="C:\azure-powershell\src\RecoveryServices\RecoveryServices.SiteRecovery.Autorest\test\Update-AzRecoveryServicesReplicationMigrationItem.Tests.ps1" executed="True" result="Ignored" success="True" time="0.5438" asserts="0" description="C:\azure-powershell\src\RecoveryServices\RecoveryServices.SiteRecovery.Autorest\test\Update-AzRecoveryServicesReplicationMigrationItem.Tests.ps1">
        <results>
          <test-suite type="TestFixture" name="Update-AzRecoveryServicesReplicationMigrationItem" executed="True" result="Ignored" success="True" time="0.13" asserts="0" description="Update-AzRecoveryServicesReplicationMigrationItem">
            <results>
              <test-case description="UpdateExpanded" name="Update-AzRecoveryServicesReplicationMigrationItem.UpdateExpanded" time="0" asserts="0" success="True" result="Ignored" executed="False" />
              <test-case description="Update" name="Update-AzRecoveryServicesReplicationMigrationItem.Update" time="0" asserts="0" success="True" result="Ignored" executed="False" />
            </results>
          </test-suite>
        </results>
      </test-suite>
      <test-suite type="TestFixture" name="C:\azure-powershell\src\RecoveryServices\RecoveryServices.SiteRecovery.Autorest\test\Update-AzRecoveryServicesReplicationNetworkMapping.Tests.ps1" executed="True" result="Ignored" success="True" time="0.4711" asserts="0" description="C:\azure-powershell\src\RecoveryServices\RecoveryServices.SiteRecovery.Autorest\test\Update-AzRecoveryServicesReplicationNetworkMapping.Tests.ps1">
        <results>
          <test-suite type="TestFixture" name="Update-AzRecoveryServicesReplicationNetworkMapping" executed="True" result="Ignored" success="True" time="0.0717" asserts="0" description="Update-AzRecoveryServicesReplicationNetworkMapping">
            <results>
              <test-case description="UpdateExpanded" name="Update-AzRecoveryServicesReplicationNetworkMapping.UpdateExpanded" time="0" asserts="0" success="True" result="Ignored" executed="False" />
              <test-case description="Update" name="Update-AzRecoveryServicesReplicationNetworkMapping.Update" time="0" asserts="0" success="True" result="Ignored" executed="False" />
            </results>
          </test-suite>
        </results>
      </test-suite>
      <test-suite type="TestFixture" name="C:\azure-powershell\src\RecoveryServices\RecoveryServices.SiteRecovery.Autorest\test\Update-AzRecoveryServicesReplicationPolicy.Tests.ps1" executed="True" result="Ignored" success="True" time="32.5672" asserts="0" description="C:\azure-powershell\src\RecoveryServices\RecoveryServices.SiteRecovery.Autorest\test\Update-AzRecoveryServicesReplicationPolicy.Tests.ps1">
        <results>
          <test-suite type="TestFixture" name="Update-AzRecoveryServicesReplicationPolicy" executed="True" result="Ignored" success="True" time="32.1431" asserts="0" description="Update-AzRecoveryServicesReplicationPolicy">
            <results>
              <test-case description="UpdateExpanded" name="Update-AzRecoveryServicesReplicationPolicy.UpdateExpanded" time="32.0621" asserts="0" success="True" result="Success" executed="True" />
              <test-case description="Update" name="Update-AzRecoveryServicesReplicationPolicy.Update" time="0" asserts="0" success="True" result="Ignored" executed="False" />
            </results>
          </test-suite>
        </results>
      </test-suite>
      <test-suite type="TestFixture" name="C:\azure-powershell\src\RecoveryServices\RecoveryServices.SiteRecovery.Autorest\test\Update-AzRecoveryServicesReplicationProtectedItem.Tests.ps1" executed="True" result="Ignored" success="True" time="0.5239" asserts="0" description="C:\azure-powershell\src\RecoveryServices\RecoveryServices.SiteRecovery.Autorest\test\Update-AzRecoveryServicesReplicationProtectedItem.Tests.ps1">
        <results>
          <test-suite type="TestFixture" name="Update-AzRecoveryServicesReplicationProtectedItem" executed="True" result="Ignored" success="True" time="0.0978" asserts="0" description="Update-AzRecoveryServicesReplicationProtectedItem">
            <results>
              <test-case description="UpdateExpanded" name="Update-AzRecoveryServicesReplicationProtectedItem.UpdateExpanded" time="0" asserts="0" success="True" result="Ignored" executed="False" />
              <test-case description="Update" name="Update-AzRecoveryServicesReplicationProtectedItem.Update" time="0" asserts="0" success="True" result="Ignored" executed="False" />
            </results>
          </test-suite>
        </results>
      </test-suite>
      <test-suite type="TestFixture" name="C:\azure-powershell\src\RecoveryServices\RecoveryServices.SiteRecovery.Autorest\test\Update-AzRecoveryServicesReplicationProtectedItemAppliance.Tests.ps1" executed="True" result="Ignored" success="True" time="0.5815" asserts="0" description="C:\azure-powershell\src\RecoveryServices\RecoveryServices.SiteRecovery.Autorest\test\Update-AzRecoveryServicesReplicationProtectedItemAppliance.Tests.ps1">
        <results>
          <test-suite type="TestFixture" name="Update-AzRecoveryServicesReplicationProtectedItemAppliance" executed="True" result="Ignored" success="True" time="0.0869" asserts="0" description="Update-AzRecoveryServicesReplicationProtectedItemAppliance">
            <results>
              <test-case description="UpdateExpanded" name="Update-AzRecoveryServicesReplicationProtectedItemAppliance.UpdateExpanded" time="0" asserts="0" success="True" result="Ignored" executed="False" />
              <test-case description="Update" name="Update-AzRecoveryServicesReplicationProtectedItemAppliance.Update" time="0" asserts="0" success="True" result="Ignored" executed="False" />
            </results>
          </test-suite>
        </results>
      </test-suite>
      <test-suite type="TestFixture" name="C:\azure-powershell\src\RecoveryServices\RecoveryServices.SiteRecovery.Autorest\test\Update-AzRecoveryServicesReplicationProtectedItemMobilityService.Tests.ps1" executed="True" result="Ignored" success="True" time="0.4972" asserts="0" description="C:\azure-powershell\src\RecoveryServices\RecoveryServices.SiteRecovery.Autorest\test\Update-AzRecoveryServicesReplicationProtectedItemMobilityService.Tests.ps1">
        <results>
          <test-suite type="TestFixture" name="Update-AzRecoveryServicesReplicationProtectedItemMobilityService" executed="True" result="Ignored" success="True" time="0.0951" asserts="0" description="Update-AzRecoveryServicesReplicationProtectedItemMobilityService">
            <results>
              <test-case description="UpdateExpanded" name="Update-AzRecoveryServicesReplicationProtectedItemMobilityService.UpdateExpanded" time="0" asserts="0" success="True" result="Ignored" executed="False" />
              <test-case description="Update" name="Update-AzRecoveryServicesReplicationProtectedItemMobilityService.Update" time="0" asserts="0" success="True" result="Ignored" executed="False" />
            </results>
          </test-suite>
        </results>
      </test-suite>
      <test-suite type="TestFixture" name="C:\azure-powershell\src\RecoveryServices\RecoveryServices.SiteRecovery.Autorest\test\Update-AzRecoveryServicesReplicationProtectionContainerMapping.Tests.ps1" executed="True" result="Ignored" success="True" time="33.1067" asserts="0" description="C:\azure-powershell\src\RecoveryServices\RecoveryServices.SiteRecovery.Autorest\test\Update-AzRecoveryServicesReplicationProtectionContainerMapping.Tests.ps1">
        <results>
          <test-suite type="TestFixture" name="Update-AzRecoveryServicesReplicationProtectionContainerMapping" executed="True" result="Ignored" success="True" time="32.6494" asserts="0" description="Update-AzRecoveryServicesReplicationProtectionContainerMapping">
            <results>
              <test-case description="UpdateExpanded" name="Update-AzRecoveryServicesReplicationProtectionContainerMapping.UpdateExpanded" time="32.5075" asserts="0" success="True" result="Success" executed="True" />
              <test-case description="Update" name="Update-AzRecoveryServicesReplicationProtectionContainerMapping.Update" time="0" asserts="0" success="True" result="Ignored" executed="False" />
            </results>
          </test-suite>
        </results>
      </test-suite>
      <test-suite type="TestFixture" name="C:\azure-powershell\src\RecoveryServices\RecoveryServices.SiteRecovery.Autorest\test\Update-AzRecoveryServicesReplicationRecoveryPlan.Tests.ps1" executed="True" result="Ignored" success="True" time="0.5362" asserts="0" description="C:\azure-powershell\src\RecoveryServices\RecoveryServices.SiteRecovery.Autorest\test\Update-AzRecoveryServicesReplicationRecoveryPlan.Tests.ps1">
        <results>
          <test-suite type="TestFixture" name="Update-AzRecoveryServicesReplicationRecoveryPlan" executed="True" result="Ignored" success="True" time="0.104" asserts="0" description="Update-AzRecoveryServicesReplicationRecoveryPlan">
            <results>
              <test-case description="UpdateExpanded" name="Update-AzRecoveryServicesReplicationRecoveryPlan.UpdateExpanded" time="0" asserts="0" success="True" result="Ignored" executed="False" />
              <test-case description="Update" name="Update-AzRecoveryServicesReplicationRecoveryPlan.Update" time="0" asserts="0" success="True" result="Ignored" executed="False" />
            </results>
          </test-suite>
        </results>
      </test-suite>
      <test-suite type="TestFixture" name="C:\azure-powershell\src\RecoveryServices\RecoveryServices.SiteRecovery.Autorest\test\Update-AzRecoveryServicesReplicationRecoveryServiceProvider.Tests.ps1" executed="True" result="Ignored" success="True" time="0.6723" asserts="0" description="C:\azure-powershell\src\RecoveryServices\RecoveryServices.SiteRecovery.Autorest\test\Update-AzRecoveryServicesReplicationRecoveryServiceProvider.Tests.ps1">
        <results>
          <test-suite type="TestFixture" name="Update-AzRecoveryServicesReplicationRecoveryServiceProvider" executed="True" result="Ignored" success="True" time="0.0767" asserts="0" description="Update-AzRecoveryServicesReplicationRecoveryServiceProvider">
            <results>
              <test-case description="Refresh" name="Update-AzRecoveryServicesReplicationRecoveryServiceProvider.Refresh" time="0" asserts="0" success="True" result="Ignored" executed="False" />
              <test-case description="RefreshViaIdentity" name="Update-AzRecoveryServicesReplicationRecoveryServiceProvider.RefreshViaIdentity" time="0" asserts="0" success="True" result="Ignored" executed="False" />
            </results>
          </test-suite>
        </results>
      </test-suite>
      <test-suite type="TestFixture" name="C:\azure-powershell\src\RecoveryServices\RecoveryServices.SiteRecovery.Autorest\test\Update-AzRecoveryServicesReplicationVaultHealth.Tests.ps1" executed="True" result="Ignored" success="True" time="0.5346" asserts="0" description="C:\azure-powershell\src\RecoveryServices\RecoveryServices.SiteRecovery.Autorest\test\Update-AzRecoveryServicesReplicationVaultHealth.Tests.ps1">
        <results>
          <test-suite type="TestFixture" name="Update-AzRecoveryServicesReplicationVaultHealth" executed="True" result="Ignored" success="True" time="0.0781" asserts="0" description="Update-AzRecoveryServicesReplicationVaultHealth">
            <results>
              <test-case description="Refresh" name="Update-AzRecoveryServicesReplicationVaultHealth.Refresh" time="0" asserts="0" success="True" result="Ignored" executed="False" />
            </results>
          </test-suite>
        </results>
      </test-suite>
      <test-suite type="TestFixture" name="C:\azure-powershell\src\RecoveryServices\RecoveryServices.SiteRecovery.Autorest\test\Update-AzRecoveryServicesReplicationvCenter.Tests.ps1" executed="True" result="Ignored" success="True" time="0.4987" asserts="0" description="C:\azure-powershell\src\RecoveryServices\RecoveryServices.SiteRecovery.Autorest\test\Update-AzRecoveryServicesReplicationvCenter.Tests.ps1">
        <results>
          <test-suite type="TestFixture" name="Update-AzRecoveryServicesReplicationvCenter" executed="True" result="Ignored" success="True" time="0.0714" asserts="0" description="Update-AzRecoveryServicesReplicationvCenter">
            <results>
              <test-case description="UpdateExpanded" name="Update-AzRecoveryServicesReplicationvCenter.UpdateExpanded" time="0" asserts="0" success="True" result="Ignored" executed="False" />
              <test-case description="Update" name="Update-AzRecoveryServicesReplicationvCenter.Update" time="0" asserts="0" success="True" result="Ignored" executed="False" />
            </results>
          </test-suite>
        </results>
      </test-suite>
    </results>
  </test-suite>
</test-results>