<?xml version="1.0" encoding="utf-8" standalone="no"?>
<test-results xmlns:xsi="http://www.w3.org/2001/XMLSchema-instance" xsi:noNamespaceSchemaLocation="nunit_schema_2.5.xsd" name="Pester" total="102" errors="0" failures="0" not-run="0" inconclusive="0" ignored="0" skipped="0" invalid="0" date="2020-12-11" time="13:55:33">
  <environment machine-name="DESKTOP-R88RMV9" user-domain="REDMOND" user="daeunyim" platform="Microsoft Windows 10 Enterprise|C:\WINDOWS|\Device\Harddisk0\Partition3" clr-version="Unknown" cwd="C:\Users\daeunyim\work\azure-powershell\src\MySql" nunit-version="2.5.8.0" os-version="10.0.19042" />
  <culture-info current-culture="en-US" current-uiculture="en-US" />
  <test-suite type="TestFixture" name="Pester" executed="True" result="Success" success="True" time="42.3267" asserts="0" description="Pester">
    <results>
      <test-suite type="TestFixture" name="C:\Users\daeunyim\work\azure-powershell\src\MySql\test\Get-AzMySqlConfiguration.Tests.ps1" executed="True" result="Success" success="True" time="1.1165" asserts="0" description="C:\Users\daeunyim\work\azure-powershell\src\MySql\test\Get-AzMySqlConfiguration.Tests.ps1">
        <results>
          <test-suite type="TestFixture" name="Get-AzMySqlConfiguration" executed="True" result="Success" success="True" time="0.7033" asserts="0" description="Get-AzMySqlConfiguration">
            <results>
              <test-case description="List" name="Get-AzMySqlConfiguration.List" time="0.263" asserts="0" success="True" result="Success" executed="True" />
              <test-case description="Get" name="Get-AzMySqlConfiguration.Get" time="0.0532" asserts="0" success="True" result="Success" executed="True" />
              <test-case description="GetViaIdentity" name="Get-AzMySqlConfiguration.GetViaIdentity" time="0.0296" asserts="0" success="True" result="Success" executed="True" />
            </results>
          </test-suite>
        </results>
      </test-suite>
      <test-suite type="TestFixture" name="C:\Users\daeunyim\work\azure-powershell\src\MySql\test\Get-AzMySqlConnectionString.Tests.ps1" executed="True" result="Success" success="True" time="0.5089" asserts="0" description="C:\Users\daeunyim\work\azure-powershell\src\MySql\test\Get-AzMySqlConnectionString.Tests.ps1">
        <results>
          <test-suite type="TestFixture" name="Get-AzMySqlConnectionString" executed="True" result="Success" success="True" time="0.2245" asserts="0" description="Get-AzMySqlConnectionString">
            <results>
              <test-case description="Get" name="Get-AzMySqlConnectionString.Get" time="0.056" asserts="0" success="True" result="Success" executed="True" />
              <test-case description="GetViaIdentity" name="Get-AzMySqlConnectionString.GetViaIdentity" time="0.0774" asserts="0" success="True" result="Success" executed="True" />
            </results>
          </test-suite>
        </results>
      </test-suite>
      <test-suite type="TestFixture" name="C:\Users\daeunyim\work\azure-powershell\src\MySql\test\Get-AzMySqlFirewallRule.Tests.ps1" executed="True" result="Success" success="True" time="0.5298" asserts="0" description="C:\Users\daeunyim\work\azure-powershell\src\MySql\test\Get-AzMySqlFirewallRule.Tests.ps1">
        <results>
          <test-suite type="TestFixture" name="Get-AzMySqlFirewallRule" executed="True" result="Success" success="True" time="0.2846" asserts="0" description="Get-AzMySqlFirewallRule">
            <results>
              <test-case description="List" name="Get-AzMySqlFirewallRule.List" time="0.1011" asserts="0" success="True" result="Success" executed="True" />
              <test-case description="Get" name="Get-AzMySqlFirewallRule.Get" time="0.0525" asserts="0" success="True" result="Success" executed="True" />
              <test-case description="GetViaIdentity" name="Get-AzMySqlFirewallRule.GetViaIdentity" time="0.054" asserts="0" success="True" result="Success" executed="True" />
            </results>
          </test-suite>
        </results>
      </test-suite>
      <test-suite type="TestFixture" name="C:\Users\daeunyim\work\azure-powershell\src\MySql\test\Get-AzMySqlFlexibleServer.Tests.ps1" executed="True" result="Success" success="True" time="0.5404" asserts="0" description="C:\Users\daeunyim\work\azure-powershell\src\MySql\test\Get-AzMySqlFlexibleServer.Tests.ps1">
        <results>
          <test-suite type="TestFixture" name="Get-AzMySqlFlexibleServer" executed="True" result="Success" success="True" time="0.2162" asserts="0" description="Get-AzMySqlFlexibleServer">
            <results>
              <test-case description="List1" name="Get-AzMySqlFlexibleServer.List1" time="0.0724" asserts="0" success="True" result="Success" executed="True" />
              <test-case description="Get" name="Get-AzMySqlFlexibleServer.Get" time="0.0244" asserts="0" success="True" result="Success" executed="True" />
              <test-case description="List" name="Get-AzMySqlFlexibleServer.List" time="0.0165" asserts="0" success="True" result="Success" executed="True" />
              <test-case description="GetViaIdentity" name="Get-AzMySqlFlexibleServer.GetViaIdentity" time="0.0153" asserts="0" success="True" result="Success" executed="True" />
            </results>
          </test-suite>
        </results>
      </test-suite>
      <test-suite type="TestFixture" name="C:\Users\daeunyim\work\azure-powershell\src\MySql\test\Get-AzMySqlFlexibleServerConfiguration.Tests.ps1" executed="True" result="Success" success="True" time="0.4264" asserts="0" description="C:\Users\daeunyim\work\azure-powershell\src\MySql\test\Get-AzMySqlFlexibleServerConfiguration.Tests.ps1">
        <results>
          <test-suite type="TestFixture" name="Get-AzMySqlFlexibleServerConfiguration" executed="True" result="Success" success="True" time="0.1847" asserts="0" description="Get-AzMySqlFlexibleServerConfiguration">
            <results>
              <test-case description="List" name="Get-AzMySqlFlexibleServerConfiguration.List" time="0.0727" asserts="0" success="True" result="Success" executed="True" />
              <test-case description="Get" name="Get-AzMySqlFlexibleServerConfiguration.Get" time="0.0284" asserts="0" success="True" result="Success" executed="True" />
              <test-case description="GetViaIdentity" name="Get-AzMySqlFlexibleServerConfiguration.GetViaIdentity" time="0.0233" asserts="0" success="True" result="Success" executed="True" />
            </results>
          </test-suite>
        </results>
      </test-suite>
      <test-suite type="TestFixture" name="C:\Users\daeunyim\work\azure-powershell\src\MySql\test\Get-AzMySqlFlexibleServerConnectionString.Tests.ps1" executed="True" result="Success" success="True" time="0.3695" asserts="0" description="C:\Users\daeunyim\work\azure-powershell\src\MySql\test\Get-AzMySqlFlexibleServerConnectionString.Tests.ps1">
        <results>
          <test-suite type="TestFixture" name="Get-AzMySqlFlexibleServerConnectionString" executed="True" result="Success" success="True" time="0.1355" asserts="0" description="Get-AzMySqlFlexibleServerConnectionString">
            <results>
              <test-case description="Get" name="Get-AzMySqlFlexibleServerConnectionString.Get" time="0.0793" asserts="0" success="True" result="Success" executed="True" />
            </results>
          </test-suite>
        </results>
      </test-suite>
      <test-suite type="TestFixture" name="C:\Users\daeunyim\work\azure-powershell\src\MySql\test\Get-AzMySqlFlexibleServerDatabase.Tests.ps1" executed="True" result="Success" success="True" time="0.4053" asserts="0" description="C:\Users\daeunyim\work\azure-powershell\src\MySql\test\Get-AzMySqlFlexibleServerDatabase.Tests.ps1">
        <results>
          <test-suite type="TestFixture" name="Get-AzMySqlFlexibleServerDatabase" executed="True" result="Success" success="True" time="0.1743" asserts="0" description="Get-AzMySqlFlexibleServerDatabase">
            <results>
              <test-case description="List" name="Get-AzMySqlFlexibleServerDatabase.List" time="0.0571" asserts="0" success="True" result="Success" executed="True" />
              <test-case description="Get" name="Get-AzMySqlFlexibleServerDatabase.Get" time="0.0205" asserts="0" success="True" result="Success" executed="True" />
              <test-case description="GetViaIdentity" name="Get-AzMySqlFlexibleServerDatabase.GetViaIdentity" time="0.0325" asserts="0" success="True" result="Success" executed="True" />
            </results>
          </test-suite>
        </results>
      </test-suite>
      <test-suite type="TestFixture" name="C:\Users\daeunyim\work\azure-powershell\src\MySql\test\Get-AzMySqlFlexibleServerFirewallRule.Tests.ps1" executed="True" result="Success" success="True" time="0.3876" asserts="0" description="C:\Users\daeunyim\work\azure-powershell\src\MySql\test\Get-AzMySqlFlexibleServerFirewallRule.Tests.ps1">
        <results>
          <test-suite type="TestFixture" name="Get-AzMySqlFlexibleServerFirewallRule" executed="True" result="Success" success="True" time="0.1724" asserts="0" description="Get-AzMySqlFlexibleServerFirewallRule">
            <results>
              <test-case description="List" name="Get-AzMySqlFlexibleServerFirewallRule.List" time="0.0564" asserts="0" success="True" result="Success" executed="True" />
              <test-case description="Get" name="Get-AzMySqlFlexibleServerFirewallRule.Get" time="0.0154" asserts="0" success="True" result="Success" executed="True" />
              <test-case description="GetViaIdentity" name="Get-AzMySqlFlexibleServerFirewallRule.GetViaIdentity" time="0.0346" asserts="0" success="True" result="Success" executed="True" />
            </results>
          </test-suite>
        </results>
      </test-suite>
      <test-suite type="TestFixture" name="C:\Users\daeunyim\work\azure-powershell\src\MySql\test\Get-AzMySqlFlexibleServerLocationBasedCapability.Tests.ps1" executed="True" result="Success" success="True" time="0.3377" asserts="0" description="C:\Users\daeunyim\work\azure-powershell\src\MySql\test\Get-AzMySqlFlexibleServerLocationBasedCapability.Tests.ps1">
        <results>
          <test-suite type="TestFixture" name="Get-AzMySqlFlexibleServerLocationBasedCapability" executed="True" result="Success" success="True" time="0.1183" asserts="0" description="Get-AzMySqlFlexibleServerLocationBasedCapability">
            <results>
              <test-case description="Get" name="Get-AzMySqlFlexibleServerLocationBasedCapability.Get" time="0.068" asserts="0" success="True" result="Success" executed="True" />
            </results>
          </test-suite>
        </results>
      </test-suite>
      <test-suite type="TestFixture" name="C:\Users\daeunyim\work\azure-powershell\src\MySql\test\Get-AzMySqlFlexibleServerReplica.Tests.ps1" executed="True" result="Success" success="True" time="0.3761" asserts="0" description="C:\Users\daeunyim\work\azure-powershell\src\MySql\test\Get-AzMySqlFlexibleServerReplica.Tests.ps1">
        <results>
          <test-suite type="TestFixture" name="Get-AzMySqlFlexibleServerReplica" executed="True" result="Success" success="True" time="0.1337" asserts="0" description="Get-AzMySqlFlexibleServerReplica">
            <results>
              <test-case description="List" name="Get-AzMySqlFlexibleServerReplica.List" time="0.0865" asserts="0" success="True" result="Success" executed="True" />
            </results>
          </test-suite>
        </results>
      </test-suite>
      <test-suite type="TestFixture" name="C:\Users\daeunyim\work\azure-powershell\src\MySql\test\Get-AzMySqlReplica.Tests.ps1" executed="True" result="Success" success="True" time="0.4898" asserts="0" description="C:\Users\daeunyim\work\azure-powershell\src\MySql\test\Get-AzMySqlReplica.Tests.ps1">
        <results>
          <test-suite type="TestFixture" name="Get-AzMySqlReplica" executed="True" result="Success" success="True" time="0.2758" asserts="0" description="Get-AzMySqlReplica">
            <results>
              <test-case description="List" name="Get-AzMySqlReplica.List" time="0.2108" asserts="0" success="True" result="Success" executed="True" />
            </results>
          </test-suite>
        </results>
      </test-suite>
      <test-suite type="TestFixture" name="C:\Users\daeunyim\work\azure-powershell\src\MySql\test\Get-AzMySqlServer.Tests.ps1" executed="True" result="Success" success="True" time="0.3533" asserts="0" description="C:\Users\daeunyim\work\azure-powershell\src\MySql\test\Get-AzMySqlServer.Tests.ps1">
        <results>
          <test-suite type="TestFixture" name="Get-AzMySqlServer" executed="True" result="Success" success="True" time="0.1263" asserts="0" description="Get-AzMySqlServer">
            <results>
              <test-case description="List1" name="Get-AzMySqlServer.List1" time="0.0406" asserts="0" success="True" result="Success" executed="True" />
              <test-case description="Get" name="Get-AzMySqlServer.Get" time="0.0079" asserts="0" success="True" result="Success" executed="True" />
              <test-case description="List" name="Get-AzMySqlServer.List" time="0.0115" asserts="0" success="True" result="Success" executed="True" />
              <test-case description="GetViaIdentity" name="Get-AzMySqlServer.GetViaIdentity" time="0.0065" asserts="0" success="True" result="Success" executed="True" />
            </results>
          </test-suite>
        </results>
      </test-suite>
      <test-suite type="TestFixture" name="C:\Users\daeunyim\work\azure-powershell\src\MySql\test\Get-AzMySqlVirtualNetworkRule.Tests.ps1" executed="True" result="Success" success="True" time="0.6196" asserts="0" description="C:\Users\daeunyim\work\azure-powershell\src\MySql\test\Get-AzMySqlVirtualNetworkRule.Tests.ps1">
        <results>
          <test-suite type="TestFixture" name="Get-AzMySqlVirtualNetworkRule" executed="True" result="Success" success="True" time="0.2531" asserts="0" description="Get-AzMySqlVirtualNetworkRule">
            <results>
              <test-case description="List" name="Get-AzMySqlVirtualNetworkRule.List" time="0.0905" asserts="0" success="True" result="Success" executed="True" />
              <test-case description="Get" name="Get-AzMySqlVirtualNetworkRule.Get" time="0.0427" asserts="0" success="True" result="Success" executed="True" />
              <test-case description="GetViaIdentity" name="Get-AzMySqlVirtualNetworkRule.GetViaIdentity" time="0.0406" asserts="0" success="True" result="Success" executed="True" />
            </results>
          </test-suite>
        </results>
      </test-suite>
      <test-suite type="TestFixture" name="C:\Users\daeunyim\work\azure-powershell\src\MySql\test\New-AzMySqlFirewallRule.Tests.ps1" executed="True" result="Success" success="True" time="0.4496" asserts="0" description="C:\Users\daeunyim\work\azure-powershell\src\MySql\test\New-AzMySqlFirewallRule.Tests.ps1">
        <results>
          <test-suite type="TestFixture" name="New-AzMySqlFirewallRule" executed="True" result="Success" success="True" time="0.1844" asserts="0" description="New-AzMySqlFirewallRule">
            <results>
              <test-case description="CreateExpanded" name="New-AzMySqlFirewallRule.CreateExpanded" time="0.0507" asserts="0" success="True" result="Success" executed="True" />
              <test-case description="ClientIPAddress" name="New-AzMySqlFirewallRule.ClientIPAddress" time="0.0292" asserts="0" success="True" result="Success" executed="True" />
              <test-case description="AllowAll" name="New-AzMySqlFirewallRule.AllowAll" time="0.0287" asserts="0" success="True" result="Success" executed="True" />
            </results>
          </test-suite>
        </results>
      </test-suite>
      <test-suite type="TestFixture" name="C:\Users\daeunyim\work\azure-powershell\src\MySql\test\New-AzMySqlFlexibleServer.Tests.ps1" executed="True" result="Success" success="True" time="3.5816" asserts="0" description="C:\Users\daeunyim\work\azure-powershell\src\MySql\test\New-AzMySqlFlexibleServer.Tests.ps1">
        <results>
          <test-suite type="TestFixture" name="New-AzMySqlFlexibleServer" executed="True" result="Success" success="True" time="3.0505" asserts="0" description="New-AzMySqlFlexibleServer">
            <results>
              <test-case description="CreateExpanded" name="New-AzMySqlFlexibleServer.CreateExpanded" time="0.0027" asserts="0" success="True" result="Success" executed="True" />
              <test-case description="PublicAccessScenario-AllAzure" name="New-AzMySqlFlexibleServer.PublicAccessScenario-AllAzure" time="0.0028" asserts="0" success="True" result="Success" executed="True" />
              <test-case description="PublicAccessScenario-FirewallRule" name="New-AzMySqlFlexibleServer.PublicAccessScenario-FirewallRule" time="0.0027" asserts="0" success="True" result="Success" executed="True" />
              <test-case description="PublicAccessScenario-AllowAll" name="New-AzMySqlFlexibleServer.PublicAccessScenario-AllowAll" time="0.0033" asserts="0" success="True" result="Success" executed="True" />
              <test-case description="NoArgumentsScenario" name="New-AzMySqlFlexibleServer.NoArgumentsScenario" time="0.0065" asserts="0" success="True" result="Success" executed="True" />
              <test-case description="VnetNameScenario-ValidVnet" name="New-AzMySqlFlexibleServer.VnetNameScenario-ValidVnet" time="0.0032" asserts="0" success="True" result="Success" executed="True" />
              <test-case description="VnetNameScenario-ValidVnetNotExist" name="New-AzMySqlFlexibleServer.VnetNameScenario-ValidVnetNotExist" time="0.0031" asserts="0" success="True" result="Success" executed="True" />
              <test-case description="VnetNameScenario-InvalidVnet" name="New-AzMySqlFlexibleServer.VnetNameScenario-InvalidVnet" time="1.2696" asserts="0" success="True" result="Success" executed="True" />
              <test-case description="VnetIdScenario-ValidVnet" name="New-AzMySqlFlexibleServer.VnetIdScenario-ValidVnet" time="0.0025" asserts="0" success="True" result="Success" executed="True" />
              <test-case description="VnetIdScenario-ValidVnetNotExist" name="New-AzMySqlFlexibleServer.VnetIdScenario-ValidVnetNotExist" time="0.0027" asserts="0" success="True" result="Success" executed="True" />
              <test-case description="VnetIdScenario-InvalidVnet" name="New-AzMySqlFlexibleServer.VnetIdScenario-InvalidVnet" time="0.6848" asserts="0" success="True" result="Success" executed="True" />
              <test-case description="SubnetIdScenario-ValidSubnet" name="New-AzMySqlFlexibleServer.SubnetIdScenario-ValidSubnet" time="0.0037" asserts="0" success="True" result="Success" executed="True" />
              <test-case description="SubnetIdScenario-ValidSubnetDifferentRg" name="New-AzMySqlFlexibleServer.SubnetIdScenario-ValidSubnetDifferentRg" time="0.0043" asserts="0" success="True" result="Success" executed="True" />
              <test-case description="SubnetIdScenario-ValidSubnetDelegation" name="New-AzMySqlFlexibleServer.SubnetIdScenario-ValidSubnetDelegation" time="0.0028" asserts="0" success="True" result="Success" executed="True" />
              <test-case description="SubnetIdScenario-ValidSubnetNotExist" name="New-AzMySqlFlexibleServer.SubnetIdScenario-ValidSubnetNotExist" time="0.0034" asserts="0" success="True" result="Success" executed="True" />
              <test-case description="SubnetIdScenario-InvalidSubnet" name="New-AzMySqlFlexibleServer.SubnetIdScenario-InvalidSubnet" time="0.8127" asserts="0" success="True" result="Success" executed="True" />
              <test-case description="VnetSubnetScenario-ValidVnetSubnetNotExist" name="New-AzMySqlFlexibleServer.VnetSubnetScenario-ValidVnetSubnetNotExist" time="0.0041" asserts="0" success="True" result="Success" executed="True" />
              <test-case description="VnetSubnetScenario-ValidVnetSubnet" name="New-AzMySqlFlexibleServer.VnetSubnetScenario-ValidVnetSubnet" time="0.0034" asserts="0" success="True" result="Success" executed="True" />
            </results>
          </test-suite>
        </results>
      </test-suite>
      <test-suite type="TestFixture" name="C:\Users\daeunyim\work\azure-powershell\src\MySql\test\New-AzMySqlFlexibleServerDatabase.Tests.ps1" executed="True" result="Success" success="True" time="0.3563" asserts="0" description="C:\Users\daeunyim\work\azure-powershell\src\MySql\test\New-AzMySqlFlexibleServerDatabase.Tests.ps1">
        <results>
          <test-suite type="TestFixture" name="New-AzMySqlFlexibleServerDatabase" executed="True" result="Success" success="True" time="0.1179" asserts="0" description="New-AzMySqlFlexibleServerDatabase">
            <results>
              <test-case description="CreateExpanded" name="New-AzMySqlFlexibleServerDatabase.CreateExpanded" time="0.0561" asserts="0" success="True" result="Success" executed="True" />
            </results>
          </test-suite>
        </results>
      </test-suite>
      <test-suite type="TestFixture" name="C:\Users\daeunyim\work\azure-powershell\src\MySql\test\New-AzMySqlFlexibleServerFirewallRule.Tests.ps1" executed="True" result="Success" success="True" time="0.4229" asserts="0" description="C:\Users\daeunyim\work\azure-powershell\src\MySql\test\New-AzMySqlFlexibleServerFirewallRule.Tests.ps1">
        <results>
          <test-suite type="TestFixture" name="New-AzMySqlFlexibleServerFirewallRule" executed="True" result="Success" success="True" time="0.1931" asserts="0" description="New-AzMySqlFlexibleServerFirewallRule">
            <results>
              <test-case description="CreateExpanded" name="New-AzMySqlFlexibleServerFirewallRule.CreateExpanded" time="0.063" asserts="0" success="True" result="Success" executed="True" />
              <test-case description="ClientIPAddress" name="New-AzMySqlFlexibleServerFirewallRule.ClientIPAddress" time="0.0254" asserts="0" success="True" result="Success" executed="True" />
              <test-case description="AllowAll" name="New-AzMySqlFlexibleServerFirewallRule.AllowAll" time="0.0223" asserts="0" success="True" result="Success" executed="True" />
            </results>
          </test-suite>
        </results>
      </test-suite>
      <test-suite type="TestFixture" name="C:\Users\daeunyim\work\azure-powershell\src\MySql\test\New-AzMySqlFlexibleServerReplica.Tests.ps1" executed="True" result="Success" success="True" time="0.3234" asserts="0" description="C:\Users\daeunyim\work\azure-powershell\src\MySql\test\New-AzMySqlFlexibleServerReplica.Tests.ps1">
        <results>
          <test-suite type="TestFixture" name="New-AzMySqlFlexibleServerReplica" executed="True" result="Success" success="True" time="0.1083" asserts="0" description="New-AzMySqlFlexibleServerReplica">
            <results>
              <test-case description="CreateExpanded" name="New-AzMySqlFlexibleServerReplica.CreateExpanded" time="0.0556" asserts="0" success="True" result="Success" executed="True" />
            </results>
          </test-suite>
        </results>
      </test-suite>
      <test-suite type="TestFixture" name="C:\Users\daeunyim\work\azure-powershell\src\MySql\test\New-AzMySqlReplica.Tests.ps1" executed="True" result="Success" success="True" time="0.4415" asserts="0" description="C:\Users\daeunyim\work\azure-powershell\src\MySql\test\New-AzMySqlReplica.Tests.ps1">
        <results>
          <test-suite type="TestFixture" name="New-AzMySqlReplica" executed="True" result="Success" success="True" time="0.2314" asserts="0" description="New-AzMySqlReplica">
            <results>
              <test-case description="CreateExpanded" name="New-AzMySqlReplica.CreateExpanded" time="0.1796" asserts="0" success="True" result="Success" executed="True" />
            </results>
          </test-suite>
        </results>
      </test-suite>
      <test-suite type="TestFixture" name="C:\Users\daeunyim\work\azure-powershell\src\MySql\test\New-AzMySqlServer.Tests.ps1" executed="True" result="Success" success="True" time="0.3286" asserts="0" description="C:\Users\daeunyim\work\azure-powershell\src\MySql\test\New-AzMySqlServer.Tests.ps1">
        <results>
          <test-suite type="TestFixture" name="New-AzMySqlServer" executed="True" result="Success" success="True" time="0.0996" asserts="0" description="New-AzMySqlServer">
            <results>
              <test-case description="CreateExpanded" name="New-AzMySqlServer.CreateExpanded" time="0.0522" asserts="0" success="True" result="Success" executed="True" />
            </results>
          </test-suite>
        </results>
      </test-suite>
      <test-suite type="TestFixture" name="C:\Users\daeunyim\work\azure-powershell\src\MySql\test\New-AzMySqlVirtualNetworkRule.Tests.ps1" executed="True" result="Success" success="True" time="0.2931" asserts="0" description="C:\Users\daeunyim\work\azure-powershell\src\MySql\test\New-AzMySqlVirtualNetworkRule.Tests.ps1">
        <results>
          <test-suite type="TestFixture" name="New-AzMySqlVirtualNetworkRule" executed="True" result="Success" success="True" time="0.0799" asserts="0" description="New-AzMySqlVirtualNetworkRule">
            <results>
              <test-case description="CreateExpanded" name="New-AzMySqlVirtualNetworkRule.CreateExpanded" time="0.022" asserts="0" success="True" result="Success" executed="True" />
            </results>
          </test-suite>
        </results>
      </test-suite>
      <test-suite type="TestFixture" name="C:\Users\daeunyim\work\azure-powershell\src\MySql\test\Remove-AzMySqlFirewallRule.Tests.ps1" executed="True" result="Success" success="True" time="0.3328" asserts="0" description="C:\Users\daeunyim\work\azure-powershell\src\MySql\test\Remove-AzMySqlFirewallRule.Tests.ps1">
        <results>
          <test-suite type="TestFixture" name="Remove-AzMySqlFirewallRule" executed="True" result="Success" success="True" time="0.125" asserts="0" description="Remove-AzMySqlFirewallRule">
            <results>
              <test-case description="Delete" name="Remove-AzMySqlFirewallRule.Delete" time="0.0357" asserts="0" success="True" result="Success" executed="True" />
              <test-case description="DeleteViaIdentity" name="Remove-AzMySqlFirewallRule.DeleteViaIdentity" time="0.0258" asserts="0" success="True" result="Success" executed="True" />
            </results>
          </test-suite>
        </results>
      </test-suite>
      <test-suite type="TestFixture" name="C:\Users\daeunyim\work\azure-powershell\src\MySql\test\Remove-AzMySqlFlexibleServer.Tests.ps1" executed="True" result="Success" success="True" time="22.427" asserts="0" description="C:\Users\daeunyim\work\azure-powershell\src\MySql\test\Remove-AzMySqlFlexibleServer.Tests.ps1">
        <results>
          <test-suite type="TestFixture" name="Remove-AzMySqlFlexibleServer" executed="True" result="Success" success="True" time="22.2003" asserts="0" description="Remove-AzMySqlFlexibleServer">
            <results>
              <test-case description="Delete" name="Remove-AzMySqlFlexibleServer.Delete" time="22.1235" asserts="0" success="True" result="Success" executed="True" />
              <test-case description="DeleteViaIdentity" name="Remove-AzMySqlFlexibleServer.DeleteViaIdentity" time="0.0105" asserts="0" success="True" result="Success" executed="True" />
            </results>
          </test-suite>
        </results>
      </test-suite>
      <test-suite type="TestFixture" name="C:\Users\daeunyim\work\azure-powershell\src\MySql\test\Remove-AzMySqlFlexibleServerDatabase.Tests.ps1" executed="True" result="Success" success="True" time="0.3544" asserts="0" description="C:\Users\daeunyim\work\azure-powershell\src\MySql\test\Remove-AzMySqlFlexibleServerDatabase.Tests.ps1">
        <results>
          <test-suite type="TestFixture" name="Remove-AzMySqlFlexibleServerDatabase" executed="True" result="Success" success="True" time="0.1239" asserts="0" description="Remove-AzMySqlFlexibleServerDatabase">
            <results>
              <test-case description="Delete" name="Remove-AzMySqlFlexibleServerDatabase.Delete" time="0.0487" asserts="0" success="True" result="Success" executed="True" />
              <test-case description="DeleteViaIdentity" name="Remove-AzMySqlFlexibleServerDatabase.DeleteViaIdentity" time="0.0178" asserts="0" success="True" result="Success" executed="True" />
            </results>
          </test-suite>
        </results>
      </test-suite>
      <test-suite type="TestFixture" name="C:\Users\daeunyim\work\azure-powershell\src\MySql\test\Remove-AzMySqlFlexibleServerFirewallRule.Tests.ps1" executed="True" result="Success" success="True" time="0.3512" asserts="0" description="C:\Users\daeunyim\work\azure-powershell\src\MySql\test\Remove-AzMySqlFlexibleServerFirewallRule.Tests.ps1">
        <results>
          <test-suite type="TestFixture" name="Remove-AzMySqlFlexibleServerFirewallRule" executed="True" result="Success" success="True" time="0.1422" asserts="0" description="Remove-AzMySqlFlexibleServerFirewallRule">
            <results>
              <test-case description="Delete" name="Remove-AzMySqlFlexibleServerFirewallRule.Delete" time="0.0508" asserts="0" success="True" result="Success" executed="True" />
              <test-case description="DeleteViaIdentity" name="Remove-AzMySqlFlexibleServerFirewallRule.DeleteViaIdentity" time="0.0232" asserts="0" success="True" result="Success" executed="True" />
            </results>
          </test-suite>
        </results>
      </test-suite>
      <test-suite type="TestFixture" name="C:\Users\daeunyim\work\azure-powershell\src\MySql\test\Remove-AzMySqlServer.Tests.ps1" executed="True" result="Success" success="True" time="0.3586" asserts="0" description="C:\Users\daeunyim\work\azure-powershell\src\MySql\test\Remove-AzMySqlServer.Tests.ps1">
        <results>
          <test-suite type="TestFixture" name="Remove-AzMySqlServer" executed="True" result="Success" success="True" time="0.1488" asserts="0" description="Remove-AzMySqlServer">
            <results>
              <test-case description="Delete" name="Remove-AzMySqlServer.Delete" time="0.0563" asserts="0" success="True" result="Success" executed="True" />
              <test-case description="DeleteViaIdentity" name="Remove-AzMySqlServer.DeleteViaIdentity" time="0.0293" asserts="0" success="True" result="Success" executed="True" />
            </results>
          </test-suite>
        </results>
      </test-suite>
      <test-suite type="TestFixture" name="C:\Users\daeunyim\work\azure-powershell\src\MySql\test\Remove-AzMySqlVirtualNetworkRule.Tests.ps1" executed="True" result="Success" success="True" time="0.331" asserts="0" description="C:\Users\daeunyim\work\azure-powershell\src\MySql\test\Remove-AzMySqlVirtualNetworkRule.Tests.ps1">
        <results>
          <test-suite type="TestFixture" name="Remove-AzMySqlVirtualNetworkRule" executed="True" result="Success" success="True" time="0.1255" asserts="0" description="Remove-AzMySqlVirtualNetworkRule">
            <results>
              <test-case description="Delete" name="Remove-AzMySqlVirtualNetworkRule.Delete" time="0.0393" asserts="0" success="True" result="Success" executed="True" />
              <test-case description="DeleteViaIdentity" name="Remove-AzMySqlVirtualNetworkRule.DeleteViaIdentity" time="0.0231" asserts="0" success="True" result="Success" executed="True" />
            </results>
          </test-suite>
        </results>
      </test-suite>
      <test-suite type="TestFixture" name="C:\Users\daeunyim\work\azure-powershell\src\MySql\test\Restart-AzMySqlFlexibleServer.Tests.ps1" executed="True" result="Success" success="True" time="0.3272" asserts="0" description="C:\Users\daeunyim\work\azure-powershell\src\MySql\test\Restart-AzMySqlFlexibleServer.Tests.ps1">
        <results>
          <test-suite type="TestFixture" name="Restart-AzMySqlFlexibleServer" executed="True" result="Success" success="True" time="0.1195" asserts="0" description="Restart-AzMySqlFlexibleServer">
            <results>
              <test-case description="Restart" name="Restart-AzMySqlFlexibleServer.Restart" time="0.0409" asserts="0" success="True" result="Success" executed="True" />
              <test-case description="RestartViaIdentity" name="Restart-AzMySqlFlexibleServer.RestartViaIdentity" time="0.0145" asserts="0" success="True" result="Success" executed="True" />
            </results>
          </test-suite>
        </results>
      </test-suite>
      <test-suite type="TestFixture" name="C:\Users\daeunyim\work\azure-powershell\src\MySql\test\Restart-AzMySqlServer.Tests.ps1" executed="True" result="Success" success="True" time="0.346" asserts="0" description="C:\Users\daeunyim\work\azure-powershell\src\MySql\test\Restart-AzMySqlServer.Tests.ps1">
        <results>
          <test-suite type="TestFixture" name="Restart-AzMySqlServer" executed="True" result="Success" success="True" time="0.1347" asserts="0" description="Restart-AzMySqlServer">
            <results>
              <test-case description="Restart" name="Restart-AzMySqlServer.Restart" time="0.0471" asserts="0" success="True" result="Success" executed="True" />
              <test-case description="RestartViaIdentity" name="Restart-AzMySqlServer.RestartViaIdentity" time="0.0205" asserts="0" success="True" result="Success" executed="True" />
            </results>
          </test-suite>
        </results>
      </test-suite>
      <test-suite type="TestFixture" name="C:\Users\daeunyim\work\azure-powershell\src\MySql\test\Restore-AzMySqlFlexibleServer.Tests.ps1" executed="True" result="Success" success="True" time="0.3787" asserts="0" description="C:\Users\daeunyim\work\azure-powershell\src\MySql\test\Restore-AzMySqlFlexibleServer.Tests.ps1">
        <results>
          <test-suite type="TestFixture" name="Restore-AzMySqlFlexibleServer" executed="True" result="Success" success="True" time="0.1513" asserts="0" description="Restore-AzMySqlFlexibleServer">
            <results>
              <test-case description="PointInTimeRestore" name="Restore-AzMySqlFlexibleServer.PointInTimeRestore" time="0.0997" asserts="0" success="True" result="Success" executed="True" />
            </results>
          </test-suite>
        </results>
      </test-suite>
      <test-suite type="TestFixture" name="C:\Users\daeunyim\work\azure-powershell\src\MySql\test\Restore-AzMySqlServer.Tests.ps1" executed="True" result="Success" success="True" time="0.9034" asserts="0" description="C:\Users\daeunyim\work\azure-powershell\src\MySql\test\Restore-AzMySqlServer.Tests.ps1">
        <results>
          <test-suite type="TestFixture" name="Restore-AzMySqlServer" executed="True" result="Success" success="True" time="0.6959" asserts="0" description="Restore-AzMySqlServer">
            <results>
              <test-case description="GeoRestore" name="Restore-AzMySqlServer.GeoRestore" time="0.2949" asserts="0" success="True" result="Success" executed="True" />
              <test-case description="PointInTimeRestore" name="Restore-AzMySqlServer.PointInTimeRestore" time="0.3356" asserts="0" success="True" result="Success" executed="True" />
            </results>
          </test-suite>
        </results>
      </test-suite>
      <test-suite type="TestFixture" name="C:\Users\daeunyim\work\azure-powershell\src\MySql\test\Start-AzMySqlFlexibleServer.Tests.ps1" executed="True" result="Success" success="True" time="0.3631" asserts="0" description="C:\Users\daeunyim\work\azure-powershell\src\MySql\test\Start-AzMySqlFlexibleServer.Tests.ps1">
        <results>
          <test-suite type="TestFixture" name="Start-AzMySqlFlexibleServer" executed="True" result="Success" success="True" time="0.1554" asserts="0" description="Start-AzMySqlFlexibleServer">
            <results>
              <test-case description="Start" name="Start-AzMySqlFlexibleServer.Start" time="0.066" asserts="0" success="True" result="Success" executed="True" />
              <test-case description="StartViaIdentity" name="Start-AzMySqlFlexibleServer.StartViaIdentity" time="0.0343" asserts="0" success="True" result="Success" executed="True" />
            </results>
          </test-suite>
        </results>
      </test-suite>
      <test-suite type="TestFixture" name="C:\Users\daeunyim\work\azure-powershell\src\MySql\test\Stop-AzMySqlFlexibleServer.Tests.ps1" executed="True" result="Success" success="True" time="0.3184" asserts="0" description="C:\Users\daeunyim\work\azure-powershell\src\MySql\test\Stop-AzMySqlFlexibleServer.Tests.ps1">
        <results>
          <test-suite type="TestFixture" name="Stop-AzMySqlFlexibleServer" executed="True" result="Success" success="True" time="0.1113" asserts="0" description="Stop-AzMySqlFlexibleServer">
            <results>
              <test-case description="Stop" name="Stop-AzMySqlFlexibleServer.Stop" time="0.0355" asserts="0" success="True" result="Success" executed="True" />
              <test-case description="StopViaIdentity" name="Stop-AzMySqlFlexibleServer.StopViaIdentity" time="0.0188" asserts="0" success="True" result="Success" executed="True" />
            </results>
          </test-suite>
        </results>
      </test-suite>
      <test-suite type="TestFixture" name="C:\Users\daeunyim\work\azure-powershell\src\MySql\test\Update-AzMySqlConfiguration.Tests.ps1" executed="True" result="Success" success="True" time="0.3246" asserts="0" description="C:\Users\daeunyim\work\azure-powershell\src\MySql\test\Update-AzMySqlConfiguration.Tests.ps1">
        <results>
          <test-suite type="TestFixture" name="Update-AzMySqlConfiguration" executed="True" result="Success" success="True" time="0.1194" asserts="0" description="Update-AzMySqlConfiguration">
            <results>
              <test-case description="UpdateExpanded" name="Update-AzMySqlConfiguration.UpdateExpanded" time="0.0478" asserts="0" success="True" result="Success" executed="True" />
              <test-case description="UpdateViaIdentityExpanded" name="Update-AzMySqlConfiguration.UpdateViaIdentityExpanded" time="0.0129" asserts="0" success="True" result="Success" executed="True" />
            </results>
          </test-suite>
        </results>
      </test-suite>
      <test-suite type="TestFixture" name="C:\Users\daeunyim\work\azure-powershell\src\MySql\test\Update-AzMySqlFirewallRule.Tests.ps1" executed="True" result="Success" success="True" time="0.3733" asserts="0" description="C:\Users\daeunyim\work\azure-powershell\src\MySql\test\Update-AzMySqlFirewallRule.Tests.ps1">
        <results>
          <test-suite type="TestFixture" name="Update-AzMySqlFirewallRule" executed="True" result="Success" success="True" time="0.1606" asserts="0" description="Update-AzMySqlFirewallRule">
            <results>
              <test-case description="ClientIPAddress" name="Update-AzMySqlFirewallRule.ClientIPAddress" time="0.0627" asserts="0" success="True" result="Success" executed="True" />
              <test-case description="UpdateViaIdentityExpanded" name="Update-AzMySqlFirewallRule.UpdateViaIdentityExpanded" time="0.0381" asserts="0" success="True" result="Success" executed="True" />
            </results>
          </test-suite>
        </results>
      </test-suite>
      <test-suite type="TestFixture" name="C:\Users\daeunyim\work\azure-powershell\src\MySql\test\Update-AzMySqlFlexibleServer.Tests.ps1" executed="True" result="Success" success="True" time="0.331" asserts="0" description="C:\Users\daeunyim\work\azure-powershell\src\MySql\test\Update-AzMySqlFlexibleServer.Tests.ps1">
        <results>
          <test-suite type="TestFixture" name="Update-AzMySqlFlexibleServer" executed="True" result="Success" success="True" time="0.1226" asserts="0" description="Update-AzMySqlFlexibleServer">
            <results>
              <test-case description="UpdateExpanded" name="Update-AzMySqlFlexibleServer.UpdateExpanded" time="0.0524" asserts="0" success="True" result="Success" executed="True" />
              <test-case description="UpdateViaIdentityExpanded" name="Update-AzMySqlFlexibleServer.UpdateViaIdentityExpanded" time="0.0108" asserts="0" success="True" result="Success" executed="True" />
            </results>
          </test-suite>
        </results>
      </test-suite>
      <test-suite type="TestFixture" name="C:\Users\daeunyim\work\azure-powershell\src\MySql\test\Update-AzMySqlFlexibleServerConfiguration.Tests.ps1" executed="True" result="Success" success="True" time="0.3402" asserts="0" description="C:\Users\daeunyim\work\azure-powershell\src\MySql\test\Update-AzMySqlFlexibleServerConfiguration.Tests.ps1">
        <results>
          <test-suite type="TestFixture" name="Update-AzMySqlFlexibleServerConfiguration" executed="True" result="Success" success="True" time="0.118" asserts="0" description="Update-AzMySqlFlexibleServerConfiguration">
            <results>
              <test-case description="UpdateExpanded" name="Update-AzMySqlFlexibleServerConfiguration.UpdateExpanded" time="0.0431" asserts="0" success="True" result="Success" executed="True" />
              <test-case description="UpdateViaIdentityExpanded" name="Update-AzMySqlFlexibleServerConfiguration.UpdateViaIdentityExpanded" time="0.0148" asserts="0" success="True" result="Success" executed="True" />
            </results>
          </test-suite>
        </results>
      </test-suite>
      <test-suite type="TestFixture" name="C:\Users\daeunyim\work\azure-powershell\src\MySql\test\Update-AzMySqlFlexibleServerDatabase.Tests.ps1" executed="True" result="Success" success="True" time="0.3568" asserts="0" description="C:\Users\daeunyim\work\azure-powershell\src\MySql\test\Update-AzMySqlFlexibleServerDatabase.Tests.ps1">
        <results>
          <test-suite type="TestFixture" name="Update-AzMySqlFlexibleServerDatabase" executed="True" result="Success" success="True" time="0.1475" asserts="0" description="Update-AzMySqlFlexibleServerDatabase">
            <results>
              <test-case description="UpdateExpanded" name="Update-AzMySqlFlexibleServerDatabase.UpdateExpanded" time="0.0579" asserts="0" success="True" result="Success" executed="True" />
              <test-case description="UpdateViaIdentityExpanded" name="Update-AzMySqlFlexibleServerDatabase.UpdateViaIdentityExpanded" time="0.0268" asserts="0" success="True" result="Success" executed="True" />
            </results>
          </test-suite>
        </results>
      </test-suite>
      <test-suite type="TestFixture" name="C:\Users\daeunyim\work\azure-powershell\src\MySql\test\Update-AzMySqlFlexibleServerFirewallRule.Tests.ps1" executed="True" result="Success" success="True" time="0.3969" asserts="0" description="C:\Users\daeunyim\work\azure-powershell\src\MySql\test\Update-AzMySqlFlexibleServerFirewallRule.Tests.ps1">
        <results>
          <test-suite type="TestFixture" name="Update-AzMySqlFlexibleServerFirewallRule" executed="True" result="Success" success="True" time="0.1748" asserts="0" description="Update-AzMySqlFlexibleServerFirewallRule">
            <results>
              <test-case description="UpdateExpanded" name="Update-AzMySqlFlexibleServerFirewallRule.UpdateExpanded" time="0.0487" asserts="0" success="True" result="Success" executed="True" />
              <test-case description="ClientIPAddress" name="Update-AzMySqlFlexibleServerFirewallRule.ClientIPAddress" time="0.0168" asserts="0" success="True" result="Success" executed="True" />
              <test-case description="UpdateViaIdentityExpanded" name="Update-AzMySqlFlexibleServerFirewallRule.UpdateViaIdentityExpanded" time="0.0168" asserts="0" success="True" result="Success" executed="True" />
              <test-case description="ClientIPAddressViaIdentity" name="Update-AzMySqlFlexibleServerFirewallRule.ClientIPAddressViaIdentity" time="0.0114" asserts="0" success="True" result="Success" executed="True" />
            </results>
          </test-suite>
        </results>
      </test-suite>
      <test-suite type="TestFixture" name="C:\Users\daeunyim\work\azure-powershell\src\MySql\test\Update-AzMySqlServer.Tests.ps1" executed="True" result="Success" success="True" time="0.3429" asserts="0" description="C:\Users\daeunyim\work\azure-powershell\src\MySql\test\Update-AzMySqlServer.Tests.ps1">
        <results>
          <test-suite type="TestFixture" name="Update-AzMySqlServer" executed="True" result="Success" success="True" time="0.1403" asserts="0" description="Update-AzMySqlServer">
            <results>
              <test-case description="UpdateExpanded" name="Update-AzMySqlServer.UpdateExpanded" time="0.0571" asserts="0" success="True" result="Success" executed="True" />
              <test-case description="UpdateViaIdentityExpanded" name="Update-AzMySqlServer.UpdateViaIdentityExpanded" time="0.0192" asserts="0" success="True" result="Success" executed="True" />
            </results>
          </test-suite>
        </results>
      </test-suite>
      <test-suite type="TestFixture" name="C:\Users\daeunyim\work\azure-powershell\src\MySql\test\Update-AzMySqlVirtualNetworkRule.Tests.ps1" executed="True" result="Success" success="True" time="0.4114" asserts="0" description="C:\Users\daeunyim\work\azure-powershell\src\MySql\test\Update-AzMySqlVirtualNetworkRule.Tests.ps1">
        <results>
          <test-suite type="TestFixture" name="Update-AzMySqlVirtualNetworkRule" executed="True" result="Success" success="True" time="0.1871" asserts="0" description="Update-AzMySqlVirtualNetworkRule">
            <results>
              <test-case description="UpdateExpanded" name="Update-AzMySqlVirtualNetworkRule.UpdateExpanded" time="0.0737" asserts="0" success="True" result="Success" executed="True" />
              <test-case description="UpdateViaIdentityExpanded" name="Update-AzMySqlVirtualNetworkRule.UpdateViaIdentityExpanded" time="0.0398" asserts="0" success="True" result="Success" executed="True" />
            </results>
          </test-suite>
        </results>
      </test-suite>
    </results>
  </test-suite>
</test-results>