<?xml version="1.0" encoding="utf-8" standalone="no"?>
<test-results xmlns:xsi="http://www.w3.org/2001/XMLSchema-instance" xsi:noNamespaceSchemaLocation="nunit_schema_2.5.xsd" name="Pester" total="21" errors="0" failures="0" not-run="0" inconclusive="0" ignored="1" skipped="0" invalid="0" date="2024-08-22" time="15:47:13">
  <environment machine-name="CN-BEZ-630" clr-version="Unknown" user="bez" os-version="10.0.19045" user-domain="FAREAST" platform="Microsoft Windows 10 Enterprise|C:\WINDOWS|\Device\Harddisk0\Partition4" cwd="C:\Azure\upstream\azure-powershell\src\DataBox" nunit-version="2.5.8.0" />
  <culture-info current-culture="en-US" current-uiculture="en-US" />
  <test-suite type="TestFixture" name="Pester" executed="True" result="Ignored" success="True" time="14.5299" asserts="0" description="Pester">
    <results>
      <test-suite type="TestFixture" name="C:\Azure\upstream\azure-powershell\src\DataBox\test\Get-AzDataBoxJob.Tests.ps1" executed="True" result="Success" success="True" time="1.9177" asserts="0" description="C:\Azure\upstream\azure-powershell\src\DataBox\test\Get-AzDataBoxJob.Tests.ps1">
        <results>
          <test-suite type="TestFixture" name="Get-AzDataBoxJob" executed="True" result="Success" success="True" time="1.4376" asserts="0" description="Get-AzDataBoxJob">
            <results>
              <test-case description="Get" name="Get-AzDataBoxJob.Get" time="0.3935" asserts="0" success="True" result="Success" executed="True" />
            </results>
          </test-suite>
        </results>
      </test-suite>
      <test-suite type="TestFixture" name="C:\Azure\upstream\azure-powershell\src\DataBox\test\Get-AzDataBoxJobCredential.Tests.ps1" executed="True" result="Ignored" success="True" time="0.4732" asserts="0" description="C:\Azure\upstream\azure-powershell\src\DataBox\test\Get-AzDataBoxJobCredential.Tests.ps1">
        <results>
          <test-suite type="TestFixture" name="Get-AzDataBoxJobCredential" executed="True" result="Ignored" success="True" time="0.0984" asserts="0" description="Get-AzDataBoxJobCredential">
            <results>
              <test-case description="List" name="Get-AzDataBoxJobCredential.List" time="0" asserts="0" success="True" result="Ignored" executed="False" />
            </results>
          </test-suite>
        </results>
      </test-suite>
      <test-suite type="TestFixture" name="C:\Azure\upstream\azure-powershell\src\DataBox\test\New-AzDataBoxContactDetailsObject.Tests.ps1" executed="True" result="Success" success="True" time="0.4548" asserts="0" description="C:\Azure\upstream\azure-powershell\src\DataBox\test\New-AzDataBoxContactDetailsObject.Tests.ps1">
        <results>
          <test-suite type="TestFixture" name="New-AzDataBoxContactDetailsObject" executed="True" result="Success" success="True" time="0.1434" asserts="0" description="New-AzDataBoxContactDetailsObject">
            <results>
              <test-case description="Create contact object" name="New-AzDataBoxContactDetailsObject.Create contact object" time="0.0487" asserts="0" success="True" result="Success" executed="True" />
            </results>
          </test-suite>
        </results>
      </test-suite>
      <test-suite type="TestFixture" name="C:\Azure\upstream\azure-powershell\src\DataBox\test\New-AzDataBoxDiskJobDetailsObject.Tests.ps1" executed="True" result="Success" success="True" time="0.6548" asserts="0" description="C:\Azure\upstream\azure-powershell\src\DataBox\test\New-AzDataBoxDiskJobDetailsObject.Tests.ps1">
        <results>
          <test-suite type="TestFixture" name="New-AzDataBoxDiskJobDetailsObject" executed="True" result="Success" success="True" time="0.3174" asserts="0" description="New-AzDataBoxDiskJobDetailsObject">
            <results>
              <test-case description="__AllParameterSets" name="New-AzDataBoxDiskJobDetailsObject.__AllParameterSets" time="0.1305" asserts="0" success="True" result="Success" executed="True" />
            </results>
          </test-suite>
        </results>
      </test-suite>
      <test-suite type="TestFixture" name="C:\Azure\upstream\azure-powershell\src\DataBox\test\New-AzDataBoxHeavyJobDetailsObject.Tests.ps1" executed="True" result="Success" success="True" time="0.4708" asserts="0" description="C:\Azure\upstream\azure-powershell\src\DataBox\test\New-AzDataBoxHeavyJobDetailsObject.Tests.ps1">
        <results>
          <test-suite type="TestFixture" name="New-AzDataBoxHeavyJobDetailsObject" executed="True" result="Success" success="True" time="0.1445" asserts="0" description="New-AzDataBoxHeavyJobDetailsObject">
            <results>
              <test-case description="__AllParameterSets" name="New-AzDataBoxHeavyJobDetailsObject.__AllParameterSets" time="0.0444" asserts="0" success="True" result="Success" executed="True" />
            </results>
          </test-suite>
        </results>
      </test-suite>
      <test-suite type="TestFixture" name="C:\Azure\upstream\azure-powershell\src\DataBox\test\New-AzDataBoxJob.Tests.ps1" executed="True" result="Success" success="True" time="5.6711" asserts="0" description="C:\Azure\upstream\azure-powershell\src\DataBox\test\New-AzDataBoxJob.Tests.ps1">
        <results>
          <test-suite type="TestFixture" name="New-AzDataBoxJob" executed="True" result="Success" success="True" time="5.3428" asserts="0" description="New-AzDataBoxJob">
            <results>
              <test-case description="Import Job Test" name="New-AzDataBoxJob.Import Job Test" time="1.0357" asserts="0" success="True" result="Success" executed="True" />
              <test-case description="Import Job with managed disk" name="New-AzDataBoxJob.Import Job with managed disk" time="2.0265" asserts="0" success="True" result="Success" executed="True" />
              <test-case description="Export Job Test" name="New-AzDataBoxJob.Export Job Test" time="0.118" asserts="0" success="True" result="Success" executed="True" />
              <test-case description="Import Job UAI Test" name="New-AzDataBoxJob.Import Job UAI Test" time="0.0969" asserts="0" success="True" result="Success" executed="True" />
              <test-case description="Schedule Job Test" name="New-AzDataBoxJob.Schedule Job Test" time="1.8227" asserts="0" success="True" result="Success" executed="True" />
              <test-case description="Create databox heavy order" name="New-AzDataBoxJob.Create databox heavy order" time="0.056" asserts="0" success="True" result="Success" executed="True" />
              <test-case description="Create disk order" name="New-AzDataBoxJob.Create disk order" time="0.044" asserts="0" success="True" result="Success" executed="True" />
            </results>
          </test-suite>
        </results>
      </test-suite>
      <test-suite type="TestFixture" name="C:\Azure\upstream\azure-powershell\src\DataBox\test\New-AzDataBoxJobDetailsObject.Tests.ps1" executed="True" result="Success" success="True" time="0.5484" asserts="0" description="C:\Azure\upstream\azure-powershell\src\DataBox\test\New-AzDataBoxJobDetailsObject.Tests.ps1">
        <results>
          <test-suite type="TestFixture" name="New-AzDataBoxJobDetailsObject" executed="True" result="Success" success="True" time="0.1585" asserts="0" description="New-AzDataBoxJobDetailsObject">
            <results>
              <test-case description="__AllParameterSets" name="New-AzDataBoxJobDetailsObject.__AllParameterSets" time="0.0267" asserts="0" success="True" result="Success" executed="True" />
            </results>
          </test-suite>
        </results>
      </test-suite>
      <test-suite type="TestFixture" name="C:\Azure\upstream\azure-powershell\src\DataBox\test\New-AzDataBoxKeyEncryptionKeyObject.Tests.ps1" executed="True" result="Success" success="True" time="0.4538" asserts="0" description="C:\Azure\upstream\azure-powershell\src\DataBox\test\New-AzDataBoxKeyEncryptionKeyObject.Tests.ps1">
        <results>
          <test-suite type="TestFixture" name="New-AzDataBoxKeyEncryptionKeyObject" executed="True" result="Success" success="True" time="0.1309" asserts="0" description="New-AzDataBoxKeyEncryptionKeyObject">
            <results>
              <test-case description="__AllParameterSets" name="New-AzDataBoxKeyEncryptionKeyObject.__AllParameterSets" time="0.0251" asserts="0" success="True" result="Success" executed="True" />
            </results>
          </test-suite>
        </results>
      </test-suite>
      <test-suite type="TestFixture" name="C:\Azure\upstream\azure-powershell\src\DataBox\test\New-AzDataBoxManagedDiskDetailsObject.Tests.ps1" executed="True" result="Success" success="True" time="0.4646" asserts="0" description="C:\Azure\upstream\azure-powershell\src\DataBox\test\New-AzDataBoxManagedDiskDetailsObject.Tests.ps1">
        <results>
          <test-suite type="TestFixture" name="New-AzDataBoxManagedDiskDetailsObject" executed="True" result="Success" success="True" time="0.1349" asserts="0" description="New-AzDataBoxManagedDiskDetailsObject">
            <results>
              <test-case description="__AllParameterSets" name="New-AzDataBoxManagedDiskDetailsObject.__AllParameterSets" time="0.0276" asserts="0" success="True" result="Success" executed="True" />
            </results>
          </test-suite>
        </results>
      </test-suite>
      <test-suite type="TestFixture" name="C:\Azure\upstream\azure-powershell\src\DataBox\test\New-AzDataBoxShippingAddressObject.Tests.ps1" executed="True" result="Success" success="True" time="0.5396" asserts="0" description="C:\Azure\upstream\azure-powershell\src\DataBox\test\New-AzDataBoxShippingAddressObject.Tests.ps1">
        <results>
          <test-suite type="TestFixture" name="New-AzDataBoxShippingAddressObject" executed="True" result="Success" success="True" time="0.1388" asserts="0" description="New-AzDataBoxShippingAddressObject">
            <results>
              <test-case description="__AllParameterSets" name="New-AzDataBoxShippingAddressObject.__AllParameterSets" time="0.0199" asserts="0" success="True" result="Success" executed="True" />
            </results>
          </test-suite>
        </results>
      </test-suite>
      <test-suite type="TestFixture" name="C:\Azure\upstream\azure-powershell\src\DataBox\test\New-AzDataBoxStorageAccountDetailsObject.Tests.ps1" executed="True" result="Success" success="True" time="0.508" asserts="0" description="C:\Azure\upstream\azure-powershell\src\DataBox\test\New-AzDataBoxStorageAccountDetailsObject.Tests.ps1">
        <results>
          <test-suite type="TestFixture" name="New-AzDataBoxStorageAccountDetailsObject" executed="True" result="Success" success="True" time="0.149" asserts="0" description="New-AzDataBoxStorageAccountDetailsObject">
            <results>
              <test-case description="__AllParameterSets" name="New-AzDataBoxStorageAccountDetailsObject.__AllParameterSets" time="0.0279" asserts="0" success="True" result="Success" executed="True" />
            </results>
          </test-suite>
        </results>
      </test-suite>
      <test-suite type="TestFixture" name="C:\Azure\upstream\azure-powershell\src\DataBox\test\New-AzDataBoxTransferConfigurationObject.Tests.ps1" executed="True" result="Success" success="True" time="0.5414" asserts="0" description="C:\Azure\upstream\azure-powershell\src\DataBox\test\New-AzDataBoxTransferConfigurationObject.Tests.ps1">
        <results>
          <test-suite type="TestFixture" name="New-AzDataBoxTransferConfigurationObject" executed="True" result="Success" success="True" time="0.1533" asserts="0" description="New-AzDataBoxTransferConfigurationObject">
            <results>
              <test-case description="__AllParameterSets" name="New-AzDataBoxTransferConfigurationObject.__AllParameterSets" time="0.0245" asserts="0" success="True" result="Success" executed="True" />
            </results>
          </test-suite>
        </results>
      </test-suite>
      <test-suite type="TestFixture" name="C:\Azure\upstream\azure-powershell\src\DataBox\test\Remove-AzDataBoxJob.Tests.ps1" executed="True" result="Success" success="True" time="0.6046" asserts="0" description="C:\Azure\upstream\azure-powershell\src\DataBox\test\Remove-AzDataBoxJob.Tests.ps1">
        <results>
          <test-suite type="TestFixture" name="Remove-AzDataBoxJob" executed="True" result="Success" success="True" time="0.2358" asserts="0" description="Remove-AzDataBoxJob">
            <results>
              <test-case description="Delete" name="Remove-AzDataBoxJob.Delete" time="0.146" asserts="0" success="True" result="Success" executed="True" />
            </results>
          </test-suite>
        </results>
      </test-suite>
      <test-suite type="TestFixture" name="C:\Azure\upstream\azure-powershell\src\DataBox\test\Stop-AzDataBoxJob.Tests.ps1" executed="True" result="Success" success="True" time="0.5849" asserts="0" description="C:\Azure\upstream\azure-powershell\src\DataBox\test\Stop-AzDataBoxJob.Tests.ps1">
        <results>
          <test-suite type="TestFixture" name="Stop-AzDataBoxJob" executed="True" result="Success" success="True" time="0.2561" asserts="0" description="Stop-AzDataBoxJob">
            <results>
              <test-case description="CancelExpanded" name="Stop-AzDataBoxJob.CancelExpanded" time="0.1081" asserts="0" success="True" result="Success" executed="True" />
            </results>
          </test-suite>
        </results>
      </test-suite>
      <test-suite type="TestFixture" name="C:\Azure\upstream\azure-powershell\src\DataBox\test\Update-AzDataBoxJob.Tests.ps1" executed="True" result="Success" success="True" time="0.6423" asserts="0" description="C:\Azure\upstream\azure-powershell\src\DataBox\test\Update-AzDataBoxJob.Tests.ps1">
        <results>
          <test-suite type="TestFixture" name="Update-AzDataBoxJob" executed="True" result="Success" success="True" time="0.2416" asserts="0" description="Update-AzDataBoxJob">
            <results>
              <test-case description="Microsoft managed to customer managed system assigned" name="Update-AzDataBoxJob.Microsoft managed to customer managed system assigned" time="0.0905" asserts="0" success="True" result="Success" executed="True" />
              <test-case description="System assigned to user assigned" name="Update-AzDataBoxJob.System assigned to user assigned" time="0.0361" asserts="0" success="True" result="Success" executed="True" />
            </results>
          </test-suite>
        </results>
      </test-suite>
    </results>
  </test-suite>
</test-results>