<?xml version="1.0" encoding="utf-8" standalone="no"?>
<test-results xmlns:xsi="http://www.w3.org/2001/XMLSchema-instance" xsi:noNamespaceSchemaLocation="nunit_schema_2.5.xsd" name="Pester" total="2" errors="0" failures="0" not-run="0" inconclusive="0" ignored="12" skipped="0" invalid="0" date="2020-05-09" time="09:46:37">
  <environment platform="Microsoft Windows 10 Pro|C:\Windows|\Device\Harddisk2\Partition4" user="dolauli" nunit-version="2.5.8.0" user-domain="DESKTOP-FN4T0TP" cwd="C:\Users\dolauli\src\azure-powershell-public\src\Portal" clr-version="Unknown" machine-name="DESKTOP-FN4T0TP" os-version="10.0.18362" />
  <culture-info current-culture="en-US" current-uiculture="en-US" />
  <test-suite type="TestFixture" name="Pester" executed="True" result="Ignored" success="True" time="2.5524" asserts="0" description="Pester">
    <results>
      <test-suite type="TestFixture" name="C:\Users\dolauli\src\azure-powershell-public\src\Portal\test\AzPortalDashboardCrud.Tests.ps1" executed="True" result="Success" success="True" time="1.6529" asserts="0" description="C:\Users\dolauli\src\azure-powershell-public\src\Portal\test\AzPortalDashboardCrud.Tests.ps1">
        <results>
          <test-suite type="TestFixture" name="DashBardCrudTests" executed="True" result="Success" success="True" time="1.4361" asserts="0" description="DashBardCrudTests">
            <results>
              <test-case description="Lists all dashboards in a subscription" name="DashBardCrudTests.Lists all dashboards in a subscription" time="0.3814" asserts="0" success="True" result="Success" executed="True" />
              <test-case description="Create, Update, and Delete a dashboard" name="DashBardCrudTests.Create, Update, and Delete a dashboard" time="0.7202" asserts="0" success="True" result="Success" executed="True" />
            </results>
          </test-suite>
        </results>
      </test-suite>
      <test-suite type="TestFixture" name="C:\Users\dolauli\src\azure-powershell-public\src\Portal\test\Get-AzPortalDashboard.Tests.ps1" executed="True" result="Ignored" success="True" time="0.1964" asserts="0" description="C:\Users\dolauli\src\azure-powershell-public\src\Portal\test\Get-AzPortalDashboard.Tests.ps1">
        <results>
          <test-suite type="TestFixture" name="Get-AzPortalDashboard" executed="True" result="Ignored" success="True" time="0.0739" asserts="0" description="Get-AzPortalDashboard">
            <results>
              <test-case description="List1" name="Get-AzPortalDashboard.List1" time="0" asserts="0" success="True" result="Ignored" executed="False" />
              <test-case description="Get" name="Get-AzPortalDashboard.Get" time="0" asserts="0" success="True" result="Ignored" executed="False" />
              <test-case description="List" name="Get-AzPortalDashboard.List" time="0" asserts="0" success="True" result="Ignored" executed="False" />
              <test-case description="GetViaIdentity" name="Get-AzPortalDashboard.GetViaIdentity" time="0" asserts="0" success="True" result="Ignored" executed="False" />
            </results>
          </test-suite>
        </results>
      </test-suite>
      <test-suite type="TestFixture" name="C:\Users\dolauli\src\azure-powershell-public\src\Portal\test\New-AzPortalDashboard.Tests.ps1" executed="True" result="Ignored" success="True" time="0.18" asserts="0" description="C:\Users\dolauli\src\azure-powershell-public\src\Portal\test\New-AzPortalDashboard.Tests.ps1">
        <results>
          <test-suite type="TestFixture" name="New-AzPortalDashboard" executed="True" result="Ignored" success="True" time="0.0691" asserts="0" description="New-AzPortalDashboard">
            <results>
              <test-case description="CreateExpanded" name="New-AzPortalDashboard.CreateExpanded" time="0" asserts="0" success="True" result="Ignored" executed="False" />
              <test-case description="Create" name="New-AzPortalDashboard.Create" time="0" asserts="0" success="True" result="Ignored" executed="False" />
              <test-case description="CreateByFile" name="New-AzPortalDashboard.CreateByFile" time="0" asserts="0" success="True" result="Ignored" executed="False" />
            </results>
          </test-suite>
        </results>
      </test-suite>
      <test-suite type="TestFixture" name="C:\Users\dolauli\src\azure-powershell-public\src\Portal\test\Remove-AzPortalDashboard.Tests.ps1" executed="True" result="Ignored" success="True" time="0.177" asserts="0" description="C:\Users\dolauli\src\azure-powershell-public\src\Portal\test\Remove-AzPortalDashboard.Tests.ps1">
        <results>
          <test-suite type="TestFixture" name="Remove-AzPortalDashboard" executed="True" result="Ignored" success="True" time="0.0667" asserts="0" description="Remove-AzPortalDashboard">
            <results>
              <test-case description="Delete" name="Remove-AzPortalDashboard.Delete" time="0" asserts="0" success="True" result="Ignored" executed="False" />
              <test-case description="DeleteViaIdentity" name="Remove-AzPortalDashboard.DeleteViaIdentity" time="0" asserts="0" success="True" result="Ignored" executed="False" />
            </results>
          </test-suite>
        </results>
      </test-suite>
      <test-suite type="TestFixture" name="C:\Users\dolauli\src\azure-powershell-public\src\Portal\test\Set-AzPortalDashboard.Tests.ps1" executed="True" result="Ignored" success="True" time="0.1851" asserts="0" description="C:\Users\dolauli\src\azure-powershell-public\src\Portal\test\Set-AzPortalDashboard.Tests.ps1">
        <results>
          <test-suite type="TestFixture" name="Set-AzPortalDashboard" executed="True" result="Ignored" success="True" time="0.0739" asserts="0" description="Set-AzPortalDashboard">
            <results>
              <test-case description="__AllParameterSets" name="Set-AzPortalDashboard.__AllParameterSets" time="0" asserts="0" success="True" result="Ignored" executed="False" />
            </results>
          </test-suite>
        </results>
      </test-suite>
      <test-suite type="TestFixture" name="C:\Users\dolauli\src\azure-powershell-public\src\Portal\test\Update-AzPortalDashboard.Tests.ps1" executed="True" result="Ignored" success="True" time="0.161" asserts="0" description="C:\Users\dolauli\src\azure-powershell-public\src\Portal\test\Update-AzPortalDashboard.Tests.ps1">
        <results>
          <test-suite type="TestFixture" name="Update-AzPortalDashboard" executed="True" result="Ignored" success="True" time="0.052" asserts="0" description="Update-AzPortalDashboard">
            <results>
              <test-case description="UpdateExpanded" name="Update-AzPortalDashboard.UpdateExpanded" time="0" asserts="0" success="True" result="Ignored" executed="False" />
              <test-case description="UpdateViaIdentityExpanded" name="Update-AzPortalDashboard.UpdateViaIdentityExpanded" time="0" asserts="0" success="True" result="Ignored" executed="False" />
            </results>
          </test-suite>
        </results>
      </test-suite>
    </results>
  </test-suite>
</test-results>