<?xml version="1.0" encoding="utf-8" standalone="no"?>
<test-results xmlns:xsi="http://www.w3.org/2001/XMLSchema-instance" xsi:noNamespaceSchemaLocation="nunit_schema_2.5.xsd" name="Pester" total="70" errors="0" failures="0" not-run="0" inconclusive="0" ignored="12" skipped="0" invalid="0" date="2023-03-20" time="12:55:17">
  <environment clr-version="Unknown" os-version="10.0.22621" nunit-version="2.5.8.0" user-domain="REDMOND" user="alecbaird" machine-name="LAPTOP-5URQ3QGR" platform="Microsoft Windows 11 Enterprise|C:\WINDOWS|\Device\Harddisk0\Partition3" cwd="C:\Repos\Forks\PS-testing\azure-powershell\src\DesktopVirtualization" />
  <culture-info current-culture="en-US" current-uiculture="en-US" />
  <test-suite type="TestFixture" name="Pester" executed="True" result="Ignored" success="True" time="404.4125" asserts="0" description="Pester">
    <results>
      <test-suite type="TestFixture" name="C:\Repos\Forks\PS-testing\azure-powershell\src\DesktopVirtualization\test\Disconnect-AzWvdUserSession.Tests.ps1" executed="True" result="Success" success="True" time="8.1327" asserts="0" description="C:\Repos\Forks\PS-testing\azure-powershell\src\DesktopVirtualization\test\Disconnect-AzWvdUserSession.Tests.ps1">
        <results>
          <test-suite type="TestFixture" name="Disconnect-AzWvdUserSession" executed="True" result="Success" success="True" time="7.4374" asserts="0" description="Disconnect-AzWvdUserSession">
            <results>
              <test-case description="Disconnect" name="Disconnect-AzWvdUserSession.Disconnect" time="6.7613" asserts="0" success="True" result="Success" executed="True" />
            </results>
          </test-suite>
        </results>
      </test-suite>
      <test-suite type="TestFixture" name="C:\Repos\Forks\PS-testing\azure-powershell\src\DesktopVirtualization\test\Expand-AzWvdMsixImage.Tests.ps1" executed="True" result="Success" success="True" time="1.8652" asserts="0" description="C:\Repos\Forks\PS-testing\azure-powershell\src\DesktopVirtualization\test\Expand-AzWvdMsixImage.Tests.ps1">
        <results>
          <test-suite type="TestFixture" name="Expand-AzWvdMsixImage" executed="True" result="Success" success="True" time="1.2792" asserts="0" description="Expand-AzWvdMsixImage">
            <results>
              <test-case description="Expand" name="Expand-AzWvdMsixImage.Expand" time="1.002" asserts="0" success="True" result="Success" executed="True" />
            </results>
          </test-suite>
        </results>
      </test-suite>
      <test-suite type="TestFixture" name="C:\Repos\Forks\PS-testing\azure-powershell\src\DesktopVirtualization\test\Get-AzWvdApplication.Tests.ps1" executed="True" result="Success" success="True" time="30.3505" asserts="0" description="C:\Repos\Forks\PS-testing\azure-powershell\src\DesktopVirtualization\test\Get-AzWvdApplication.Tests.ps1">
        <results>
          <test-suite type="TestFixture" name="Get-AzWvdApplication" executed="True" result="Success" success="True" time="29.7532" asserts="0" description="Get-AzWvdApplication">
            <results>
              <test-case description="Get" name="Get-AzWvdApplication.Get" time="6.8684" asserts="0" success="True" result="Success" executed="True" />
              <test-case description="List" name="Get-AzWvdApplication.List" time="7.0912" asserts="0" success="True" result="Success" executed="True" />
              <test-case description="GetMsixApplication_RAG" name="Get-AzWvdApplication.GetMsixApplication_RAG" time="6.45" asserts="0" success="True" result="Success" executed="True" />
              <test-case description="GetMsixApplication_DAG" name="Get-AzWvdApplication.GetMsixApplication_DAG" time="9.1877" asserts="0" success="True" result="Success" executed="True" />
            </results>
          </test-suite>
        </results>
      </test-suite>
      <test-suite type="TestFixture" name="C:\Repos\Forks\PS-testing\azure-powershell\src\DesktopVirtualization\test\Get-AzWvdApplicationGroup.Tests.ps1" executed="True" result="Success" success="True" time="23.1155" asserts="0" description="C:\Repos\Forks\PS-testing\azure-powershell\src\DesktopVirtualization\test\Get-AzWvdApplicationGroup.Tests.ps1">
        <results>
          <test-suite type="TestFixture" name="Get-AzWvdApplicationGroup" executed="True" result="Success" success="True" time="22.9109" asserts="0" description="Get-AzWvdApplicationGroup">
            <results>
              <test-case description="Get" name="Get-AzWvdApplicationGroup.Get" time="4.9068" asserts="0" success="True" result="Success" executed="True" />
              <test-case description="List" name="Get-AzWvdApplicationGroup.List" time="8.3602" asserts="0" success="True" result="Success" executed="True" />
              <test-case description="List Subscription Level" name="Get-AzWvdApplicationGroup.List Subscription Level" time="9.5272" asserts="0" success="True" result="Success" executed="True" />
            </results>
          </test-suite>
        </results>
      </test-suite>
      <test-suite type="TestFixture" name="C:\Repos\Forks\PS-testing\azure-powershell\src\DesktopVirtualization\test\Get-AzWvdDesktop.Tests.ps1" executed="True" result="Success" success="True" time="10.6584" asserts="0" description="C:\Repos\Forks\PS-testing\azure-powershell\src\DesktopVirtualization\test\Get-AzWvdDesktop.Tests.ps1">
        <results>
          <test-suite type="TestFixture" name="Get-AzWvdDesktop" executed="True" result="Success" success="True" time="10.4753" asserts="0" description="Get-AzWvdDesktop">
            <results>
              <test-case description="Get" name="Get-AzWvdDesktop.Get" time="5.4072" asserts="0" success="True" result="Success" executed="True" />
              <test-case description="List" name="Get-AzWvdDesktop.List" time="4.9495" asserts="0" success="True" result="Success" executed="True" />
            </results>
          </test-suite>
        </results>
      </test-suite>
      <test-suite type="TestFixture" name="C:\Repos\Forks\PS-testing\azure-powershell\src\DesktopVirtualization\test\Get-AzWvdHostPool.Tests.ps1" executed="True" result="Success" success="True" time="37.6954" asserts="0" description="C:\Repos\Forks\PS-testing\azure-powershell\src\DesktopVirtualization\test\Get-AzWvdHostPool.Tests.ps1">
        <results>
          <test-suite type="TestFixture" name="Get-AzWvdHostPool" executed="True" result="Success" success="True" time="37.4826" asserts="0" description="Get-AzWvdHostPool">
            <results>
              <test-case description="Get" name="Get-AzWvdHostPool.Get" time="3.645" asserts="0" success="True" result="Success" executed="True" />
              <test-case description="List" name="Get-AzWvdHostPool.List" time="7.5909" asserts="0" success="True" result="Success" executed="True" />
              <test-case description="List Subscription Level" name="Get-AzWvdHostPool.List Subscription Level" time="26.1456" asserts="0" success="True" result="Success" executed="True" />
            </results>
          </test-suite>
        </results>
      </test-suite>
      <test-suite type="TestFixture" name="C:\Repos\Forks\PS-testing\azure-powershell\src\DesktopVirtualization\test\Get-AzWvdHostPoolRegistrationToken.Tests.ps1" executed="True" result="Success" success="True" time="4.0531" asserts="0" description="C:\Repos\Forks\PS-testing\azure-powershell\src\DesktopVirtualization\test\Get-AzWvdHostPoolRegistrationToken.Tests.ps1">
        <results>
          <test-suite type="TestFixture" name="Get-AzWvdHostPoolRegistrationToken" executed="True" result="Success" success="True" time="3.836" asserts="0" description="Get-AzWvdHostPoolRegistrationToken">
            <results>
              <test-case description="Retrieve" name="Get-AzWvdHostPoolRegistrationToken.Retrieve" time="3.7435" asserts="0" success="True" result="Success" executed="True" />
            </results>
          </test-suite>
        </results>
      </test-suite>
      <test-suite type="TestFixture" name="C:\Repos\Forks\PS-testing\azure-powershell\src\DesktopVirtualization\test\Get-AzWvdMsixPackage.Tests.ps1" executed="True" result="Success" success="True" time="7.8953" asserts="0" description="C:\Repos\Forks\PS-testing\azure-powershell\src\DesktopVirtualization\test\Get-AzWvdMsixPackage.Tests.ps1">
        <results>
          <test-suite type="TestFixture" name="Get-AzWvdMsixPackage" executed="True" result="Success" success="True" time="7.6969" asserts="0" description="Get-AzWvdMsixPackage">
            <results>
              <test-case description="List" name="Get-AzWvdMsixPackage.List" time="4.4183" asserts="0" success="True" result="Success" executed="True" />
              <test-case description="Get" name="Get-AzWvdMsixPackage.Get" time="3.1751" asserts="0" success="True" result="Success" executed="True" />
            </results>
          </test-suite>
        </results>
      </test-suite>
      <test-suite type="TestFixture" name="C:\Repos\Forks\PS-testing\azure-powershell\src\DesktopVirtualization\test\Get-AzWvdPrivateEndpointConnection.Tests.ps1" executed="True" result="Ignored" success="True" time="0.3151" asserts="0" description="C:\Repos\Forks\PS-testing\azure-powershell\src\DesktopVirtualization\test\Get-AzWvdPrivateEndpointConnection.Tests.ps1">
        <results>
          <test-suite type="TestFixture" name="Get-AzWvdPrivateEndpointConnection" executed="True" result="Ignored" success="True" time="0.128" asserts="0" description="Get-AzWvdPrivateEndpointConnection">
            <results>
              <test-case description="List" name="Get-AzWvdPrivateEndpointConnection.List" time="0" asserts="0" success="True" result="Ignored" executed="False" />
              <test-case description="Get" name="Get-AzWvdPrivateEndpointConnection.Get" time="0" asserts="0" success="True" result="Ignored" executed="False" />
              <test-case description="Get1" name="Get-AzWvdPrivateEndpointConnection.Get1" time="0" asserts="0" success="True" result="Ignored" executed="False" />
              <test-case description="List1" name="Get-AzWvdPrivateEndpointConnection.List1" time="0" asserts="0" success="True" result="Ignored" executed="False" />
              <test-case description="GetViaIdentity1" name="Get-AzWvdPrivateEndpointConnection.GetViaIdentity1" time="0" asserts="0" success="True" result="Ignored" executed="False" />
              <test-case description="GetViaIdentity" name="Get-AzWvdPrivateEndpointConnection.GetViaIdentity" time="0" asserts="0" success="True" result="Ignored" executed="False" />
            </results>
          </test-suite>
        </results>
      </test-suite>
      <test-suite type="TestFixture" name="C:\Repos\Forks\PS-testing\azure-powershell\src\DesktopVirtualization\test\Get-AzWvdPrivateLinkResource.Tests.ps1" executed="True" result="Ignored" success="True" time="0.296" asserts="0" description="C:\Repos\Forks\PS-testing\azure-powershell\src\DesktopVirtualization\test\Get-AzWvdPrivateLinkResource.Tests.ps1">
        <results>
          <test-suite type="TestFixture" name="Get-AzWvdPrivateLinkResource" executed="True" result="Ignored" success="True" time="0.095" asserts="0" description="Get-AzWvdPrivateLinkResource">
            <results>
              <test-case description="List" name="Get-AzWvdPrivateLinkResource.List" time="0" asserts="0" success="True" result="Ignored" executed="False" />
              <test-case description="List1" name="Get-AzWvdPrivateLinkResource.List1" time="0" asserts="0" success="True" result="Ignored" executed="False" />
            </results>
          </test-suite>
        </results>
      </test-suite>
      <test-suite type="TestFixture" name="C:\Repos\Forks\PS-testing\azure-powershell\src\DesktopVirtualization\test\Get-AzWvdRegistrationInfo.Tests.ps1" executed="True" result="Success" success="True" time="4.1988" asserts="0" description="C:\Repos\Forks\PS-testing\azure-powershell\src\DesktopVirtualization\test\Get-AzWvdRegistrationInfo.Tests.ps1">
        <results>
          <test-suite type="TestFixture" name="Get-AzWvdRegistrationInfo" executed="True" result="Success" success="True" time="4.0163" asserts="0" description="Get-AzWvdRegistrationInfo">
            <results>
              <test-case description="Get RegInfo" name="Get-AzWvdRegistrationInfo.Get RegInfo" time="3.908" asserts="0" success="True" result="Success" executed="True" />
            </results>
          </test-suite>
        </results>
      </test-suite>
      <test-suite type="TestFixture" name="C:\Repos\Forks\PS-testing\azure-powershell\src\DesktopVirtualization\test\Get-AzWvdScalingPlan.Tests.ps1" executed="True" result="Success" success="True" time="9.517" asserts="0" description="C:\Repos\Forks\PS-testing\azure-powershell\src\DesktopVirtualization\test\Get-AzWvdScalingPlan.Tests.ps1">
        <results>
          <test-suite type="TestFixture" name="Get-AzWvdScalingPlan" executed="True" result="Success" success="True" time="9.3204" asserts="0" description="Get-AzWvdScalingPlan">
            <results>
              <test-case description="Get" name="Get-AzWvdScalingPlan.Get" time="1.7517" asserts="0" success="True" result="Success" executed="True" />
              <test-case description="List" name="Get-AzWvdScalingPlan.List" time="3.5363" asserts="0" success="True" result="Success" executed="True" />
              <test-case description="List By Subscription" name="Get-AzWvdScalingPlan.List By Subscription" time="3.8463" asserts="0" success="True" result="Success" executed="True" />
            </results>
          </test-suite>
        </results>
      </test-suite>
      <test-suite type="TestFixture" name="C:\Repos\Forks\PS-testing\azure-powershell\src\DesktopVirtualization\test\Get-AzWvdScalingPlanPooledSchedule.Tests.ps1" executed="True" result="Success" success="True" time="5.4556" asserts="0" description="C:\Repos\Forks\PS-testing\azure-powershell\src\DesktopVirtualization\test\Get-AzWvdScalingPlanPooledSchedule.Tests.ps1">
        <results>
          <test-suite type="TestFixture" name="Get-AzWvdScalingPlanPooledSchedule" executed="True" result="Success" success="True" time="4.9707" asserts="0" description="Get-AzWvdScalingPlanPooledSchedule">
            <results>
              <test-case description="Get" name="Get-AzWvdScalingPlanPooledSchedule.Get" time="2.1344" asserts="0" success="True" result="Success" executed="True" />
              <test-case description="List" name="Get-AzWvdScalingPlanPooledSchedule.List" time="2.5159" asserts="0" success="True" result="Success" executed="True" />
            </results>
          </test-suite>
        </results>
      </test-suite>
      <test-suite type="TestFixture" name="C:\Repos\Forks\PS-testing\azure-powershell\src\DesktopVirtualization\test\Get-AzWvdSessionHost.Tests.ps1" executed="True" result="Success" success="True" time="1.4322" asserts="0" description="C:\Repos\Forks\PS-testing\azure-powershell\src\DesktopVirtualization\test\Get-AzWvdSessionHost.Tests.ps1">
        <results>
          <test-suite type="TestFixture" name="Get-AzWvdSessionHost" executed="True" result="Success" success="True" time="0.9328" asserts="0" description="Get-AzWvdSessionHost">
            <results>
              <test-case description="Get" name="Get-AzWvdSessionHost.Get" time="0.2961" asserts="0" success="True" result="Success" executed="True" />
              <test-case description="List" name="Get-AzWvdSessionHost.List" time="0.3864" asserts="0" success="True" result="Success" executed="True" />
            </results>
          </test-suite>
        </results>
      </test-suite>
      <test-suite type="TestFixture" name="C:\Repos\Forks\PS-testing\azure-powershell\src\DesktopVirtualization\test\Get-AzWvdStartMenuItem.Tests.ps1" executed="True" result="Success" success="True" time="1.7988" asserts="0" description="C:\Repos\Forks\PS-testing\azure-powershell\src\DesktopVirtualization\test\Get-AzWvdStartMenuItem.Tests.ps1">
        <results>
          <test-suite type="TestFixture" name="Get-AzWvdStartMenuItem" executed="True" result="Success" success="True" time="1.2817" asserts="0" description="Get-AzWvdStartMenuItem">
            <results>
              <test-case description="List" name="Get-AzWvdStartMenuItem.List" time="1.0563" asserts="0" success="True" result="Success" executed="True" />
            </results>
          </test-suite>
        </results>
      </test-suite>
      <test-suite type="TestFixture" name="C:\Repos\Forks\PS-testing\azure-powershell\src\DesktopVirtualization\test\Get-AzWvdUserSession.Tests.ps1" executed="True" result="Success" success="True" time="1.7749" asserts="0" description="C:\Repos\Forks\PS-testing\azure-powershell\src\DesktopVirtualization\test\Get-AzWvdUserSession.Tests.ps1">
        <results>
          <test-suite type="TestFixture" name="Get-AzWvdUserSession" executed="True" result="Success" success="True" time="1.1737" asserts="0" description="Get-AzWvdUserSession">
            <results>
              <test-case description="Get" name="Get-AzWvdUserSession.Get" time="0.2837" asserts="0" success="True" result="Success" executed="True" />
              <test-case description="List" name="Get-AzWvdUserSession.List" time="0.317" asserts="0" success="True" result="Success" executed="True" />
              <test-case description="List host pool Level" name="Get-AzWvdUserSession.List host pool Level" time="0.2936" asserts="0" success="True" result="Success" executed="True" />
            </results>
          </test-suite>
        </results>
      </test-suite>
      <test-suite type="TestFixture" name="C:\Repos\Forks\PS-testing\azure-powershell\src\DesktopVirtualization\test\Get-AzWvdWorkspace.Tests.ps1" executed="True" result="Success" success="True" time="16.0619" asserts="0" description="C:\Repos\Forks\PS-testing\azure-powershell\src\DesktopVirtualization\test\Get-AzWvdWorkspace.Tests.ps1">
        <results>
          <test-suite type="TestFixture" name="Get-AzWvdWorkspace" executed="True" result="Success" success="True" time="15.5012" asserts="0" description="Get-AzWvdWorkspace">
            <results>
              <test-case description="Get" name="Get-AzWvdWorkspace.Get" time="2.4506" asserts="0" success="True" result="Success" executed="True" />
              <test-case description="List" name="Get-AzWvdWorkspace.List" time="4.8869" asserts="0" success="True" result="Success" executed="True" />
              <test-case description="List Subscription Level" name="Get-AzWvdWorkspace.List Subscription Level" time="7.9094" asserts="0" success="True" result="Success" executed="True" />
            </results>
          </test-suite>
        </results>
      </test-suite>
      <test-suite type="TestFixture" name="C:\Repos\Forks\PS-testing\azure-powershell\src\DesktopVirtualization\test\New-AzWvdApplication.Tests.ps1" executed="True" result="Success" success="True" time="22.6043" asserts="0" description="C:\Repos\Forks\PS-testing\azure-powershell\src\DesktopVirtualization\test\New-AzWvdApplication.Tests.ps1">
        <results>
          <test-suite type="TestFixture" name="New-AzWvdApplication" executed="True" result="Success" success="True" time="22.0313" asserts="0" description="New-AzWvdApplication">
            <results>
              <test-case description="Create" name="New-AzWvdApplication.Create" time="4.9315" asserts="0" success="True" result="Success" executed="True" />
              <test-case description="AppAlias" name="New-AzWvdApplication.AppAlias" time="4.1385" asserts="0" success="True" result="Success" executed="True" />
              <test-case description="Create_MsixApplication_RAG" name="New-AzWvdApplication.Create_MsixApplication_RAG" time="3.2849" asserts="0" success="True" result="Success" executed="True" />
              <test-case description="Create_MsixApplication_DAG" name="New-AzWvdApplication.Create_MsixApplication_DAG" time="9.4303" asserts="0" success="True" result="Success" executed="True" />
            </results>
          </test-suite>
        </results>
      </test-suite>
      <test-suite type="TestFixture" name="C:\Repos\Forks\PS-testing\azure-powershell\src\DesktopVirtualization\test\New-AzWvdApplicationGroup.Tests.ps1" executed="True" result="Success" success="True" time="7.4128" asserts="0" description="C:\Repos\Forks\PS-testing\azure-powershell\src\DesktopVirtualization\test\New-AzWvdApplicationGroup.Tests.ps1">
        <results>
          <test-suite type="TestFixture" name="New-AzWvdApplicationGroup" executed="True" result="Success" success="True" time="6.8948" asserts="0" description="New-AzWvdApplicationGroup">
            <results>
              <test-case description="Create" name="New-AzWvdApplicationGroup.Create" time="6.6198" asserts="0" success="True" result="Success" executed="True" />
            </results>
          </test-suite>
        </results>
      </test-suite>
      <test-suite type="TestFixture" name="C:\Repos\Forks\PS-testing\azure-powershell\src\DesktopVirtualization\test\New-AzWvdHostPool.Tests.ps1" executed="True" result="Success" success="True" time="12.9841" asserts="0" description="C:\Repos\Forks\PS-testing\azure-powershell\src\DesktopVirtualization\test\New-AzWvdHostPool.Tests.ps1">
        <results>
          <test-suite type="TestFixture" name="New-AzWvdHostPool" executed="True" result="Success" success="True" time="12.4753" asserts="0" description="New-AzWvdHostPool">
            <results>
              <test-case description="FullSenerioCreate" name="New-AzWvdHostPool.FullSenerioCreate" time="8.3822" asserts="0" success="True" result="Success" executed="True" />
              <test-case description="Create" name="New-AzWvdHostPool.Create" time="3.8361" asserts="0" success="True" result="Success" executed="True" />
            </results>
          </test-suite>
        </results>
      </test-suite>
      <test-suite type="TestFixture" name="C:\Repos\Forks\PS-testing\azure-powershell\src\DesktopVirtualization\test\New-AzWvdMsixPackage.Tests.ps1" executed="True" result="Success" success="True" time="8.517" asserts="0" description="C:\Repos\Forks\PS-testing\azure-powershell\src\DesktopVirtualization\test\New-AzWvdMsixPackage.Tests.ps1">
        <results>
          <test-suite type="TestFixture" name="New-AzWvdMsixPackage" executed="True" result="Success" success="True" time="7.912" asserts="0" description="New-AzWvdMsixPackage">
            <results>
              <test-case description="Create" name="New-AzWvdMsixPackage.Create" time="4.6177" asserts="0" success="True" result="Success" executed="True" />
              <test-case description="PackageAlias" name="New-AzWvdMsixPackage.PackageAlias" time="3.0718" asserts="0" success="True" result="Success" executed="True" />
            </results>
          </test-suite>
        </results>
      </test-suite>
      <test-suite type="TestFixture" name="C:\Repos\Forks\PS-testing\azure-powershell\src\DesktopVirtualization\test\New-AzWvdRegistrationInfo.Tests.ps1" executed="True" result="Success" success="True" time="5.3911" asserts="0" description="C:\Repos\Forks\PS-testing\azure-powershell\src\DesktopVirtualization\test\New-AzWvdRegistrationInfo.Tests.ps1">
        <results>
          <test-suite type="TestFixture" name="New-AzWvdRegistrationInfo" executed="True" result="Success" success="True" time="4.8408" asserts="0" description="New-AzWvdRegistrationInfo">
            <results>
              <test-case description="Create new RegistrationInfo" name="New-AzWvdRegistrationInfo.Create new RegistrationInfo" time="4.626" asserts="0" success="True" result="Success" executed="True" />
            </results>
          </test-suite>
        </results>
      </test-suite>
      <test-suite type="TestFixture" name="C:\Repos\Forks\PS-testing\azure-powershell\src\DesktopVirtualization\test\New-AzWvdScalingPlan.Tests.ps1" executed="True" result="Success" success="True" time="19.0459" asserts="0" description="C:\Repos\Forks\PS-testing\azure-powershell\src\DesktopVirtualization\test\New-AzWvdScalingPlan.Tests.ps1">
        <results>
          <test-suite type="TestFixture" name="New-AzWvdScalingPlan" executed="True" result="Success" success="True" time="18.4386" asserts="0" description="New-AzWvdScalingPlan">
            <results>
              <test-case description="CreateExpanded" name="New-AzWvdScalingPlan.CreateExpanded" time="18.1205" asserts="0" success="True" result="Success" executed="True" />
            </results>
          </test-suite>
        </results>
      </test-suite>
      <test-suite type="TestFixture" name="C:\Repos\Forks\PS-testing\azure-powershell\src\DesktopVirtualization\test\New-AzWvdScalingPlanPooledSchedule.Tests.ps1" executed="True" result="Success" success="True" time="3.0997" asserts="0" description="C:\Repos\Forks\PS-testing\azure-powershell\src\DesktopVirtualization\test\New-AzWvdScalingPlanPooledSchedule.Tests.ps1">
        <results>
          <test-suite type="TestFixture" name="New-AzWvdScalingPlanPooledSchedule" executed="True" result="Success" success="True" time="2.4667" asserts="0" description="New-AzWvdScalingPlanPooledSchedule">
            <results>
              <test-case description="New" name="New-AzWvdScalingPlanPooledSchedule.New" time="2.2213" asserts="0" success="True" result="Success" executed="True" />
            </results>
          </test-suite>
        </results>
      </test-suite>
      <test-suite type="TestFixture" name="C:\Repos\Forks\PS-testing\azure-powershell\src\DesktopVirtualization\test\New-AzWvdWorkspace.Tests.ps1" executed="True" result="Success" success="True" time="3.4666" asserts="0" description="C:\Repos\Forks\PS-testing\azure-powershell\src\DesktopVirtualization\test\New-AzWvdWorkspace.Tests.ps1">
        <results>
          <test-suite type="TestFixture" name="New-AzWvdWorkspace" executed="True" result="Success" success="True" time="2.9223" asserts="0" description="New-AzWvdWorkspace">
            <results>
              <test-case description="Create" name="New-AzWvdWorkspace.Create" time="2.6712" asserts="0" success="True" result="Success" executed="True" />
            </results>
          </test-suite>
        </results>
      </test-suite>
      <test-suite type="TestFixture" name="C:\Repos\Forks\PS-testing\azure-powershell\src\DesktopVirtualization\test\Register-AzWvdApplicationGroup.Tests.ps1" executed="True" result="Success" success="True" time="11.1291" asserts="0" description="C:\Repos\Forks\PS-testing\azure-powershell\src\DesktopVirtualization\test\Register-AzWvdApplicationGroup.Tests.ps1">
        <results>
          <test-suite type="TestFixture" name="Register-AzWvdApplicationGroup" executed="True" result="Success" success="True" time="10.5873" asserts="0" description="Register-AzWvdApplicationGroup">
            <results>
              <test-case description="Register ApplicationGroup" name="Register-AzWvdApplicationGroup.Register ApplicationGroup" time="10.353" asserts="0" success="True" result="Success" executed="True" />
            </results>
          </test-suite>
        </results>
      </test-suite>
      <test-suite type="TestFixture" name="C:\Repos\Forks\PS-testing\azure-powershell\src\DesktopVirtualization\test\Remove-AzWvdApplication.Tests.ps1" executed="True" result="Success" success="True" time="21.2645" asserts="0" description="C:\Repos\Forks\PS-testing\azure-powershell\src\DesktopVirtualization\test\Remove-AzWvdApplication.Tests.ps1">
        <results>
          <test-suite type="TestFixture" name="Remove-AzWvdApplication" executed="True" result="Success" success="True" time="20.7326" asserts="0" description="Remove-AzWvdApplication">
            <results>
              <test-case description="Delete" name="Remove-AzWvdApplication.Delete" time="6.2374" asserts="0" success="True" result="Success" executed="True" />
              <test-case description="Delete_MsixApplication_RAG" name="Remove-AzWvdApplication.Delete_MsixApplication_RAG" time="4.8944" asserts="0" success="True" result="Success" executed="True" />
              <test-case description="Delete_MsixApplication_DAG" name="Remove-AzWvdApplication.Delete_MsixApplication_DAG" time="9.3607" asserts="0" success="True" result="Success" executed="True" />
            </results>
          </test-suite>
        </results>
      </test-suite>
      <test-suite type="TestFixture" name="C:\Repos\Forks\PS-testing\azure-powershell\src\DesktopVirtualization\test\Remove-AzWvdApplicationGroup.Tests.ps1" executed="True" result="Success" success="True" time="8.2095" asserts="0" description="C:\Repos\Forks\PS-testing\azure-powershell\src\DesktopVirtualization\test\Remove-AzWvdApplicationGroup.Tests.ps1">
        <results>
          <test-suite type="TestFixture" name="Remove-AzWvdApplicationGroup" executed="True" result="Success" success="True" time="7.6865" asserts="0" description="Remove-AzWvdApplicationGroup">
            <results>
              <test-case description="Delete" name="Remove-AzWvdApplicationGroup.Delete" time="7.4685" asserts="0" success="True" result="Success" executed="True" />
            </results>
          </test-suite>
        </results>
      </test-suite>
      <test-suite type="TestFixture" name="C:\Repos\Forks\PS-testing\azure-powershell\src\DesktopVirtualization\test\Remove-AzWvdHostPool.Tests.ps1" executed="True" result="Success" success="True" time="4.7074" asserts="0" description="C:\Repos\Forks\PS-testing\azure-powershell\src\DesktopVirtualization\test\Remove-AzWvdHostPool.Tests.ps1">
        <results>
          <test-suite type="TestFixture" name="Remove-AzWvdHostPool" executed="True" result="Success" success="True" time="4.1955" asserts="0" description="Remove-AzWvdHostPool">
            <results>
              <test-case description="Delete" name="Remove-AzWvdHostPool.Delete" time="3.9215" asserts="0" success="True" result="Success" executed="True" />
            </results>
          </test-suite>
        </results>
      </test-suite>
      <test-suite type="TestFixture" name="C:\Repos\Forks\PS-testing\azure-powershell\src\DesktopVirtualization\test\Remove-AzWvdMsixPackage.Tests.ps1" executed="True" result="Success" success="True" time="5.937" asserts="0" description="C:\Repos\Forks\PS-testing\azure-powershell\src\DesktopVirtualization\test\Remove-AzWvdMsixPackage.Tests.ps1">
        <results>
          <test-suite type="TestFixture" name="Remove-AzWvdMsixPackage" executed="True" result="Success" success="True" time="5.3763" asserts="0" description="Remove-AzWvdMsixPackage">
            <results>
              <test-case description="Delete" name="Remove-AzWvdMsixPackage.Delete" time="5.1483" asserts="0" success="True" result="Success" executed="True" />
            </results>
          </test-suite>
        </results>
      </test-suite>
      <test-suite type="TestFixture" name="C:\Repos\Forks\PS-testing\azure-powershell\src\DesktopVirtualization\test\Remove-AzWvdPrivateEndpointConnection.Tests.ps1" executed="True" result="Ignored" success="True" time="0.7776" asserts="0" description="C:\Repos\Forks\PS-testing\azure-powershell\src\DesktopVirtualization\test\Remove-AzWvdPrivateEndpointConnection.Tests.ps1">
        <results>
          <test-suite type="TestFixture" name="Remove-AzWvdPrivateEndpointConnection" executed="True" result="Ignored" success="True" time="0.232" asserts="0" description="Remove-AzWvdPrivateEndpointConnection">
            <results>
              <test-case description="Delete" name="Remove-AzWvdPrivateEndpointConnection.Delete" time="0" asserts="0" success="True" result="Ignored" executed="False" />
              <test-case description="Delete1" name="Remove-AzWvdPrivateEndpointConnection.Delete1" time="0" asserts="0" success="True" result="Ignored" executed="False" />
              <test-case description="DeleteViaIdentity1" name="Remove-AzWvdPrivateEndpointConnection.DeleteViaIdentity1" time="0" asserts="0" success="True" result="Ignored" executed="False" />
              <test-case description="DeleteViaIdentity" name="Remove-AzWvdPrivateEndpointConnection.DeleteViaIdentity" time="0" asserts="0" success="True" result="Ignored" executed="False" />
            </results>
          </test-suite>
        </results>
      </test-suite>
      <test-suite type="TestFixture" name="C:\Repos\Forks\PS-testing\azure-powershell\src\DesktopVirtualization\test\Remove-AzWvdRegistrationInfo.Tests.ps1" executed="True" result="Success" success="True" time="4.9653" asserts="0" description="C:\Repos\Forks\PS-testing\azure-powershell\src\DesktopVirtualization\test\Remove-AzWvdRegistrationInfo.Tests.ps1">
        <results>
          <test-suite type="TestFixture" name="Remove-AzWvdRegistrationInfo" executed="True" result="Success" success="True" time="4.5625" asserts="0" description="Remove-AzWvdRegistrationInfo">
            <results>
              <test-case description="Remove RegInfo" name="Remove-AzWvdRegistrationInfo.Remove RegInfo" time="4.4602" asserts="0" success="True" result="Success" executed="True" />
            </results>
          </test-suite>
        </results>
      </test-suite>
      <test-suite type="TestFixture" name="C:\Repos\Forks\PS-testing\azure-powershell\src\DesktopVirtualization\test\Remove-AzWvdScalingPlan.Tests.ps1" executed="True" result="Success" success="True" time="2.2443" asserts="0" description="C:\Repos\Forks\PS-testing\azure-powershell\src\DesktopVirtualization\test\Remove-AzWvdScalingPlan.Tests.ps1">
        <results>
          <test-suite type="TestFixture" name="Remove-AzWvdScalingPlan" executed="True" result="Success" success="True" time="2.0401" asserts="0" description="Remove-AzWvdScalingPlan">
            <results>
              <test-case description="Delete" name="Remove-AzWvdScalingPlan.Delete" time="1.9334" asserts="0" success="True" result="Success" executed="True" />
            </results>
          </test-suite>
        </results>
      </test-suite>
      <test-suite type="TestFixture" name="C:\Repos\Forks\PS-testing\azure-powershell\src\DesktopVirtualization\test\Remove-AzWvdScalingPlanPooledSchedule.Tests.ps1" executed="True" result="Success" success="True" time="2.7129" asserts="0" description="C:\Repos\Forks\PS-testing\azure-powershell\src\DesktopVirtualization\test\Remove-AzWvdScalingPlanPooledSchedule.Tests.ps1">
        <results>
          <test-suite type="TestFixture" name="Remove-AzWvdScalingPlanPooledSchedule" executed="True" result="Success" success="True" time="2.4896" asserts="0" description="Remove-AzWvdScalingPlanPooledSchedule">
            <results>
              <test-case description="Delete" name="Remove-AzWvdScalingPlanPooledSchedule.Delete" time="2.3465" asserts="0" success="True" result="Success" executed="True" />
            </results>
          </test-suite>
        </results>
      </test-suite>
      <test-suite type="TestFixture" name="C:\Repos\Forks\PS-testing\azure-powershell\src\DesktopVirtualization\test\Remove-AzWvdSessionHost.Tests.ps1" executed="True" result="Success" success="True" time="1.7437" asserts="0" description="C:\Repos\Forks\PS-testing\azure-powershell\src\DesktopVirtualization\test\Remove-AzWvdSessionHost.Tests.ps1">
        <results>
          <test-suite type="TestFixture" name="Remove-AzWvdSessionHost" executed="True" result="Success" success="True" time="1.5565" asserts="0" description="Remove-AzWvdSessionHost">
            <results>
              <test-case description="Delete" name="Remove-AzWvdSessionHost.Delete" time="1.4656" asserts="0" success="True" result="Success" executed="True" />
            </results>
          </test-suite>
        </results>
      </test-suite>
      <test-suite type="TestFixture" name="C:\Repos\Forks\PS-testing\azure-powershell\src\DesktopVirtualization\test\Remove-AzWvdUserSession.Tests.ps1" executed="True" result="Success" success="True" time="0.9981" asserts="0" description="C:\Repos\Forks\PS-testing\azure-powershell\src\DesktopVirtualization\test\Remove-AzWvdUserSession.Tests.ps1">
        <results>
          <test-suite type="TestFixture" name="Remove-AzWvdUserSession" executed="True" result="Success" success="True" time="0.7952" asserts="0" description="Remove-AzWvdUserSession">
            <results>
              <test-case description="Delete" name="Remove-AzWvdUserSession.Delete" time="0.7102" asserts="0" success="True" result="Success" executed="True" />
            </results>
          </test-suite>
        </results>
      </test-suite>
      <test-suite type="TestFixture" name="C:\Repos\Forks\PS-testing\azure-powershell\src\DesktopVirtualization\test\Remove-AzWvdWorkspace.Tests.ps1" executed="True" result="Success" success="True" time="2.7062" asserts="0" description="C:\Repos\Forks\PS-testing\azure-powershell\src\DesktopVirtualization\test\Remove-AzWvdWorkspace.Tests.ps1">
        <results>
          <test-suite type="TestFixture" name="Remove-AzWvdWorkspace" executed="True" result="Success" success="True" time="2.5014" asserts="0" description="Remove-AzWvdWorkspace">
            <results>
              <test-case description="Delete" name="Remove-AzWvdWorkspace.Delete" time="2.4098" asserts="0" success="True" result="Success" executed="True" />
            </results>
          </test-suite>
        </results>
      </test-suite>
      <test-suite type="TestFixture" name="C:\Repos\Forks\PS-testing\azure-powershell\src\DesktopVirtualization\test\Send-AzWvdUserSessionMessage.Tests.ps1" executed="True" result="Success" success="True" time="0.9457" asserts="0" description="C:\Repos\Forks\PS-testing\azure-powershell\src\DesktopVirtualization\test\Send-AzWvdUserSessionMessage.Tests.ps1">
        <results>
          <test-suite type="TestFixture" name="Send-AzWvdUserSessionMessage" executed="True" result="Success" success="True" time="0.752" asserts="0" description="Send-AzWvdUserSessionMessage">
            <results>
              <test-case description="Send" name="Send-AzWvdUserSessionMessage.Send" time="0.6471" asserts="0" success="True" result="Success" executed="True" />
            </results>
          </test-suite>
        </results>
      </test-suite>
      <test-suite type="TestFixture" name="C:\Repos\Forks\PS-testing\azure-powershell\src\DesktopVirtualization\test\Unregister-AzWvdApplicationGroup.Tests.ps1" executed="True" result="Success" success="True" time="12.051" asserts="0" description="C:\Repos\Forks\PS-testing\azure-powershell\src\DesktopVirtualization\test\Unregister-AzWvdApplicationGroup.Tests.ps1">
        <results>
          <test-suite type="TestFixture" name="Unregister-AzWvdApplicationGroup" executed="True" result="Success" success="True" time="11.8273" asserts="0" description="Unregister-AzWvdApplicationGroup">
            <results>
              <test-case description="Unregister ApplicationGroup" name="Unregister-AzWvdApplicationGroup.Unregister ApplicationGroup" time="11.7164" asserts="0" success="True" result="Success" executed="True" />
            </results>
          </test-suite>
        </results>
      </test-suite>
      <test-suite type="TestFixture" name="C:\Repos\Forks\PS-testing\azure-powershell\src\DesktopVirtualization\test\Update-AzWvdApplication.Tests.ps1" executed="True" result="Success" success="True" time="22.4869" asserts="0" description="C:\Repos\Forks\PS-testing\azure-powershell\src\DesktopVirtualization\test\Update-AzWvdApplication.Tests.ps1">
        <results>
          <test-suite type="TestFixture" name="Update-AzWvdApplication" executed="True" result="Success" success="True" time="22.2851" asserts="0" description="Update-AzWvdApplication">
            <results>
              <test-case description="Update" name="Update-AzWvdApplication.Update" time="8.5275" asserts="0" success="True" result="Success" executed="True" />
              <test-case description="Update-MsixApplication" name="Update-AzWvdApplication.Update-MsixApplication" time="13.6457" asserts="0" success="True" result="Success" executed="True" />
            </results>
          </test-suite>
        </results>
      </test-suite>
      <test-suite type="TestFixture" name="C:\Repos\Forks\PS-testing\azure-powershell\src\DesktopVirtualization\test\Update-AzWvdApplicationGroup.Tests.ps1" executed="True" result="Success" success="True" time="6.9489" asserts="0" description="C:\Repos\Forks\PS-testing\azure-powershell\src\DesktopVirtualization\test\Update-AzWvdApplicationGroup.Tests.ps1">
        <results>
          <test-suite type="TestFixture" name="Update-AzWvdApplicationGroup" executed="True" result="Success" success="True" time="6.727" asserts="0" description="Update-AzWvdApplicationGroup">
            <results>
              <test-case description="Update" name="Update-AzWvdApplicationGroup.Update" time="6.6398" asserts="0" success="True" result="Success" executed="True" />
            </results>
          </test-suite>
        </results>
      </test-suite>
      <test-suite type="TestFixture" name="C:\Repos\Forks\PS-testing\azure-powershell\src\DesktopVirtualization\test\Update-AzWvdDesktop.Tests.ps1" executed="True" result="Success" success="True" time="8.0805" asserts="0" description="C:\Repos\Forks\PS-testing\azure-powershell\src\DesktopVirtualization\test\Update-AzWvdDesktop.Tests.ps1">
        <results>
          <test-suite type="TestFixture" name="Update-AzWvdDesktop" executed="True" result="Success" success="True" time="7.8721" asserts="0" description="Update-AzWvdDesktop">
            <results>
              <test-case description="Update" name="Update-AzWvdDesktop.Update" time="7.7805" asserts="0" success="True" result="Success" executed="True" />
            </results>
          </test-suite>
        </results>
      </test-suite>
      <test-suite type="TestFixture" name="C:\Repos\Forks\PS-testing\azure-powershell\src\DesktopVirtualization\test\Update-AzWvdHostPool.Tests.ps1" executed="True" result="Success" success="True" time="4.7979" asserts="0" description="C:\Repos\Forks\PS-testing\azure-powershell\src\DesktopVirtualization\test\Update-AzWvdHostPool.Tests.ps1">
        <results>
          <test-suite type="TestFixture" name="Update-AzWvdHostPool" executed="True" result="Success" success="True" time="4.5791" asserts="0" description="Update-AzWvdHostPool">
            <results>
              <test-case description="Update" name="Update-AzWvdHostPool.Update" time="4.4858" asserts="0" success="True" result="Success" executed="True" />
            </results>
          </test-suite>
        </results>
      </test-suite>
      <test-suite type="TestFixture" name="C:\Repos\Forks\PS-testing\azure-powershell\src\DesktopVirtualization\test\Update-AzWvdMsixPackage.Tests.ps1" executed="True" result="Success" success="True" time="6.0378" asserts="0" description="C:\Repos\Forks\PS-testing\azure-powershell\src\DesktopVirtualization\test\Update-AzWvdMsixPackage.Tests.ps1">
        <results>
          <test-suite type="TestFixture" name="Update-AzWvdMsixPackage" executed="True" result="Success" success="True" time="5.8229" asserts="0" description="Update-AzWvdMsixPackage">
            <results>
              <test-case description="Update" name="Update-AzWvdMsixPackage.Update" time="5.7279" asserts="0" success="True" result="Success" executed="True" />
            </results>
          </test-suite>
        </results>
      </test-suite>
      <test-suite type="TestFixture" name="C:\Repos\Forks\PS-testing\azure-powershell\src\DesktopVirtualization\test\Update-AzWvdScalingPlan.Tests.ps1" executed="True" result="Success" success="True" time="20.2741" asserts="0" description="C:\Repos\Forks\PS-testing\azure-powershell\src\DesktopVirtualization\test\Update-AzWvdScalingPlan.Tests.ps1">
        <results>
          <test-suite type="TestFixture" name="Update-AzWvdScalingPlan" executed="True" result="Success" success="True" time="20.0611" asserts="0" description="Update-AzWvdScalingPlan">
            <results>
              <test-case description="UpdateExpanded" name="Update-AzWvdScalingPlan.UpdateExpanded" time="19.9645" asserts="0" success="True" result="Success" executed="True" />
            </results>
          </test-suite>
        </results>
      </test-suite>
      <test-suite type="TestFixture" name="C:\Repos\Forks\PS-testing\azure-powershell\src\DesktopVirtualization\test\Update-AzWvdScalingPlanPooledSchedule.Tests.ps1" executed="True" result="Success" success="True" time="2.8784" asserts="0" description="C:\Repos\Forks\PS-testing\azure-powershell\src\DesktopVirtualization\test\Update-AzWvdScalingPlanPooledSchedule.Tests.ps1">
        <results>
          <test-suite type="TestFixture" name="Update-AzWvdScalingPlanPooledSchedule" executed="True" result="Success" success="True" time="2.6825" asserts="0" description="Update-AzWvdScalingPlanPooledSchedule">
            <results>
              <test-case description="UpdateExpanded" name="Update-AzWvdScalingPlanPooledSchedule.UpdateExpanded" time="2.571" asserts="0" success="True" result="Success" executed="True" />
            </results>
          </test-suite>
        </results>
      </test-suite>
      <test-suite type="TestFixture" name="C:\Repos\Forks\PS-testing\azure-powershell\src\DesktopVirtualization\test\Update-AzWvdSessionHost.Tests.ps1" executed="True" result="Success" success="True" time="2.1483" asserts="0" description="C:\Repos\Forks\PS-testing\azure-powershell\src\DesktopVirtualization\test\Update-AzWvdSessionHost.Tests.ps1">
        <results>
          <test-suite type="TestFixture" name="Update-AzWvdSessionHost" executed="True" result="Success" success="True" time="1.9177" asserts="0" description="Update-AzWvdSessionHost">
            <results>
              <test-case description="Update" name="Update-AzWvdSessionHost.Update" time="1.8134" asserts="0" success="True" result="Success" executed="True" />
            </results>
          </test-suite>
        </results>
      </test-suite>
      <test-suite type="TestFixture" name="C:\Repos\Forks\PS-testing\azure-powershell\src\DesktopVirtualization\test\Update-AzWvdWorkspace.Tests.ps1" executed="True" result="Success" success="True" time="3.2294" asserts="0" description="C:\Repos\Forks\PS-testing\azure-powershell\src\DesktopVirtualization\test\Update-AzWvdWorkspace.Tests.ps1">
        <results>
          <test-suite type="TestFixture" name="Update-AzWvdWorkspace" executed="True" result="Success" success="True" time="3.0215" asserts="0" description="Update-AzWvdWorkspace">
            <results>
              <test-case description="Update" name="Update-AzWvdWorkspace.Update" time="2.922" asserts="0" success="True" result="Success" executed="True" />
            </results>
          </test-suite>
        </results>
      </test-suite>
    </results>
  </test-suite>
</test-results>