<?xml version="1.0" encoding="utf-8" standalone="no"?>
<test-results xmlns:xsi="http://www.w3.org/2001/XMLSchema-instance" xsi:noNamespaceSchemaLocation="nunit_schema_2.5.xsd" name="Pester" total="78" errors="0" failures="0" not-run="0" inconclusive="0" ignored="0" skipped="0" invalid="0" date="2023-06-21" time="15:26:51">
  <environment os-version="10.0.22621" machine-name="LAPTOP-5URQ3QGR" cwd="C:\Repos\Forks\PS-testing\azure-powershell\src\DesktopVirtualization" platform="Microsoft Windows 11 Enterprise|C:\WINDOWS|\Device\Harddisk0\Partition3" clr-version="Unknown" user="alecbaird" user-domain="REDMOND" nunit-version="2.5.8.0" />
  <culture-info current-culture="en-US" current-uiculture="en-US" />
  <test-suite type="TestFixture" name="Pester" executed="True" result="Success" success="True" time="791.1318" asserts="0" description="Pester">
    <results>
      <test-suite type="TestFixture" name="C:\Repos\Forks\PS-testing\azure-powershell\src\DesktopVirtualization\test\Disconnect-AzWvdUserSession.Tests.ps1" executed="True" result="Success" success="True" time="2.8987" asserts="0" description="C:\Repos\Forks\PS-testing\azure-powershell\src\DesktopVirtualization\test\Disconnect-AzWvdUserSession.Tests.ps1">
        <results>
          <test-suite type="TestFixture" name="Disconnect-AzWvdUserSession" executed="True" result="Success" success="True" time="2.6249" asserts="0" description="Disconnect-AzWvdUserSession">
            <results>
              <test-case description="Disconnect" name="Disconnect-AzWvdUserSession.Disconnect" time="2.2839" asserts="0" success="True" result="Success" executed="True" />
            </results>
          </test-suite>
        </results>
      </test-suite>
      <test-suite type="TestFixture" name="C:\Repos\Forks\PS-testing\azure-powershell\src\DesktopVirtualization\test\Expand-AzWvdMsixImage.Tests.ps1" executed="True" result="Success" success="True" time="1.6125" asserts="0" description="C:\Repos\Forks\PS-testing\azure-powershell\src\DesktopVirtualization\test\Expand-AzWvdMsixImage.Tests.ps1">
        <results>
          <test-suite type="TestFixture" name="Expand-AzWvdMsixImage" executed="True" result="Success" success="True" time="1.4006" asserts="0" description="Expand-AzWvdMsixImage">
            <results>
              <test-case description="Expand" name="Expand-AzWvdMsixImage.Expand" time="1.2754" asserts="0" success="True" result="Success" executed="True" />
            </results>
          </test-suite>
        </results>
      </test-suite>
      <test-suite type="TestFixture" name="C:\Repos\Forks\PS-testing\azure-powershell\src\DesktopVirtualization\test\Get-AzWvdApplication.Tests.ps1" executed="True" result="Success" success="True" time="18.469" asserts="0" description="C:\Repos\Forks\PS-testing\azure-powershell\src\DesktopVirtualization\test\Get-AzWvdApplication.Tests.ps1">
        <results>
          <test-suite type="TestFixture" name="Get-AzWvdApplication" executed="True" result="Success" success="True" time="18.2323" asserts="0" description="Get-AzWvdApplication">
            <results>
              <test-case description="Get" name="Get-AzWvdApplication.Get" time="4.2186" asserts="0" success="True" result="Success" executed="True" />
              <test-case description="List" name="Get-AzWvdApplication.List" time="3.8419" asserts="0" success="True" result="Success" executed="True" />
              <test-case description="GetMsixApplication_RAG" name="Get-AzWvdApplication.GetMsixApplication_RAG" time="3.9496" asserts="0" success="True" result="Success" executed="True" />
              <test-case description="GetMsixApplication_DAG" name="Get-AzWvdApplication.GetMsixApplication_DAG" time="6.0984" asserts="0" success="True" result="Success" executed="True" />
            </results>
          </test-suite>
        </results>
      </test-suite>
      <test-suite type="TestFixture" name="C:\Repos\Forks\PS-testing\azure-powershell\src\DesktopVirtualization\test\Get-AzWvdApplicationGroup.Tests.ps1" executed="True" result="Success" success="True" time="15.6652" asserts="0" description="C:\Repos\Forks\PS-testing\azure-powershell\src\DesktopVirtualization\test\Get-AzWvdApplicationGroup.Tests.ps1">
        <results>
          <test-suite type="TestFixture" name="Get-AzWvdApplicationGroup" executed="True" result="Success" success="True" time="15.4499" asserts="0" description="Get-AzWvdApplicationGroup">
            <results>
              <test-case description="Get" name="Get-AzWvdApplicationGroup.Get" time="3.1909" asserts="0" success="True" result="Success" executed="True" />
              <test-case description="List" name="Get-AzWvdApplicationGroup.List" time="5.6823" asserts="0" success="True" result="Success" executed="True" />
              <test-case description="List Subscription Level" name="Get-AzWvdApplicationGroup.List Subscription Level" time="6.4389" asserts="0" success="True" result="Success" executed="True" />
            </results>
          </test-suite>
        </results>
      </test-suite>
      <test-suite type="TestFixture" name="C:\Repos\Forks\PS-testing\azure-powershell\src\DesktopVirtualization\test\Get-AzWvdDesktop.Tests.ps1" executed="True" result="Success" success="True" time="6.476" asserts="0" description="C:\Repos\Forks\PS-testing\azure-powershell\src\DesktopVirtualization\test\Get-AzWvdDesktop.Tests.ps1">
        <results>
          <test-suite type="TestFixture" name="Get-AzWvdDesktop" executed="True" result="Success" success="True" time="6.2611" asserts="0" description="Get-AzWvdDesktop">
            <results>
              <test-case description="Get" name="Get-AzWvdDesktop.Get" time="2.8879" asserts="0" success="True" result="Success" executed="True" />
              <test-case description="List" name="Get-AzWvdDesktop.List" time="3.2323" asserts="0" success="True" result="Success" executed="True" />
            </results>
          </test-suite>
        </results>
      </test-suite>
      <test-suite type="TestFixture" name="C:\Repos\Forks\PS-testing\azure-powershell\src\DesktopVirtualization\test\Get-AzWvdHostPool.Tests.ps1" executed="True" result="Success" success="True" time="14.6668" asserts="0" description="C:\Repos\Forks\PS-testing\azure-powershell\src\DesktopVirtualization\test\Get-AzWvdHostPool.Tests.ps1">
        <results>
          <test-suite type="TestFixture" name="Get-AzWvdHostPool" executed="True" result="Success" success="True" time="14.462" asserts="0" description="Get-AzWvdHostPool">
            <results>
              <test-case description="Get" name="Get-AzWvdHostPool.Get" time="2.0337" asserts="0" success="True" result="Success" executed="True" />
              <test-case description="List" name="Get-AzWvdHostPool.List" time="4.0825" asserts="0" success="True" result="Success" executed="True" />
              <test-case description="List Subscription Level" name="Get-AzWvdHostPool.List Subscription Level" time="8.2024" asserts="0" success="True" result="Success" executed="True" />
            </results>
          </test-suite>
        </results>
      </test-suite>
      <test-suite type="TestFixture" name="C:\Repos\Forks\PS-testing\azure-powershell\src\DesktopVirtualization\test\Get-AzWvdHostPoolRegistrationToken.Tests.ps1" executed="True" result="Success" success="True" time="2.5203" asserts="0" description="C:\Repos\Forks\PS-testing\azure-powershell\src\DesktopVirtualization\test\Get-AzWvdHostPoolRegistrationToken.Tests.ps1">
        <results>
          <test-suite type="TestFixture" name="Get-AzWvdHostPoolRegistrationToken" executed="True" result="Success" success="True" time="2.3036" asserts="0" description="Get-AzWvdHostPoolRegistrationToken">
            <results>
              <test-case description="Retrieve" name="Get-AzWvdHostPoolRegistrationToken.Retrieve" time="2.1701" asserts="0" success="True" result="Success" executed="True" />
            </results>
          </test-suite>
        </results>
      </test-suite>
      <test-suite type="TestFixture" name="C:\Repos\Forks\PS-testing\azure-powershell\src\DesktopVirtualization\test\Get-AzWvdMsixPackage.Tests.ps1" executed="True" result="Success" success="True" time="5.0995" asserts="0" description="C:\Repos\Forks\PS-testing\azure-powershell\src\DesktopVirtualization\test\Get-AzWvdMsixPackage.Tests.ps1">
        <results>
          <test-suite type="TestFixture" name="Get-AzWvdMsixPackage" executed="True" result="Success" success="True" time="4.8403" asserts="0" description="Get-AzWvdMsixPackage">
            <results>
              <test-case description="List" name="Get-AzWvdMsixPackage.List" time="2.7396" asserts="0" success="True" result="Success" executed="True" />
              <test-case description="Get" name="Get-AzWvdMsixPackage.Get" time="1.9536" asserts="0" success="True" result="Success" executed="True" />
            </results>
          </test-suite>
        </results>
      </test-suite>
      <test-suite type="TestFixture" name="C:\Repos\Forks\PS-testing\azure-powershell\src\DesktopVirtualization\test\Get-AzWvdPrivateEndpointConnection.Tests.ps1" executed="True" result="Success" success="True" time="397.6645" asserts="0" description="C:\Repos\Forks\PS-testing\azure-powershell\src\DesktopVirtualization\test\Get-AzWvdPrivateEndpointConnection.Tests.ps1">
        <results>
          <test-suite type="TestFixture" name="Get-AzWvdPrivateEndpointConnection" executed="True" result="Success" success="True" time="397.4368" asserts="0" description="Get-AzWvdPrivateEndpointConnection">
            <results>
              <test-case description="ListWorkspace" name="Get-AzWvdPrivateEndpointConnection.ListWorkspace" time="127.2122" asserts="0" success="True" result="Success" executed="True" />
              <test-case description="GetWorkspace" name="Get-AzWvdPrivateEndpointConnection.GetWorkspace" time="66.8407" asserts="0" success="True" result="Success" executed="True" />
              <test-case description="GetHostPool" name="Get-AzWvdPrivateEndpointConnection.GetHostPool" time="68.8515" asserts="0" success="True" result="Success" executed="True" />
              <test-case description="ListHostPool" name="Get-AzWvdPrivateEndpointConnection.ListHostPool" time="134.3703" asserts="0" success="True" result="Success" executed="True" />
            </results>
          </test-suite>
        </results>
      </test-suite>
      <test-suite type="TestFixture" name="C:\Repos\Forks\PS-testing\azure-powershell\src\DesktopVirtualization\test\Get-AzWvdPrivateLinkResource.Tests.ps1" executed="True" result="Success" success="True" time="2.5273" asserts="0" description="C:\Repos\Forks\PS-testing\azure-powershell\src\DesktopVirtualization\test\Get-AzWvdPrivateLinkResource.Tests.ps1">
        <results>
          <test-suite type="TestFixture" name="Get-AzWvdPrivateLinkResource" executed="True" result="Success" success="True" time="2.2969" asserts="0" description="Get-AzWvdPrivateLinkResource">
            <results>
              <test-case description="GetWorkspace" name="Get-AzWvdPrivateLinkResource.GetWorkspace" time="1.9431" asserts="0" success="True" result="Success" executed="True" />
              <test-case description="GetHostPool" name="Get-AzWvdPrivateLinkResource.GetHostPool" time="0.2104" asserts="0" success="True" result="Success" executed="True" />
            </results>
          </test-suite>
        </results>
      </test-suite>
      <test-suite type="TestFixture" name="C:\Repos\Forks\PS-testing\azure-powershell\src\DesktopVirtualization\test\Get-AzWvdRegistrationInfo.Tests.ps1" executed="True" result="Success" success="True" time="2.5232" asserts="0" description="C:\Repos\Forks\PS-testing\azure-powershell\src\DesktopVirtualization\test\Get-AzWvdRegistrationInfo.Tests.ps1">
        <results>
          <test-suite type="TestFixture" name="Get-AzWvdRegistrationInfo" executed="True" result="Success" success="True" time="2.29" asserts="0" description="Get-AzWvdRegistrationInfo">
            <results>
              <test-case description="Get RegInfo" name="Get-AzWvdRegistrationInfo.Get RegInfo" time="2.1686" asserts="0" success="True" result="Success" executed="True" />
            </results>
          </test-suite>
        </results>
      </test-suite>
      <test-suite type="TestFixture" name="C:\Repos\Forks\PS-testing\azure-powershell\src\DesktopVirtualization\test\Get-AzWvdScalingPlan.Tests.ps1" executed="True" result="Success" success="True" time="10.528" asserts="0" description="C:\Repos\Forks\PS-testing\azure-powershell\src\DesktopVirtualization\test\Get-AzWvdScalingPlan.Tests.ps1">
        <results>
          <test-suite type="TestFixture" name="Get-AzWvdScalingPlan" executed="True" result="Success" success="True" time="10.3304" asserts="0" description="Get-AzWvdScalingPlan">
            <results>
              <test-case description="Get" name="Get-AzWvdScalingPlan.Get" time="2.0269" asserts="0" success="True" result="Success" executed="True" />
              <test-case description="List" name="Get-AzWvdScalingPlan.List" time="3.7026" asserts="0" success="True" result="Success" executed="True" />
              <test-case description="List By Subscription" name="Get-AzWvdScalingPlan.List By Subscription" time="4.4571" asserts="0" success="True" result="Success" executed="True" />
            </results>
          </test-suite>
        </results>
      </test-suite>
      <test-suite type="TestFixture" name="C:\Repos\Forks\PS-testing\azure-powershell\src\DesktopVirtualization\test\Get-AzWvdScalingPlanPooledSchedule.Tests.ps1" executed="True" result="Success" success="True" time="5.5288" asserts="0" description="C:\Repos\Forks\PS-testing\azure-powershell\src\DesktopVirtualization\test\Get-AzWvdScalingPlanPooledSchedule.Tests.ps1">
        <results>
          <test-suite type="TestFixture" name="Get-AzWvdScalingPlanPooledSchedule" executed="True" result="Success" success="True" time="5.3296" asserts="0" description="Get-AzWvdScalingPlanPooledSchedule">
            <results>
              <test-case description="Get" name="Get-AzWvdScalingPlanPooledSchedule.Get" time="2.5003" asserts="0" success="True" result="Success" executed="True" />
              <test-case description="List" name="Get-AzWvdScalingPlanPooledSchedule.List" time="2.6863" asserts="0" success="True" result="Success" executed="True" />
            </results>
          </test-suite>
        </results>
      </test-suite>
      <test-suite type="TestFixture" name="C:\Repos\Forks\PS-testing\azure-powershell\src\DesktopVirtualization\test\Get-AzWvdSessionHost.Tests.ps1" executed="True" result="Success" success="True" time="0.7382" asserts="0" description="C:\Repos\Forks\PS-testing\azure-powershell\src\DesktopVirtualization\test\Get-AzWvdSessionHost.Tests.ps1">
        <results>
          <test-suite type="TestFixture" name="Get-AzWvdSessionHost" executed="True" result="Success" success="True" time="0.5272" asserts="0" description="Get-AzWvdSessionHost">
            <results>
              <test-case description="Get" name="Get-AzWvdSessionHost.Get" time="0.1858" asserts="0" success="True" result="Success" executed="True" />
              <test-case description="List" name="Get-AzWvdSessionHost.List" time="0.212" asserts="0" success="True" result="Success" executed="True" />
            </results>
          </test-suite>
        </results>
      </test-suite>
      <test-suite type="TestFixture" name="C:\Repos\Forks\PS-testing\azure-powershell\src\DesktopVirtualization\test\Get-AzWvdStartMenuItem.Tests.ps1" executed="True" result="Success" success="True" time="3.537" asserts="0" description="C:\Repos\Forks\PS-testing\azure-powershell\src\DesktopVirtualization\test\Get-AzWvdStartMenuItem.Tests.ps1">
        <results>
          <test-suite type="TestFixture" name="Get-AzWvdStartMenuItem" executed="True" result="Success" success="True" time="3.3492" asserts="0" description="Get-AzWvdStartMenuItem">
            <results>
              <test-case description="List" name="Get-AzWvdStartMenuItem.List" time="3.2285" asserts="0" success="True" result="Success" executed="True" />
            </results>
          </test-suite>
        </results>
      </test-suite>
      <test-suite type="TestFixture" name="C:\Repos\Forks\PS-testing\azure-powershell\src\DesktopVirtualization\test\Get-AzWvdUserSession.Tests.ps1" executed="True" result="Success" success="True" time="1.0095" asserts="0" description="C:\Repos\Forks\PS-testing\azure-powershell\src\DesktopVirtualization\test\Get-AzWvdUserSession.Tests.ps1">
        <results>
          <test-suite type="TestFixture" name="Get-AzWvdUserSession" executed="True" result="Success" success="True" time="0.8114" asserts="0" description="Get-AzWvdUserSession">
            <results>
              <test-case description="Get" name="Get-AzWvdUserSession.Get" time="0.2424" asserts="0" success="True" result="Success" executed="True" />
              <test-case description="List" name="Get-AzWvdUserSession.List" time="0.2232" asserts="0" success="True" result="Success" executed="True" />
              <test-case description="List HostPool Level" name="Get-AzWvdUserSession.List HostPool Level" time="0.1723" asserts="0" success="True" result="Success" executed="True" />
            </results>
          </test-suite>
        </results>
      </test-suite>
      <test-suite type="TestFixture" name="C:\Repos\Forks\PS-testing\azure-powershell\src\DesktopVirtualization\test\Get-AzWvdWorkspace.Tests.ps1" executed="True" result="Success" success="True" time="10.2404" asserts="0" description="C:\Repos\Forks\PS-testing\azure-powershell\src\DesktopVirtualization\test\Get-AzWvdWorkspace.Tests.ps1">
        <results>
          <test-suite type="TestFixture" name="Get-AzWvdWorkspace" executed="True" result="Success" success="True" time="10.0254" asserts="0" description="Get-AzWvdWorkspace">
            <results>
              <test-case description="Get" name="Get-AzWvdWorkspace.Get" time="1.8758" asserts="0" success="True" result="Success" executed="True" />
              <test-case description="List" name="Get-AzWvdWorkspace.List" time="3.4078" asserts="0" success="True" result="Success" executed="True" />
              <test-case description="List Subscription Level" name="Get-AzWvdWorkspace.List Subscription Level" time="4.5966" asserts="0" success="True" result="Success" executed="True" />
            </results>
          </test-suite>
        </results>
      </test-suite>
      <test-suite type="TestFixture" name="C:\Repos\Forks\PS-testing\azure-powershell\src\DesktopVirtualization\test\New-AzWvdApplication.Tests.ps1" executed="True" result="Success" success="True" time="12.3727" asserts="0" description="C:\Repos\Forks\PS-testing\azure-powershell\src\DesktopVirtualization\test\New-AzWvdApplication.Tests.ps1">
        <results>
          <test-suite type="TestFixture" name="New-AzWvdApplication" executed="True" result="Success" success="True" time="12.1686" asserts="0" description="New-AzWvdApplication">
            <results>
              <test-case description="Create" name="New-AzWvdApplication.Create" time="2.5998" asserts="0" success="True" result="Success" executed="True" />
              <test-case description="AppAlias" name="New-AzWvdApplication.AppAlias" time="2.2756" asserts="0" success="True" result="Success" executed="True" />
              <test-case description="Create_MsixApplication_RAG" name="New-AzWvdApplication.Create_MsixApplication_RAG" time="1.6967" asserts="0" success="True" result="Success" executed="True" />
              <test-case description="Create_MsixApplication_DAG" name="New-AzWvdApplication.Create_MsixApplication_DAG" time="5.4696" asserts="0" success="True" result="Success" executed="True" />
            </results>
          </test-suite>
        </results>
      </test-suite>
      <test-suite type="TestFixture" name="C:\Repos\Forks\PS-testing\azure-powershell\src\DesktopVirtualization\test\New-AzWvdApplicationGroup.Tests.ps1" executed="True" result="Success" success="True" time="4.5045" asserts="0" description="C:\Repos\Forks\PS-testing\azure-powershell\src\DesktopVirtualization\test\New-AzWvdApplicationGroup.Tests.ps1">
        <results>
          <test-suite type="TestFixture" name="New-AzWvdApplicationGroup" executed="True" result="Success" success="True" time="4.2743" asserts="0" description="New-AzWvdApplicationGroup">
            <results>
              <test-case description="Create" name="New-AzWvdApplicationGroup.Create" time="4.0914" asserts="0" success="True" result="Success" executed="True" />
            </results>
          </test-suite>
        </results>
      </test-suite>
      <test-suite type="TestFixture" name="C:\Repos\Forks\PS-testing\azure-powershell\src\DesktopVirtualization\test\New-AzWvdHostPool.Tests.ps1" executed="True" result="Success" success="True" time="7.3101" asserts="0" description="C:\Repos\Forks\PS-testing\azure-powershell\src\DesktopVirtualization\test\New-AzWvdHostPool.Tests.ps1">
        <results>
          <test-suite type="TestFixture" name="New-AzWvdHostPool" executed="True" result="Success" success="True" time="7.0652" asserts="0" description="New-AzWvdHostPool">
            <results>
              <test-case description="FullSenerioCreate" name="New-AzWvdHostPool.FullSenerioCreate" time="5.0183" asserts="0" success="True" result="Success" executed="True" />
              <test-case description="Create" name="New-AzWvdHostPool.Create" time="1.9038" asserts="0" success="True" result="Success" executed="True" />
            </results>
          </test-suite>
        </results>
      </test-suite>
      <test-suite type="TestFixture" name="C:\Repos\Forks\PS-testing\azure-powershell\src\DesktopVirtualization\test\New-AzWvdMsixPackage.Tests.ps1" executed="True" result="Success" success="True" time="4.8838" asserts="0" description="C:\Repos\Forks\PS-testing\azure-powershell\src\DesktopVirtualization\test\New-AzWvdMsixPackage.Tests.ps1">
        <results>
          <test-suite type="TestFixture" name="New-AzWvdMsixPackage" executed="True" result="Success" success="True" time="4.6351" asserts="0" description="New-AzWvdMsixPackage">
            <results>
              <test-case description="Create" name="New-AzWvdMsixPackage.Create" time="2.5462" asserts="0" success="True" result="Success" executed="True" />
              <test-case description="PackageAlias" name="New-AzWvdMsixPackage.PackageAlias" time="1.964" asserts="0" success="True" result="Success" executed="True" />
            </results>
          </test-suite>
        </results>
      </test-suite>
      <test-suite type="TestFixture" name="C:\Repos\Forks\PS-testing\azure-powershell\src\DesktopVirtualization\test\New-AzWvdRegistrationInfo.Tests.ps1" executed="True" result="Success" success="True" time="2.6878" asserts="0" description="C:\Repos\Forks\PS-testing\azure-powershell\src\DesktopVirtualization\test\New-AzWvdRegistrationInfo.Tests.ps1">
        <results>
          <test-suite type="TestFixture" name="New-AzWvdRegistrationInfo" executed="True" result="Success" success="True" time="2.4946" asserts="0" description="New-AzWvdRegistrationInfo">
            <results>
              <test-case description="Create new RegistrationInfo" name="New-AzWvdRegistrationInfo.Create new RegistrationInfo" time="2.3552" asserts="0" success="True" result="Success" executed="True" />
            </results>
          </test-suite>
        </results>
      </test-suite>
      <test-suite type="TestFixture" name="C:\Repos\Forks\PS-testing\azure-powershell\src\DesktopVirtualization\test\New-AzWvdScalingPlan.Tests.ps1" executed="True" result="Success" success="True" time="14.5875" asserts="0" description="C:\Repos\Forks\PS-testing\azure-powershell\src\DesktopVirtualization\test\New-AzWvdScalingPlan.Tests.ps1">
        <results>
          <test-suite type="TestFixture" name="New-AzWvdScalingPlan" executed="True" result="Success" success="True" time="14.3828" asserts="0" description="New-AzWvdScalingPlan">
            <results>
              <test-case description="CreateExpanded" name="New-AzWvdScalingPlan.CreateExpanded" time="14.264" asserts="0" success="True" result="Success" executed="True" />
            </results>
          </test-suite>
        </results>
      </test-suite>
      <test-suite type="TestFixture" name="C:\Repos\Forks\PS-testing\azure-powershell\src\DesktopVirtualization\test\New-AzWvdScalingPlanPooledSchedule.Tests.ps1" executed="True" result="Success" success="True" time="3.0927" asserts="0" description="C:\Repos\Forks\PS-testing\azure-powershell\src\DesktopVirtualization\test\New-AzWvdScalingPlanPooledSchedule.Tests.ps1">
        <results>
          <test-suite type="TestFixture" name="New-AzWvdScalingPlanPooledSchedule" executed="True" result="Success" success="True" time="2.8949" asserts="0" description="New-AzWvdScalingPlanPooledSchedule">
            <results>
              <test-case description="New" name="New-AzWvdScalingPlanPooledSchedule.New" time="2.7647" asserts="0" success="True" result="Success" executed="True" />
            </results>
          </test-suite>
        </results>
      </test-suite>
      <test-suite type="TestFixture" name="C:\Repos\Forks\PS-testing\azure-powershell\src\DesktopVirtualization\test\New-AzWvdWorkspace.Tests.ps1" executed="True" result="Success" success="True" time="1.9327" asserts="0" description="C:\Repos\Forks\PS-testing\azure-powershell\src\DesktopVirtualization\test\New-AzWvdWorkspace.Tests.ps1">
        <results>
          <test-suite type="TestFixture" name="New-AzWvdWorkspace" executed="True" result="Success" success="True" time="1.731" asserts="0" description="New-AzWvdWorkspace">
            <results>
              <test-case description="Create" name="New-AzWvdWorkspace.Create" time="1.6054" asserts="0" success="True" result="Success" executed="True" />
            </results>
          </test-suite>
        </results>
      </test-suite>
      <test-suite type="TestFixture" name="C:\Repos\Forks\PS-testing\azure-powershell\src\DesktopVirtualization\test\Register-AzWvdApplicationGroup.Tests.ps1" executed="True" result="Success" success="True" time="6.1693" asserts="0" description="C:\Repos\Forks\PS-testing\azure-powershell\src\DesktopVirtualization\test\Register-AzWvdApplicationGroup.Tests.ps1">
        <results>
          <test-suite type="TestFixture" name="Register-AzWvdApplicationGroup" executed="True" result="Success" success="True" time="5.9512" asserts="0" description="Register-AzWvdApplicationGroup">
            <results>
              <test-case description="Register ApplicationGroup" name="Register-AzWvdApplicationGroup.Register ApplicationGroup" time="5.8374" asserts="0" success="True" result="Success" executed="True" />
            </results>
          </test-suite>
        </results>
      </test-suite>
      <test-suite type="TestFixture" name="C:\Repos\Forks\PS-testing\azure-powershell\src\DesktopVirtualization\test\Remove-AzWvdApplication.Tests.ps1" executed="True" result="Success" success="True" time="12.2067" asserts="0" description="C:\Repos\Forks\PS-testing\azure-powershell\src\DesktopVirtualization\test\Remove-AzWvdApplication.Tests.ps1">
        <results>
          <test-suite type="TestFixture" name="Remove-AzWvdApplication" executed="True" result="Success" success="True" time="12" asserts="0" description="Remove-AzWvdApplication">
            <results>
              <test-case description="Delete" name="Remove-AzWvdApplication.Delete" time="3.6888" asserts="0" success="True" result="Success" executed="True" />
              <test-case description="Delete_MsixApplication_RAG" name="Remove-AzWvdApplication.Delete_MsixApplication_RAG" time="2.6515" asserts="0" success="True" result="Success" executed="True" />
              <test-case description="Delete_MsixApplication_DAG" name="Remove-AzWvdApplication.Delete_MsixApplication_DAG" time="5.5059" asserts="0" success="True" result="Success" executed="True" />
            </results>
          </test-suite>
        </results>
      </test-suite>
      <test-suite type="TestFixture" name="C:\Repos\Forks\PS-testing\azure-powershell\src\DesktopVirtualization\test\Remove-AzWvdApplicationGroup.Tests.ps1" executed="True" result="Success" success="True" time="4.7831" asserts="0" description="C:\Repos\Forks\PS-testing\azure-powershell\src\DesktopVirtualization\test\Remove-AzWvdApplicationGroup.Tests.ps1">
        <results>
          <test-suite type="TestFixture" name="Remove-AzWvdApplicationGroup" executed="True" result="Success" success="True" time="4.5668" asserts="0" description="Remove-AzWvdApplicationGroup">
            <results>
              <test-case description="Delete" name="Remove-AzWvdApplicationGroup.Delete" time="4.4469" asserts="0" success="True" result="Success" executed="True" />
            </results>
          </test-suite>
        </results>
      </test-suite>
      <test-suite type="TestFixture" name="C:\Repos\Forks\PS-testing\azure-powershell\src\DesktopVirtualization\test\Remove-AzWvdHostPool.Tests.ps1" executed="True" result="Success" success="True" time="2.641" asserts="0" description="C:\Repos\Forks\PS-testing\azure-powershell\src\DesktopVirtualization\test\Remove-AzWvdHostPool.Tests.ps1">
        <results>
          <test-suite type="TestFixture" name="Remove-AzWvdHostPool" executed="True" result="Success" success="True" time="2.4451" asserts="0" description="Remove-AzWvdHostPool">
            <results>
              <test-case description="Delete" name="Remove-AzWvdHostPool.Delete" time="2.2853" asserts="0" success="True" result="Success" executed="True" />
            </results>
          </test-suite>
        </results>
      </test-suite>
      <test-suite type="TestFixture" name="C:\Repos\Forks\PS-testing\azure-powershell\src\DesktopVirtualization\test\Remove-AzWvdMsixPackage.Tests.ps1" executed="True" result="Success" success="True" time="3.3512" asserts="0" description="C:\Repos\Forks\PS-testing\azure-powershell\src\DesktopVirtualization\test\Remove-AzWvdMsixPackage.Tests.ps1">
        <results>
          <test-suite type="TestFixture" name="Remove-AzWvdMsixPackage" executed="True" result="Success" success="True" time="3.1452" asserts="0" description="Remove-AzWvdMsixPackage">
            <results>
              <test-case description="Delete" name="Remove-AzWvdMsixPackage.Delete" time="3.0269" asserts="0" success="True" result="Success" executed="True" />
            </results>
          </test-suite>
        </results>
      </test-suite>
      <test-suite type="TestFixture" name="C:\Repos\Forks\PS-testing\azure-powershell\src\DesktopVirtualization\test\Remove-AzWvdPrivateEndpointConnection.Tests.ps1" executed="True" result="Success" success="True" time="134.6803" asserts="0" description="C:\Repos\Forks\PS-testing\azure-powershell\src\DesktopVirtualization\test\Remove-AzWvdPrivateEndpointConnection.Tests.ps1">
        <results>
          <test-suite type="TestFixture" name="Remove-AzWvdPrivateEndpointConnection" executed="True" result="Success" success="True" time="134.4726" asserts="0" description="Remove-AzWvdPrivateEndpointConnection">
            <results>
              <test-case description="DeleteWorkspace" name="Remove-AzWvdPrivateEndpointConnection.DeleteWorkspace" time="68.1042" asserts="0" success="True" result="Success" executed="True" />
              <test-case description="DeleteHostpool" name="Remove-AzWvdPrivateEndpointConnection.DeleteHostpool" time="66.2537" asserts="0" success="True" result="Success" executed="True" />
            </results>
          </test-suite>
        </results>
      </test-suite>
      <test-suite type="TestFixture" name="C:\Repos\Forks\PS-testing\azure-powershell\src\DesktopVirtualization\test\Remove-AzWvdRegistrationInfo.Tests.ps1" executed="True" result="Success" success="True" time="3.287" asserts="0" description="C:\Repos\Forks\PS-testing\azure-powershell\src\DesktopVirtualization\test\Remove-AzWvdRegistrationInfo.Tests.ps1">
        <results>
          <test-suite type="TestFixture" name="Remove-AzWvdRegistrationInfo" executed="True" result="Success" success="True" time="3.0725" asserts="0" description="Remove-AzWvdRegistrationInfo">
            <results>
              <test-case description="Remove RegInfo" name="Remove-AzWvdRegistrationInfo.Remove RegInfo" time="2.9199" asserts="0" success="True" result="Success" executed="True" />
            </results>
          </test-suite>
        </results>
      </test-suite>
      <test-suite type="TestFixture" name="C:\Repos\Forks\PS-testing\azure-powershell\src\DesktopVirtualization\test\Remove-AzWvdScalingPlan.Tests.ps1" executed="True" result="Success" success="True" time="2.5918" asserts="0" description="C:\Repos\Forks\PS-testing\azure-powershell\src\DesktopVirtualization\test\Remove-AzWvdScalingPlan.Tests.ps1">
        <results>
          <test-suite type="TestFixture" name="Remove-AzWvdScalingPlan" executed="True" result="Success" success="True" time="2.3508" asserts="0" description="Remove-AzWvdScalingPlan">
            <results>
              <test-case description="Delete" name="Remove-AzWvdScalingPlan.Delete" time="2.2009" asserts="0" success="True" result="Success" executed="True" />
            </results>
          </test-suite>
        </results>
      </test-suite>
      <test-suite type="TestFixture" name="C:\Repos\Forks\PS-testing\azure-powershell\src\DesktopVirtualization\test\Remove-AzWvdScalingPlanPooledSchedule.Tests.ps1" executed="True" result="Success" success="True" time="3.4894" asserts="0" description="C:\Repos\Forks\PS-testing\azure-powershell\src\DesktopVirtualization\test\Remove-AzWvdScalingPlanPooledSchedule.Tests.ps1">
        <results>
          <test-suite type="TestFixture" name="Remove-AzWvdScalingPlanPooledSchedule" executed="True" result="Success" success="True" time="3.2844" asserts="0" description="Remove-AzWvdScalingPlanPooledSchedule">
            <results>
              <test-case description="Delete" name="Remove-AzWvdScalingPlanPooledSchedule.Delete" time="3.1436" asserts="0" success="True" result="Success" executed="True" />
            </results>
          </test-suite>
        </results>
      </test-suite>
      <test-suite type="TestFixture" name="C:\Repos\Forks\PS-testing\azure-powershell\src\DesktopVirtualization\test\Remove-AzWvdSessionHost.Tests.ps1" executed="True" result="Success" success="True" time="1.1808" asserts="0" description="C:\Repos\Forks\PS-testing\azure-powershell\src\DesktopVirtualization\test\Remove-AzWvdSessionHost.Tests.ps1">
        <results>
          <test-suite type="TestFixture" name="Remove-AzWvdSessionHost" executed="True" result="Success" success="True" time="0.9412" asserts="0" description="Remove-AzWvdSessionHost">
            <results>
              <test-case description="Delete" name="Remove-AzWvdSessionHost.Delete" time="0.829" asserts="0" success="True" result="Success" executed="True" />
            </results>
          </test-suite>
        </results>
      </test-suite>
      <test-suite type="TestFixture" name="C:\Repos\Forks\PS-testing\azure-powershell\src\DesktopVirtualization\test\Remove-AzWvdUserSession.Tests.ps1" executed="True" result="Success" success="True" time="0.8586" asserts="0" description="C:\Repos\Forks\PS-testing\azure-powershell\src\DesktopVirtualization\test\Remove-AzWvdUserSession.Tests.ps1">
        <results>
          <test-suite type="TestFixture" name="Remove-AzWvdUserSession" executed="True" result="Success" success="True" time="0.6277" asserts="0" description="Remove-AzWvdUserSession">
            <results>
              <test-case description="Delete" name="Remove-AzWvdUserSession.Delete" time="0.5101" asserts="0" success="True" result="Success" executed="True" />
            </results>
          </test-suite>
        </results>
      </test-suite>
      <test-suite type="TestFixture" name="C:\Repos\Forks\PS-testing\azure-powershell\src\DesktopVirtualization\test\Remove-AzWvdWorkspace.Tests.ps1" executed="True" result="Success" success="True" time="2.2697" asserts="0" description="C:\Repos\Forks\PS-testing\azure-powershell\src\DesktopVirtualization\test\Remove-AzWvdWorkspace.Tests.ps1">
        <results>
          <test-suite type="TestFixture" name="Remove-AzWvdWorkspace" executed="True" result="Success" success="True" time="2.0837" asserts="0" description="Remove-AzWvdWorkspace">
            <results>
              <test-case description="Delete" name="Remove-AzWvdWorkspace.Delete" time="1.9569" asserts="0" success="True" result="Success" executed="True" />
            </results>
          </test-suite>
        </results>
      </test-suite>
      <test-suite type="TestFixture" name="C:\Repos\Forks\PS-testing\azure-powershell\src\DesktopVirtualization\test\Send-AzWvdUserSessionMessage.Tests.ps1" executed="True" result="Success" success="True" time="0.6714" asserts="0" description="C:\Repos\Forks\PS-testing\azure-powershell\src\DesktopVirtualization\test\Send-AzWvdUserSessionMessage.Tests.ps1">
        <results>
          <test-suite type="TestFixture" name="Send-AzWvdUserSessionMessage" executed="True" result="Success" success="True" time="0.4845" asserts="0" description="Send-AzWvdUserSessionMessage">
            <results>
              <test-case description="Send" name="Send-AzWvdUserSessionMessage.Send" time="0.3616" asserts="0" success="True" result="Success" executed="True" />
            </results>
          </test-suite>
        </results>
      </test-suite>
      <test-suite type="TestFixture" name="C:\Repos\Forks\PS-testing\azure-powershell\src\DesktopVirtualization\test\Unregister-AzWvdApplicationGroup.Tests.ps1" executed="True" result="Success" success="True" time="7.7319" asserts="0" description="C:\Repos\Forks\PS-testing\azure-powershell\src\DesktopVirtualization\test\Unregister-AzWvdApplicationGroup.Tests.ps1">
        <results>
          <test-suite type="TestFixture" name="Unregister-AzWvdApplicationGroup" executed="True" result="Success" success="True" time="7.5277" asserts="0" description="Unregister-AzWvdApplicationGroup">
            <results>
              <test-case description="Unregister ApplicationGroup" name="Unregister-AzWvdApplicationGroup.Unregister ApplicationGroup" time="7.4069" asserts="0" success="True" result="Success" executed="True" />
            </results>
          </test-suite>
        </results>
      </test-suite>
      <test-suite type="TestFixture" name="C:\Repos\Forks\PS-testing\azure-powershell\src\DesktopVirtualization\test\Update-AzWvdApplication.Tests.ps1" executed="True" result="Success" success="True" time="13.3702" asserts="0" description="C:\Repos\Forks\PS-testing\azure-powershell\src\DesktopVirtualization\test\Update-AzWvdApplication.Tests.ps1">
        <results>
          <test-suite type="TestFixture" name="Update-AzWvdApplication" executed="True" result="Success" success="True" time="13.1401" asserts="0" description="Update-AzWvdApplication">
            <results>
              <test-case description="Update" name="Update-AzWvdApplication.Update" time="4.9443" asserts="0" success="True" result="Success" executed="True" />
              <test-case description="Update-MsixApplication" name="Update-AzWvdApplication.Update-MsixApplication" time="8.0622" asserts="0" success="True" result="Success" executed="True" />
            </results>
          </test-suite>
        </results>
      </test-suite>
      <test-suite type="TestFixture" name="C:\Repos\Forks\PS-testing\azure-powershell\src\DesktopVirtualization\test\Update-AzWvdApplicationGroup.Tests.ps1" executed="True" result="Success" success="True" time="4.3688" asserts="0" description="C:\Repos\Forks\PS-testing\azure-powershell\src\DesktopVirtualization\test\Update-AzWvdApplicationGroup.Tests.ps1">
        <results>
          <test-suite type="TestFixture" name="Update-AzWvdApplicationGroup" executed="True" result="Success" success="True" time="4.1381" asserts="0" description="Update-AzWvdApplicationGroup">
            <results>
              <test-case description="Update" name="Update-AzWvdApplicationGroup.Update" time="4.0077" asserts="0" success="True" result="Success" executed="True" />
            </results>
          </test-suite>
        </results>
      </test-suite>
      <test-suite type="TestFixture" name="C:\Repos\Forks\PS-testing\azure-powershell\src\DesktopVirtualization\test\Update-AzWvdDesktop.Tests.ps1" executed="True" result="Success" success="True" time="4.6235" asserts="0" description="C:\Repos\Forks\PS-testing\azure-powershell\src\DesktopVirtualization\test\Update-AzWvdDesktop.Tests.ps1">
        <results>
          <test-suite type="TestFixture" name="Update-AzWvdDesktop" executed="True" result="Success" success="True" time="4.4085" asserts="0" description="Update-AzWvdDesktop">
            <results>
              <test-case description="Update" name="Update-AzWvdDesktop.Update" time="4.2401" asserts="0" success="True" result="Success" executed="True" />
            </results>
          </test-suite>
        </results>
      </test-suite>
      <test-suite type="TestFixture" name="C:\Repos\Forks\PS-testing\azure-powershell\src\DesktopVirtualization\test\Update-AzWvdHostPool.Tests.ps1" executed="True" result="Success" success="True" time="2.604" asserts="0" description="C:\Repos\Forks\PS-testing\azure-powershell\src\DesktopVirtualization\test\Update-AzWvdHostPool.Tests.ps1">
        <results>
          <test-suite type="TestFixture" name="Update-AzWvdHostPool" executed="True" result="Success" success="True" time="2.4127" asserts="0" description="Update-AzWvdHostPool">
            <results>
              <test-case description="Update" name="Update-AzWvdHostPool.Update" time="2.29" asserts="0" success="True" result="Success" executed="True" />
            </results>
          </test-suite>
        </results>
      </test-suite>
      <test-suite type="TestFixture" name="C:\Repos\Forks\PS-testing\azure-powershell\src\DesktopVirtualization\test\Update-AzWvdMsixPackage.Tests.ps1" executed="True" result="Success" success="True" time="3.504" asserts="0" description="C:\Repos\Forks\PS-testing\azure-powershell\src\DesktopVirtualization\test\Update-AzWvdMsixPackage.Tests.ps1">
        <results>
          <test-suite type="TestFixture" name="Update-AzWvdMsixPackage" executed="True" result="Success" success="True" time="3.2836" asserts="0" description="Update-AzWvdMsixPackage">
            <results>
              <test-case description="Update" name="Update-AzWvdMsixPackage.Update" time="3.1479" asserts="0" success="True" result="Success" executed="True" />
            </results>
          </test-suite>
        </results>
      </test-suite>
      <test-suite type="TestFixture" name="C:\Repos\Forks\PS-testing\azure-powershell\src\DesktopVirtualization\test\Update-AzWvdScalingPlan.Tests.ps1" executed="True" result="Success" success="True" time="17.161" asserts="0" description="C:\Repos\Forks\PS-testing\azure-powershell\src\DesktopVirtualization\test\Update-AzWvdScalingPlan.Tests.ps1">
        <results>
          <test-suite type="TestFixture" name="Update-AzWvdScalingPlan" executed="True" result="Success" success="True" time="16.9236" asserts="0" description="Update-AzWvdScalingPlan">
            <results>
              <test-case description="UpdateExpanded" name="Update-AzWvdScalingPlan.UpdateExpanded" time="16.7946" asserts="0" success="True" result="Success" executed="True" />
            </results>
          </test-suite>
        </results>
      </test-suite>
      <test-suite type="TestFixture" name="C:\Repos\Forks\PS-testing\azure-powershell\src\DesktopVirtualization\test\Update-AzWvdScalingPlanPooledSchedule.Tests.ps1" executed="True" result="Success" success="True" time="2.6992" asserts="0" description="C:\Repos\Forks\PS-testing\azure-powershell\src\DesktopVirtualization\test\Update-AzWvdScalingPlanPooledSchedule.Tests.ps1">
        <results>
          <test-suite type="TestFixture" name="Update-AzWvdScalingPlanPooledSchedule" executed="True" result="Success" success="True" time="2.5102" asserts="0" description="Update-AzWvdScalingPlanPooledSchedule">
            <results>
              <test-case description="UpdateExpanded" name="Update-AzWvdScalingPlanPooledSchedule.UpdateExpanded" time="2.3771" asserts="0" success="True" result="Success" executed="True" />
            </results>
          </test-suite>
        </results>
      </test-suite>
      <test-suite type="TestFixture" name="C:\Repos\Forks\PS-testing\azure-powershell\src\DesktopVirtualization\test\Update-AzWvdSessionHost.Tests.ps1" executed="True" result="Success" success="True" time="1.4142" asserts="0" description="C:\Repos\Forks\PS-testing\azure-powershell\src\DesktopVirtualization\test\Update-AzWvdSessionHost.Tests.ps1">
        <results>
          <test-suite type="TestFixture" name="Update-AzWvdSessionHost" executed="True" result="Success" success="True" time="1.2026" asserts="0" description="Update-AzWvdSessionHost">
            <results>
              <test-case description="Update" name="Update-AzWvdSessionHost.Update" time="1.0751" asserts="0" success="True" result="Success" executed="True" />
            </results>
          </test-suite>
        </results>
      </test-suite>
      <test-suite type="TestFixture" name="C:\Repos\Forks\PS-testing\azure-powershell\src\DesktopVirtualization\test\Update-AzWvdWorkspace.Tests.ps1" executed="True" result="Success" success="True" time="2.3981" asserts="0" description="C:\Repos\Forks\PS-testing\azure-powershell\src\DesktopVirtualization\test\Update-AzWvdWorkspace.Tests.ps1">
        <results>
          <test-suite type="TestFixture" name="Update-AzWvdWorkspace" executed="True" result="Success" success="True" time="2.1904" asserts="0" description="Update-AzWvdWorkspace">
            <results>
              <test-case description="Update" name="Update-AzWvdWorkspace.Update" time="2.0497" asserts="0" success="True" result="Success" executed="True" />
            </results>
          </test-suite>
        </results>
      </test-suite>
    </results>
  </test-suite>
</test-results>