<?xml version="1.0" encoding="utf-8" standalone="no"?>
<test-results xmlns:xsi="http://www.w3.org/2001/XMLSchema-instance" xsi:noNamespaceSchemaLocation="nunit_schema_2.5.xsd" name="Pester" total="44" errors="0" failures="0" not-run="0" inconclusive="0" ignored="0" skipped="0" invalid="0" date="2020-07-01" time="12:11:04">
  <environment clr-version="Unknown" user="datr" user-domain="REDMOND" machine-name="DAVID-DEV" os-version="10.0.18363" cwd="C:\azure-powershell\src\DesktopVirtualization" nunit-version="2.5.8.0" platform="Microsoft Windows 10 Enterprise|C:\WINDOWS|\Device\Harddisk1\Partition3" />
  <culture-info current-culture="en-US" current-uiculture="en-US" />
  <test-suite type="TestFixture" name="Pester" executed="True" result="Success" success="True" time="11.1974" asserts="0" description="Pester">
    <results>
      <test-suite type="TestFixture" name="C:\azure-powershell\src\DesktopVirtualization\test\Disconnect-AzWvdUserSession.Tests.ps1" executed="True" result="Success" success="True" time="1.03" asserts="0" description="C:\azure-powershell\src\DesktopVirtualization\test\Disconnect-AzWvdUserSession.Tests.ps1">
        <results>
          <test-suite type="TestFixture" name="Disconnect-AzWvdUserSession" executed="True" result="Success" success="True" time="0.8021" asserts="0" description="Disconnect-AzWvdUserSession">
            <results>
              <test-case description="Disconnect" name="Disconnect-AzWvdUserSession.Disconnect" time="0.4402" asserts="0" success="True" result="Success" executed="True" />
            </results>
          </test-suite>
        </results>
      </test-suite>
      <test-suite type="TestFixture" name="C:\azure-powershell\src\DesktopVirtualization\test\Get-AzWvdApplication.Tests.ps1" executed="True" result="Success" success="True" time="1.4126" asserts="0" description="C:\azure-powershell\src\DesktopVirtualization\test\Get-AzWvdApplication.Tests.ps1">
        <results>
          <test-suite type="TestFixture" name="Get-AzWvdApplication" executed="True" result="Success" success="True" time="1.2611" asserts="0" description="Get-AzWvdApplication">
            <results>
              <test-case description="Get" name="Get-AzWvdApplication.Get" time="0.568" asserts="0" success="True" result="Success" executed="True" />
              <test-case description="List" name="Get-AzWvdApplication.List" time="0.5885" asserts="0" success="True" result="Success" executed="True" />
            </results>
          </test-suite>
        </results>
      </test-suite>
      <test-suite type="TestFixture" name="C:\azure-powershell\src\DesktopVirtualization\test\Get-AzWvdApplicationGroup.Tests.ps1" executed="True" result="Success" success="True" time="0.5806" asserts="0" description="C:\azure-powershell\src\DesktopVirtualization\test\Get-AzWvdApplicationGroup.Tests.ps1">
        <results>
          <test-suite type="TestFixture" name="Get-AzWvdApplicationGroup" executed="True" result="Success" success="True" time="0.4684" asserts="0" description="Get-AzWvdApplicationGroup">
            <results>
              <test-case description="Get" name="Get-AzWvdApplicationGroup.Get" time="0.1316" asserts="0" success="True" result="Success" executed="True" />
              <test-case description="List" name="Get-AzWvdApplicationGroup.List" time="0.1577" asserts="0" success="True" result="Success" executed="True" />
              <test-case description="List Subscription Level" name="Get-AzWvdApplicationGroup.List Subscription Level" time="0.1177" asserts="0" success="True" result="Success" executed="True" />
            </results>
          </test-suite>
        </results>
      </test-suite>
      <test-suite type="TestFixture" name="C:\azure-powershell\src\DesktopVirtualization\test\Get-AzWvdDesktop.Tests.ps1" executed="True" result="Success" success="True" time="0.2874" asserts="0" description="C:\azure-powershell\src\DesktopVirtualization\test\Get-AzWvdDesktop.Tests.ps1">
        <results>
          <test-suite type="TestFixture" name="Get-AzWvdDesktop" executed="True" result="Success" success="True" time="0.1967" asserts="0" description="Get-AzWvdDesktop">
            <results>
              <test-case description="Get" name="Get-AzWvdDesktop.Get" time="0.0684" asserts="0" success="True" result="Success" executed="True" />
              <test-case description="List" name="Get-AzWvdDesktop.List" time="0.0712" asserts="0" success="True" result="Success" executed="True" />
            </results>
          </test-suite>
        </results>
      </test-suite>
      <test-suite type="TestFixture" name="C:\azure-powershell\src\DesktopVirtualization\test\Get-AzWvdHostPool.Tests.ps1" executed="True" result="Success" success="True" time="0.648" asserts="0" description="C:\azure-powershell\src\DesktopVirtualization\test\Get-AzWvdHostPool.Tests.ps1">
        <results>
          <test-suite type="TestFixture" name="Get-AzWvdHostPool" executed="True" result="Success" success="True" time="0.5389" asserts="0" description="Get-AzWvdHostPool">
            <results>
              <test-case description="Get" name="Get-AzWvdHostPool.Get" time="0.1316" asserts="0" success="True" result="Success" executed="True" />
              <test-case description="List" name="Get-AzWvdHostPool.List" time="0.1358" asserts="0" success="True" result="Success" executed="True" />
              <test-case description="List Subscription Level" name="Get-AzWvdHostPool.List Subscription Level" time="0.1904" asserts="0" success="True" result="Success" executed="True" />
            </results>
          </test-suite>
        </results>
      </test-suite>
      <test-suite type="TestFixture" name="C:\azure-powershell\src\DesktopVirtualization\test\Get-AzWvdRegistrationInfo.Tests.ps1" executed="True" result="Success" success="True" time="0.1816" asserts="0" description="C:\azure-powershell\src\DesktopVirtualization\test\Get-AzWvdRegistrationInfo.Tests.ps1">
        <results>
          <test-suite type="TestFixture" name="Get-AzWvdRegistrationInfo" executed="True" result="Success" success="True" time="0.0847" asserts="0" description="Get-AzWvdRegistrationInfo">
            <results>
              <test-case description="Get RegInfo" name="Get-AzWvdRegistrationInfo.Get RegInfo" time="0.0343" asserts="0" success="True" result="Success" executed="True" />
            </results>
          </test-suite>
        </results>
      </test-suite>
      <test-suite type="TestFixture" name="C:\azure-powershell\src\DesktopVirtualization\test\Get-AzWvdSessionHost.Tests.ps1" executed="True" result="Success" success="True" time="0.2516" asserts="0" description="C:\azure-powershell\src\DesktopVirtualization\test\Get-AzWvdSessionHost.Tests.ps1">
        <results>
          <test-suite type="TestFixture" name="Get-AzWvdSessionHost" executed="True" result="Success" success="True" time="0.1272" asserts="0" description="Get-AzWvdSessionHost">
            <results>
              <test-case description="Get" name="Get-AzWvdSessionHost.Get" time="0.0369" asserts="0" success="True" result="Success" executed="True" />
              <test-case description="List" name="Get-AzWvdSessionHost.List" time="0.0253" asserts="0" success="True" result="Success" executed="True" />
            </results>
          </test-suite>
        </results>
      </test-suite>
      <test-suite type="TestFixture" name="C:\azure-powershell\src\DesktopVirtualization\test\Get-AzWvdStartMenuItem.Tests.ps1" executed="True" result="Success" success="True" time="0.2439" asserts="0" description="C:\azure-powershell\src\DesktopVirtualization\test\Get-AzWvdStartMenuItem.Tests.ps1">
        <results>
          <test-suite type="TestFixture" name="Get-AzWvdStartMenuItem" executed="True" result="Success" success="True" time="0.1129" asserts="0" description="Get-AzWvdStartMenuItem">
            <results>
              <test-case description="List" name="Get-AzWvdStartMenuItem.List" time="0.057" asserts="0" success="True" result="Success" executed="True" />
            </results>
          </test-suite>
        </results>
      </test-suite>
      <test-suite type="TestFixture" name="C:\azure-powershell\src\DesktopVirtualization\test\Get-AzWvdUserSession.Tests.ps1" executed="True" result="Success" success="True" time="0.3081" asserts="0" description="C:\azure-powershell\src\DesktopVirtualization\test\Get-AzWvdUserSession.Tests.ps1">
        <results>
          <test-suite type="TestFixture" name="Get-AzWvdUserSession" executed="True" result="Success" success="True" time="0.1825" asserts="0" description="Get-AzWvdUserSession">
            <results>
              <test-case description="Get" name="Get-AzWvdUserSession.Get" time="0.0101" asserts="0" success="True" result="Success" executed="True" />
              <test-case description="List" name="Get-AzWvdUserSession.List" time="0.0246" asserts="0" success="True" result="Success" executed="True" />
              <test-case description="List host pool Level" name="Get-AzWvdUserSession.List host pool Level" time="0.0494" asserts="0" success="True" result="Success" executed="True" />
            </results>
          </test-suite>
        </results>
      </test-suite>
      <test-suite type="TestFixture" name="C:\azure-powershell\src\DesktopVirtualization\test\Get-AzWvdWorkspace.Tests.ps1" executed="True" result="Success" success="True" time="0.3824" asserts="0" description="C:\azure-powershell\src\DesktopVirtualization\test\Get-AzWvdWorkspace.Tests.ps1">
        <results>
          <test-suite type="TestFixture" name="Get-AzWvdWorkspace" executed="True" result="Success" success="True" time="0.2846" asserts="0" description="Get-AzWvdWorkspace">
            <results>
              <test-case description="Get" name="Get-AzWvdWorkspace.Get" time="0.0753" asserts="0" success="True" result="Success" executed="True" />
              <test-case description="List" name="Get-AzWvdWorkspace.List" time="0.0719" asserts="0" success="True" result="Success" executed="True" />
              <test-case description="List Subscription Level" name="Get-AzWvdWorkspace.List Subscription Level" time="0.0791" asserts="0" success="True" result="Success" executed="True" />
            </results>
          </test-suite>
        </results>
      </test-suite>
      <test-suite type="TestFixture" name="C:\azure-powershell\src\DesktopVirtualization\test\New-AzWvdApplication.Tests.ps1" executed="True" result="Success" success="True" time="0.9171" asserts="0" description="C:\azure-powershell\src\DesktopVirtualization\test\New-AzWvdApplication.Tests.ps1">
        <results>
          <test-suite type="TestFixture" name="New-AzWvdApplication" executed="True" result="Success" success="True" time="0.7932" asserts="0" description="New-AzWvdApplication">
            <results>
              <test-case description="Create" name="New-AzWvdApplication.Create" time="0.3459" asserts="0" success="True" result="Success" executed="True" />
              <test-case description="AppAlias" name="New-AzWvdApplication.AppAlias" time="0.3647" asserts="0" success="True" result="Success" executed="True" />
            </results>
          </test-suite>
        </results>
      </test-suite>
      <test-suite type="TestFixture" name="C:\azure-powershell\src\DesktopVirtualization\test\New-AzWvdApplicationGroup.Tests.ps1" executed="True" result="Success" success="True" time="0.2056" asserts="0" description="C:\azure-powershell\src\DesktopVirtualization\test\New-AzWvdApplicationGroup.Tests.ps1">
        <results>
          <test-suite type="TestFixture" name="New-AzWvdApplicationGroup" executed="True" result="Success" success="True" time="0.0912" asserts="0" description="New-AzWvdApplicationGroup">
            <results>
              <test-case description="Create" name="New-AzWvdApplicationGroup.Create" time="0.0489" asserts="0" success="True" result="Success" executed="True" />
            </results>
          </test-suite>
        </results>
      </test-suite>
      <test-suite type="TestFixture" name="C:\azure-powershell\src\DesktopVirtualization\test\New-AzWvdHostPool.Tests.ps1" executed="True" result="Success" success="True" time="0.3013" asserts="0" description="C:\azure-powershell\src\DesktopVirtualization\test\New-AzWvdHostPool.Tests.ps1">
        <results>
          <test-suite type="TestFixture" name="New-AzWvdHostPool" executed="True" result="Success" success="True" time="0.1926" asserts="0" description="New-AzWvdHostPool">
            <results>
              <test-case description="FullSenerioCreate" name="New-AzWvdHostPool.FullSenerioCreate" time="0.0497" asserts="0" success="True" result="Success" executed="True" />
              <test-case description="Create" name="New-AzWvdHostPool.Create" time="0.0774" asserts="0" success="True" result="Success" executed="True" />
            </results>
          </test-suite>
        </results>
      </test-suite>
      <test-suite type="TestFixture" name="C:\azure-powershell\src\DesktopVirtualization\test\New-AzWvdRegistrationInfo.Tests.ps1" executed="True" result="Success" success="True" time="0.172" asserts="0" description="C:\azure-powershell\src\DesktopVirtualization\test\New-AzWvdRegistrationInfo.Tests.ps1">
        <results>
          <test-suite type="TestFixture" name="New-AzWvdRegistrationInfo" executed="True" result="Success" success="True" time="0.0823" asserts="0" description="New-AzWvdRegistrationInfo">
            <results>
              <test-case description="Create new RegistrationInfo" name="New-AzWvdRegistrationInfo.Create new RegistrationInfo" time="0.0269" asserts="0" success="True" result="Success" executed="True" />
            </results>
          </test-suite>
        </results>
      </test-suite>
      <test-suite type="TestFixture" name="C:\azure-powershell\src\DesktopVirtualization\test\New-AzWvdWorkspace.Tests.ps1" executed="True" result="Success" success="True" time="0.2134" asserts="0" description="C:\azure-powershell\src\DesktopVirtualization\test\New-AzWvdWorkspace.Tests.ps1">
        <results>
          <test-suite type="TestFixture" name="New-AzWvdWorkspace" executed="True" result="Success" success="True" time="0.0974" asserts="0" description="New-AzWvdWorkspace">
            <results>
              <test-case description="Create" name="New-AzWvdWorkspace.Create" time="0.0287" asserts="0" success="True" result="Success" executed="True" />
            </results>
          </test-suite>
        </results>
      </test-suite>
      <test-suite type="TestFixture" name="C:\azure-powershell\src\DesktopVirtualization\test\Register-AzWvdApplicationGroup.Tests.ps1" executed="True" result="Success" success="True" time="0.2781" asserts="0" description="C:\azure-powershell\src\DesktopVirtualization\test\Register-AzWvdApplicationGroup.Tests.ps1">
        <results>
          <test-suite type="TestFixture" name="Register-AzWvdApplicationGroup" executed="True" result="Success" success="True" time="0.1432" asserts="0" description="Register-AzWvdApplicationGroup">
            <results>
              <test-case description="Register ApplicationGroup" name="Register-AzWvdApplicationGroup.Register ApplicationGroup" time="0.0735" asserts="0" success="True" result="Success" executed="True" />
            </results>
          </test-suite>
        </results>
      </test-suite>
      <test-suite type="TestFixture" name="C:\azure-powershell\src\DesktopVirtualization\test\Remove-AzWvdApplication.Tests.ps1" executed="True" result="Success" success="True" time="0.3648" asserts="0" description="C:\azure-powershell\src\DesktopVirtualization\test\Remove-AzWvdApplication.Tests.ps1">
        <results>
          <test-suite type="TestFixture" name="Remove-AzWvdApplication" executed="True" result="Success" success="True" time="0.2622" asserts="0" description="Remove-AzWvdApplication">
            <results>
              <test-case description="Delete" name="Remove-AzWvdApplication.Delete" time="0.2116" asserts="0" success="True" result="Success" executed="True" />
            </results>
          </test-suite>
        </results>
      </test-suite>
      <test-suite type="TestFixture" name="C:\azure-powershell\src\DesktopVirtualization\test\Remove-AzWvdApplicationGroup.Tests.ps1" executed="True" result="Success" success="True" time="0.2335" asserts="0" description="C:\azure-powershell\src\DesktopVirtualization\test\Remove-AzWvdApplicationGroup.Tests.ps1">
        <results>
          <test-suite type="TestFixture" name="Remove-AzWvdApplicationGroup" executed="True" result="Success" success="True" time="0.1062" asserts="0" description="Remove-AzWvdApplicationGroup">
            <results>
              <test-case description="Delete" name="Remove-AzWvdApplicationGroup.Delete" time="0.06" asserts="0" success="True" result="Success" executed="True" />
            </results>
          </test-suite>
        </results>
      </test-suite>
      <test-suite type="TestFixture" name="C:\azure-powershell\src\DesktopVirtualization\test\Remove-AzWvdHostPool.Tests.ps1" executed="True" result="Success" success="True" time="0.2279" asserts="0" description="C:\azure-powershell\src\DesktopVirtualization\test\Remove-AzWvdHostPool.Tests.ps1">
        <results>
          <test-suite type="TestFixture" name="Remove-AzWvdHostPool" executed="True" result="Success" success="True" time="0.118" asserts="0" description="Remove-AzWvdHostPool">
            <results>
              <test-case description="Delete" name="Remove-AzWvdHostPool.Delete" time="0.0652" asserts="0" success="True" result="Success" executed="True" />
            </results>
          </test-suite>
        </results>
      </test-suite>
      <test-suite type="TestFixture" name="C:\azure-powershell\src\DesktopVirtualization\test\Remove-AzWvdRegistrationInfo.Tests.ps1" executed="True" result="Success" success="True" time="0.2263" asserts="0" description="C:\azure-powershell\src\DesktopVirtualization\test\Remove-AzWvdRegistrationInfo.Tests.ps1">
        <results>
          <test-suite type="TestFixture" name="Remove-AzWvdRegistrationInfo" executed="True" result="Success" success="True" time="0.1005" asserts="0" description="Remove-AzWvdRegistrationInfo">
            <results>
              <test-case description="Remove RegInfo" name="Remove-AzWvdRegistrationInfo.Remove RegInfo" time="0.035" asserts="0" success="True" result="Success" executed="True" />
            </results>
          </test-suite>
        </results>
      </test-suite>
      <test-suite type="TestFixture" name="C:\azure-powershell\src\DesktopVirtualization\test\Remove-AzWvdSessionHost.Tests.ps1" executed="True" result="Success" success="True" time="0.2031" asserts="0" description="C:\azure-powershell\src\DesktopVirtualization\test\Remove-AzWvdSessionHost.Tests.ps1">
        <results>
          <test-suite type="TestFixture" name="Remove-AzWvdSessionHost" executed="True" result="Success" success="True" time="0.1032" asserts="0" description="Remove-AzWvdSessionHost">
            <results>
              <test-case description="Delete" name="Remove-AzWvdSessionHost.Delete" time="0.0348" asserts="0" success="True" result="Success" executed="True" />
            </results>
          </test-suite>
        </results>
      </test-suite>
      <test-suite type="TestFixture" name="C:\azure-powershell\src\DesktopVirtualization\test\Remove-AzWvdUserSession.Tests.ps1" executed="True" result="Success" success="True" time="0.1803" asserts="0" description="C:\azure-powershell\src\DesktopVirtualization\test\Remove-AzWvdUserSession.Tests.ps1">
        <results>
          <test-suite type="TestFixture" name="Remove-AzWvdUserSession" executed="True" result="Success" success="True" time="0.0828" asserts="0" description="Remove-AzWvdUserSession">
            <results>
              <test-case description="Delete" name="Remove-AzWvdUserSession.Delete" time="0.0262" asserts="0" success="True" result="Success" executed="True" />
            </results>
          </test-suite>
        </results>
      </test-suite>
      <test-suite type="TestFixture" name="C:\azure-powershell\src\DesktopVirtualization\test\Remove-AzWvdWorkspace.Tests.ps1" executed="True" result="Success" success="True" time="0.1845" asserts="0" description="C:\azure-powershell\src\DesktopVirtualization\test\Remove-AzWvdWorkspace.Tests.ps1">
        <results>
          <test-suite type="TestFixture" name="Remove-AzWvdWorkspace" executed="True" result="Success" success="True" time="0.0836" asserts="0" description="Remove-AzWvdWorkspace">
            <results>
              <test-case description="Delete" name="Remove-AzWvdWorkspace.Delete" time="0.0247" asserts="0" success="True" result="Success" executed="True" />
            </results>
          </test-suite>
        </results>
      </test-suite>
      <test-suite type="TestFixture" name="C:\azure-powershell\src\DesktopVirtualization\test\Send-AzWvdUserSessionMessage.Tests.ps1" executed="True" result="Success" success="True" time="0.2214" asserts="0" description="C:\azure-powershell\src\DesktopVirtualization\test\Send-AzWvdUserSessionMessage.Tests.ps1">
        <results>
          <test-suite type="TestFixture" name="Send-AzWvdUserSessionMessage" executed="True" result="Success" success="True" time="0.1032" asserts="0" description="Send-AzWvdUserSessionMessage">
            <results>
              <test-case description="Send" name="Send-AzWvdUserSessionMessage.Send" time="0.0476" asserts="0" success="True" result="Success" executed="True" />
            </results>
          </test-suite>
        </results>
      </test-suite>
      <test-suite type="TestFixture" name="C:\azure-powershell\src\DesktopVirtualization\test\Unregister-AzWvdApplicationGroup.Tests.ps1" executed="True" result="Success" success="True" time="0.351" asserts="0" description="C:\azure-powershell\src\DesktopVirtualization\test\Unregister-AzWvdApplicationGroup.Tests.ps1">
        <results>
          <test-suite type="TestFixture" name="Unregister-AzWvdApplicationGroup" executed="True" result="Success" success="True" time="0.211" asserts="0" description="Unregister-AzWvdApplicationGroup">
            <results>
              <test-case description="Unregister ApplicationGroup" name="Unregister-AzWvdApplicationGroup.Unregister ApplicationGroup" time="0.1157" asserts="0" success="True" result="Success" executed="True" />
            </results>
          </test-suite>
        </results>
      </test-suite>
      <test-suite type="TestFixture" name="C:\azure-powershell\src\DesktopVirtualization\test\Update-AzWvdApplication.Tests.ps1" executed="True" result="Success" success="True" time="0.3106" asserts="0" description="C:\azure-powershell\src\DesktopVirtualization\test\Update-AzWvdApplication.Tests.ps1">
        <results>
          <test-suite type="TestFixture" name="Update-AzWvdApplication" executed="True" result="Success" success="True" time="0.1841" asserts="0" description="Update-AzWvdApplication">
            <results>
              <test-case description="Update" name="Update-AzWvdApplication.Update" time="0.1352" asserts="0" success="True" result="Success" executed="True" />
            </results>
          </test-suite>
        </results>
      </test-suite>
      <test-suite type="TestFixture" name="C:\azure-powershell\src\DesktopVirtualization\test\Update-AzWvdApplicationGroup.Tests.ps1" executed="True" result="Success" success="True" time="0.2678" asserts="0" description="C:\azure-powershell\src\DesktopVirtualization\test\Update-AzWvdApplicationGroup.Tests.ps1">
        <results>
          <test-suite type="TestFixture" name="Update-AzWvdApplicationGroup" executed="True" result="Success" success="True" time="0.1563" asserts="0" description="Update-AzWvdApplicationGroup">
            <results>
              <test-case description="Update" name="Update-AzWvdApplicationGroup.Update" time="0.0983" asserts="0" success="True" result="Success" executed="True" />
            </results>
          </test-suite>
        </results>
      </test-suite>
      <test-suite type="TestFixture" name="C:\azure-powershell\src\DesktopVirtualization\test\Update-AzWvdDesktop.Tests.ps1" executed="True" result="Success" success="True" time="0.276" asserts="0" description="C:\azure-powershell\src\DesktopVirtualization\test\Update-AzWvdDesktop.Tests.ps1">
        <results>
          <test-suite type="TestFixture" name="Update-AzWvdDesktop" executed="True" result="Success" success="True" time="0.1596" asserts="0" description="Update-AzWvdDesktop">
            <results>
              <test-case description="Update" name="Update-AzWvdDesktop.Update" time="0.1081" asserts="0" success="True" result="Success" executed="True" />
            </results>
          </test-suite>
        </results>
      </test-suite>
      <test-suite type="TestFixture" name="C:\azure-powershell\src\DesktopVirtualization\test\Update-AzWvdHostPool.Tests.ps1" executed="True" result="Success" success="True" time="0.3255" asserts="0" description="C:\azure-powershell\src\DesktopVirtualization\test\Update-AzWvdHostPool.Tests.ps1">
        <results>
          <test-suite type="TestFixture" name="Update-AzWvdHostPool" executed="True" result="Success" success="True" time="0.2148" asserts="0" description="Update-AzWvdHostPool">
            <results>
              <test-case description="Update" name="Update-AzWvdHostPool.Update" time="0.1574" asserts="0" success="True" result="Success" executed="True" />
            </results>
          </test-suite>
        </results>
      </test-suite>
      <test-suite type="TestFixture" name="C:\azure-powershell\src\DesktopVirtualization\test\Update-AzWvdSessionHost.Tests.ps1" executed="True" result="Success" success="True" time="0.2044" asserts="0" description="C:\azure-powershell\src\DesktopVirtualization\test\Update-AzWvdSessionHost.Tests.ps1">
        <results>
          <test-suite type="TestFixture" name="Update-AzWvdSessionHost" executed="True" result="Success" success="True" time="0.1149" asserts="0" description="Update-AzWvdSessionHost">
            <results>
              <test-case description="Update" name="Update-AzWvdSessionHost.Update" time="0.0444" asserts="0" success="True" result="Success" executed="True" />
            </results>
          </test-suite>
        </results>
      </test-suite>
      <test-suite type="TestFixture" name="C:\azure-powershell\src\DesktopVirtualization\test\Update-AzWvdWorkspace.Tests.ps1" executed="True" result="Success" success="True" time="0.2064" asserts="0" description="C:\azure-powershell\src\DesktopVirtualization\test\Update-AzWvdWorkspace.Tests.ps1">
        <results>
          <test-suite type="TestFixture" name="Update-AzWvdWorkspace" executed="True" result="Success" success="True" time="0.1012" asserts="0" description="Update-AzWvdWorkspace">
            <results>
              <test-case description="Update" name="Update-AzWvdWorkspace.Update" time="0.0634" asserts="0" success="True" result="Success" executed="True" />
            </results>
          </test-suite>
        </results>
      </test-suite>
    </results>
  </test-suite>
</test-results>