<?xml version="1.0" encoding="utf-8" standalone="no"?>
<test-results xmlns:xsi="http://www.w3.org/2001/XMLSchema-instance" xsi:noNamespaceSchemaLocation="nunit_schema_2.5.xsd" name="Pester" total="70" errors="0" failures="20" not-run="0" inconclusive="0" ignored="12" skipped="0" invalid="0" date="2023-04-05" time="12:21:02">
  <environment nunit-version="2.5.8.0" machine-name="LAPTOP-5URQ3QGR" os-version="10.0.22621" platform="Microsoft Windows 11 Enterprise|C:\WINDOWS|\Device\Harddisk0\Partition3" cwd="C:\Repos\Forks\PS-testing\azure-powershell\src\DesktopVirtualization" user="alecbaird" user-domain="REDMOND" clr-version="Unknown" />
  <culture-info current-culture="en-US" current-uiculture="en-US" />
  <test-suite type="TestFixture" name="Pester" executed="True" result="Failure" success="False" time="255.751" asserts="0" description="Pester">
    <results>
      <test-suite type="TestFixture" name="C:\Repos\Forks\PS-testing\azure-powershell\src\DesktopVirtualization\test\Disconnect-AzWvdUserSession.Tests.ps1" executed="True" result="Failure" success="False" time="3.5555" asserts="0" description="C:\Repos\Forks\PS-testing\azure-powershell\src\DesktopVirtualization\test\Disconnect-AzWvdUserSession.Tests.ps1">
        <results>
          <test-suite type="TestFixture" name="Disconnect-AzWvdUserSession" executed="True" result="Failure" success="False" time="3.0041" asserts="0" description="Disconnect-AzWvdUserSession">
            <results>
              <test-case description="Disconnect" name="Disconnect-AzWvdUserSession.Disconnect" time="2.4331" asserts="0" success="False" result="Failure" executed="True">
                <failure>
                  <message>ActivityId: 8cfc00bc-2585-4cf1-b457-c6279a25f3cc Error: User session ID not found</message>
                  <stack-trace>at &lt;ScriptBlock&gt;, C:\Repos\Forks\PS-testing\azure-powershell\src\DesktopVirtualization\test\Disconnect-AzWvdUserSession.Tests.ps1: line 17
17:         Disconnect-AzWvdUserSession -SubscriptionId $env.SubscriptionId `
</stack-trace>
                </failure>
              </test-case>
            </results>
          </test-suite>
        </results>
      </test-suite>
      <test-suite type="TestFixture" name="C:\Repos\Forks\PS-testing\azure-powershell\src\DesktopVirtualization\test\Expand-AzWvdMsixImage.Tests.ps1" executed="True" result="Success" success="True" time="1.7289" asserts="0" description="C:\Repos\Forks\PS-testing\azure-powershell\src\DesktopVirtualization\test\Expand-AzWvdMsixImage.Tests.ps1">
        <results>
          <test-suite type="TestFixture" name="Expand-AzWvdMsixImage" executed="True" result="Success" success="True" time="1.3025" asserts="0" description="Expand-AzWvdMsixImage">
            <results>
              <test-case description="Expand" name="Expand-AzWvdMsixImage.Expand" time="1.1238" asserts="0" success="True" result="Success" executed="True" />
            </results>
          </test-suite>
        </results>
      </test-suite>
      <test-suite type="TestFixture" name="C:\Repos\Forks\PS-testing\azure-powershell\src\DesktopVirtualization\test\Get-AzWvdApplication.Tests.ps1" executed="True" result="Failure" success="False" time="13.7273" asserts="0" description="C:\Repos\Forks\PS-testing\azure-powershell\src\DesktopVirtualization\test\Get-AzWvdApplication.Tests.ps1">
        <results>
          <test-suite type="TestFixture" name="Get-AzWvdApplication" executed="True" result="Failure" success="False" time="13.1262" asserts="0" description="Get-AzWvdApplication">
            <results>
              <test-case description="Get" name="Get-AzWvdApplication.Get" time="4.9515" asserts="0" success="True" result="Success" executed="True" />
              <test-case description="List" name="Get-AzWvdApplication.List" time="4.579" asserts="0" success="True" result="Success" executed="True" />
              <test-case description="GetMsixApplication_RAG" name="Get-AzWvdApplication.GetMsixApplication_RAG" time="0.5743" asserts="0" success="False" result="Failure" executed="True">
                <failure>
                  <message>Unable to find type [Microsoft.Azure.PowerShell.Cmdlets.DesktopVirtualization.Models.Api202209.IMsixPackageApplications].</message>
                  <stack-trace>at &lt;ScriptBlock&gt;, C:\Repos\Forks\PS-testing\azure-powershell\src\DesktopVirtualization\test\Get-AzWvdApplication.Tests.ps1: line 167
167:             $apps = @( [Microsoft.Azure.PowerShell.Cmdlets.DesktopVirtualization.Models.Api202209.IMsixPackageApplications]@{appId = 'MsixTest_Application_Id'; description = 'testing from ps'; appUserModelID = 'MsixTest_Application_ModelID'; friendlyName = 'some name'; iconImageName = 'Apptile'; rawIcon = $data1; rawPng = $data1 })
</stack-trace>
                </failure>
              </test-case>
              <test-case description="GetMsixApplication_DAG" name="Get-AzWvdApplication.GetMsixApplication_DAG" time="2.8097" asserts="0" success="False" result="Failure" executed="True">
                <failure>
                  <message>Unable to find type [Microsoft.Azure.PowerShell.Cmdlets.DesktopVirtualization.Models.Api202209.IMsixPackageApplications].</message>
                  <stack-trace>at &lt;ScriptBlock&gt;, C:\Repos\Forks\PS-testing\azure-powershell\src\DesktopVirtualization\test\Get-AzWvdApplication.Tests.ps1: line 248
248:             $apps = @( [Microsoft.Azure.PowerShell.Cmdlets.DesktopVirtualization.Models.Api202209.IMsixPackageApplications]@{appId = 'MsixTest_Application_Id'; description = 'testing from ps'; appUserModelID = 'MsixTest_Application_ModelID'; friendlyName = 'some name'; iconImageName = 'Apptile'; rawIcon = $data1; rawPng = $data1 })
</stack-trace>
                </failure>
              </test-case>
            </results>
          </test-suite>
        </results>
      </test-suite>
      <test-suite type="TestFixture" name="C:\Repos\Forks\PS-testing\azure-powershell\src\DesktopVirtualization\test\Get-AzWvdApplicationGroup.Tests.ps1" executed="True" result="Success" success="True" time="17.9306" asserts="0" description="C:\Repos\Forks\PS-testing\azure-powershell\src\DesktopVirtualization\test\Get-AzWvdApplicationGroup.Tests.ps1">
        <results>
          <test-suite type="TestFixture" name="Get-AzWvdApplicationGroup" executed="True" result="Success" success="True" time="17.5077" asserts="0" description="Get-AzWvdApplicationGroup">
            <results>
              <test-case description="Get" name="Get-AzWvdApplicationGroup.Get" time="3.614" asserts="0" success="True" result="Success" executed="True" />
              <test-case description="List" name="Get-AzWvdApplicationGroup.List" time="6.8124" asserts="0" success="True" result="Success" executed="True" />
              <test-case description="List Subscription Level" name="Get-AzWvdApplicationGroup.List Subscription Level" time="6.8897" asserts="0" success="True" result="Success" executed="True" />
            </results>
          </test-suite>
        </results>
      </test-suite>
      <test-suite type="TestFixture" name="C:\Repos\Forks\PS-testing\azure-powershell\src\DesktopVirtualization\test\Get-AzWvdDesktop.Tests.ps1" executed="True" result="Success" success="True" time="10.0076" asserts="0" description="C:\Repos\Forks\PS-testing\azure-powershell\src\DesktopVirtualization\test\Get-AzWvdDesktop.Tests.ps1">
        <results>
          <test-suite type="TestFixture" name="Get-AzWvdDesktop" executed="True" result="Success" success="True" time="9.7346" asserts="0" description="Get-AzWvdDesktop">
            <results>
              <test-case description="Get" name="Get-AzWvdDesktop.Get" time="4.3663" asserts="0" success="True" result="Success" executed="True" />
              <test-case description="List" name="Get-AzWvdDesktop.List" time="5.1498" asserts="0" success="True" result="Success" executed="True" />
            </results>
          </test-suite>
        </results>
      </test-suite>
      <test-suite type="TestFixture" name="C:\Repos\Forks\PS-testing\azure-powershell\src\DesktopVirtualization\test\Get-AzWvdHostPool.Tests.ps1" executed="True" result="Success" success="True" time="15.1429" asserts="0" description="C:\Repos\Forks\PS-testing\azure-powershell\src\DesktopVirtualization\test\Get-AzWvdHostPool.Tests.ps1">
        <results>
          <test-suite type="TestFixture" name="Get-AzWvdHostPool" executed="True" result="Success" success="True" time="14.7324" asserts="0" description="Get-AzWvdHostPool">
            <results>
              <test-case description="Get" name="Get-AzWvdHostPool.Get" time="2.2801" asserts="0" success="True" result="Success" executed="True" />
              <test-case description="List" name="Get-AzWvdHostPool.List" time="4.7389" asserts="0" success="True" result="Success" executed="True" />
              <test-case description="List Subscription Level" name="Get-AzWvdHostPool.List Subscription Level" time="7.4981" asserts="0" success="True" result="Success" executed="True" />
            </results>
          </test-suite>
        </results>
      </test-suite>
      <test-suite type="TestFixture" name="C:\Repos\Forks\PS-testing\azure-powershell\src\DesktopVirtualization\test\Get-AzWvdHostPoolRegistrationToken.Tests.ps1" executed="True" result="Success" success="True" time="3.0103" asserts="0" description="C:\Repos\Forks\PS-testing\azure-powershell\src\DesktopVirtualization\test\Get-AzWvdHostPoolRegistrationToken.Tests.ps1">
        <results>
          <test-suite type="TestFixture" name="Get-AzWvdHostPoolRegistrationToken" executed="True" result="Success" success="True" time="2.6077" asserts="0" description="Get-AzWvdHostPoolRegistrationToken">
            <results>
              <test-case description="Retrieve" name="Get-AzWvdHostPoolRegistrationToken.Retrieve" time="2.3809" asserts="0" success="True" result="Success" executed="True" />
            </results>
          </test-suite>
        </results>
      </test-suite>
      <test-suite type="TestFixture" name="C:\Repos\Forks\PS-testing\azure-powershell\src\DesktopVirtualization\test\Get-AzWvdMsixPackage.Tests.ps1" executed="True" result="Failure" success="False" time="1.3258" asserts="0" description="C:\Repos\Forks\PS-testing\azure-powershell\src\DesktopVirtualization\test\Get-AzWvdMsixPackage.Tests.ps1">
        <results>
          <test-suite type="TestFixture" name="Get-AzWvdMsixPackage" executed="True" result="Failure" success="False" time="0.8618" asserts="0" description="Get-AzWvdMsixPackage">
            <results>
              <test-case description="List" name="Get-AzWvdMsixPackage.List" time="0.2708" asserts="0" success="False" result="Failure" executed="True">
                <failure>
                  <message>Can not perform requested operation on nested resource. Parent resource 'HostPoolPowershellContained1' not found.</message>
                  <stack-trace>at &lt;ScriptBlock&gt;, C:\Repos\Forks\PS-testing\azure-powershell\src\DesktopVirtualization\test\Get-AzWvdMsixPackage.Tests.ps1: line 93
93:             $package = Remove-AzWvdMsixPackage -FullName 'MsixTest_FullName_UnitTest' `
</stack-trace>
                </failure>
              </test-case>
              <test-case description="Get" name="Get-AzWvdMsixPackage.Get" time="0.3353" asserts="0" success="False" result="Failure" executed="True">
                <failure>
                  <message>Can not perform requested operation on nested resource. Parent resource 'HostPoolPowershellContained1' not found.</message>
                  <stack-trace>at &lt;ScriptBlock&gt;, C:\Repos\Forks\PS-testing\azure-powershell\src\DesktopVirtualization\test\Get-AzWvdMsixPackage.Tests.ps1: line 145
145:             $package = Remove-AzWvdMsixPackage -FullName 'MsixTest_FullName_UnitTest' `
</stack-trace>
                </failure>
              </test-case>
            </results>
          </test-suite>
        </results>
      </test-suite>
      <test-suite type="TestFixture" name="C:\Repos\Forks\PS-testing\azure-powershell\src\DesktopVirtualization\test\Get-AzWvdPrivateEndpointConnection.Tests.ps1" executed="True" result="Ignored" success="True" time="0.5164" asserts="0" description="C:\Repos\Forks\PS-testing\azure-powershell\src\DesktopVirtualization\test\Get-AzWvdPrivateEndpointConnection.Tests.ps1">
        <results>
          <test-suite type="TestFixture" name="Get-AzWvdPrivateEndpointConnection" executed="True" result="Ignored" success="True" time="0.2091" asserts="0" description="Get-AzWvdPrivateEndpointConnection">
            <results>
              <test-case description="List" name="Get-AzWvdPrivateEndpointConnection.List" time="0" asserts="0" success="True" result="Ignored" executed="False" />
              <test-case description="Get" name="Get-AzWvdPrivateEndpointConnection.Get" time="0" asserts="0" success="True" result="Ignored" executed="False" />
              <test-case description="Get1" name="Get-AzWvdPrivateEndpointConnection.Get1" time="0" asserts="0" success="True" result="Ignored" executed="False" />
              <test-case description="List1" name="Get-AzWvdPrivateEndpointConnection.List1" time="0" asserts="0" success="True" result="Ignored" executed="False" />
              <test-case description="GetViaIdentity1" name="Get-AzWvdPrivateEndpointConnection.GetViaIdentity1" time="0" asserts="0" success="True" result="Ignored" executed="False" />
              <test-case description="GetViaIdentity" name="Get-AzWvdPrivateEndpointConnection.GetViaIdentity" time="0" asserts="0" success="True" result="Ignored" executed="False" />
            </results>
          </test-suite>
        </results>
      </test-suite>
      <test-suite type="TestFixture" name="C:\Repos\Forks\PS-testing\azure-powershell\src\DesktopVirtualization\test\Get-AzWvdPrivateLinkResource.Tests.ps1" executed="True" result="Ignored" success="True" time="0.6081" asserts="0" description="C:\Repos\Forks\PS-testing\azure-powershell\src\DesktopVirtualization\test\Get-AzWvdPrivateLinkResource.Tests.ps1">
        <results>
          <test-suite type="TestFixture" name="Get-AzWvdPrivateLinkResource" executed="True" result="Ignored" success="True" time="0.1876" asserts="0" description="Get-AzWvdPrivateLinkResource">
            <results>
              <test-case description="List" name="Get-AzWvdPrivateLinkResource.List" time="0" asserts="0" success="True" result="Ignored" executed="False" />
              <test-case description="List1" name="Get-AzWvdPrivateLinkResource.List1" time="0" asserts="0" success="True" result="Ignored" executed="False" />
            </results>
          </test-suite>
        </results>
      </test-suite>
      <test-suite type="TestFixture" name="C:\Repos\Forks\PS-testing\azure-powershell\src\DesktopVirtualization\test\Get-AzWvdRegistrationInfo.Tests.ps1" executed="True" result="Success" success="True" time="2.9759" asserts="0" description="C:\Repos\Forks\PS-testing\azure-powershell\src\DesktopVirtualization\test\Get-AzWvdRegistrationInfo.Tests.ps1">
        <results>
          <test-suite type="TestFixture" name="Get-AzWvdRegistrationInfo" executed="True" result="Success" success="True" time="2.5621" asserts="0" description="Get-AzWvdRegistrationInfo">
            <results>
              <test-case description="Get RegInfo" name="Get-AzWvdRegistrationInfo.Get RegInfo" time="2.3903" asserts="0" success="True" result="Success" executed="True" />
            </results>
          </test-suite>
        </results>
      </test-suite>
      <test-suite type="TestFixture" name="C:\Repos\Forks\PS-testing\azure-powershell\src\DesktopVirtualization\test\Get-AzWvdScalingPlan.Tests.ps1" executed="True" result="Failure" success="False" time="17.224" asserts="0" description="C:\Repos\Forks\PS-testing\azure-powershell\src\DesktopVirtualization\test\Get-AzWvdScalingPlan.Tests.ps1">
        <results>
          <test-suite type="TestFixture" name="Get-AzWvdScalingPlan" executed="True" result="Failure" success="False" time="16.6642" asserts="0" description="Get-AzWvdScalingPlan">
            <results>
              <test-case description="Get" name="Get-AzWvdScalingPlan.Get" time="3.6094" asserts="0" success="True" result="Success" executed="True" />
              <test-case description="List" name="Get-AzWvdScalingPlan.List" time="5.1647" asserts="0" success="True" result="Success" executed="True" />
              <test-case description="List By Subscription" name="Get-AzWvdScalingPlan.List By Subscription" time="7.6574" asserts="0" success="False" result="Failure" executed="True">
                <failure>
                  <message>Expected 2, but got 4.</message>
                  <stack-trace>at &lt;ScriptBlock&gt;, C:\Repos\Forks\PS-testing\azure-powershell\src\DesktopVirtualization\test\Get-AzWvdScalingPlan.Tests.ps1: line 144
144:             $scalingPlans.Count | Should -Be 2</stack-trace>
                </failure>
              </test-case>
            </results>
          </test-suite>
        </results>
      </test-suite>
      <test-suite type="TestFixture" name="C:\Repos\Forks\PS-testing\azure-powershell\src\DesktopVirtualization\test\Get-AzWvdScalingPlanPooledSchedule.Tests.ps1" executed="True" result="Success" success="True" time="7.2035" asserts="0" description="C:\Repos\Forks\PS-testing\azure-powershell\src\DesktopVirtualization\test\Get-AzWvdScalingPlanPooledSchedule.Tests.ps1">
        <results>
          <test-suite type="TestFixture" name="Get-AzWvdScalingPlanPooledSchedule" executed="True" result="Success" success="True" time="6.8543" asserts="0" description="Get-AzWvdScalingPlanPooledSchedule">
            <results>
              <test-case description="Get" name="Get-AzWvdScalingPlanPooledSchedule.Get" time="2.9975" asserts="0" success="True" result="Success" executed="True" />
              <test-case description="List" name="Get-AzWvdScalingPlanPooledSchedule.List" time="3.6659" asserts="0" success="True" result="Success" executed="True" />
            </results>
          </test-suite>
        </results>
      </test-suite>
      <test-suite type="TestFixture" name="C:\Repos\Forks\PS-testing\azure-powershell\src\DesktopVirtualization\test\Get-AzWvdSessionHost.Tests.ps1" executed="True" result="Success" success="True" time="1.034" asserts="0" description="C:\Repos\Forks\PS-testing\azure-powershell\src\DesktopVirtualization\test\Get-AzWvdSessionHost.Tests.ps1">
        <results>
          <test-suite type="TestFixture" name="Get-AzWvdSessionHost" executed="True" result="Success" success="True" time="0.6836" asserts="0" description="Get-AzWvdSessionHost">
            <results>
              <test-case description="Get" name="Get-AzWvdSessionHost.Get" time="0.2148" asserts="0" success="True" result="Success" executed="True" />
              <test-case description="List" name="Get-AzWvdSessionHost.List" time="0.2758" asserts="0" success="True" result="Success" executed="True" />
            </results>
          </test-suite>
        </results>
      </test-suite>
      <test-suite type="TestFixture" name="C:\Repos\Forks\PS-testing\azure-powershell\src\DesktopVirtualization\test\Get-AzWvdStartMenuItem.Tests.ps1" executed="True" result="Success" success="True" time="1.6235" asserts="0" description="C:\Repos\Forks\PS-testing\azure-powershell\src\DesktopVirtualization\test\Get-AzWvdStartMenuItem.Tests.ps1">
        <results>
          <test-suite type="TestFixture" name="Get-AzWvdStartMenuItem" executed="True" result="Success" success="True" time="1.1962" asserts="0" description="Get-AzWvdStartMenuItem">
            <results>
              <test-case description="List" name="Get-AzWvdStartMenuItem.List" time="0.9971" asserts="0" success="True" result="Success" executed="True" />
            </results>
          </test-suite>
        </results>
      </test-suite>
      <test-suite type="TestFixture" name="C:\Repos\Forks\PS-testing\azure-powershell\src\DesktopVirtualization\test\Get-AzWvdUserSession.Tests.ps1" executed="True" result="Failure" success="False" time="1.3346" asserts="0" description="C:\Repos\Forks\PS-testing\azure-powershell\src\DesktopVirtualization\test\Get-AzWvdUserSession.Tests.ps1">
        <results>
          <test-suite type="TestFixture" name="Get-AzWvdUserSession" executed="True" result="Failure" success="False" time="0.9631" asserts="0" description="Get-AzWvdUserSession">
            <results>
              <test-case description="Get" name="Get-AzWvdUserSession.Get" time="0.2367" asserts="0" success="False" result="Failure" executed="True">
                <failure>
                  <message>ActivityId: 6d6b6a7c-9069-4eee-911c-121032bd0bb1 Error: User session does not exist</message>
                  <stack-trace>at &lt;ScriptBlock&gt;, C:\Repos\Forks\PS-testing\azure-powershell\src\DesktopVirtualization\test\Get-AzWvdUserSession.Tests.ps1: line 21
21:         $userSession = Get-AzWvdUserSession -SubscriptionId $env.SubscriptionId `
</stack-trace>
                </failure>
              </test-case>
              <test-case description="List" name="Get-AzWvdUserSession.List" time="0.246" asserts="0" success="False" result="Failure" executed="True">
                <failure>
                  <message>Cannot index into a null array.</message>
                  <stack-trace>at &lt;ScriptBlock&gt;, C:\Repos\Forks\PS-testing\azure-powershell\src\DesktopVirtualization\test\Get-AzWvdUserSession.Tests.ps1: line 35
35:             $userSessions[0].Name | Should -Be $userName3
</stack-trace>
                </failure>
              </test-case>
              <test-case description="List host pool Level" name="Get-AzWvdUserSession.List host pool Level" time="0.2249" asserts="0" success="False" result="Failure" executed="True">
                <failure>
                  <message>Cannot index into a null array.</message>
                  <stack-trace>at &lt;ScriptBlock&gt;, C:\Repos\Forks\PS-testing\azure-powershell\src\DesktopVirtualization\test\Get-AzWvdUserSession.Tests.ps1: line 44
44:             $userSessions[0].Name | Should -Be $userName3
</stack-trace>
                </failure>
              </test-case>
            </results>
          </test-suite>
        </results>
      </test-suite>
      <test-suite type="TestFixture" name="C:\Repos\Forks\PS-testing\azure-powershell\src\DesktopVirtualization\test\Get-AzWvdWorkspace.Tests.ps1" executed="True" result="Success" success="True" time="11.6122" asserts="0" description="C:\Repos\Forks\PS-testing\azure-powershell\src\DesktopVirtualization\test\Get-AzWvdWorkspace.Tests.ps1">
        <results>
          <test-suite type="TestFixture" name="Get-AzWvdWorkspace" executed="True" result="Success" success="True" time="11.1968" asserts="0" description="Get-AzWvdWorkspace">
            <results>
              <test-case description="Get" name="Get-AzWvdWorkspace.Get" time="2.1045" asserts="0" success="True" result="Success" executed="True" />
              <test-case description="List" name="Get-AzWvdWorkspace.List" time="4.1132" asserts="0" success="True" result="Success" executed="True" />
              <test-case description="List Subscription Level" name="Get-AzWvdWorkspace.List Subscription Level" time="4.7897" asserts="0" success="True" result="Success" executed="True" />
            </results>
          </test-suite>
        </results>
      </test-suite>
      <test-suite type="TestFixture" name="C:\Repos\Forks\PS-testing\azure-powershell\src\DesktopVirtualization\test\New-AzWvdApplication.Tests.ps1" executed="True" result="Failure" success="False" time="8.8186" asserts="0" description="C:\Repos\Forks\PS-testing\azure-powershell\src\DesktopVirtualization\test\New-AzWvdApplication.Tests.ps1">
        <results>
          <test-suite type="TestFixture" name="New-AzWvdApplication" executed="True" result="Failure" success="False" time="8.39" asserts="0" description="New-AzWvdApplication">
            <results>
              <test-case description="Create" name="New-AzWvdApplication.Create" time="2.6597" asserts="0" success="True" result="Success" executed="True" />
              <test-case description="AppAlias" name="New-AzWvdApplication.AppAlias" time="2.1741" asserts="0" success="True" result="Success" executed="True" />
              <test-case description="Create_MsixApplication_RAG" name="New-AzWvdApplication.Create_MsixApplication_RAG" time="0.74" asserts="0" success="False" result="Failure" executed="True">
                <failure>
                  <message>Unable to find type [Microsoft.Azure.PowerShell.Cmdlets.DesktopVirtualization.Models.Api202209.IMsixPackageApplications].</message>
                  <stack-trace>at &lt;ScriptBlock&gt;, C:\Repos\Forks\PS-testing\azure-powershell\src\DesktopVirtualization\test\New-AzWvdApplication.Tests.ps1: line 119
119:             $apps = @( [Microsoft.Azure.PowerShell.Cmdlets.DesktopVirtualization.Models.Api202209.IMsixPackageApplications]@{appId = 'MsixTest_Application_Id'; description = 'testing from ps'; appUserModelID = 'MsixTest_Application_ModelID'; friendlyName = 'some name'; iconImageName = 'Apptile'; rawIcon = $data1; rawPng = $data1 })
</stack-trace>
                </failure>
              </test-case>
              <test-case description="Create_MsixApplication_DAG" name="New-AzWvdApplication.Create_MsixApplication_DAG" time="2.6224" asserts="0" success="False" result="Failure" executed="True">
                <failure>
                  <message>Unable to find type [Microsoft.Azure.PowerShell.Cmdlets.DesktopVirtualization.Models.Api202209.MsixPackageApplications].</message>
                  <stack-trace>at &lt;ScriptBlock&gt;, C:\Repos\Forks\PS-testing\azure-powershell\src\DesktopVirtualization\test\New-AzWvdApplication.Tests.ps1: line 183
183:             $apps = @( [Microsoft.Azure.PowerShell.Cmdlets.DesktopVirtualization.Models.Api202209.MsixPackageApplications]@{appId = 'MsixTest_Application_Id'; description = 'testing from ps'; appUserModelID = 'MsixTest_Application_ModelID'; friendlyName = 'some name'; iconImageName = 'Apptile'; rawIcon = $data1; rawPng = $data1 })
</stack-trace>
                </failure>
              </test-case>
            </results>
          </test-suite>
        </results>
      </test-suite>
      <test-suite type="TestFixture" name="C:\Repos\Forks\PS-testing\azure-powershell\src\DesktopVirtualization\test\New-AzWvdApplicationGroup.Tests.ps1" executed="True" result="Success" success="True" time="4.8378" asserts="0" description="C:\Repos\Forks\PS-testing\azure-powershell\src\DesktopVirtualization\test\New-AzWvdApplicationGroup.Tests.ps1">
        <results>
          <test-suite type="TestFixture" name="New-AzWvdApplicationGroup" executed="True" result="Success" success="True" time="4.5441" asserts="0" description="New-AzWvdApplicationGroup">
            <results>
              <test-case description="Create" name="New-AzWvdApplicationGroup.Create" time="4.4056" asserts="0" success="True" result="Success" executed="True" />
            </results>
          </test-suite>
        </results>
      </test-suite>
      <test-suite type="TestFixture" name="C:\Repos\Forks\PS-testing\azure-powershell\src\DesktopVirtualization\test\New-AzWvdHostPool.Tests.ps1" executed="True" result="Success" success="True" time="8.7498" asserts="0" description="C:\Repos\Forks\PS-testing\azure-powershell\src\DesktopVirtualization\test\New-AzWvdHostPool.Tests.ps1">
        <results>
          <test-suite type="TestFixture" name="New-AzWvdHostPool" executed="True" result="Success" success="True" time="8.4448" asserts="0" description="New-AzWvdHostPool">
            <results>
              <test-case description="FullSenerioCreate" name="New-AzWvdHostPool.FullSenerioCreate" time="5.9711" asserts="0" success="True" result="Success" executed="True" />
              <test-case description="Create" name="New-AzWvdHostPool.Create" time="2.2617" asserts="0" success="True" result="Success" executed="True" />
            </results>
          </test-suite>
        </results>
      </test-suite>
      <test-suite type="TestFixture" name="C:\Repos\Forks\PS-testing\azure-powershell\src\DesktopVirtualization\test\New-AzWvdMsixPackage.Tests.ps1" executed="True" result="Failure" success="False" time="3.2973" asserts="0" description="C:\Repos\Forks\PS-testing\azure-powershell\src\DesktopVirtualization\test\New-AzWvdMsixPackage.Tests.ps1">
        <results>
          <test-suite type="TestFixture" name="New-AzWvdMsixPackage" executed="True" result="Failure" success="False" time="2.8096" asserts="0" description="New-AzWvdMsixPackage">
            <results>
              <test-case description="Create" name="New-AzWvdMsixPackage.Create" time="0.2708" asserts="0" success="False" result="Failure" executed="True">
                <failure>
                  <message>Can not perform requested operation on nested resource. Parent resource 'HostPoolPowershellContained1' not found.</message>
                  <stack-trace>at &lt;ScriptBlock&gt;, C:\Repos\Forks\PS-testing\azure-powershell\src\DesktopVirtualization\test\New-AzWvdMsixPackage.Tests.ps1: line 67
67:             $package_created = Remove-AzWvdMsixPackage -FullName 'MsixTest_FullName_UnitTest' `
</stack-trace>
                </failure>
              </test-case>
              <test-case description="PackageAlias" name="New-AzWvdMsixPackage.PackageAlias" time="2.3661" asserts="0" success="True" result="Success" executed="True" />
            </results>
          </test-suite>
        </results>
      </test-suite>
      <test-suite type="TestFixture" name="C:\Repos\Forks\PS-testing\azure-powershell\src\DesktopVirtualization\test\New-AzWvdRegistrationInfo.Tests.ps1" executed="True" result="Failure" success="False" time="3.2178" asserts="0" description="C:\Repos\Forks\PS-testing\azure-powershell\src\DesktopVirtualization\test\New-AzWvdRegistrationInfo.Tests.ps1">
        <results>
          <test-suite type="TestFixture" name="New-AzWvdRegistrationInfo" executed="True" result="Failure" success="False" time="2.8899" asserts="0" description="New-AzWvdRegistrationInfo">
            <results>
              <test-case description="Create new RegistrationInfo" name="New-AzWvdRegistrationInfo.Create new RegistrationInfo" time="2.7163" asserts="0" success="False" result="Failure" executed="True">
                <failure>
                  <message>Cannot find type [Microsoft.Azure.PowerShell.Cmdlets.DesktopVirtualization.Models.Api202209.RegistrationInfo]: verify that the assembly containing this type is loaded.</message>
                  <stack-trace>at &lt;ScriptBlock&gt;, C:\Repos\Forks\PS-testing\azure-powershell\src\DesktopVirtualization\custom\New-AzWvdRegistrationInfo.ps1: line 113
113:         New-Object -TypeName 'Microsoft.Azure.PowerShell.Cmdlets.DesktopVirtualization.Models.Api202209.RegistrationInfo' `
</stack-trace>
                </failure>
              </test-case>
            </results>
          </test-suite>
        </results>
      </test-suite>
      <test-suite type="TestFixture" name="C:\Repos\Forks\PS-testing\azure-powershell\src\DesktopVirtualization\test\New-AzWvdScalingPlan.Tests.ps1" executed="True" result="Success" success="True" time="17.1342" asserts="0" description="C:\Repos\Forks\PS-testing\azure-powershell\src\DesktopVirtualization\test\New-AzWvdScalingPlan.Tests.ps1">
        <results>
          <test-suite type="TestFixture" name="New-AzWvdScalingPlan" executed="True" result="Success" success="True" time="16.7771" asserts="0" description="New-AzWvdScalingPlan">
            <results>
              <test-case description="CreateExpanded" name="New-AzWvdScalingPlan.CreateExpanded" time="16.6279" asserts="0" success="True" result="Success" executed="True" />
            </results>
          </test-suite>
        </results>
      </test-suite>
      <test-suite type="TestFixture" name="C:\Repos\Forks\PS-testing\azure-powershell\src\DesktopVirtualization\test\New-AzWvdScalingPlanPooledSchedule.Tests.ps1" executed="True" result="Success" success="True" time="3.8937" asserts="0" description="C:\Repos\Forks\PS-testing\azure-powershell\src\DesktopVirtualization\test\New-AzWvdScalingPlanPooledSchedule.Tests.ps1">
        <results>
          <test-suite type="TestFixture" name="New-AzWvdScalingPlanPooledSchedule" executed="True" result="Success" success="True" time="3.5179" asserts="0" description="New-AzWvdScalingPlanPooledSchedule">
            <results>
              <test-case description="New" name="New-AzWvdScalingPlanPooledSchedule.New" time="3.3541" asserts="0" success="True" result="Success" executed="True" />
            </results>
          </test-suite>
        </results>
      </test-suite>
      <test-suite type="TestFixture" name="C:\Repos\Forks\PS-testing\azure-powershell\src\DesktopVirtualization\test\New-AzWvdWorkspace.Tests.ps1" executed="True" result="Success" success="True" time="2.5691" asserts="0" description="C:\Repos\Forks\PS-testing\azure-powershell\src\DesktopVirtualization\test\New-AzWvdWorkspace.Tests.ps1">
        <results>
          <test-suite type="TestFixture" name="New-AzWvdWorkspace" executed="True" result="Success" success="True" time="2.2321" asserts="0" description="New-AzWvdWorkspace">
            <results>
              <test-case description="Create" name="New-AzWvdWorkspace.Create" time="2.0115" asserts="0" success="True" result="Success" executed="True" />
            </results>
          </test-suite>
        </results>
      </test-suite>
      <test-suite type="TestFixture" name="C:\Repos\Forks\PS-testing\azure-powershell\src\DesktopVirtualization\test\Register-AzWvdApplicationGroup.Tests.ps1" executed="True" result="Success" success="True" time="6.9783" asserts="0" description="C:\Repos\Forks\PS-testing\azure-powershell\src\DesktopVirtualization\test\Register-AzWvdApplicationGroup.Tests.ps1">
        <results>
          <test-suite type="TestFixture" name="Register-AzWvdApplicationGroup" executed="True" result="Success" success="True" time="6.4972" asserts="0" description="Register-AzWvdApplicationGroup">
            <results>
              <test-case description="Register ApplicationGroup" name="Register-AzWvdApplicationGroup.Register ApplicationGroup" time="6.3558" asserts="0" success="True" result="Success" executed="True" />
            </results>
          </test-suite>
        </results>
      </test-suite>
      <test-suite type="TestFixture" name="C:\Repos\Forks\PS-testing\azure-powershell\src\DesktopVirtualization\test\Remove-AzWvdApplication.Tests.ps1" executed="True" result="Failure" success="False" time="4.5491" asserts="0" description="C:\Repos\Forks\PS-testing\azure-powershell\src\DesktopVirtualization\test\Remove-AzWvdApplication.Tests.ps1">
        <results>
          <test-suite type="TestFixture" name="Remove-AzWvdApplication" executed="True" result="Failure" success="False" time="4.2184" asserts="0" description="Remove-AzWvdApplication">
            <results>
              <test-case description="Delete" name="Remove-AzWvdApplication.Delete" time="4.0293" asserts="0" success="True" result="Success" executed="True" />
              <test-case description="Delete_MsixApplication_RAG" name="Remove-AzWvdApplication.Delete_MsixApplication_RAG" time="0.0165" asserts="0" success="False" result="Failure" executed="True">
                <failure>
                  <message>Unable to find type [Microsoft.Azure.PowerShell.Cmdlets.DesktopVirtualization.Models.Api202209.IMsixPackageApplications].</message>
                  <stack-trace>at &lt;ScriptBlock&gt;, C:\Repos\Forks\PS-testing\azure-powershell\src\DesktopVirtualization\test\Remove-AzWvdApplication.Tests.ps1: line 96
96:         $apps = @( [Microsoft.Azure.PowerShell.Cmdlets.DesktopVirtualization.Models.Api202209.IMsixPackageApplications]@{appId = 'MsixTest_Application_Id'; description = 'testing from ps'; appUserModelID = 'MsixTest_Application_ModelID'; friendlyName = 'some name'; iconImageName = 'Apptile'; rawIcon = $data1; rawPng = $data1 })
</stack-trace>
                </failure>
              </test-case>
              <test-case description="Delete_MsixApplication_DAG" name="Remove-AzWvdApplication.Delete_MsixApplication_DAG" time="0.0084" asserts="0" success="False" result="Failure" executed="True">
                <failure>
                  <message>Unable to find type [Microsoft.Azure.PowerShell.Cmdlets.DesktopVirtualization.Models.Api202209.IMsixPackageApplications].</message>
                  <stack-trace>at &lt;ScriptBlock&gt;, C:\Repos\Forks\PS-testing\azure-powershell\src\DesktopVirtualization\test\Remove-AzWvdApplication.Tests.ps1: line 178
178:         $apps = @( [Microsoft.Azure.PowerShell.Cmdlets.DesktopVirtualization.Models.Api202209.IMsixPackageApplications]@{appId = 'MsixTest_Application_Id'; description = 'testing from ps'; appUserModelID = 'MsixTest_Application_ModelID'; friendlyName = 'some name'; iconImageName = 'Apptile'; rawIcon = $data1; rawPng = $data1 })
</stack-trace>
                </failure>
              </test-case>
            </results>
          </test-suite>
        </results>
      </test-suite>
      <test-suite type="TestFixture" name="C:\Repos\Forks\PS-testing\azure-powershell\src\DesktopVirtualization\test\Remove-AzWvdApplicationGroup.Tests.ps1" executed="True" result="Success" success="True" time="4.7021" asserts="0" description="C:\Repos\Forks\PS-testing\azure-powershell\src\DesktopVirtualization\test\Remove-AzWvdApplicationGroup.Tests.ps1">
        <results>
          <test-suite type="TestFixture" name="Remove-AzWvdApplicationGroup" executed="True" result="Success" success="True" time="4.3619" asserts="0" description="Remove-AzWvdApplicationGroup">
            <results>
              <test-case description="Delete" name="Remove-AzWvdApplicationGroup.Delete" time="4.1865" asserts="0" success="True" result="Success" executed="True" />
            </results>
          </test-suite>
        </results>
      </test-suite>
      <test-suite type="TestFixture" name="C:\Repos\Forks\PS-testing\azure-powershell\src\DesktopVirtualization\test\Remove-AzWvdHostPool.Tests.ps1" executed="True" result="Success" success="True" time="3.1132" asserts="0" description="C:\Repos\Forks\PS-testing\azure-powershell\src\DesktopVirtualization\test\Remove-AzWvdHostPool.Tests.ps1">
        <results>
          <test-suite type="TestFixture" name="Remove-AzWvdHostPool" executed="True" result="Success" success="True" time="2.7388" asserts="0" description="Remove-AzWvdHostPool">
            <results>
              <test-case description="Delete" name="Remove-AzWvdHostPool.Delete" time="2.5674" asserts="0" success="True" result="Success" executed="True" />
            </results>
          </test-suite>
        </results>
      </test-suite>
      <test-suite type="TestFixture" name="C:\Repos\Forks\PS-testing\azure-powershell\src\DesktopVirtualization\test\Remove-AzWvdMsixPackage.Tests.ps1" executed="True" result="Failure" success="False" time="0.6145" asserts="0" description="C:\Repos\Forks\PS-testing\azure-powershell\src\DesktopVirtualization\test\Remove-AzWvdMsixPackage.Tests.ps1">
        <results>
          <test-suite type="TestFixture" name="Remove-AzWvdMsixPackage" executed="True" result="Failure" success="False" time="0.2351" asserts="0" description="Remove-AzWvdMsixPackage">
            <results>
              <test-case description="Delete" name="Remove-AzWvdMsixPackage.Delete" time="0.0152" asserts="0" success="False" result="Failure" executed="True">
                <failure>
                  <message>Unable to find type [Microsoft.Azure.PowerShell.Cmdlets.DesktopVirtualization.Models.Api202209.IMsixPackageApplications].</message>
                  <stack-trace>at &lt;ScriptBlock&gt;, C:\Repos\Forks\PS-testing\azure-powershell\src\DesktopVirtualization\test\Remove-AzWvdMsixPackage.Tests.ps1: line 21
21:         $apps = @( [Microsoft.Azure.PowerShell.Cmdlets.DesktopVirtualization.Models.Api202209.IMsixPackageApplications]@{appId = 'MsixTest_Application_Id'; description = 'testing from ps'; appUserModelID = 'MsixTest_Application_ModelID'; friendlyName = 'some name'; iconImageName = 'Apptile'; rawIcon = $data1; rawPng = $data1 })
</stack-trace>
                </failure>
              </test-case>
            </results>
          </test-suite>
        </results>
      </test-suite>
      <test-suite type="TestFixture" name="C:\Repos\Forks\PS-testing\azure-powershell\src\DesktopVirtualization\test\Remove-AzWvdPrivateEndpointConnection.Tests.ps1" executed="True" result="Ignored" success="True" time="0.5829" asserts="0" description="C:\Repos\Forks\PS-testing\azure-powershell\src\DesktopVirtualization\test\Remove-AzWvdPrivateEndpointConnection.Tests.ps1">
        <results>
          <test-suite type="TestFixture" name="Remove-AzWvdPrivateEndpointConnection" executed="True" result="Ignored" success="True" time="0.1801" asserts="0" description="Remove-AzWvdPrivateEndpointConnection">
            <results>
              <test-case description="Delete" name="Remove-AzWvdPrivateEndpointConnection.Delete" time="0" asserts="0" success="True" result="Ignored" executed="False" />
              <test-case description="Delete1" name="Remove-AzWvdPrivateEndpointConnection.Delete1" time="0" asserts="0" success="True" result="Ignored" executed="False" />
              <test-case description="DeleteViaIdentity1" name="Remove-AzWvdPrivateEndpointConnection.DeleteViaIdentity1" time="0" asserts="0" success="True" result="Ignored" executed="False" />
              <test-case description="DeleteViaIdentity" name="Remove-AzWvdPrivateEndpointConnection.DeleteViaIdentity" time="0" asserts="0" success="True" result="Ignored" executed="False" />
            </results>
          </test-suite>
        </results>
      </test-suite>
      <test-suite type="TestFixture" name="C:\Repos\Forks\PS-testing\azure-powershell\src\DesktopVirtualization\test\Remove-AzWvdRegistrationInfo.Tests.ps1" executed="True" result="Success" success="True" time="3.6243" asserts="0" description="C:\Repos\Forks\PS-testing\azure-powershell\src\DesktopVirtualization\test\Remove-AzWvdRegistrationInfo.Tests.ps1">
        <results>
          <test-suite type="TestFixture" name="Remove-AzWvdRegistrationInfo" executed="True" result="Success" success="True" time="3.2475" asserts="0" description="Remove-AzWvdRegistrationInfo">
            <results>
              <test-case description="Remove RegInfo" name="Remove-AzWvdRegistrationInfo.Remove RegInfo" time="3.0522" asserts="0" success="True" result="Success" executed="True" />
            </results>
          </test-suite>
        </results>
      </test-suite>
      <test-suite type="TestFixture" name="C:\Repos\Forks\PS-testing\azure-powershell\src\DesktopVirtualization\test\Remove-AzWvdScalingPlan.Tests.ps1" executed="True" result="Success" success="True" time="3.2747" asserts="0" description="C:\Repos\Forks\PS-testing\azure-powershell\src\DesktopVirtualization\test\Remove-AzWvdScalingPlan.Tests.ps1">
        <results>
          <test-suite type="TestFixture" name="Remove-AzWvdScalingPlan" executed="True" result="Success" success="True" time="2.868" asserts="0" description="Remove-AzWvdScalingPlan">
            <results>
              <test-case description="Delete" name="Remove-AzWvdScalingPlan.Delete" time="2.6476" asserts="0" success="True" result="Success" executed="True" />
            </results>
          </test-suite>
        </results>
      </test-suite>
      <test-suite type="TestFixture" name="C:\Repos\Forks\PS-testing\azure-powershell\src\DesktopVirtualization\test\Remove-AzWvdScalingPlanPooledSchedule.Tests.ps1" executed="True" result="Success" success="True" time="4.0009" asserts="0" description="C:\Repos\Forks\PS-testing\azure-powershell\src\DesktopVirtualization\test\Remove-AzWvdScalingPlanPooledSchedule.Tests.ps1">
        <results>
          <test-suite type="TestFixture" name="Remove-AzWvdScalingPlanPooledSchedule" executed="True" result="Success" success="True" time="3.4894" asserts="0" description="Remove-AzWvdScalingPlanPooledSchedule">
            <results>
              <test-case description="Delete" name="Remove-AzWvdScalingPlanPooledSchedule.Delete" time="3.2847" asserts="0" success="True" result="Success" executed="True" />
            </results>
          </test-suite>
        </results>
      </test-suite>
      <test-suite type="TestFixture" name="C:\Repos\Forks\PS-testing\azure-powershell\src\DesktopVirtualization\test\Remove-AzWvdSessionHost.Tests.ps1" executed="True" result="Failure" success="False" time="0.9327" asserts="0" description="C:\Repos\Forks\PS-testing\azure-powershell\src\DesktopVirtualization\test\Remove-AzWvdSessionHost.Tests.ps1">
        <results>
          <test-suite type="TestFixture" name="Remove-AzWvdSessionHost" executed="True" result="Failure" success="False" time="0.4255" asserts="0" description="Remove-AzWvdSessionHost">
            <results>
              <test-case description="Delete" name="Remove-AzWvdSessionHost.Delete" time="0.1654" asserts="0" success="False" result="Failure" executed="True">
                <failure>
                  <message>ActivityId: a709585f-835f-4e47-b0a7-5dac0865e3ce Error: SessionHost does not exist</message>
                  <stack-trace>at &lt;ScriptBlock&gt;, C:\Repos\Forks\PS-testing\azure-powershell\src\DesktopVirtualization\test\Remove-AzWvdSessionHost.Tests.ps1: line 16
16:         Get-AzWvdSessionHost -SubscriptionId $env.SubscriptionId `
</stack-trace>
                </failure>
              </test-case>
            </results>
          </test-suite>
        </results>
      </test-suite>
      <test-suite type="TestFixture" name="C:\Repos\Forks\PS-testing\azure-powershell\src\DesktopVirtualization\test\Remove-AzWvdUserSession.Tests.ps1" executed="True" result="Success" success="True" time="1.4029" asserts="0" description="C:\Repos\Forks\PS-testing\azure-powershell\src\DesktopVirtualization\test\Remove-AzWvdUserSession.Tests.ps1">
        <results>
          <test-suite type="TestFixture" name="Remove-AzWvdUserSession" executed="True" result="Success" success="True" time="0.891" asserts="0" description="Remove-AzWvdUserSession">
            <results>
              <test-case description="Delete" name="Remove-AzWvdUserSession.Delete" time="0.6718" asserts="0" success="True" result="Success" executed="True" />
            </results>
          </test-suite>
        </results>
      </test-suite>
      <test-suite type="TestFixture" name="C:\Repos\Forks\PS-testing\azure-powershell\src\DesktopVirtualization\test\Remove-AzWvdWorkspace.Tests.ps1" executed="True" result="Success" success="True" time="2.4571" asserts="0" description="C:\Repos\Forks\PS-testing\azure-powershell\src\DesktopVirtualization\test\Remove-AzWvdWorkspace.Tests.ps1">
        <results>
          <test-suite type="TestFixture" name="Remove-AzWvdWorkspace" executed="True" result="Success" success="True" time="2.0906" asserts="0" description="Remove-AzWvdWorkspace">
            <results>
              <test-case description="Delete" name="Remove-AzWvdWorkspace.Delete" time="1.8846" asserts="0" success="True" result="Success" executed="True" />
            </results>
          </test-suite>
        </results>
      </test-suite>
      <test-suite type="TestFixture" name="C:\Repos\Forks\PS-testing\azure-powershell\src\DesktopVirtualization\test\Send-AzWvdUserSessionMessage.Tests.ps1" executed="True" result="Failure" success="False" time="1.117" asserts="0" description="C:\Repos\Forks\PS-testing\azure-powershell\src\DesktopVirtualization\test\Send-AzWvdUserSessionMessage.Tests.ps1">
        <results>
          <test-suite type="TestFixture" name="Send-AzWvdUserSessionMessage" executed="True" result="Failure" success="False" time="0.5853" asserts="0" description="Send-AzWvdUserSessionMessage">
            <results>
              <test-case description="Send" name="Send-AzWvdUserSessionMessage.Send" time="0.3557" asserts="0" success="False" result="Failure" executed="True">
                <failure>
                  <message>ActivityId: 58f1276d-5704-4af3-8035-1f489c603241 Error: User session ID not found</message>
                  <stack-trace>at &lt;ScriptBlock&gt;, C:\Repos\Forks\PS-testing\azure-powershell\src\DesktopVirtualization\test\Send-AzWvdUserSessionMessage.Tests.ps1: line 16
16:         Send-AzWvdUserSessionMessage -SubscriptionId $env.SubscriptionId `
</stack-trace>
                </failure>
              </test-case>
            </results>
          </test-suite>
        </results>
      </test-suite>
      <test-suite type="TestFixture" name="C:\Repos\Forks\PS-testing\azure-powershell\src\DesktopVirtualization\test\Unregister-AzWvdApplicationGroup.Tests.ps1" executed="True" result="Success" success="True" time="7.5686" asserts="0" description="C:\Repos\Forks\PS-testing\azure-powershell\src\DesktopVirtualization\test\Unregister-AzWvdApplicationGroup.Tests.ps1">
        <results>
          <test-suite type="TestFixture" name="Unregister-AzWvdApplicationGroup" executed="True" result="Success" success="True" time="7.1769" asserts="0" description="Unregister-AzWvdApplicationGroup">
            <results>
              <test-case description="Unregister ApplicationGroup" name="Unregister-AzWvdApplicationGroup.Unregister ApplicationGroup" time="7.0454" asserts="0" success="True" result="Success" executed="True" />
            </results>
          </test-suite>
        </results>
      </test-suite>
      <test-suite type="TestFixture" name="C:\Repos\Forks\PS-testing\azure-powershell\src\DesktopVirtualization\test\Update-AzWvdApplication.Tests.ps1" executed="True" result="Failure" success="False" time="6.1143" asserts="0" description="C:\Repos\Forks\PS-testing\azure-powershell\src\DesktopVirtualization\test\Update-AzWvdApplication.Tests.ps1">
        <results>
          <test-suite type="TestFixture" name="Update-AzWvdApplication" executed="True" result="Failure" success="False" time="5.7379" asserts="0" description="Update-AzWvdApplication">
            <results>
              <test-case description="Update" name="Update-AzWvdApplication.Update" time="5.3168" asserts="0" success="True" result="Success" executed="True" />
              <test-case description="Update-MsixApplication" name="Update-AzWvdApplication.Update-MsixApplication" time="0.2651" asserts="0" success="False" result="Failure" executed="True">
                <failure>
                  <message>Can not perform requested operation on nested resource. Parent resource 'ApplicationGroupPowershell2' not found.</message>
                  <stack-trace>at &lt;ScriptBlock&gt;, C:\Repos\Forks\PS-testing\azure-powershell\src\DesktopVirtualization\test\Update-AzWvdApplication.Tests.ps1: line 218
218:             $application = Remove-AzWvdApplication -GroupName $env.RemoteApplicationGroup `
</stack-trace>
                </failure>
              </test-case>
            </results>
          </test-suite>
        </results>
      </test-suite>
      <test-suite type="TestFixture" name="C:\Repos\Forks\PS-testing\azure-powershell\src\DesktopVirtualization\test\Update-AzWvdApplicationGroup.Tests.ps1" executed="True" result="Success" success="True" time="5.1587" asserts="0" description="C:\Repos\Forks\PS-testing\azure-powershell\src\DesktopVirtualization\test\Update-AzWvdApplicationGroup.Tests.ps1">
        <results>
          <test-suite type="TestFixture" name="Update-AzWvdApplicationGroup" executed="True" result="Success" success="True" time="4.7532" asserts="0" description="Update-AzWvdApplicationGroup">
            <results>
              <test-case description="Update" name="Update-AzWvdApplicationGroup.Update" time="4.5829" asserts="0" success="True" result="Success" executed="True" />
            </results>
          </test-suite>
        </results>
      </test-suite>
      <test-suite type="TestFixture" name="C:\Repos\Forks\PS-testing\azure-powershell\src\DesktopVirtualization\test\Update-AzWvdDesktop.Tests.ps1" executed="True" result="Success" success="True" time="5.5904" asserts="0" description="C:\Repos\Forks\PS-testing\azure-powershell\src\DesktopVirtualization\test\Update-AzWvdDesktop.Tests.ps1">
        <results>
          <test-suite type="TestFixture" name="Update-AzWvdDesktop" executed="True" result="Success" success="True" time="5.231" asserts="0" description="Update-AzWvdDesktop">
            <results>
              <test-case description="Update" name="Update-AzWvdDesktop.Update" time="5.051" asserts="0" success="True" result="Success" executed="True" />
            </results>
          </test-suite>
        </results>
      </test-suite>
      <test-suite type="TestFixture" name="C:\Repos\Forks\PS-testing\azure-powershell\src\DesktopVirtualization\test\Update-AzWvdHostPool.Tests.ps1" executed="True" result="Success" success="True" time="3.362" asserts="0" description="C:\Repos\Forks\PS-testing\azure-powershell\src\DesktopVirtualization\test\Update-AzWvdHostPool.Tests.ps1">
        <results>
          <test-suite type="TestFixture" name="Update-AzWvdHostPool" executed="True" result="Success" success="True" time="2.9378" asserts="0" description="Update-AzWvdHostPool">
            <results>
              <test-case description="Update" name="Update-AzWvdHostPool.Update" time="2.7806" asserts="0" success="True" result="Success" executed="True" />
            </results>
          </test-suite>
        </results>
      </test-suite>
      <test-suite type="TestFixture" name="C:\Repos\Forks\PS-testing\azure-powershell\src\DesktopVirtualization\test\Update-AzWvdMsixPackage.Tests.ps1" executed="True" result="Failure" success="False" time="0.7964" asserts="0" description="C:\Repos\Forks\PS-testing\azure-powershell\src\DesktopVirtualization\test\Update-AzWvdMsixPackage.Tests.ps1">
        <results>
          <test-suite type="TestFixture" name="Update-AzWvdMsixPackage" executed="True" result="Failure" success="False" time="0.4328" asserts="0" description="Update-AzWvdMsixPackage">
            <results>
              <test-case description="Update" name="Update-AzWvdMsixPackage.Update" time="0.2608" asserts="0" success="False" result="Failure" executed="True">
                <failure>
                  <message>Can not perform requested operation on nested resource. Parent resource 'HostPoolPowershellContained1' not found.</message>
                  <stack-trace>at &lt;ScriptBlock&gt;, C:\Repos\Forks\PS-testing\azure-powershell\src\DesktopVirtualization\test\Update-AzWvdMsixPackage.Tests.ps1: line 89
89:             $package = Remove-AzWvdMsixPackage -FullName 'MsixTest_FullName_UnitTest' `
</stack-trace>
                </failure>
              </test-case>
            </results>
          </test-suite>
        </results>
      </test-suite>
      <test-suite type="TestFixture" name="C:\Repos\Forks\PS-testing\azure-powershell\src\DesktopVirtualization\test\Update-AzWvdScalingPlan.Tests.ps1" executed="True" result="Success" success="True" time="18.1643" asserts="0" description="C:\Repos\Forks\PS-testing\azure-powershell\src\DesktopVirtualization\test\Update-AzWvdScalingPlan.Tests.ps1">
        <results>
          <test-suite type="TestFixture" name="Update-AzWvdScalingPlan" executed="True" result="Success" success="True" time="17.727" asserts="0" description="Update-AzWvdScalingPlan">
            <results>
              <test-case description="UpdateExpanded" name="Update-AzWvdScalingPlan.UpdateExpanded" time="17.5037" asserts="0" success="True" result="Success" executed="True" />
            </results>
          </test-suite>
        </results>
      </test-suite>
      <test-suite type="TestFixture" name="C:\Repos\Forks\PS-testing\azure-powershell\src\DesktopVirtualization\test\Update-AzWvdScalingPlanPooledSchedule.Tests.ps1" executed="True" result="Success" success="True" time="3.7876" asserts="0" description="C:\Repos\Forks\PS-testing\azure-powershell\src\DesktopVirtualization\test\Update-AzWvdScalingPlanPooledSchedule.Tests.ps1">
        <results>
          <test-suite type="TestFixture" name="Update-AzWvdScalingPlanPooledSchedule" executed="True" result="Success" success="True" time="3.3976" asserts="0" description="Update-AzWvdScalingPlanPooledSchedule">
            <results>
              <test-case description="UpdateExpanded" name="Update-AzWvdScalingPlanPooledSchedule.UpdateExpanded" time="3.2147" asserts="0" success="True" result="Success" executed="True" />
            </results>
          </test-suite>
        </results>
      </test-suite>
      <test-suite type="TestFixture" name="C:\Repos\Forks\PS-testing\azure-powershell\src\DesktopVirtualization\test\Update-AzWvdSessionHost.Tests.ps1" executed="True" result="Success" success="True" time="1.8472" asserts="0" description="C:\Repos\Forks\PS-testing\azure-powershell\src\DesktopVirtualization\test\Update-AzWvdSessionHost.Tests.ps1">
        <results>
          <test-suite type="TestFixture" name="Update-AzWvdSessionHost" executed="True" result="Success" success="True" time="1.353" asserts="0" description="Update-AzWvdSessionHost">
            <results>
              <test-case description="Update" name="Update-AzWvdSessionHost.Update" time="1.2181" asserts="0" success="True" result="Success" executed="True" />
            </results>
          </test-suite>
        </results>
      </test-suite>
      <test-suite type="TestFixture" name="C:\Repos\Forks\PS-testing\azure-powershell\src\DesktopVirtualization\test\Update-AzWvdWorkspace.Tests.ps1" executed="True" result="Success" success="True" time="2.9326" asserts="0" description="C:\Repos\Forks\PS-testing\azure-powershell\src\DesktopVirtualization\test\Update-AzWvdWorkspace.Tests.ps1">
        <results>
          <test-suite type="TestFixture" name="Update-AzWvdWorkspace" executed="True" result="Success" success="True" time="2.4514" asserts="0" description="Update-AzWvdWorkspace">
            <results>
              <test-case description="Update" name="Update-AzWvdWorkspace.Update" time="2.2793" asserts="0" success="True" result="Success" executed="True" />
            </results>
          </test-suite>
        </results>
      </test-suite>
    </results>
  </test-suite>
</test-results>