<?xml version="1.0" encoding="utf-8" standalone="no"?>
<test-results xmlns:xsi="http://www.w3.org/2001/XMLSchema-instance" xsi:noNamespaceSchemaLocation="nunit_schema_2.5.xsd" name="Pester" total="78" errors="0" failures="9" not-run="0" inconclusive="0" ignored="0" skipped="0" invalid="0" date="2023-06-20" time="16:07:59">
  <environment nunit-version="2.5.8.0" cwd="C:\Repos\Forks\PS-testing\azure-powershell\src\DesktopVirtualization" machine-name="LAPTOP-5URQ3QGR" clr-version="Unknown" user="alecbaird" user-domain="REDMOND" platform="Microsoft Windows 11 Enterprise|C:\WINDOWS|\Device\Harddisk0\Partition3" os-version="10.0.22621" />
  <culture-info current-culture="en-US" current-uiculture="en-US" />
  <test-suite type="TestFixture" name="Pester" executed="True" result="Failure" success="False" time="805.5567" asserts="0" description="Pester">
    <results>
      <test-suite type="TestFixture" name="C:\Repos\Forks\PS-testing\azure-powershell\src\DesktopVirtualization\test\Disconnect-AzWvdUserSession.Tests.ps1" executed="True" result="Failure" success="False" time="3.4126" asserts="0" description="C:\Repos\Forks\PS-testing\azure-powershell\src\DesktopVirtualization\test\Disconnect-AzWvdUserSession.Tests.ps1">
        <results>
          <test-suite type="TestFixture" name="Disconnect-AzWvdUserSession" executed="True" result="Failure" success="False" time="3.0835" asserts="0" description="Disconnect-AzWvdUserSession">
            <results>
              <test-case description="Disconnect" name="Disconnect-AzWvdUserSession.Disconnect" time="2.6864" asserts="0" success="False" result="Failure" executed="True">
                <failure>
                  <message>ActivityId: 1e49f89b-636e-4217-9892-cc579e80ff51 Error: User session ID not found</message>
                  <stack-trace>at &lt;ScriptBlock&gt;, C:\Repos\Forks\PS-testing\azure-powershell\src\DesktopVirtualization\test\Disconnect-AzWvdUserSession.Tests.ps1: line 17
17:         Disconnect-AzWvdUserSession -SubscriptionId $env.SubscriptionId `
</stack-trace>
                </failure>
              </test-case>
            </results>
          </test-suite>
        </results>
      </test-suite>
      <test-suite type="TestFixture" name="C:\Repos\Forks\PS-testing\azure-powershell\src\DesktopVirtualization\test\Expand-AzWvdMsixImage.Tests.ps1" executed="True" result="Success" success="True" time="1.3511" asserts="0" description="C:\Repos\Forks\PS-testing\azure-powershell\src\DesktopVirtualization\test\Expand-AzWvdMsixImage.Tests.ps1">
        <results>
          <test-suite type="TestFixture" name="Expand-AzWvdMsixImage" executed="True" result="Success" success="True" time="1.074" asserts="0" description="Expand-AzWvdMsixImage">
            <results>
              <test-case description="Expand" name="Expand-AzWvdMsixImage.Expand" time="0.9332" asserts="0" success="True" result="Success" executed="True" />
            </results>
          </test-suite>
        </results>
      </test-suite>
      <test-suite type="TestFixture" name="C:\Repos\Forks\PS-testing\azure-powershell\src\DesktopVirtualization\test\Get-AzWvdApplication.Tests.ps1" executed="True" result="Success" success="True" time="18.6005" asserts="0" description="C:\Repos\Forks\PS-testing\azure-powershell\src\DesktopVirtualization\test\Get-AzWvdApplication.Tests.ps1">
        <results>
          <test-suite type="TestFixture" name="Get-AzWvdApplication" executed="True" result="Success" success="True" time="18.2918" asserts="0" description="Get-AzWvdApplication">
            <results>
              <test-case description="Get" name="Get-AzWvdApplication.Get" time="4.3566" asserts="0" success="True" result="Success" executed="True" />
              <test-case description="List" name="Get-AzWvdApplication.List" time="3.7966" asserts="0" success="True" result="Success" executed="True" />
              <test-case description="GetMsixApplication_RAG" name="Get-AzWvdApplication.GetMsixApplication_RAG" time="3.9182" asserts="0" success="True" result="Success" executed="True" />
              <test-case description="GetMsixApplication_DAG" name="Get-AzWvdApplication.GetMsixApplication_DAG" time="6.0656" asserts="0" success="True" result="Success" executed="True" />
            </results>
          </test-suite>
        </results>
      </test-suite>
      <test-suite type="TestFixture" name="C:\Repos\Forks\PS-testing\azure-powershell\src\DesktopVirtualization\test\Get-AzWvdApplicationGroup.Tests.ps1" executed="True" result="Success" success="True" time="16.013" asserts="0" description="C:\Repos\Forks\PS-testing\azure-powershell\src\DesktopVirtualization\test\Get-AzWvdApplicationGroup.Tests.ps1">
        <results>
          <test-suite type="TestFixture" name="Get-AzWvdApplicationGroup" executed="True" result="Success" success="True" time="15.769" asserts="0" description="Get-AzWvdApplicationGroup">
            <results>
              <test-case description="Get" name="Get-AzWvdApplicationGroup.Get" time="3.3269" asserts="0" success="True" result="Success" executed="True" />
              <test-case description="List" name="Get-AzWvdApplicationGroup.List" time="5.1812" asserts="0" success="True" result="Success" executed="True" />
              <test-case description="List Subscription Level" name="Get-AzWvdApplicationGroup.List Subscription Level" time="7.0812" asserts="0" success="True" result="Success" executed="True" />
            </results>
          </test-suite>
        </results>
      </test-suite>
      <test-suite type="TestFixture" name="C:\Repos\Forks\PS-testing\azure-powershell\src\DesktopVirtualization\test\Get-AzWvdDesktop.Tests.ps1" executed="True" result="Success" success="True" time="6.8066" asserts="0" description="C:\Repos\Forks\PS-testing\azure-powershell\src\DesktopVirtualization\test\Get-AzWvdDesktop.Tests.ps1">
        <results>
          <test-suite type="TestFixture" name="Get-AzWvdDesktop" executed="True" result="Success" success="True" time="6.5667" asserts="0" description="Get-AzWvdDesktop">
            <results>
              <test-case description="Get" name="Get-AzWvdDesktop.Get" time="3.1295" asserts="0" success="True" result="Success" executed="True" />
              <test-case description="List" name="Get-AzWvdDesktop.List" time="3.2927" asserts="0" success="True" result="Success" executed="True" />
            </results>
          </test-suite>
        </results>
      </test-suite>
      <test-suite type="TestFixture" name="C:\Repos\Forks\PS-testing\azure-powershell\src\DesktopVirtualization\test\Get-AzWvdHostPool.Tests.ps1" executed="True" result="Success" success="True" time="14.31" asserts="0" description="C:\Repos\Forks\PS-testing\azure-powershell\src\DesktopVirtualization\test\Get-AzWvdHostPool.Tests.ps1">
        <results>
          <test-suite type="TestFixture" name="Get-AzWvdHostPool" executed="True" result="Success" success="True" time="14.0665" asserts="0" description="Get-AzWvdHostPool">
            <results>
              <test-case description="Get" name="Get-AzWvdHostPool.Get" time="2.5304" asserts="0" success="True" result="Success" executed="True" />
              <test-case description="List" name="Get-AzWvdHostPool.List" time="4.5053" asserts="0" success="True" result="Success" executed="True" />
              <test-case description="List Subscription Level" name="Get-AzWvdHostPool.List Subscription Level" time="6.8677" asserts="0" success="True" result="Success" executed="True" />
            </results>
          </test-suite>
        </results>
      </test-suite>
      <test-suite type="TestFixture" name="C:\Repos\Forks\PS-testing\azure-powershell\src\DesktopVirtualization\test\Get-AzWvdHostPoolRegistrationToken.Tests.ps1" executed="True" result="Success" success="True" time="2.6401" asserts="0" description="C:\Repos\Forks\PS-testing\azure-powershell\src\DesktopVirtualization\test\Get-AzWvdHostPoolRegistrationToken.Tests.ps1">
        <results>
          <test-suite type="TestFixture" name="Get-AzWvdHostPoolRegistrationToken" executed="True" result="Success" success="True" time="2.4214" asserts="0" description="Get-AzWvdHostPoolRegistrationToken">
            <results>
              <test-case description="Retrieve" name="Get-AzWvdHostPoolRegistrationToken.Retrieve" time="2.2766" asserts="0" success="True" result="Success" executed="True" />
            </results>
          </test-suite>
        </results>
      </test-suite>
      <test-suite type="TestFixture" name="C:\Repos\Forks\PS-testing\azure-powershell\src\DesktopVirtualization\test\Get-AzWvdMsixPackage.Tests.ps1" executed="True" result="Success" success="True" time="4.717" asserts="0" description="C:\Repos\Forks\PS-testing\azure-powershell\src\DesktopVirtualization\test\Get-AzWvdMsixPackage.Tests.ps1">
        <results>
          <test-suite type="TestFixture" name="Get-AzWvdMsixPackage" executed="True" result="Success" success="True" time="4.3777" asserts="0" description="Get-AzWvdMsixPackage">
            <results>
              <test-case description="List" name="Get-AzWvdMsixPackage.List" time="2.2834" asserts="0" success="True" result="Success" executed="True" />
              <test-case description="Get" name="Get-AzWvdMsixPackage.Get" time="1.9386" asserts="0" success="True" result="Success" executed="True" />
            </results>
          </test-suite>
        </results>
      </test-suite>
      <test-suite type="TestFixture" name="C:\Repos\Forks\PS-testing\azure-powershell\src\DesktopVirtualization\test\Get-AzWvdPrivateEndpointConnection.Tests.ps1" executed="True" result="Success" success="True" time="394.5471" asserts="0" description="C:\Repos\Forks\PS-testing\azure-powershell\src\DesktopVirtualization\test\Get-AzWvdPrivateEndpointConnection.Tests.ps1">
        <results>
          <test-suite type="TestFixture" name="Get-AzWvdPrivateEndpointConnection" executed="True" result="Success" success="True" time="394.1746" asserts="0" description="Get-AzWvdPrivateEndpointConnection">
            <results>
              <test-case description="ListWorkspace" name="Get-AzWvdPrivateEndpointConnection.ListWorkspace" time="130.1977" asserts="0" success="True" result="Success" executed="True" />
              <test-case description="GetWorkspace" name="Get-AzWvdPrivateEndpointConnection.GetWorkspace" time="70.4895" asserts="0" success="True" result="Success" executed="True" />
              <test-case description="GetHostPool" name="Get-AzWvdPrivateEndpointConnection.GetHostPool" time="68.8403" asserts="0" success="True" result="Success" executed="True" />
              <test-case description="ListHostPool" name="Get-AzWvdPrivateEndpointConnection.ListHostPool" time="124.5126" asserts="0" success="True" result="Success" executed="True" />
            </results>
          </test-suite>
        </results>
      </test-suite>
      <test-suite type="TestFixture" name="C:\Repos\Forks\PS-testing\azure-powershell\src\DesktopVirtualization\test\Get-AzWvdPrivateLinkResource.Tests.ps1" executed="True" result="Failure" success="False" time="2.1447" asserts="0" description="C:\Repos\Forks\PS-testing\azure-powershell\src\DesktopVirtualization\test\Get-AzWvdPrivateLinkResource.Tests.ps1">
        <results>
          <test-suite type="TestFixture" name="Get-AzWvdPrivateLinkResource" executed="True" result="Failure" success="False" time="1.9113" asserts="0" description="Get-AzWvdPrivateLinkResource">
            <results>
              <test-case description="GetWorkspace" name="Get-AzWvdPrivateLinkResource.GetWorkspace" time="1.7561" asserts="0" success="False" result="Failure" executed="True">
                <failure>
                  <message>Cannot bind argument to parameter 'ResourceGroupName' because it is an empty string.</message>
                  <stack-trace>at &lt;ScriptBlock&gt;, C:\Repos\Forks\PS-testing\azure-powershell\src\DesktopVirtualization\test\Get-AzWvdPrivateLinkResource.Tests.ps1: line 25
25:             $privateLinkResource = Get-AzWvdPrivateLinkResource -ResourceGroupName $env.ResourceGroupName `
</stack-trace>
                </failure>
              </test-case>
              <test-case description="GetHostPool" name="Get-AzWvdPrivateLinkResource.GetHostPool" time="0.0175" asserts="0" success="False" result="Failure" executed="True">
                <failure>
                  <message>Cannot bind argument to parameter 'ResourceGroupName' because it is an empty string.</message>
                  <stack-trace>at &lt;ScriptBlock&gt;, C:\Repos\Forks\PS-testing\azure-powershell\src\DesktopVirtualization\test\Get-AzWvdPrivateLinkResource.Tests.ps1: line 39
39:         $privateLinkResource = Get-AzWvdPrivateLinkResource -ResourceGroupName $env.ResourceGroupName `
</stack-trace>
                </failure>
              </test-case>
            </results>
          </test-suite>
        </results>
      </test-suite>
      <test-suite type="TestFixture" name="C:\Repos\Forks\PS-testing\azure-powershell\src\DesktopVirtualization\test\Get-AzWvdRegistrationInfo.Tests.ps1" executed="True" result="Success" success="True" time="2.7813" asserts="0" description="C:\Repos\Forks\PS-testing\azure-powershell\src\DesktopVirtualization\test\Get-AzWvdRegistrationInfo.Tests.ps1">
        <results>
          <test-suite type="TestFixture" name="Get-AzWvdRegistrationInfo" executed="True" result="Success" success="True" time="2.512" asserts="0" description="Get-AzWvdRegistrationInfo">
            <results>
              <test-case description="Get RegInfo" name="Get-AzWvdRegistrationInfo.Get RegInfo" time="2.3698" asserts="0" success="True" result="Success" executed="True" />
            </results>
          </test-suite>
        </results>
      </test-suite>
      <test-suite type="TestFixture" name="C:\Repos\Forks\PS-testing\azure-powershell\src\DesktopVirtualization\test\Get-AzWvdScalingPlan.Tests.ps1" executed="True" result="Failure" success="False" time="11.8525" asserts="0" description="C:\Repos\Forks\PS-testing\azure-powershell\src\DesktopVirtualization\test\Get-AzWvdScalingPlan.Tests.ps1">
        <results>
          <test-suite type="TestFixture" name="Get-AzWvdScalingPlan" executed="True" result="Failure" success="False" time="11.5935" asserts="0" description="Get-AzWvdScalingPlan">
            <results>
              <test-case description="Get" name="Get-AzWvdScalingPlan.Get" time="2.6529" asserts="0" success="True" result="Success" executed="True" />
              <test-case description="List" name="Get-AzWvdScalingPlan.List" time="4.1181" asserts="0" success="True" result="Success" executed="True" />
              <test-case description="List By Subscription" name="Get-AzWvdScalingPlan.List By Subscription" time="4.6999" asserts="0" success="False" result="Failure" executed="True">
                <failure>
                  <message>Expected 4, but got 2.</message>
                  <stack-trace>at &lt;ScriptBlock&gt;, C:\Repos\Forks\PS-testing\azure-powershell\src\DesktopVirtualization\test\Get-AzWvdScalingPlan.Tests.ps1: line 144
144:             $scalingPlans.Count | Should -Be 4</stack-trace>
                </failure>
              </test-case>
            </results>
          </test-suite>
        </results>
      </test-suite>
      <test-suite type="TestFixture" name="C:\Repos\Forks\PS-testing\azure-powershell\src\DesktopVirtualization\test\Get-AzWvdScalingPlanPooledSchedule.Tests.ps1" executed="True" result="Success" success="True" time="6.2237" asserts="0" description="C:\Repos\Forks\PS-testing\azure-powershell\src\DesktopVirtualization\test\Get-AzWvdScalingPlanPooledSchedule.Tests.ps1">
        <results>
          <test-suite type="TestFixture" name="Get-AzWvdScalingPlanPooledSchedule" executed="True" result="Success" success="True" time="6.008" asserts="0" description="Get-AzWvdScalingPlanPooledSchedule">
            <results>
              <test-case description="Get" name="Get-AzWvdScalingPlanPooledSchedule.Get" time="2.8121" asserts="0" success="True" result="Success" executed="True" />
              <test-case description="List" name="Get-AzWvdScalingPlanPooledSchedule.List" time="3.0692" asserts="0" success="True" result="Success" executed="True" />
            </results>
          </test-suite>
        </results>
      </test-suite>
      <test-suite type="TestFixture" name="C:\Repos\Forks\PS-testing\azure-powershell\src\DesktopVirtualization\test\Get-AzWvdSessionHost.Tests.ps1" executed="True" result="Success" success="True" time="0.8487" asserts="0" description="C:\Repos\Forks\PS-testing\azure-powershell\src\DesktopVirtualization\test\Get-AzWvdSessionHost.Tests.ps1">
        <results>
          <test-suite type="TestFixture" name="Get-AzWvdSessionHost" executed="True" result="Success" success="True" time="0.649" asserts="0" description="Get-AzWvdSessionHost">
            <results>
              <test-case description="Get" name="Get-AzWvdSessionHost.Get" time="0.3055" asserts="0" success="True" result="Success" executed="True" />
              <test-case description="List" name="Get-AzWvdSessionHost.List" time="0.2237" asserts="0" success="True" result="Success" executed="True" />
            </results>
          </test-suite>
        </results>
      </test-suite>
      <test-suite type="TestFixture" name="C:\Repos\Forks\PS-testing\azure-powershell\src\DesktopVirtualization\test\Get-AzWvdStartMenuItem.Tests.ps1" executed="True" result="Success" success="True" time="1.5226" asserts="0" description="C:\Repos\Forks\PS-testing\azure-powershell\src\DesktopVirtualization\test\Get-AzWvdStartMenuItem.Tests.ps1">
        <results>
          <test-suite type="TestFixture" name="Get-AzWvdStartMenuItem" executed="True" result="Success" success="True" time="1.3094" asserts="0" description="Get-AzWvdStartMenuItem">
            <results>
              <test-case description="List" name="Get-AzWvdStartMenuItem.List" time="1.1938" asserts="0" success="True" result="Success" executed="True" />
            </results>
          </test-suite>
        </results>
      </test-suite>
      <test-suite type="TestFixture" name="C:\Repos\Forks\PS-testing\azure-powershell\src\DesktopVirtualization\test\Get-AzWvdUserSession.Tests.ps1" executed="True" result="Failure" success="False" time="0.9929" asserts="0" description="C:\Repos\Forks\PS-testing\azure-powershell\src\DesktopVirtualization\test\Get-AzWvdUserSession.Tests.ps1">
        <results>
          <test-suite type="TestFixture" name="Get-AzWvdUserSession" executed="True" result="Failure" success="False" time="0.7631" asserts="0" description="Get-AzWvdUserSession">
            <results>
              <test-case description="Get" name="Get-AzWvdUserSession.Get" time="0.2469" asserts="0" success="False" result="Failure" executed="True">
                <failure>
                  <message>ActivityId: 0005767d-1bcc-4067-89fa-2a100b782f48 Error: User session does not exist</message>
                  <stack-trace>at &lt;ScriptBlock&gt;, C:\Repos\Forks\PS-testing\azure-powershell\src\DesktopVirtualization\test\Get-AzWvdUserSession.Tests.ps1: line 21
21:         $userSession = Get-AzWvdUserSession -SubscriptionId $env.SubscriptionId `
</stack-trace>
                </failure>
              </test-case>
              <test-case description="List" name="Get-AzWvdUserSession.List" time="0.1887" asserts="0" success="False" result="Failure" executed="True">
                <failure>
                  <message>Cannot index into a null array.</message>
                  <stack-trace>at &lt;ScriptBlock&gt;, C:\Repos\Forks\PS-testing\azure-powershell\src\DesktopVirtualization\test\Get-AzWvdUserSession.Tests.ps1: line 35
35:             $userSessions[0].Name | Should -Be $userName2
</stack-trace>
                </failure>
              </test-case>
              <test-case description="List host pool Level" name="Get-AzWvdUserSession.List host pool Level" time="0.171" asserts="0" success="False" result="Failure" executed="True">
                <failure>
                  <message>Cannot index into a null array.</message>
                  <stack-trace>at &lt;ScriptBlock&gt;, C:\Repos\Forks\PS-testing\azure-powershell\src\DesktopVirtualization\test\Get-AzWvdUserSession.Tests.ps1: line 44
44:             $userSessions[0].Name | Should -Be $userName2
</stack-trace>
                </failure>
              </test-case>
            </results>
          </test-suite>
        </results>
      </test-suite>
      <test-suite type="TestFixture" name="C:\Repos\Forks\PS-testing\azure-powershell\src\DesktopVirtualization\test\Get-AzWvdWorkspace.Tests.ps1" executed="True" result="Success" success="True" time="10.5558" asserts="0" description="C:\Repos\Forks\PS-testing\azure-powershell\src\DesktopVirtualization\test\Get-AzWvdWorkspace.Tests.ps1">
        <results>
          <test-suite type="TestFixture" name="Get-AzWvdWorkspace" executed="True" result="Success" success="True" time="10.3345" asserts="0" description="Get-AzWvdWorkspace">
            <results>
              <test-case description="Get" name="Get-AzWvdWorkspace.Get" time="1.928" asserts="0" success="True" result="Success" executed="True" />
              <test-case description="List" name="Get-AzWvdWorkspace.List" time="3.7391" asserts="0" success="True" result="Success" executed="True" />
              <test-case description="List Subscription Level" name="Get-AzWvdWorkspace.List Subscription Level" time="4.5533" asserts="0" success="True" result="Success" executed="True" />
            </results>
          </test-suite>
        </results>
      </test-suite>
      <test-suite type="TestFixture" name="C:\Repos\Forks\PS-testing\azure-powershell\src\DesktopVirtualization\test\New-AzWvdApplication.Tests.ps1" executed="True" result="Success" success="True" time="14.0033" asserts="0" description="C:\Repos\Forks\PS-testing\azure-powershell\src\DesktopVirtualization\test\New-AzWvdApplication.Tests.ps1">
        <results>
          <test-suite type="TestFixture" name="New-AzWvdApplication" executed="True" result="Success" success="True" time="13.7642" asserts="0" description="New-AzWvdApplication">
            <results>
              <test-case description="Create" name="New-AzWvdApplication.Create" time="3.1314" asserts="0" success="True" result="Success" executed="True" />
              <test-case description="AppAlias" name="New-AzWvdApplication.AppAlias" time="2.2851" asserts="0" success="True" result="Success" executed="True" />
              <test-case description="Create_MsixApplication_RAG" name="New-AzWvdApplication.Create_MsixApplication_RAG" time="1.8342" asserts="0" success="True" result="Success" executed="True" />
              <test-case description="Create_MsixApplication_DAG" name="New-AzWvdApplication.Create_MsixApplication_DAG" time="6.3523" asserts="0" success="True" result="Success" executed="True" />
            </results>
          </test-suite>
        </results>
      </test-suite>
      <test-suite type="TestFixture" name="C:\Repos\Forks\PS-testing\azure-powershell\src\DesktopVirtualization\test\New-AzWvdApplicationGroup.Tests.ps1" executed="True" result="Success" success="True" time="4.6273" asserts="0" description="C:\Repos\Forks\PS-testing\azure-powershell\src\DesktopVirtualization\test\New-AzWvdApplicationGroup.Tests.ps1">
        <results>
          <test-suite type="TestFixture" name="New-AzWvdApplicationGroup" executed="True" result="Success" success="True" time="4.3751" asserts="0" description="New-AzWvdApplicationGroup">
            <results>
              <test-case description="Create" name="New-AzWvdApplicationGroup.Create" time="4.258" asserts="0" success="True" result="Success" executed="True" />
            </results>
          </test-suite>
        </results>
      </test-suite>
      <test-suite type="TestFixture" name="C:\Repos\Forks\PS-testing\azure-powershell\src\DesktopVirtualization\test\New-AzWvdHostPool.Tests.ps1" executed="True" result="Success" success="True" time="8.0788" asserts="0" description="C:\Repos\Forks\PS-testing\azure-powershell\src\DesktopVirtualization\test\New-AzWvdHostPool.Tests.ps1">
        <results>
          <test-suite type="TestFixture" name="New-AzWvdHostPool" executed="True" result="Success" success="True" time="7.8453" asserts="0" description="New-AzWvdHostPool">
            <results>
              <test-case description="FullSenerioCreate" name="New-AzWvdHostPool.FullSenerioCreate" time="5.5768" asserts="0" success="True" result="Success" executed="True" />
              <test-case description="Create" name="New-AzWvdHostPool.Create" time="2.137" asserts="0" success="True" result="Success" executed="True" />
            </results>
          </test-suite>
        </results>
      </test-suite>
      <test-suite type="TestFixture" name="C:\Repos\Forks\PS-testing\azure-powershell\src\DesktopVirtualization\test\New-AzWvdMsixPackage.Tests.ps1" executed="True" result="Success" success="True" time="5.411" asserts="0" description="C:\Repos\Forks\PS-testing\azure-powershell\src\DesktopVirtualization\test\New-AzWvdMsixPackage.Tests.ps1">
        <results>
          <test-suite type="TestFixture" name="New-AzWvdMsixPackage" executed="True" result="Success" success="True" time="5.1834" asserts="0" description="New-AzWvdMsixPackage">
            <results>
              <test-case description="Create" name="New-AzWvdMsixPackage.Create" time="2.6339" asserts="0" success="True" result="Success" executed="True" />
              <test-case description="PackageAlias" name="New-AzWvdMsixPackage.PackageAlias" time="2.4149" asserts="0" success="True" result="Success" executed="True" />
            </results>
          </test-suite>
        </results>
      </test-suite>
      <test-suite type="TestFixture" name="C:\Repos\Forks\PS-testing\azure-powershell\src\DesktopVirtualization\test\New-AzWvdRegistrationInfo.Tests.ps1" executed="True" result="Success" success="True" time="3.0175" asserts="0" description="C:\Repos\Forks\PS-testing\azure-powershell\src\DesktopVirtualization\test\New-AzWvdRegistrationInfo.Tests.ps1">
        <results>
          <test-suite type="TestFixture" name="New-AzWvdRegistrationInfo" executed="True" result="Success" success="True" time="2.8038" asserts="0" description="New-AzWvdRegistrationInfo">
            <results>
              <test-case description="Create new RegistrationInfo" name="New-AzWvdRegistrationInfo.Create new RegistrationInfo" time="2.6659" asserts="0" success="True" result="Success" executed="True" />
            </results>
          </test-suite>
        </results>
      </test-suite>
      <test-suite type="TestFixture" name="C:\Repos\Forks\PS-testing\azure-powershell\src\DesktopVirtualization\test\New-AzWvdScalingPlan.Tests.ps1" executed="True" result="Success" success="True" time="14.4136" asserts="0" description="C:\Repos\Forks\PS-testing\azure-powershell\src\DesktopVirtualization\test\New-AzWvdScalingPlan.Tests.ps1">
        <results>
          <test-suite type="TestFixture" name="New-AzWvdScalingPlan" executed="True" result="Success" success="True" time="14.1473" asserts="0" description="New-AzWvdScalingPlan">
            <results>
              <test-case description="CreateExpanded" name="New-AzWvdScalingPlan.CreateExpanded" time="14.0381" asserts="0" success="True" result="Success" executed="True" />
            </results>
          </test-suite>
        </results>
      </test-suite>
      <test-suite type="TestFixture" name="C:\Repos\Forks\PS-testing\azure-powershell\src\DesktopVirtualization\test\New-AzWvdScalingPlanPooledSchedule.Tests.ps1" executed="True" result="Success" success="True" time="2.7657" asserts="0" description="C:\Repos\Forks\PS-testing\azure-powershell\src\DesktopVirtualization\test\New-AzWvdScalingPlanPooledSchedule.Tests.ps1">
        <results>
          <test-suite type="TestFixture" name="New-AzWvdScalingPlanPooledSchedule" executed="True" result="Success" success="True" time="2.5496" asserts="0" description="New-AzWvdScalingPlanPooledSchedule">
            <results>
              <test-case description="New" name="New-AzWvdScalingPlanPooledSchedule.New" time="2.4386" asserts="0" success="True" result="Success" executed="True" />
            </results>
          </test-suite>
        </results>
      </test-suite>
      <test-suite type="TestFixture" name="C:\Repos\Forks\PS-testing\azure-powershell\src\DesktopVirtualization\test\New-AzWvdWorkspace.Tests.ps1" executed="True" result="Success" success="True" time="2.3502" asserts="0" description="C:\Repos\Forks\PS-testing\azure-powershell\src\DesktopVirtualization\test\New-AzWvdWorkspace.Tests.ps1">
        <results>
          <test-suite type="TestFixture" name="New-AzWvdWorkspace" executed="True" result="Success" success="True" time="2.109" asserts="0" description="New-AzWvdWorkspace">
            <results>
              <test-case description="Create" name="New-AzWvdWorkspace.Create" time="1.9875" asserts="0" success="True" result="Success" executed="True" />
            </results>
          </test-suite>
        </results>
      </test-suite>
      <test-suite type="TestFixture" name="C:\Repos\Forks\PS-testing\azure-powershell\src\DesktopVirtualization\test\Register-AzWvdApplicationGroup.Tests.ps1" executed="True" result="Success" success="True" time="6.55" asserts="0" description="C:\Repos\Forks\PS-testing\azure-powershell\src\DesktopVirtualization\test\Register-AzWvdApplicationGroup.Tests.ps1">
        <results>
          <test-suite type="TestFixture" name="Register-AzWvdApplicationGroup" executed="True" result="Success" success="True" time="6.3323" asserts="0" description="Register-AzWvdApplicationGroup">
            <results>
              <test-case description="Register ApplicationGroup" name="Register-AzWvdApplicationGroup.Register ApplicationGroup" time="6.2113" asserts="0" success="True" result="Success" executed="True" />
            </results>
          </test-suite>
        </results>
      </test-suite>
      <test-suite type="TestFixture" name="C:\Repos\Forks\PS-testing\azure-powershell\src\DesktopVirtualization\test\Remove-AzWvdApplication.Tests.ps1" executed="True" result="Success" success="True" time="13.8555" asserts="0" description="C:\Repos\Forks\PS-testing\azure-powershell\src\DesktopVirtualization\test\Remove-AzWvdApplication.Tests.ps1">
        <results>
          <test-suite type="TestFixture" name="Remove-AzWvdApplication" executed="True" result="Success" success="True" time="13.6125" asserts="0" description="Remove-AzWvdApplication">
            <results>
              <test-case description="Delete" name="Remove-AzWvdApplication.Delete" time="4.0367" asserts="0" success="True" result="Success" executed="True" />
              <test-case description="Delete_MsixApplication_RAG" name="Remove-AzWvdApplication.Delete_MsixApplication_RAG" time="3.245" asserts="0" success="True" result="Success" executed="True" />
              <test-case description="Delete_MsixApplication_DAG" name="Remove-AzWvdApplication.Delete_MsixApplication_DAG" time="6.1829" asserts="0" success="True" result="Success" executed="True" />
            </results>
          </test-suite>
        </results>
      </test-suite>
      <test-suite type="TestFixture" name="C:\Repos\Forks\PS-testing\azure-powershell\src\DesktopVirtualization\test\Remove-AzWvdApplicationGroup.Tests.ps1" executed="True" result="Success" success="True" time="5.0814" asserts="0" description="C:\Repos\Forks\PS-testing\azure-powershell\src\DesktopVirtualization\test\Remove-AzWvdApplicationGroup.Tests.ps1">
        <results>
          <test-suite type="TestFixture" name="Remove-AzWvdApplicationGroup" executed="True" result="Success" success="True" time="4.8198" asserts="0" description="Remove-AzWvdApplicationGroup">
            <results>
              <test-case description="Delete" name="Remove-AzWvdApplicationGroup.Delete" time="4.6968" asserts="0" success="True" result="Success" executed="True" />
            </results>
          </test-suite>
        </results>
      </test-suite>
      <test-suite type="TestFixture" name="C:\Repos\Forks\PS-testing\azure-powershell\src\DesktopVirtualization\test\Remove-AzWvdHostPool.Tests.ps1" executed="True" result="Success" success="True" time="2.5531" asserts="0" description="C:\Repos\Forks\PS-testing\azure-powershell\src\DesktopVirtualization\test\Remove-AzWvdHostPool.Tests.ps1">
        <results>
          <test-suite type="TestFixture" name="Remove-AzWvdHostPool" executed="True" result="Success" success="True" time="2.3312" asserts="0" description="Remove-AzWvdHostPool">
            <results>
              <test-case description="Delete" name="Remove-AzWvdHostPool.Delete" time="2.1098" asserts="0" success="True" result="Success" executed="True" />
            </results>
          </test-suite>
        </results>
      </test-suite>
      <test-suite type="TestFixture" name="C:\Repos\Forks\PS-testing\azure-powershell\src\DesktopVirtualization\test\Remove-AzWvdMsixPackage.Tests.ps1" executed="True" result="Success" success="True" time="3.367" asserts="0" description="C:\Repos\Forks\PS-testing\azure-powershell\src\DesktopVirtualization\test\Remove-AzWvdMsixPackage.Tests.ps1">
        <results>
          <test-suite type="TestFixture" name="Remove-AzWvdMsixPackage" executed="True" result="Success" success="True" time="3.0825" asserts="0" description="Remove-AzWvdMsixPackage">
            <results>
              <test-case description="Delete" name="Remove-AzWvdMsixPackage.Delete" time="2.9635" asserts="0" success="True" result="Success" executed="True" />
            </results>
          </test-suite>
        </results>
      </test-suite>
      <test-suite type="TestFixture" name="C:\Repos\Forks\PS-testing\azure-powershell\src\DesktopVirtualization\test\Remove-AzWvdPrivateEndpointConnection.Tests.ps1" executed="True" result="Success" success="True" time="140.4512" asserts="0" description="C:\Repos\Forks\PS-testing\azure-powershell\src\DesktopVirtualization\test\Remove-AzWvdPrivateEndpointConnection.Tests.ps1">
        <results>
          <test-suite type="TestFixture" name="Remove-AzWvdPrivateEndpointConnection" executed="True" result="Success" success="True" time="140.2397" asserts="0" description="Remove-AzWvdPrivateEndpointConnection">
            <results>
              <test-case description="DeleteWorkspace" name="Remove-AzWvdPrivateEndpointConnection.DeleteWorkspace" time="69.6098" asserts="0" success="True" result="Success" executed="True" />
              <test-case description="DeleteHostpool" name="Remove-AzWvdPrivateEndpointConnection.DeleteHostpool" time="70.4897" asserts="0" success="True" result="Success" executed="True" />
            </results>
          </test-suite>
        </results>
      </test-suite>
      <test-suite type="TestFixture" name="C:\Repos\Forks\PS-testing\azure-powershell\src\DesktopVirtualization\test\Remove-AzWvdRegistrationInfo.Tests.ps1" executed="True" result="Success" success="True" time="3.4415" asserts="0" description="C:\Repos\Forks\PS-testing\azure-powershell\src\DesktopVirtualization\test\Remove-AzWvdRegistrationInfo.Tests.ps1">
        <results>
          <test-suite type="TestFixture" name="Remove-AzWvdRegistrationInfo" executed="True" result="Success" success="True" time="3.1945" asserts="0" description="Remove-AzWvdRegistrationInfo">
            <results>
              <test-case description="Remove RegInfo" name="Remove-AzWvdRegistrationInfo.Remove RegInfo" time="3.0662" asserts="0" success="True" result="Success" executed="True" />
            </results>
          </test-suite>
        </results>
      </test-suite>
      <test-suite type="TestFixture" name="C:\Repos\Forks\PS-testing\azure-powershell\src\DesktopVirtualization\test\Remove-AzWvdScalingPlan.Tests.ps1" executed="True" result="Success" success="True" time="2.7882" asserts="0" description="C:\Repos\Forks\PS-testing\azure-powershell\src\DesktopVirtualization\test\Remove-AzWvdScalingPlan.Tests.ps1">
        <results>
          <test-suite type="TestFixture" name="Remove-AzWvdScalingPlan" executed="True" result="Success" success="True" time="2.5796" asserts="0" description="Remove-AzWvdScalingPlan">
            <results>
              <test-case description="Delete" name="Remove-AzWvdScalingPlan.Delete" time="2.445" asserts="0" success="True" result="Success" executed="True" />
            </results>
          </test-suite>
        </results>
      </test-suite>
      <test-suite type="TestFixture" name="C:\Repos\Forks\PS-testing\azure-powershell\src\DesktopVirtualization\test\Remove-AzWvdScalingPlanPooledSchedule.Tests.ps1" executed="True" result="Success" success="True" time="3.6648" asserts="0" description="C:\Repos\Forks\PS-testing\azure-powershell\src\DesktopVirtualization\test\Remove-AzWvdScalingPlanPooledSchedule.Tests.ps1">
        <results>
          <test-suite type="TestFixture" name="Remove-AzWvdScalingPlanPooledSchedule" executed="True" result="Success" success="True" time="3.4278" asserts="0" description="Remove-AzWvdScalingPlanPooledSchedule">
            <results>
              <test-case description="Delete" name="Remove-AzWvdScalingPlanPooledSchedule.Delete" time="3.3102" asserts="0" success="True" result="Success" executed="True" />
            </results>
          </test-suite>
        </results>
      </test-suite>
      <test-suite type="TestFixture" name="C:\Repos\Forks\PS-testing\azure-powershell\src\DesktopVirtualization\test\Remove-AzWvdSessionHost.Tests.ps1" executed="True" result="Failure" success="False" time="0.4699" asserts="0" description="C:\Repos\Forks\PS-testing\azure-powershell\src\DesktopVirtualization\test\Remove-AzWvdSessionHost.Tests.ps1">
        <results>
          <test-suite type="TestFixture" name="Remove-AzWvdSessionHost" executed="True" result="Failure" success="False" time="0.2653" asserts="0" description="Remove-AzWvdSessionHost">
            <results>
              <test-case description="Delete" name="Remove-AzWvdSessionHost.Delete" time="0.1371" asserts="0" success="False" result="Failure" executed="True">
                <failure>
                  <message>ActivityId: 2c35e3d5-e5e4-4cc2-b4eb-1f420b55a0c5 Error: SessionHost does not exist</message>
                  <stack-trace>at &lt;ScriptBlock&gt;, C:\Repos\Forks\PS-testing\azure-powershell\src\DesktopVirtualization\test\Remove-AzWvdSessionHost.Tests.ps1: line 16
16:         Get-AzWvdSessionHost -SubscriptionId $env.SubscriptionId `
</stack-trace>
                </failure>
              </test-case>
            </results>
          </test-suite>
        </results>
      </test-suite>
      <test-suite type="TestFixture" name="C:\Repos\Forks\PS-testing\azure-powershell\src\DesktopVirtualization\test\Remove-AzWvdUserSession.Tests.ps1" executed="True" result="Success" success="True" time="0.9131" asserts="0" description="C:\Repos\Forks\PS-testing\azure-powershell\src\DesktopVirtualization\test\Remove-AzWvdUserSession.Tests.ps1">
        <results>
          <test-suite type="TestFixture" name="Remove-AzWvdUserSession" executed="True" result="Success" success="True" time="0.6924" asserts="0" description="Remove-AzWvdUserSession">
            <results>
              <test-case description="Delete" name="Remove-AzWvdUserSession.Delete" time="0.5761" asserts="0" success="True" result="Success" executed="True" />
            </results>
          </test-suite>
        </results>
      </test-suite>
      <test-suite type="TestFixture" name="C:\Repos\Forks\PS-testing\azure-powershell\src\DesktopVirtualization\test\Remove-AzWvdWorkspace.Tests.ps1" executed="True" result="Success" success="True" time="2.0045" asserts="0" description="C:\Repos\Forks\PS-testing\azure-powershell\src\DesktopVirtualization\test\Remove-AzWvdWorkspace.Tests.ps1">
        <results>
          <test-suite type="TestFixture" name="Remove-AzWvdWorkspace" executed="True" result="Success" success="True" time="1.8051" asserts="0" description="Remove-AzWvdWorkspace">
            <results>
              <test-case description="Delete" name="Remove-AzWvdWorkspace.Delete" time="1.6895" asserts="0" success="True" result="Success" executed="True" />
            </results>
          </test-suite>
        </results>
      </test-suite>
      <test-suite type="TestFixture" name="C:\Repos\Forks\PS-testing\azure-powershell\src\DesktopVirtualization\test\Send-AzWvdUserSessionMessage.Tests.ps1" executed="True" result="Failure" success="False" time="0.6657" asserts="0" description="C:\Repos\Forks\PS-testing\azure-powershell\src\DesktopVirtualization\test\Send-AzWvdUserSessionMessage.Tests.ps1">
        <results>
          <test-suite type="TestFixture" name="Send-AzWvdUserSessionMessage" executed="True" result="Failure" success="False" time="0.4634" asserts="0" description="Send-AzWvdUserSessionMessage">
            <results>
              <test-case description="Send" name="Send-AzWvdUserSessionMessage.Send" time="0.3443" asserts="0" success="False" result="Failure" executed="True">
                <failure>
                  <message>ActivityId: 3a4ecb69-a866-4f6c-bced-8441b8acd3e4 Error: User session ID not found</message>
                  <stack-trace>at &lt;ScriptBlock&gt;, C:\Repos\Forks\PS-testing\azure-powershell\src\DesktopVirtualization\test\Send-AzWvdUserSessionMessage.Tests.ps1: line 16
16:         Send-AzWvdUserSessionMessage -SubscriptionId $env.SubscriptionId `
</stack-trace>
                </failure>
              </test-case>
            </results>
          </test-suite>
        </results>
      </test-suite>
      <test-suite type="TestFixture" name="C:\Repos\Forks\PS-testing\azure-powershell\src\DesktopVirtualization\test\Unregister-AzWvdApplicationGroup.Tests.ps1" executed="True" result="Success" success="True" time="7.9373" asserts="0" description="C:\Repos\Forks\PS-testing\azure-powershell\src\DesktopVirtualization\test\Unregister-AzWvdApplicationGroup.Tests.ps1">
        <results>
          <test-suite type="TestFixture" name="Unregister-AzWvdApplicationGroup" executed="True" result="Success" success="True" time="7.7243" asserts="0" description="Unregister-AzWvdApplicationGroup">
            <results>
              <test-case description="Unregister ApplicationGroup" name="Unregister-AzWvdApplicationGroup.Unregister ApplicationGroup" time="7.5902" asserts="0" success="True" result="Success" executed="True" />
            </results>
          </test-suite>
        </results>
      </test-suite>
      <test-suite type="TestFixture" name="C:\Repos\Forks\PS-testing\azure-powershell\src\DesktopVirtualization\test\Update-AzWvdApplication.Tests.ps1" executed="True" result="Success" success="True" time="13.8092" asserts="0" description="C:\Repos\Forks\PS-testing\azure-powershell\src\DesktopVirtualization\test\Update-AzWvdApplication.Tests.ps1">
        <results>
          <test-suite type="TestFixture" name="Update-AzWvdApplication" executed="True" result="Success" success="True" time="13.5815" asserts="0" description="Update-AzWvdApplication">
            <results>
              <test-case description="Update" name="Update-AzWvdApplication.Update" time="5.1554" asserts="0" success="True" result="Success" executed="True" />
              <test-case description="Update-MsixApplication" name="Update-AzWvdApplication.Update-MsixApplication" time="8.2987" asserts="0" success="True" result="Success" executed="True" />
            </results>
          </test-suite>
        </results>
      </test-suite>
      <test-suite type="TestFixture" name="C:\Repos\Forks\PS-testing\azure-powershell\src\DesktopVirtualization\test\Update-AzWvdApplicationGroup.Tests.ps1" executed="True" result="Success" success="True" time="4.4215" asserts="0" description="C:\Repos\Forks\PS-testing\azure-powershell\src\DesktopVirtualization\test\Update-AzWvdApplicationGroup.Tests.ps1">
        <results>
          <test-suite type="TestFixture" name="Update-AzWvdApplicationGroup" executed="True" result="Success" success="True" time="4.2054" asserts="0" description="Update-AzWvdApplicationGroup">
            <results>
              <test-case description="Update" name="Update-AzWvdApplicationGroup.Update" time="4.0722" asserts="0" success="True" result="Success" executed="True" />
            </results>
          </test-suite>
        </results>
      </test-suite>
      <test-suite type="TestFixture" name="C:\Repos\Forks\PS-testing\azure-powershell\src\DesktopVirtualization\test\Update-AzWvdDesktop.Tests.ps1" executed="True" result="Success" success="True" time="5.0009" asserts="0" description="C:\Repos\Forks\PS-testing\azure-powershell\src\DesktopVirtualization\test\Update-AzWvdDesktop.Tests.ps1">
        <results>
          <test-suite type="TestFixture" name="Update-AzWvdDesktop" executed="True" result="Success" success="True" time="4.7867" asserts="0" description="Update-AzWvdDesktop">
            <results>
              <test-case description="Update" name="Update-AzWvdDesktop.Update" time="4.6591" asserts="0" success="True" result="Success" executed="True" />
            </results>
          </test-suite>
        </results>
      </test-suite>
      <test-suite type="TestFixture" name="C:\Repos\Forks\PS-testing\azure-powershell\src\DesktopVirtualization\test\Update-AzWvdHostPool.Tests.ps1" executed="True" result="Success" success="True" time="2.9664" asserts="0" description="C:\Repos\Forks\PS-testing\azure-powershell\src\DesktopVirtualization\test\Update-AzWvdHostPool.Tests.ps1">
        <results>
          <test-suite type="TestFixture" name="Update-AzWvdHostPool" executed="True" result="Success" success="True" time="2.7547" asserts="0" description="Update-AzWvdHostPool">
            <results>
              <test-case description="Update" name="Update-AzWvdHostPool.Update" time="2.6159" asserts="0" success="True" result="Success" executed="True" />
            </results>
          </test-suite>
        </results>
      </test-suite>
      <test-suite type="TestFixture" name="C:\Repos\Forks\PS-testing\azure-powershell\src\DesktopVirtualization\test\Update-AzWvdMsixPackage.Tests.ps1" executed="True" result="Success" success="True" time="3.998" asserts="0" description="C:\Repos\Forks\PS-testing\azure-powershell\src\DesktopVirtualization\test\Update-AzWvdMsixPackage.Tests.ps1">
        <results>
          <test-suite type="TestFixture" name="Update-AzWvdMsixPackage" executed="True" result="Success" success="True" time="3.7344" asserts="0" description="Update-AzWvdMsixPackage">
            <results>
              <test-case description="Update" name="Update-AzWvdMsixPackage.Update" time="3.5908" asserts="0" success="True" result="Success" executed="True" />
            </results>
          </test-suite>
        </results>
      </test-suite>
      <test-suite type="TestFixture" name="C:\Repos\Forks\PS-testing\azure-powershell\src\DesktopVirtualization\test\Update-AzWvdScalingPlan.Tests.ps1" executed="True" result="Success" success="True" time="19.4777" asserts="0" description="C:\Repos\Forks\PS-testing\azure-powershell\src\DesktopVirtualization\test\Update-AzWvdScalingPlan.Tests.ps1">
        <results>
          <test-suite type="TestFixture" name="Update-AzWvdScalingPlan" executed="True" result="Success" success="True" time="19.1629" asserts="0" description="Update-AzWvdScalingPlan">
            <results>
              <test-case description="UpdateExpanded" name="Update-AzWvdScalingPlan.UpdateExpanded" time="19.0308" asserts="0" success="True" result="Success" executed="True" />
            </results>
          </test-suite>
        </results>
      </test-suite>
      <test-suite type="TestFixture" name="C:\Repos\Forks\PS-testing\azure-powershell\src\DesktopVirtualization\test\Update-AzWvdScalingPlanPooledSchedule.Tests.ps1" executed="True" result="Success" success="True" time="3.9619" asserts="0" description="C:\Repos\Forks\PS-testing\azure-powershell\src\DesktopVirtualization\test\Update-AzWvdScalingPlanPooledSchedule.Tests.ps1">
        <results>
          <test-suite type="TestFixture" name="Update-AzWvdScalingPlanPooledSchedule" executed="True" result="Success" success="True" time="3.7333" asserts="0" description="Update-AzWvdScalingPlanPooledSchedule">
            <results>
              <test-case description="UpdateExpanded" name="Update-AzWvdScalingPlanPooledSchedule.UpdateExpanded" time="3.6052" asserts="0" success="True" result="Success" executed="True" />
            </results>
          </test-suite>
        </results>
      </test-suite>
      <test-suite type="TestFixture" name="C:\Repos\Forks\PS-testing\azure-powershell\src\DesktopVirtualization\test\Update-AzWvdSessionHost.Tests.ps1" executed="True" result="Success" success="True" time="1.4697" asserts="0" description="C:\Repos\Forks\PS-testing\azure-powershell\src\DesktopVirtualization\test\Update-AzWvdSessionHost.Tests.ps1">
        <results>
          <test-suite type="TestFixture" name="Update-AzWvdSessionHost" executed="True" result="Success" success="True" time="1.2563" asserts="0" description="Update-AzWvdSessionHost">
            <results>
              <test-case description="Update" name="Update-AzWvdSessionHost.Update" time="1.1277" asserts="0" success="True" result="Success" executed="True" />
            </results>
          </test-suite>
        </results>
      </test-suite>
      <test-suite type="TestFixture" name="C:\Repos\Forks\PS-testing\azure-powershell\src\DesktopVirtualization\test\Update-AzWvdWorkspace.Tests.ps1" executed="True" result="Success" success="True" time="2.7208" asserts="0" description="C:\Repos\Forks\PS-testing\azure-powershell\src\DesktopVirtualization\test\Update-AzWvdWorkspace.Tests.ps1">
        <results>
          <test-suite type="TestFixture" name="Update-AzWvdWorkspace" executed="True" result="Success" success="True" time="2.4842" asserts="0" description="Update-AzWvdWorkspace">
            <results>
              <test-case description="Update" name="Update-AzWvdWorkspace.Update" time="2.3469" asserts="0" success="True" result="Success" executed="True" />
            </results>
          </test-suite>
        </results>
      </test-suite>
    </results>
  </test-suite>
</test-results>