<?xml version="1.0" encoding="utf-8" standalone="no"?>
<test-results xmlns:xsi="http://www.w3.org/2001/XMLSchema-instance" xsi:noNamespaceSchemaLocation="nunit_schema_2.5.xsd" name="Pester" total="70" errors="0" failures="5" not-run="0" inconclusive="0" ignored="12" skipped="0" invalid="0" date="2023-05-25" time="16:40:54">
  <environment os-version="10.0.22621" platform="Microsoft Windows 11 Enterprise|C:\WINDOWS|\Device\Harddisk0\Partition3" nunit-version="2.5.8.0" clr-version="Unknown" user-domain="REDMOND" user="alecbaird" machine-name="LAPTOP-5URQ3QGR" cwd="C:\Repos\azure-powershell\src\DesktopVirtualization" />
  <culture-info current-culture="en-US" current-uiculture="en-US" />
  <test-suite type="TestFixture" name="Pester" executed="True" result="Failure" success="False" time="261.0793" asserts="0" description="Pester">
    <results>
      <test-suite type="TestFixture" name="C:\Repos\azure-powershell\src\DesktopVirtualization\test\Disconnect-AzWvdUserSession.Tests.ps1" executed="True" result="Success" success="True" time="4.9347" asserts="0" description="C:\Repos\azure-powershell\src\DesktopVirtualization\test\Disconnect-AzWvdUserSession.Tests.ps1">
        <results>
          <test-suite type="TestFixture" name="Disconnect-AzWvdUserSession" executed="True" result="Success" success="True" time="4.6321" asserts="0" description="Disconnect-AzWvdUserSession">
            <results>
              <test-case description="Disconnect" name="Disconnect-AzWvdUserSession.Disconnect" time="4.1857" asserts="0" success="True" result="Success" executed="True" />
            </results>
          </test-suite>
        </results>
      </test-suite>
      <test-suite type="TestFixture" name="C:\Repos\azure-powershell\src\DesktopVirtualization\test\Expand-AzWvdMsixImage.Tests.ps1" executed="True" result="Success" success="True" time="1.8622" asserts="0" description="C:\Repos\azure-powershell\src\DesktopVirtualization\test\Expand-AzWvdMsixImage.Tests.ps1">
        <results>
          <test-suite type="TestFixture" name="Expand-AzWvdMsixImage" executed="True" result="Success" success="True" time="1.5057" asserts="0" description="Expand-AzWvdMsixImage">
            <results>
              <test-case description="Expand" name="Expand-AzWvdMsixImage.Expand" time="1.3336" asserts="0" success="True" result="Success" executed="True" />
            </results>
          </test-suite>
        </results>
      </test-suite>
      <test-suite type="TestFixture" name="C:\Repos\azure-powershell\src\DesktopVirtualization\test\Get-AzWvdApplication.Tests.ps1" executed="True" result="Success" success="True" time="18.0463" asserts="0" description="C:\Repos\azure-powershell\src\DesktopVirtualization\test\Get-AzWvdApplication.Tests.ps1">
        <results>
          <test-suite type="TestFixture" name="Get-AzWvdApplication" executed="True" result="Success" success="True" time="17.7503" asserts="0" description="Get-AzWvdApplication">
            <results>
              <test-case description="Get" name="Get-AzWvdApplication.Get" time="4.1879" asserts="0" success="True" result="Success" executed="True" />
              <test-case description="List" name="Get-AzWvdApplication.List" time="3.6238" asserts="0" success="True" result="Success" executed="True" />
              <test-case description="GetMsixApplication_RAG" name="Get-AzWvdApplication.GetMsixApplication_RAG" time="3.6428" asserts="0" success="True" result="Success" executed="True" />
              <test-case description="GetMsixApplication_DAG" name="Get-AzWvdApplication.GetMsixApplication_DAG" time="6.1275" asserts="0" success="True" result="Success" executed="True" />
            </results>
          </test-suite>
        </results>
      </test-suite>
      <test-suite type="TestFixture" name="C:\Repos\azure-powershell\src\DesktopVirtualization\test\Get-AzWvdApplicationGroup.Tests.ps1" executed="True" result="Success" success="True" time="15.4529" asserts="0" description="C:\Repos\azure-powershell\src\DesktopVirtualization\test\Get-AzWvdApplicationGroup.Tests.ps1">
        <results>
          <test-suite type="TestFixture" name="Get-AzWvdApplicationGroup" executed="True" result="Success" success="True" time="15.2125" asserts="0" description="Get-AzWvdApplicationGroup">
            <results>
              <test-case description="Get" name="Get-AzWvdApplicationGroup.Get" time="3.0616" asserts="0" success="True" result="Success" executed="True" />
              <test-case description="List" name="Get-AzWvdApplicationGroup.List" time="4.7769" asserts="0" success="True" result="Success" executed="True" />
              <test-case description="List Subscription Level" name="Get-AzWvdApplicationGroup.List Subscription Level" time="7.2251" asserts="0" success="True" result="Success" executed="True" />
            </results>
          </test-suite>
        </results>
      </test-suite>
      <test-suite type="TestFixture" name="C:\Repos\azure-powershell\src\DesktopVirtualization\test\Get-AzWvdDesktop.Tests.ps1" executed="True" result="Success" success="True" time="6.31" asserts="0" description="C:\Repos\azure-powershell\src\DesktopVirtualization\test\Get-AzWvdDesktop.Tests.ps1">
        <results>
          <test-suite type="TestFixture" name="Get-AzWvdDesktop" executed="True" result="Success" success="True" time="6.0645" asserts="0" description="Get-AzWvdDesktop">
            <results>
              <test-case description="Get" name="Get-AzWvdDesktop.Get" time="2.9887" asserts="0" success="True" result="Success" executed="True" />
              <test-case description="List" name="Get-AzWvdDesktop.List" time="2.9458" asserts="0" success="True" result="Success" executed="True" />
            </results>
          </test-suite>
        </results>
      </test-suite>
      <test-suite type="TestFixture" name="C:\Repos\azure-powershell\src\DesktopVirtualization\test\Get-AzWvdHostPool.Tests.ps1" executed="True" result="Success" success="True" time="21.0038" asserts="0" description="C:\Repos\azure-powershell\src\DesktopVirtualization\test\Get-AzWvdHostPool.Tests.ps1">
        <results>
          <test-suite type="TestFixture" name="Get-AzWvdHostPool" executed="True" result="Success" success="True" time="20.7479" asserts="0" description="Get-AzWvdHostPool">
            <results>
              <test-case description="Get" name="Get-AzWvdHostPool.Get" time="2.1595" asserts="0" success="True" result="Success" executed="True" />
              <test-case description="List" name="Get-AzWvdHostPool.List" time="11.1587" asserts="0" success="True" result="Success" executed="True" />
              <test-case description="List Subscription Level" name="Get-AzWvdHostPool.List Subscription Level" time="7.2761" asserts="0" success="True" result="Success" executed="True" />
            </results>
          </test-suite>
        </results>
      </test-suite>
      <test-suite type="TestFixture" name="C:\Repos\azure-powershell\src\DesktopVirtualization\test\Get-AzWvdHostPoolRegistrationToken.Tests.ps1" executed="True" result="Success" success="True" time="15.9437" asserts="0" description="C:\Repos\azure-powershell\src\DesktopVirtualization\test\Get-AzWvdHostPoolRegistrationToken.Tests.ps1">
        <results>
          <test-suite type="TestFixture" name="Get-AzWvdHostPoolRegistrationToken" executed="True" result="Success" success="True" time="15.6775" asserts="0" description="Get-AzWvdHostPoolRegistrationToken">
            <results>
              <test-case description="Retrieve" name="Get-AzWvdHostPoolRegistrationToken.Retrieve" time="15.5221" asserts="0" success="True" result="Success" executed="True" />
            </results>
          </test-suite>
        </results>
      </test-suite>
      <test-suite type="TestFixture" name="C:\Repos\azure-powershell\src\DesktopVirtualization\test\Get-AzWvdMsixPackage.Tests.ps1" executed="True" result="Success" success="True" time="4.9744" asserts="0" description="C:\Repos\azure-powershell\src\DesktopVirtualization\test\Get-AzWvdMsixPackage.Tests.ps1">
        <results>
          <test-suite type="TestFixture" name="Get-AzWvdMsixPackage" executed="True" result="Success" success="True" time="4.7196" asserts="0" description="Get-AzWvdMsixPackage">
            <results>
              <test-case description="List" name="Get-AzWvdMsixPackage.List" time="2.4674" asserts="0" success="True" result="Success" executed="True" />
              <test-case description="Get" name="Get-AzWvdMsixPackage.Get" time="2.1055" asserts="0" success="True" result="Success" executed="True" />
            </results>
          </test-suite>
        </results>
      </test-suite>
      <test-suite type="TestFixture" name="C:\Repos\azure-powershell\src\DesktopVirtualization\test\Get-AzWvdPrivateEndpointConnection.Tests.ps1" executed="True" result="Ignored" success="True" time="0.4224" asserts="0" description="C:\Repos\azure-powershell\src\DesktopVirtualization\test\Get-AzWvdPrivateEndpointConnection.Tests.ps1">
        <results>
          <test-suite type="TestFixture" name="Get-AzWvdPrivateEndpointConnection" executed="True" result="Ignored" success="True" time="0.1748" asserts="0" description="Get-AzWvdPrivateEndpointConnection">
            <results>
              <test-case description="List" name="Get-AzWvdPrivateEndpointConnection.List" time="0" asserts="0" success="True" result="Ignored" executed="False" />
              <test-case description="Get" name="Get-AzWvdPrivateEndpointConnection.Get" time="0" asserts="0" success="True" result="Ignored" executed="False" />
              <test-case description="Get1" name="Get-AzWvdPrivateEndpointConnection.Get1" time="0" asserts="0" success="True" result="Ignored" executed="False" />
              <test-case description="List1" name="Get-AzWvdPrivateEndpointConnection.List1" time="0" asserts="0" success="True" result="Ignored" executed="False" />
              <test-case description="GetViaIdentity1" name="Get-AzWvdPrivateEndpointConnection.GetViaIdentity1" time="0" asserts="0" success="True" result="Ignored" executed="False" />
              <test-case description="GetViaIdentity" name="Get-AzWvdPrivateEndpointConnection.GetViaIdentity" time="0" asserts="0" success="True" result="Ignored" executed="False" />
            </results>
          </test-suite>
        </results>
      </test-suite>
      <test-suite type="TestFixture" name="C:\Repos\azure-powershell\src\DesktopVirtualization\test\Get-AzWvdPrivateLinkResource.Tests.ps1" executed="True" result="Ignored" success="True" time="0.3799" asserts="0" description="C:\Repos\azure-powershell\src\DesktopVirtualization\test\Get-AzWvdPrivateLinkResource.Tests.ps1">
        <results>
          <test-suite type="TestFixture" name="Get-AzWvdPrivateLinkResource" executed="True" result="Ignored" success="True" time="0.1494" asserts="0" description="Get-AzWvdPrivateLinkResource">
            <results>
              <test-case description="List" name="Get-AzWvdPrivateLinkResource.List" time="0" asserts="0" success="True" result="Ignored" executed="False" />
              <test-case description="List1" name="Get-AzWvdPrivateLinkResource.List1" time="0" asserts="0" success="True" result="Ignored" executed="False" />
            </results>
          </test-suite>
        </results>
      </test-suite>
      <test-suite type="TestFixture" name="C:\Repos\azure-powershell\src\DesktopVirtualization\test\Get-AzWvdRegistrationInfo.Tests.ps1" executed="True" result="Success" success="True" time="2.8307" asserts="0" description="C:\Repos\azure-powershell\src\DesktopVirtualization\test\Get-AzWvdRegistrationInfo.Tests.ps1">
        <results>
          <test-suite type="TestFixture" name="Get-AzWvdRegistrationInfo" executed="True" result="Success" success="True" time="2.5894" asserts="0" description="Get-AzWvdRegistrationInfo">
            <results>
              <test-case description="Get RegInfo" name="Get-AzWvdRegistrationInfo.Get RegInfo" time="2.4678" asserts="0" success="True" result="Success" executed="True" />
            </results>
          </test-suite>
        </results>
      </test-suite>
      <test-suite type="TestFixture" name="C:\Repos\azure-powershell\src\DesktopVirtualization\test\Get-AzWvdScalingPlan.Tests.ps1" executed="True" result="Success" success="True" time="11.9151" asserts="0" description="C:\Repos\azure-powershell\src\DesktopVirtualization\test\Get-AzWvdScalingPlan.Tests.ps1">
        <results>
          <test-suite type="TestFixture" name="Get-AzWvdScalingPlan" executed="True" result="Success" success="True" time="11.6805" asserts="0" description="Get-AzWvdScalingPlan">
            <results>
              <test-case description="Get" name="Get-AzWvdScalingPlan.Get" time="2.6663" asserts="0" success="True" result="Success" executed="True" />
              <test-case description="List" name="Get-AzWvdScalingPlan.List" time="3.9329" asserts="0" success="True" result="Success" executed="True" />
              <test-case description="List By Subscription" name="Get-AzWvdScalingPlan.List By Subscription" time="4.9524" asserts="0" success="True" result="Success" executed="True" />
            </results>
          </test-suite>
        </results>
      </test-suite>
      <test-suite type="TestFixture" name="C:\Repos\azure-powershell\src\DesktopVirtualization\test\Get-AzWvdScalingPlanPooledSchedule.Tests.ps1" executed="True" result="Success" success="True" time="5.7784" asserts="0" description="C:\Repos\azure-powershell\src\DesktopVirtualization\test\Get-AzWvdScalingPlanPooledSchedule.Tests.ps1">
        <results>
          <test-suite type="TestFixture" name="Get-AzWvdScalingPlanPooledSchedule" executed="True" result="Success" success="True" time="5.5656" asserts="0" description="Get-AzWvdScalingPlanPooledSchedule">
            <results>
              <test-case description="Get" name="Get-AzWvdScalingPlanPooledSchedule.Get" time="2.4297" asserts="0" success="True" result="Success" executed="True" />
              <test-case description="List" name="Get-AzWvdScalingPlanPooledSchedule.List" time="3.0117" asserts="0" success="True" result="Success" executed="True" />
            </results>
          </test-suite>
        </results>
      </test-suite>
      <test-suite type="TestFixture" name="C:\Repos\azure-powershell\src\DesktopVirtualization\test\Get-AzWvdSessionHost.Tests.ps1" executed="True" result="Failure" success="False" time="0.8767" asserts="0" description="C:\Repos\azure-powershell\src\DesktopVirtualization\test\Get-AzWvdSessionHost.Tests.ps1">
        <results>
          <test-suite type="TestFixture" name="Get-AzWvdSessionHost" executed="True" result="Failure" success="False" time="0.6719" asserts="0" description="Get-AzWvdSessionHost">
            <results>
              <test-case description="Get" name="Get-AzWvdSessionHost.Get" time="0.2266" asserts="0" success="False" result="Failure" executed="True">
                <failure>
                  <message>ActivityId: dfc01277-8d60-4681-9b08-4dfeb29a9a61 Error: SessionHost does not exist</message>
                  <stack-trace>at &lt;ScriptBlock&gt;, C:\Repos\azure-powershell\src\DesktopVirtualization\test\Get-AzWvdSessionHost.Tests.ps1: line 18
18:         $sessionHost = Get-AzWvdSessionHost -SubscriptionId $env.SubscriptionId `
</stack-trace>
                </failure>
              </test-case>
              <test-case description="List" name="Get-AzWvdSessionHost.List" time="0.2407" asserts="0" success="False" result="Failure" executed="True">
                <failure>
                  <message>Expected strings to be the same, but they were different.
Expected length: 32
Actual length:   25
Strings differ at index 19.
Expected: 'alecbUserSessionHP/userSess-sh-0'
But was:  'alecbUserSessionHP/pwsh-0'</message>
                  <stack-trace>at &lt;ScriptBlock&gt;, C:\Repos\azure-powershell\src\DesktopVirtualization\test\Get-AzWvdSessionHost.Tests.ps1: line 31
31:             $sessionHosts[0].Name | Should -Be $sessionHostPath2</stack-trace>
                </failure>
              </test-case>
            </results>
          </test-suite>
        </results>
      </test-suite>
      <test-suite type="TestFixture" name="C:\Repos\azure-powershell\src\DesktopVirtualization\test\Get-AzWvdStartMenuItem.Tests.ps1" executed="True" result="Success" success="True" time="1.6514" asserts="0" description="C:\Repos\azure-powershell\src\DesktopVirtualization\test\Get-AzWvdStartMenuItem.Tests.ps1">
        <results>
          <test-suite type="TestFixture" name="Get-AzWvdStartMenuItem" executed="True" result="Success" success="True" time="1.4193" asserts="0" description="Get-AzWvdStartMenuItem">
            <results>
              <test-case description="List" name="Get-AzWvdStartMenuItem.List" time="1.2914" asserts="0" success="True" result="Success" executed="True" />
            </results>
          </test-suite>
        </results>
      </test-suite>
      <test-suite type="TestFixture" name="C:\Repos\azure-powershell\src\DesktopVirtualization\test\Get-AzWvdUserSession.Tests.ps1" executed="True" result="Failure" success="False" time="0.8984" asserts="0" description="C:\Repos\azure-powershell\src\DesktopVirtualization\test\Get-AzWvdUserSession.Tests.ps1">
        <results>
          <test-suite type="TestFixture" name="Get-AzWvdUserSession" executed="True" result="Failure" success="False" time="0.689" asserts="0" description="Get-AzWvdUserSession">
            <results>
              <test-case description="Get" name="Get-AzWvdUserSession.Get" time="0.1476" asserts="0" success="True" result="Success" executed="True" />
              <test-case description="List" name="Get-AzWvdUserSession.List" time="0.1537" asserts="0" success="False" result="Failure" executed="True">
                <failure>
                  <message>Expected strings to be the same, but they were different.
String lengths are both 34.
Strings differ at index 33.
Expected: 'alecbUserSessionHP/userSess-sh-0/3'
But was:  'alecbUserSessionHP/userSess-sh-0/2'</message>
                  <stack-trace>at &lt;ScriptBlock&gt;, C:\Repos\azure-powershell\src\DesktopVirtualization\test\Get-AzWvdUserSession.Tests.ps1: line 35
35:             $userSessions[0].Name | Should -Be $userName3</stack-trace>
                </failure>
              </test-case>
              <test-case description="List host pool Level" name="Get-AzWvdUserSession.List host pool Level" time="0.2137" asserts="0" success="False" result="Failure" executed="True">
                <failure>
                  <message>Expected strings to be the same, but they were different.
String lengths are both 34.
Strings differ at index 33.
Expected: 'alecbUserSessionHP/userSess-sh-0/3'
But was:  'alecbUserSessionHP/userSess-sh-0/2'</message>
                  <stack-trace>at &lt;ScriptBlock&gt;, C:\Repos\azure-powershell\src\DesktopVirtualization\test\Get-AzWvdUserSession.Tests.ps1: line 44
44:             $userSessions[0].Name | Should -Be $userName3</stack-trace>
                </failure>
              </test-case>
            </results>
          </test-suite>
        </results>
      </test-suite>
      <test-suite type="TestFixture" name="C:\Repos\azure-powershell\src\DesktopVirtualization\test\Get-AzWvdWorkspace.Tests.ps1" executed="True" result="Success" success="True" time="10.0906" asserts="0" description="C:\Repos\azure-powershell\src\DesktopVirtualization\test\Get-AzWvdWorkspace.Tests.ps1">
        <results>
          <test-suite type="TestFixture" name="Get-AzWvdWorkspace" executed="True" result="Success" success="True" time="9.8242" asserts="0" description="Get-AzWvdWorkspace">
            <results>
              <test-case description="Get" name="Get-AzWvdWorkspace.Get" time="1.7357" asserts="0" success="True" result="Success" executed="True" />
              <test-case description="List" name="Get-AzWvdWorkspace.List" time="3.4546" asserts="0" success="True" result="Success" executed="True" />
              <test-case description="List Subscription Level" name="Get-AzWvdWorkspace.List Subscription Level" time="4.4752" asserts="0" success="True" result="Success" executed="True" />
            </results>
          </test-suite>
        </results>
      </test-suite>
      <test-suite type="TestFixture" name="C:\Repos\azure-powershell\src\DesktopVirtualization\test\New-AzWvdApplication.Tests.ps1" executed="True" result="Success" success="True" time="12.7419" asserts="0" description="C:\Repos\azure-powershell\src\DesktopVirtualization\test\New-AzWvdApplication.Tests.ps1">
        <results>
          <test-suite type="TestFixture" name="New-AzWvdApplication" executed="True" result="Success" success="True" time="12.5214" asserts="0" description="New-AzWvdApplication">
            <results>
              <test-case description="Create" name="New-AzWvdApplication.Create" time="2.4733" asserts="0" success="True" result="Success" executed="True" />
              <test-case description="AppAlias" name="New-AzWvdApplication.AppAlias" time="2.6287" asserts="0" success="True" result="Success" executed="True" />
              <test-case description="Create_MsixApplication_RAG" name="New-AzWvdApplication.Create_MsixApplication_RAG" time="1.7887" asserts="0" success="True" result="Success" executed="True" />
              <test-case description="Create_MsixApplication_DAG" name="New-AzWvdApplication.Create_MsixApplication_DAG" time="5.4836" asserts="0" success="True" result="Success" executed="True" />
            </results>
          </test-suite>
        </results>
      </test-suite>
      <test-suite type="TestFixture" name="C:\Repos\azure-powershell\src\DesktopVirtualization\test\New-AzWvdApplicationGroup.Tests.ps1" executed="True" result="Success" success="True" time="4.224" asserts="0" description="C:\Repos\azure-powershell\src\DesktopVirtualization\test\New-AzWvdApplicationGroup.Tests.ps1">
        <results>
          <test-suite type="TestFixture" name="New-AzWvdApplicationGroup" executed="True" result="Success" success="True" time="3.9713" asserts="0" description="New-AzWvdApplicationGroup">
            <results>
              <test-case description="Create" name="New-AzWvdApplicationGroup.Create" time="3.85" asserts="0" success="True" result="Success" executed="True" />
            </results>
          </test-suite>
        </results>
      </test-suite>
      <test-suite type="TestFixture" name="C:\Repos\azure-powershell\src\DesktopVirtualization\test\New-AzWvdHostPool.Tests.ps1" executed="True" result="Success" success="True" time="7.4485" asserts="0" description="C:\Repos\azure-powershell\src\DesktopVirtualization\test\New-AzWvdHostPool.Tests.ps1">
        <results>
          <test-suite type="TestFixture" name="New-AzWvdHostPool" executed="True" result="Success" success="True" time="7.2063" asserts="0" description="New-AzWvdHostPool">
            <results>
              <test-case description="FullSenerioCreate" name="New-AzWvdHostPool.FullSenerioCreate" time="5.0662" asserts="0" success="True" result="Success" executed="True" />
              <test-case description="Create" name="New-AzWvdHostPool.Create" time="2.0183" asserts="0" success="True" result="Success" executed="True" />
            </results>
          </test-suite>
        </results>
      </test-suite>
      <test-suite type="TestFixture" name="C:\Repos\azure-powershell\src\DesktopVirtualization\test\New-AzWvdMsixPackage.Tests.ps1" executed="True" result="Success" success="True" time="4.8234" asserts="0" description="C:\Repos\azure-powershell\src\DesktopVirtualization\test\New-AzWvdMsixPackage.Tests.ps1">
        <results>
          <test-suite type="TestFixture" name="New-AzWvdMsixPackage" executed="True" result="Success" success="True" time="4.6058" asserts="0" description="New-AzWvdMsixPackage">
            <results>
              <test-case description="Create" name="New-AzWvdMsixPackage.Create" time="2.5933" asserts="0" success="True" result="Success" executed="True" />
              <test-case description="PackageAlias" name="New-AzWvdMsixPackage.PackageAlias" time="1.8689" asserts="0" success="True" result="Success" executed="True" />
            </results>
          </test-suite>
        </results>
      </test-suite>
      <test-suite type="TestFixture" name="C:\Repos\azure-powershell\src\DesktopVirtualization\test\New-AzWvdRegistrationInfo.Tests.ps1" executed="True" result="Success" success="True" time="2.7618" asserts="0" description="C:\Repos\azure-powershell\src\DesktopVirtualization\test\New-AzWvdRegistrationInfo.Tests.ps1">
        <results>
          <test-suite type="TestFixture" name="New-AzWvdRegistrationInfo" executed="True" result="Success" success="True" time="2.5351" asserts="0" description="New-AzWvdRegistrationInfo">
            <results>
              <test-case description="Create new RegistrationInfo" name="New-AzWvdRegistrationInfo.Create new RegistrationInfo" time="2.3969" asserts="0" success="True" result="Success" executed="True" />
            </results>
          </test-suite>
        </results>
      </test-suite>
      <test-suite type="TestFixture" name="C:\Repos\azure-powershell\src\DesktopVirtualization\test\New-AzWvdScalingPlan.Tests.ps1" executed="True" result="Success" success="True" time="6.5752" asserts="0" description="C:\Repos\azure-powershell\src\DesktopVirtualization\test\New-AzWvdScalingPlan.Tests.ps1">
        <results>
          <test-suite type="TestFixture" name="New-AzWvdScalingPlan" executed="True" result="Success" success="True" time="6.2773" asserts="0" description="New-AzWvdScalingPlan">
            <results>
              <test-case description="CreateExpanded" name="New-AzWvdScalingPlan.CreateExpanded" time="6.1366" asserts="0" success="True" result="Success" executed="True" />
            </results>
          </test-suite>
        </results>
      </test-suite>
      <test-suite type="TestFixture" name="C:\Repos\azure-powershell\src\DesktopVirtualization\test\New-AzWvdScalingPlanPooledSchedule.Tests.ps1" executed="True" result="Success" success="True" time="2.8169" asserts="0" description="C:\Repos\azure-powershell\src\DesktopVirtualization\test\New-AzWvdScalingPlanPooledSchedule.Tests.ps1">
        <results>
          <test-suite type="TestFixture" name="New-AzWvdScalingPlanPooledSchedule" executed="True" result="Success" success="True" time="2.5852" asserts="0" description="New-AzWvdScalingPlanPooledSchedule">
            <results>
              <test-case description="New" name="New-AzWvdScalingPlanPooledSchedule.New" time="2.4578" asserts="0" success="True" result="Success" executed="True" />
            </results>
          </test-suite>
        </results>
      </test-suite>
      <test-suite type="TestFixture" name="C:\Repos\azure-powershell\src\DesktopVirtualization\test\New-AzWvdWorkspace.Tests.ps1" executed="True" result="Success" success="True" time="2.137" asserts="0" description="C:\Repos\azure-powershell\src\DesktopVirtualization\test\New-AzWvdWorkspace.Tests.ps1">
        <results>
          <test-suite type="TestFixture" name="New-AzWvdWorkspace" executed="True" result="Success" success="True" time="1.8952" asserts="0" description="New-AzWvdWorkspace">
            <results>
              <test-case description="Create" name="New-AzWvdWorkspace.Create" time="1.7565" asserts="0" success="True" result="Success" executed="True" />
            </results>
          </test-suite>
        </results>
      </test-suite>
      <test-suite type="TestFixture" name="C:\Repos\azure-powershell\src\DesktopVirtualization\test\Register-AzWvdApplicationGroup.Tests.ps1" executed="True" result="Success" success="True" time="6.031" asserts="0" description="C:\Repos\azure-powershell\src\DesktopVirtualization\test\Register-AzWvdApplicationGroup.Tests.ps1">
        <results>
          <test-suite type="TestFixture" name="Register-AzWvdApplicationGroup" executed="True" result="Success" success="True" time="5.7834" asserts="0" description="Register-AzWvdApplicationGroup">
            <results>
              <test-case description="Register ApplicationGroup" name="Register-AzWvdApplicationGroup.Register ApplicationGroup" time="5.6454" asserts="0" success="True" result="Success" executed="True" />
            </results>
          </test-suite>
        </results>
      </test-suite>
      <test-suite type="TestFixture" name="C:\Repos\azure-powershell\src\DesktopVirtualization\test\Remove-AzWvdApplication.Tests.ps1" executed="True" result="Success" success="True" time="12.2207" asserts="0" description="C:\Repos\azure-powershell\src\DesktopVirtualization\test\Remove-AzWvdApplication.Tests.ps1">
        <results>
          <test-suite type="TestFixture" name="Remove-AzWvdApplication" executed="True" result="Success" success="True" time="11.9555" asserts="0" description="Remove-AzWvdApplication">
            <results>
              <test-case description="Delete" name="Remove-AzWvdApplication.Delete" time="3.7762" asserts="0" success="True" result="Success" executed="True" />
              <test-case description="Delete_MsixApplication_RAG" name="Remove-AzWvdApplication.Delete_MsixApplication_RAG" time="2.4327" asserts="0" success="True" result="Success" executed="True" />
              <test-case description="Delete_MsixApplication_DAG" name="Remove-AzWvdApplication.Delete_MsixApplication_DAG" time="5.6108" asserts="0" success="True" result="Success" executed="True" />
            </results>
          </test-suite>
        </results>
      </test-suite>
      <test-suite type="TestFixture" name="C:\Repos\azure-powershell\src\DesktopVirtualization\test\Remove-AzWvdApplicationGroup.Tests.ps1" executed="True" result="Success" success="True" time="4.4907" asserts="0" description="C:\Repos\azure-powershell\src\DesktopVirtualization\test\Remove-AzWvdApplicationGroup.Tests.ps1">
        <results>
          <test-suite type="TestFixture" name="Remove-AzWvdApplicationGroup" executed="True" result="Success" success="True" time="4.2429" asserts="0" description="Remove-AzWvdApplicationGroup">
            <results>
              <test-case description="Delete" name="Remove-AzWvdApplicationGroup.Delete" time="4.1084" asserts="0" success="True" result="Success" executed="True" />
            </results>
          </test-suite>
        </results>
      </test-suite>
      <test-suite type="TestFixture" name="C:\Repos\azure-powershell\src\DesktopVirtualization\test\Remove-AzWvdHostPool.Tests.ps1" executed="True" result="Success" success="True" time="2.4553" asserts="0" description="C:\Repos\azure-powershell\src\DesktopVirtualization\test\Remove-AzWvdHostPool.Tests.ps1">
        <results>
          <test-suite type="TestFixture" name="Remove-AzWvdHostPool" executed="True" result="Success" success="True" time="2.1937" asserts="0" description="Remove-AzWvdHostPool">
            <results>
              <test-case description="Delete" name="Remove-AzWvdHostPool.Delete" time="2.0411" asserts="0" success="True" result="Success" executed="True" />
            </results>
          </test-suite>
        </results>
      </test-suite>
      <test-suite type="TestFixture" name="C:\Repos\azure-powershell\src\DesktopVirtualization\test\Remove-AzWvdMsixPackage.Tests.ps1" executed="True" result="Success" success="True" time="3.3134" asserts="0" description="C:\Repos\azure-powershell\src\DesktopVirtualization\test\Remove-AzWvdMsixPackage.Tests.ps1">
        <results>
          <test-suite type="TestFixture" name="Remove-AzWvdMsixPackage" executed="True" result="Success" success="True" time="3.057" asserts="0" description="Remove-AzWvdMsixPackage">
            <results>
              <test-case description="Delete" name="Remove-AzWvdMsixPackage.Delete" time="2.9312" asserts="0" success="True" result="Success" executed="True" />
            </results>
          </test-suite>
        </results>
      </test-suite>
      <test-suite type="TestFixture" name="C:\Repos\azure-powershell\src\DesktopVirtualization\test\Remove-AzWvdPrivateEndpointConnection.Tests.ps1" executed="True" result="Ignored" success="True" time="0.3574" asserts="0" description="C:\Repos\azure-powershell\src\DesktopVirtualization\test\Remove-AzWvdPrivateEndpointConnection.Tests.ps1">
        <results>
          <test-suite type="TestFixture" name="Remove-AzWvdPrivateEndpointConnection" executed="True" result="Ignored" success="True" time="0.154" asserts="0" description="Remove-AzWvdPrivateEndpointConnection">
            <results>
              <test-case description="Delete" name="Remove-AzWvdPrivateEndpointConnection.Delete" time="0" asserts="0" success="True" result="Ignored" executed="False" />
              <test-case description="Delete1" name="Remove-AzWvdPrivateEndpointConnection.Delete1" time="0" asserts="0" success="True" result="Ignored" executed="False" />
              <test-case description="DeleteViaIdentity1" name="Remove-AzWvdPrivateEndpointConnection.DeleteViaIdentity1" time="0" asserts="0" success="True" result="Ignored" executed="False" />
              <test-case description="DeleteViaIdentity" name="Remove-AzWvdPrivateEndpointConnection.DeleteViaIdentity" time="0" asserts="0" success="True" result="Ignored" executed="False" />
            </results>
          </test-suite>
        </results>
      </test-suite>
      <test-suite type="TestFixture" name="C:\Repos\azure-powershell\src\DesktopVirtualization\test\Remove-AzWvdRegistrationInfo.Tests.ps1" executed="True" result="Success" success="True" time="3.0802" asserts="0" description="C:\Repos\azure-powershell\src\DesktopVirtualization\test\Remove-AzWvdRegistrationInfo.Tests.ps1">
        <results>
          <test-suite type="TestFixture" name="Remove-AzWvdRegistrationInfo" executed="True" result="Success" success="True" time="2.8604" asserts="0" description="Remove-AzWvdRegistrationInfo">
            <results>
              <test-case description="Remove RegInfo" name="Remove-AzWvdRegistrationInfo.Remove RegInfo" time="2.7174" asserts="0" success="True" result="Success" executed="True" />
            </results>
          </test-suite>
        </results>
      </test-suite>
      <test-suite type="TestFixture" name="C:\Repos\azure-powershell\src\DesktopVirtualization\test\Remove-AzWvdScalingPlan.Tests.ps1" executed="True" result="Success" success="True" time="2.6353" asserts="0" description="C:\Repos\azure-powershell\src\DesktopVirtualization\test\Remove-AzWvdScalingPlan.Tests.ps1">
        <results>
          <test-suite type="TestFixture" name="Remove-AzWvdScalingPlan" executed="True" result="Success" success="True" time="2.4051" asserts="0" description="Remove-AzWvdScalingPlan">
            <results>
              <test-case description="Delete" name="Remove-AzWvdScalingPlan.Delete" time="2.2229" asserts="0" success="True" result="Success" executed="True" />
            </results>
          </test-suite>
        </results>
      </test-suite>
      <test-suite type="TestFixture" name="C:\Repos\azure-powershell\src\DesktopVirtualization\test\Remove-AzWvdScalingPlanPooledSchedule.Tests.ps1" executed="True" result="Success" success="True" time="3.3675" asserts="0" description="C:\Repos\azure-powershell\src\DesktopVirtualization\test\Remove-AzWvdScalingPlanPooledSchedule.Tests.ps1">
        <results>
          <test-suite type="TestFixture" name="Remove-AzWvdScalingPlanPooledSchedule" executed="True" result="Success" success="True" time="3.0866" asserts="0" description="Remove-AzWvdScalingPlanPooledSchedule">
            <results>
              <test-case description="Delete" name="Remove-AzWvdScalingPlanPooledSchedule.Delete" time="2.9588" asserts="0" success="True" result="Success" executed="True" />
            </results>
          </test-suite>
        </results>
      </test-suite>
      <test-suite type="TestFixture" name="C:\Repos\azure-powershell\src\DesktopVirtualization\test\Remove-AzWvdSessionHost.Tests.ps1" executed="True" result="Failure" success="False" time="0.5296" asserts="0" description="C:\Repos\azure-powershell\src\DesktopVirtualization\test\Remove-AzWvdSessionHost.Tests.ps1">
        <results>
          <test-suite type="TestFixture" name="Remove-AzWvdSessionHost" executed="True" result="Failure" success="False" time="0.3248" asserts="0" description="Remove-AzWvdSessionHost">
            <results>
              <test-case description="Delete" name="Remove-AzWvdSessionHost.Delete" time="0.1414" asserts="0" success="False" result="Failure" executed="True">
                <failure>
                  <message>ActivityId: 2c6f627f-268a-4733-b884-9e0bfca335d6 Error: SessionHost does not exist</message>
                  <stack-trace>at &lt;ScriptBlock&gt;, C:\Repos\azure-powershell\src\DesktopVirtualization\test\Remove-AzWvdSessionHost.Tests.ps1: line 16
16:         Get-AzWvdSessionHost -SubscriptionId $env.SubscriptionId `
</stack-trace>
                </failure>
              </test-case>
            </results>
          </test-suite>
        </results>
      </test-suite>
      <test-suite type="TestFixture" name="C:\Repos\azure-powershell\src\DesktopVirtualization\test\Remove-AzWvdUserSession.Tests.ps1" executed="True" result="Success" success="True" time="1.0204" asserts="0" description="C:\Repos\azure-powershell\src\DesktopVirtualization\test\Remove-AzWvdUserSession.Tests.ps1">
        <results>
          <test-suite type="TestFixture" name="Remove-AzWvdUserSession" executed="True" result="Success" success="True" time="0.7727" asserts="0" description="Remove-AzWvdUserSession">
            <results>
              <test-case description="Delete" name="Remove-AzWvdUserSession.Delete" time="0.6325" asserts="0" success="True" result="Success" executed="True" />
            </results>
          </test-suite>
        </results>
      </test-suite>
      <test-suite type="TestFixture" name="C:\Repos\azure-powershell\src\DesktopVirtualization\test\Remove-AzWvdWorkspace.Tests.ps1" executed="True" result="Success" success="True" time="2.0133" asserts="0" description="C:\Repos\azure-powershell\src\DesktopVirtualization\test\Remove-AzWvdWorkspace.Tests.ps1">
        <results>
          <test-suite type="TestFixture" name="Remove-AzWvdWorkspace" executed="True" result="Success" success="True" time="1.7413" asserts="0" description="Remove-AzWvdWorkspace">
            <results>
              <test-case description="Delete" name="Remove-AzWvdWorkspace.Delete" time="1.5976" asserts="0" success="True" result="Success" executed="True" />
            </results>
          </test-suite>
        </results>
      </test-suite>
      <test-suite type="TestFixture" name="C:\Repos\azure-powershell\src\DesktopVirtualization\test\Send-AzWvdUserSessionMessage.Tests.ps1" executed="True" result="Success" success="True" time="1.0424" asserts="0" description="C:\Repos\azure-powershell\src\DesktopVirtualization\test\Send-AzWvdUserSessionMessage.Tests.ps1">
        <results>
          <test-suite type="TestFixture" name="Send-AzWvdUserSessionMessage" executed="True" result="Success" success="True" time="0.7227" asserts="0" description="Send-AzWvdUserSessionMessage">
            <results>
              <test-case description="Send" name="Send-AzWvdUserSessionMessage.Send" time="0.5332" asserts="0" success="True" result="Success" executed="True" />
            </results>
          </test-suite>
        </results>
      </test-suite>
      <test-suite type="TestFixture" name="C:\Repos\azure-powershell\src\DesktopVirtualization\test\Unregister-AzWvdApplicationGroup.Tests.ps1" executed="True" result="Success" success="True" time="6.8283" asserts="0" description="C:\Repos\azure-powershell\src\DesktopVirtualization\test\Unregister-AzWvdApplicationGroup.Tests.ps1">
        <results>
          <test-suite type="TestFixture" name="Unregister-AzWvdApplicationGroup" executed="True" result="Success" success="True" time="6.5788" asserts="0" description="Unregister-AzWvdApplicationGroup">
            <results>
              <test-case description="Unregister ApplicationGroup" name="Unregister-AzWvdApplicationGroup.Unregister ApplicationGroup" time="6.4422" asserts="0" success="True" result="Success" executed="True" />
            </results>
          </test-suite>
        </results>
      </test-suite>
      <test-suite type="TestFixture" name="C:\Repos\azure-powershell\src\DesktopVirtualization\test\Update-AzWvdApplication.Tests.ps1" executed="True" result="Success" success="True" time="13.0947" asserts="0" description="C:\Repos\azure-powershell\src\DesktopVirtualization\test\Update-AzWvdApplication.Tests.ps1">
        <results>
          <test-suite type="TestFixture" name="Update-AzWvdApplication" executed="True" result="Success" success="True" time="12.8573" asserts="0" description="Update-AzWvdApplication">
            <results>
              <test-case description="Update" name="Update-AzWvdApplication.Update" time="4.8336" asserts="0" success="True" result="Success" executed="True" />
              <test-case description="Update-MsixApplication" name="Update-AzWvdApplication.Update-MsixApplication" time="7.8837" asserts="0" success="True" result="Success" executed="True" />
            </results>
          </test-suite>
        </results>
      </test-suite>
      <test-suite type="TestFixture" name="C:\Repos\azure-powershell\src\DesktopVirtualization\test\Update-AzWvdApplicationGroup.Tests.ps1" executed="True" result="Success" success="True" time="4.3891" asserts="0" description="C:\Repos\azure-powershell\src\DesktopVirtualization\test\Update-AzWvdApplicationGroup.Tests.ps1">
        <results>
          <test-suite type="TestFixture" name="Update-AzWvdApplicationGroup" executed="True" result="Success" success="True" time="4.1477" asserts="0" description="Update-AzWvdApplicationGroup">
            <results>
              <test-case description="Update" name="Update-AzWvdApplicationGroup.Update" time="4.0209" asserts="0" success="True" result="Success" executed="True" />
            </results>
          </test-suite>
        </results>
      </test-suite>
      <test-suite type="TestFixture" name="C:\Repos\azure-powershell\src\DesktopVirtualization\test\Update-AzWvdDesktop.Tests.ps1" executed="True" result="Success" success="True" time="4.8188" asserts="0" description="C:\Repos\azure-powershell\src\DesktopVirtualization\test\Update-AzWvdDesktop.Tests.ps1">
        <results>
          <test-suite type="TestFixture" name="Update-AzWvdDesktop" executed="True" result="Success" success="True" time="4.5807" asserts="0" description="Update-AzWvdDesktop">
            <results>
              <test-case description="Update" name="Update-AzWvdDesktop.Update" time="4.4537" asserts="0" success="True" result="Success" executed="True" />
            </results>
          </test-suite>
        </results>
      </test-suite>
      <test-suite type="TestFixture" name="C:\Repos\azure-powershell\src\DesktopVirtualization\test\Update-AzWvdHostPool.Tests.ps1" executed="True" result="Success" success="True" time="2.7756" asserts="0" description="C:\Repos\azure-powershell\src\DesktopVirtualization\test\Update-AzWvdHostPool.Tests.ps1">
        <results>
          <test-suite type="TestFixture" name="Update-AzWvdHostPool" executed="True" result="Success" success="True" time="2.552" asserts="0" description="Update-AzWvdHostPool">
            <results>
              <test-case description="Update" name="Update-AzWvdHostPool.Update" time="2.3982" asserts="0" success="True" result="Success" executed="True" />
            </results>
          </test-suite>
        </results>
      </test-suite>
      <test-suite type="TestFixture" name="C:\Repos\azure-powershell\src\DesktopVirtualization\test\Update-AzWvdMsixPackage.Tests.ps1" executed="True" result="Success" success="True" time="3.7092" asserts="0" description="C:\Repos\azure-powershell\src\DesktopVirtualization\test\Update-AzWvdMsixPackage.Tests.ps1">
        <results>
          <test-suite type="TestFixture" name="Update-AzWvdMsixPackage" executed="True" result="Success" success="True" time="3.4545" asserts="0" description="Update-AzWvdMsixPackage">
            <results>
              <test-case description="Update" name="Update-AzWvdMsixPackage.Update" time="3.2589" asserts="0" success="True" result="Success" executed="True" />
            </results>
          </test-suite>
        </results>
      </test-suite>
      <test-suite type="TestFixture" name="C:\Repos\azure-powershell\src\DesktopVirtualization\test\Update-AzWvdScalingPlan.Tests.ps1" executed="True" result="Success" success="True" time="8.4501" asserts="0" description="C:\Repos\azure-powershell\src\DesktopVirtualization\test\Update-AzWvdScalingPlan.Tests.ps1">
        <results>
          <test-suite type="TestFixture" name="Update-AzWvdScalingPlan" executed="True" result="Success" success="True" time="8.1716" asserts="0" description="Update-AzWvdScalingPlan">
            <results>
              <test-case description="UpdateExpanded" name="Update-AzWvdScalingPlan.UpdateExpanded" time="8.0034" asserts="0" success="True" result="Success" executed="True" />
            </results>
          </test-suite>
        </results>
      </test-suite>
      <test-suite type="TestFixture" name="C:\Repos\azure-powershell\src\DesktopVirtualization\test\Update-AzWvdScalingPlanPooledSchedule.Tests.ps1" executed="True" result="Success" success="True" time="3.5453" asserts="0" description="C:\Repos\azure-powershell\src\DesktopVirtualization\test\Update-AzWvdScalingPlanPooledSchedule.Tests.ps1">
        <results>
          <test-suite type="TestFixture" name="Update-AzWvdScalingPlanPooledSchedule" executed="True" result="Success" success="True" time="3.2371" asserts="0" description="Update-AzWvdScalingPlanPooledSchedule">
            <results>
              <test-case description="UpdateExpanded" name="Update-AzWvdScalingPlanPooledSchedule.UpdateExpanded" time="3.058" asserts="0" success="True" result="Success" executed="True" />
            </results>
          </test-suite>
        </results>
      </test-suite>
      <test-suite type="TestFixture" name="C:\Repos\azure-powershell\src\DesktopVirtualization\test\Update-AzWvdSessionHost.Tests.ps1" executed="True" result="Success" success="True" time="1.3548" asserts="0" description="C:\Repos\azure-powershell\src\DesktopVirtualization\test\Update-AzWvdSessionHost.Tests.ps1">
        <results>
          <test-suite type="TestFixture" name="Update-AzWvdSessionHost" executed="True" result="Success" success="True" time="1.0435" asserts="0" description="Update-AzWvdSessionHost">
            <results>
              <test-case description="Update" name="Update-AzWvdSessionHost.Update" time="0.9188" asserts="0" success="True" result="Success" executed="True" />
            </results>
          </test-suite>
        </results>
      </test-suite>
      <test-suite type="TestFixture" name="C:\Repos\azure-powershell\src\DesktopVirtualization\test\Update-AzWvdWorkspace.Tests.ps1" executed="True" result="Success" success="True" time="2.6559" asserts="0" description="C:\Repos\azure-powershell\src\DesktopVirtualization\test\Update-AzWvdWorkspace.Tests.ps1">
        <results>
          <test-suite type="TestFixture" name="Update-AzWvdWorkspace" executed="True" result="Success" success="True" time="2.4192" asserts="0" description="Update-AzWvdWorkspace">
            <results>
              <test-case description="Update" name="Update-AzWvdWorkspace.Update" time="2.2796" asserts="0" success="True" result="Success" executed="True" />
            </results>
          </test-suite>
        </results>
      </test-suite>
    </results>
  </test-suite>
</test-results>