<?xml version="1.0" encoding="utf-8" standalone="no"?>
<test-results xmlns:xsi="http://www.w3.org/2001/XMLSchema-instance" xsi:noNamespaceSchemaLocation="nunit_schema_2.5.xsd" name="Pester" total="27" errors="0" failures="3" not-run="0" inconclusive="0" ignored="11" skipped="0" invalid="0" date="2022-08-18" time="23:27:10">
  <environment machine-name="CN-BEZ-630" user="bez" os-version="10.0.19044" user-domain="FAREAST" clr-version="Unknown" nunit-version="2.5.8.0" platform="Microsoft Windows 10 Enterprise|C:\WINDOWS|\Device\Harddisk0\Partition4" cwd="C:\Azure\fork\azure-powershell\src\ImageBuilder" />
  <culture-info current-culture="en-US" current-uiculture="en-US" />
  <test-suite type="TestFixture" name="Pester" executed="True" result="Failure" success="False" time="323.5684" asserts="0" description="Pester">
    <results>
      <test-suite type="TestFixture" name="C:\Azure\fork\azure-powershell\src\ImageBuilder\test\Get-AzImageBuilderTemplate.Tests.ps1" executed="True" result="Success" success="True" time="7.4976" asserts="0" description="C:\Azure\fork\azure-powershell\src\ImageBuilder\test\Get-AzImageBuilderTemplate.Tests.ps1">
        <results>
          <test-suite type="TestFixture" name="Get-AzImageBuilderTemplate" executed="True" result="Success" success="True" time="7.0573" asserts="0" description="Get-AzImageBuilderTemplate">
            <results>
              <test-case description="List" name="Get-AzImageBuilderTemplate.List" time="2.6649" asserts="0" success="True" result="Success" executed="True" />
              <test-case description="List1" name="Get-AzImageBuilderTemplate.List1" time="0.4787" asserts="0" success="True" result="Success" executed="True" />
              <test-case description="Get" name="Get-AzImageBuilderTemplate.Get" time="0.5667" asserts="0" success="True" result="Success" executed="True" />
              <test-case description="GetViaIdentity" name="Get-AzImageBuilderTemplate.GetViaIdentity" time="0.9036" asserts="0" success="True" result="Success" executed="True" />
            </results>
          </test-suite>
        </results>
      </test-suite>
      <test-suite type="TestFixture" name="C:\Azure\fork\azure-powershell\src\ImageBuilder\test\Get-AzImageBuilderTemplateRunOutput.Tests.ps1" executed="True" result="Success" success="True" time="2.7485" asserts="0" description="C:\Azure\fork\azure-powershell\src\ImageBuilder\test\Get-AzImageBuilderTemplateRunOutput.Tests.ps1">
        <results>
          <test-suite type="TestFixture" name="Get-AzImageBuilderRunOutput" executed="True" result="Success" success="True" time="2.4973" asserts="0" description="Get-AzImageBuilderRunOutput">
            <results>
              <test-case description="List" name="Get-AzImageBuilderRunOutput.List" time="0.5751" asserts="0" success="True" result="Success" executed="True" />
              <test-case description="Get" name="Get-AzImageBuilderRunOutput.Get" time="0.6547" asserts="0" success="True" result="Success" executed="True" />
              <test-case description="GetViaIdentity" name="Get-AzImageBuilderRunOutput.GetViaIdentity" time="1.1329" asserts="0" success="True" result="Success" executed="True" />
            </results>
          </test-suite>
        </results>
      </test-suite>
      <test-suite type="TestFixture" name="C:\Azure\fork\azure-powershell\src\ImageBuilder\test\New-AzImageBuilderTemplate.Tests.ps1" executed="True" result="Ignored" success="True" time="115.6344" asserts="0" description="C:\Azure\fork\azure-powershell\src\ImageBuilder\test\New-AzImageBuilderTemplate.Tests.ps1">
        <results>
          <test-suite type="TestFixture" name="New-AzImageBuilderTemplate" executed="True" result="Ignored" success="True" time="115.3936" asserts="0" description="New-AzImageBuilderTemplate">
            <results>
              <test-case description="ExpandedParameterSet" name="New-AzImageBuilderTemplate.ExpandedParameterSet" time="42.7411" asserts="0" success="True" result="Success" executed="True" />
              <test-case description="FromJsonFile" name="New-AzImageBuilderTemplate.FromJsonFile" time="37.2689" asserts="0" success="True" result="Success" executed="True" />
              <test-case description="FromJsonString" name="New-AzImageBuilderTemplate.FromJsonString" time="35.1984" asserts="0" success="True" result="Success" executed="True" />
              <test-case description="platformimg-managedimg" name="New-AzImageBuilderTemplate.platformimg-managedimg" time="0" asserts="0" success="True" result="Ignored" executed="False" />
              <test-case description="platformimg-vhd" name="New-AzImageBuilderTemplate.platformimg-vhd" time="0" asserts="0" success="True" result="Ignored" executed="False" />
              <test-case description="platformimg-sharedimg" name="New-AzImageBuilderTemplate.platformimg-sharedimg" time="0" asserts="0" success="True" result="Ignored" executed="False" />
              <test-case description="managedimg-managedimg" name="New-AzImageBuilderTemplate.managedimg-managedimg" time="0" asserts="0" success="True" result="Ignored" executed="False" />
              <test-case description="managedimg-vhd" name="New-AzImageBuilderTemplate.managedimg-vhd" time="0" asserts="0" success="True" result="Ignored" executed="False" />
              <test-case description="managedimg-sharedimg" name="New-AzImageBuilderTemplate.managedimg-sharedimg" time="0" asserts="0" success="True" result="Ignored" executed="False" />
              <test-case description="sharedimg-managedimg" name="New-AzImageBuilderTemplate.sharedimg-managedimg" time="0" asserts="0" success="True" result="Ignored" executed="False" />
              <test-case description="sharedimg-vhd" name="New-AzImageBuilderTemplate.sharedimg-vhd" time="0" asserts="0" success="True" result="Ignored" executed="False" />
              <test-case description="sharedImage-sharedimg" name="New-AzImageBuilderTemplate.sharedImage-sharedimg" time="0" asserts="0" success="True" result="Ignored" executed="False" />
            </results>
          </test-suite>
        </results>
      </test-suite>
      <test-suite type="TestFixture" name="C:\Azure\fork\azure-powershell\src\ImageBuilder\test\New-AzImageBuilderTemplateCustomizerObject.Tests.ps1" executed="True" result="Success" success="True" time="0.4638" asserts="0" description="C:\Azure\fork\azure-powershell\src\ImageBuilder\test\New-AzImageBuilderTemplateCustomizerObject.Tests.ps1">
        <results>
          <test-suite type="TestFixture" name="New-AzImageBuilderTemplateCustomizerObject" executed="True" result="Success" success="True" time="0.2276" asserts="0" description="New-AzImageBuilderTemplateCustomizerObject">
            <results>
              <test-case description="WindowsUpdateCustomizer" name="New-AzImageBuilderTemplateCustomizerObject.WindowsUpdateCustomizer" time="0.0204" asserts="0" success="True" result="Success" executed="True" />
              <test-case description="FileCustomizer" name="New-AzImageBuilderTemplateCustomizerObject.FileCustomizer" time="0.0198" asserts="0" success="True" result="Success" executed="True" />
              <test-case description="ShellCustomizer" name="New-AzImageBuilderTemplateCustomizerObject.ShellCustomizer" time="0.0153" asserts="0" success="True" result="Success" executed="True" />
              <test-case description="PowerShellCustomizer" name="New-AzImageBuilderTemplateCustomizerObject.PowerShellCustomizer" time="0.0243" asserts="0" success="True" result="Success" executed="True" />
              <test-case description="RestartCustomizer" name="New-AzImageBuilderTemplateCustomizerObject.RestartCustomizer" time="0.0253" asserts="0" success="True" result="Success" executed="True" />
            </results>
          </test-suite>
        </results>
      </test-suite>
      <test-suite type="TestFixture" name="C:\Azure\fork\azure-powershell\src\ImageBuilder\test\New-AzImageBuilderTemplateDistributorObject.Tests.ps1" executed="True" result="Success" success="True" time="0.4573" asserts="0" description="C:\Azure\fork\azure-powershell\src\ImageBuilder\test\New-AzImageBuilderTemplateDistributorObject.Tests.ps1">
        <results>
          <test-suite type="TestFixture" name="New-AzImageBuilderDistributorObject" executed="True" result="Success" success="True" time="0.1764" asserts="0" description="New-AzImageBuilderDistributorObject">
            <results>
              <test-case description="VhdDistributor" name="New-AzImageBuilderDistributorObject.VhdDistributor" time="0.0217" asserts="0" success="True" result="Success" executed="True" />
              <test-case description="ManagedImageDistributor" name="New-AzImageBuilderDistributorObject.ManagedImageDistributor" time="0.0422" asserts="0" success="True" result="Success" executed="True" />
              <test-case description="SharedImageDistributor" name="New-AzImageBuilderDistributorObject.SharedImageDistributor" time="0.0161" asserts="0" success="True" result="Success" executed="True" />
            </results>
          </test-suite>
        </results>
      </test-suite>
      <test-suite type="TestFixture" name="C:\Azure\fork\azure-powershell\src\ImageBuilder\test\New-AzImageBuilderTemplateSourceObject.Tests.ps1" executed="True" result="Success" success="True" time="0.4593" asserts="0" description="C:\Azure\fork\azure-powershell\src\ImageBuilder\test\New-AzImageBuilderTemplateSourceObject.Tests.ps1">
        <results>
          <test-suite type="TestFixture" name="New-AzImageBuilderTemplateSourceObject" executed="True" result="Success" success="True" time="0.2071" asserts="0" description="New-AzImageBuilderTemplateSourceObject">
            <results>
              <test-case description="PlatformImage" name="New-AzImageBuilderTemplateSourceObject.PlatformImage" time="0.0375" asserts="0" success="True" result="Success" executed="True" />
              <test-case description="ManagedImage" name="New-AzImageBuilderTemplateSourceObject.ManagedImage" time="0.0267" asserts="0" success="True" result="Success" executed="True" />
              <test-case description="SharedImageVersion" name="New-AzImageBuilderTemplateSourceObject.SharedImageVersion" time="0.0518" asserts="0" success="True" result="Success" executed="True" />
            </results>
          </test-suite>
        </results>
      </test-suite>
      <test-suite type="TestFixture" name="C:\Azure\fork\azure-powershell\src\ImageBuilder\test\New-AzImageBuilderTemplateValidatorObject.Tests.ps1" executed="True" result="Ignored" success="True" time="0.3638" asserts="0" description="C:\Azure\fork\azure-powershell\src\ImageBuilder\test\New-AzImageBuilderTemplateValidatorObject.Tests.ps1">
        <results>
          <test-suite type="TestFixture" name="New-AzImageBuilderTemplateValidatorObject" executed="True" result="Ignored" success="True" time="0.1033" asserts="0" description="New-AzImageBuilderTemplateValidatorObject">
            <results>
              <test-case description="PowerShellValidator" name="New-AzImageBuilderTemplateValidatorObject.PowerShellValidator" time="0" asserts="0" success="True" result="Ignored" executed="False" />
              <test-case description="ShellValidator" name="New-AzImageBuilderTemplateValidatorObject.ShellValidator" time="0" asserts="0" success="True" result="Ignored" executed="False" />
            </results>
          </test-suite>
        </results>
      </test-suite>
      <test-suite type="TestFixture" name="C:\Azure\fork\azure-powershell\src\ImageBuilder\test\Remove-AzImageBuilderTemplate.Tests.ps1" executed="True" result="Success" success="True" time="190.144" asserts="0" description="C:\Azure\fork\azure-powershell\src\ImageBuilder\test\Remove-AzImageBuilderTemplate.Tests.ps1">
        <results>
          <test-suite type="TestFixture" name="Remove-AzImageBuilderTemplate" executed="True" result="Success" success="True" time="189.8779" asserts="0" description="Remove-AzImageBuilderTemplate">
            <results>
              <test-case description="Delete" name="Remove-AzImageBuilderTemplate.Delete" time="95.4529" asserts="0" success="True" result="Success" executed="True" />
              <test-case description="DeleteViaIdentity" name="Remove-AzImageBuilderTemplate.DeleteViaIdentity" time="94.3003" asserts="0" success="True" result="Success" executed="True" />
            </results>
          </test-suite>
        </results>
      </test-suite>
      <test-suite type="TestFixture" name="C:\Azure\fork\azure-powershell\src\ImageBuilder\test\Start-AzImageBuilderTemplate.Tests.ps1" executed="True" result="Failure" success="False" time="1.9276" asserts="0" description="C:\Azure\fork\azure-powershell\src\ImageBuilder\test\Start-AzImageBuilderTemplate.Tests.ps1">
        <results>
          <test-suite type="TestFixture" name="Start-AzImageBuilderTemplate" executed="True" result="Failure" success="False" time="1.6084" asserts="0" description="Start-AzImageBuilderTemplate">
            <results>
              <test-case description="Run" name="Start-AzImageBuilderTemplate.Run" time="0.4781" asserts="0" success="False" result="Failure" executed="True">
                <failure>
                  <message>Operation Microsoft.VirtualMachineImages/imageTemplates/cancel/action is not allowed in provisioning state: provisioned or run state: succeeded.</message>
                  <stack-trace>at &lt;ScriptBlock&gt;, C:\Azure\fork\azure-powershell\src\ImageBuilder\test\Start-AzImageBuilderTemplate.Tests.ps1: line 16
16:         Stop-AzImageBuilderTemplate -Name $env.templateName -ResourceGroupName $env.rg
</stack-trace>
                </failure>
              </test-case>
              <test-case description="RunViaIdentity" name="Start-AzImageBuilderTemplate.RunViaIdentity" time="0.8974" asserts="0" success="False" result="Failure" executed="True">
                <failure>
                  <message>Operation Microsoft.VirtualMachineImages/imageTemplates/cancel/action is not allowed in provisioning state: provisioned or run state: succeeded.</message>
                  <stack-trace>at &lt;ScriptBlock&gt;, C:\Azure\fork\azure-powershell\src\ImageBuilder\test\Start-AzImageBuilderTemplate.Tests.ps1: line 24
24:         Stop-AzImageBuilderTemplate -Name $env.templateName -ResourceGroupName $env.rg
</stack-trace>
                </failure>
              </test-case>
            </results>
          </test-suite>
        </results>
      </test-suite>
      <test-suite type="TestFixture" name="C:\Azure\fork\azure-powershell\src\ImageBuilder\test\Stop-AzImageBuilderTemplate.Tests.ps1" executed="True" result="Failure" success="False" time="3.872" asserts="0" description="C:\Azure\fork\azure-powershell\src\ImageBuilder\test\Stop-AzImageBuilderTemplate.Tests.ps1">
        <results>
          <test-suite type="TestFixture" name="Stop-AzImageBuilderTemplate" executed="True" result="Failure" success="False" time="3.578" asserts="0" description="Stop-AzImageBuilderTemplate">
            <results>
              <test-case description="Cancel" name="Stop-AzImageBuilderTemplate.Cancel" time="2.9781" asserts="0" success="True" result="Success" executed="True" />
              <test-case description="CancelViaIdentity" name="Stop-AzImageBuilderTemplate.CancelViaIdentity" time="0.473" asserts="0" success="False" result="Failure" executed="True">
                <failure>
                  <message>Operation Microsoft.VirtualMachineImages/imageTemplates/run/action is not allowed in provisioning state: provisioned or run state: canceling.</message>
                  <stack-trace>at &lt;ScriptBlock&gt;, C:\Azure\fork\azure-powershell\src\ImageBuilder\test\Stop-AzImageBuilderTemplate.Tests.ps1: line 24
24:         Start-AzImageBuilderTemplate -Name $env.templateName -ResourceGroupName $env.rg -NoWait
</stack-trace>
                </failure>
              </test-case>
            </results>
          </test-suite>
        </results>
      </test-suite>
    </results>
  </test-suite>
</test-results>