<?xml version="1.0" encoding="utf-8" standalone="no"?>
<test-results xmlns:xsi="http://www.w3.org/2001/XMLSchema-instance" xsi:noNamespaceSchemaLocation="nunit_schema_2.5.xsd" name="Pester" total="25" errors="0" failures="0" not-run="0" inconclusive="0" ignored="13" skipped="0" invalid="0" date="2022-08-22" time="17:19:06">
  <environment machine-name="CN-BEZ-630" os-version="10.0.19044" user="bez" nunit-version="2.5.8.0" clr-version="Unknown" platform="Microsoft Windows 10 Enterprise|C:\WINDOWS|\Device\Harddisk0\Partition4" cwd="C:\Azure\fork\azure-powershell\src\ImageBuilder" user-domain="FAREAST" />
  <culture-info current-culture="en-US" current-uiculture="en-US" />
  <test-suite type="TestFixture" name="Pester" executed="True" result="Ignored" success="True" time="5.0631" asserts="0" description="Pester">
    <results>
      <test-suite type="TestFixture" name="C:\Azure\fork\azure-powershell\src\ImageBuilder\test\Get-AzImageBuilderTemplate.Tests.ps1" executed="True" result="Success" success="True" time="1.0964" asserts="0" description="C:\Azure\fork\azure-powershell\src\ImageBuilder\test\Get-AzImageBuilderTemplate.Tests.ps1">
        <results>
          <test-suite type="TestFixture" name="Get-AzImageBuilderTemplate" executed="True" result="Success" success="True" time="0.7463" asserts="0" description="Get-AzImageBuilderTemplate">
            <results>
              <test-case description="List" name="Get-AzImageBuilderTemplate.List" time="0.2562" asserts="0" success="True" result="Success" executed="True" />
              <test-case description="List1" name="Get-AzImageBuilderTemplate.List1" time="0.0267" asserts="0" success="True" result="Success" executed="True" />
              <test-case description="Get" name="Get-AzImageBuilderTemplate.Get" time="0.0568" asserts="0" success="True" result="Success" executed="True" />
              <test-case description="GetViaIdentity" name="Get-AzImageBuilderTemplate.GetViaIdentity" time="0.0545" asserts="0" success="True" result="Success" executed="True" />
            </results>
          </test-suite>
        </results>
      </test-suite>
      <test-suite type="TestFixture" name="C:\Azure\fork\azure-powershell\src\ImageBuilder\test\Get-AzImageBuilderTemplateRunOutput.Tests.ps1" executed="True" result="Success" success="True" time="0.5026" asserts="0" description="C:\Azure\fork\azure-powershell\src\ImageBuilder\test\Get-AzImageBuilderTemplateRunOutput.Tests.ps1">
        <results>
          <test-suite type="TestFixture" name="Get-AzImageBuilderRunOutput" executed="True" result="Success" success="True" time="0.2106" asserts="0" description="Get-AzImageBuilderRunOutput">
            <results>
              <test-case description="List" name="Get-AzImageBuilderRunOutput.List" time="0.0442" asserts="0" success="True" result="Success" executed="True" />
              <test-case description="Get" name="Get-AzImageBuilderRunOutput.Get" time="0.0187" asserts="0" success="True" result="Success" executed="True" />
              <test-case description="GetViaIdentity" name="Get-AzImageBuilderRunOutput.GetViaIdentity" time="0.0187" asserts="0" success="True" result="Success" executed="True" />
            </results>
          </test-suite>
        </results>
      </test-suite>
      <test-suite type="TestFixture" name="C:\Azure\fork\azure-powershell\src\ImageBuilder\test\New-AzImageBuilderTemplate.Tests.ps1" executed="True" result="Ignored" success="True" time="0.6509" asserts="0" description="C:\Azure\fork\azure-powershell\src\ImageBuilder\test\New-AzImageBuilderTemplate.Tests.ps1">
        <results>
          <test-suite type="TestFixture" name="New-AzImageBuilderTemplate" executed="True" result="Ignored" success="True" time="0.3976" asserts="0" description="New-AzImageBuilderTemplate">
            <results>
              <test-case description="ExpandedParameterSet" name="New-AzImageBuilderTemplate.ExpandedParameterSet" time="0.166" asserts="0" success="True" result="Success" executed="True" />
              <test-case description="FromJsonFile" name="New-AzImageBuilderTemplate.FromJsonFile" time="0.0532" asserts="0" success="True" result="Success" executed="True" />
              <test-case description="FromJsonString" name="New-AzImageBuilderTemplate.FromJsonString" time="0.0185" asserts="0" success="True" result="Success" executed="True" />
              <test-case description="platformimg-managedimg" name="New-AzImageBuilderTemplate.platformimg-managedimg" time="0" asserts="0" success="True" result="Ignored" executed="False" />
              <test-case description="platformimg-vhd" name="New-AzImageBuilderTemplate.platformimg-vhd" time="0" asserts="0" success="True" result="Ignored" executed="False" />
              <test-case description="platformimg-sharedimg" name="New-AzImageBuilderTemplate.platformimg-sharedimg" time="0" asserts="0" success="True" result="Ignored" executed="False" />
              <test-case description="managedimg-managedimg" name="New-AzImageBuilderTemplate.managedimg-managedimg" time="0" asserts="0" success="True" result="Ignored" executed="False" />
              <test-case description="managedimg-vhd" name="New-AzImageBuilderTemplate.managedimg-vhd" time="0" asserts="0" success="True" result="Ignored" executed="False" />
              <test-case description="managedimg-sharedimg" name="New-AzImageBuilderTemplate.managedimg-sharedimg" time="0" asserts="0" success="True" result="Ignored" executed="False" />
              <test-case description="sharedimg-managedimg" name="New-AzImageBuilderTemplate.sharedimg-managedimg" time="0" asserts="0" success="True" result="Ignored" executed="False" />
              <test-case description="sharedimg-vhd" name="New-AzImageBuilderTemplate.sharedimg-vhd" time="0" asserts="0" success="True" result="Ignored" executed="False" />
              <test-case description="sharedImage-sharedimg" name="New-AzImageBuilderTemplate.sharedImage-sharedimg" time="0" asserts="0" success="True" result="Ignored" executed="False" />
            </results>
          </test-suite>
        </results>
      </test-suite>
      <test-suite type="TestFixture" name="C:\Azure\fork\azure-powershell\src\ImageBuilder\test\New-AzImageBuilderTemplateCustomizerObject.Tests.ps1" executed="True" result="Success" success="True" time="0.4067" asserts="0" description="C:\Azure\fork\azure-powershell\src\ImageBuilder\test\New-AzImageBuilderTemplateCustomizerObject.Tests.ps1">
        <results>
          <test-suite type="TestFixture" name="New-AzImageBuilderTemplateCustomizerObject" executed="True" result="Success" success="True" time="0.1814" asserts="0" description="New-AzImageBuilderTemplateCustomizerObject">
            <results>
              <test-case description="WindowsUpdateCustomizer" name="New-AzImageBuilderTemplateCustomizerObject.WindowsUpdateCustomizer" time="0.0157" asserts="0" success="True" result="Success" executed="True" />
              <test-case description="FileCustomizer" name="New-AzImageBuilderTemplateCustomizerObject.FileCustomizer" time="0.0109" asserts="0" success="True" result="Success" executed="True" />
              <test-case description="ShellCustomizer" name="New-AzImageBuilderTemplateCustomizerObject.ShellCustomizer" time="0.0049" asserts="0" success="True" result="Success" executed="True" />
              <test-case description="PowerShellCustomizer" name="New-AzImageBuilderTemplateCustomizerObject.PowerShellCustomizer" time="0.023" asserts="0" success="True" result="Success" executed="True" />
              <test-case description="RestartCustomizer" name="New-AzImageBuilderTemplateCustomizerObject.RestartCustomizer" time="0.0139" asserts="0" success="True" result="Success" executed="True" />
            </results>
          </test-suite>
        </results>
      </test-suite>
      <test-suite type="TestFixture" name="C:\Azure\fork\azure-powershell\src\ImageBuilder\test\New-AzImageBuilderTemplateDistributorObject.Tests.ps1" executed="True" result="Success" success="True" time="0.3631" asserts="0" description="C:\Azure\fork\azure-powershell\src\ImageBuilder\test\New-AzImageBuilderTemplateDistributorObject.Tests.ps1">
        <results>
          <test-suite type="TestFixture" name="New-AzImageBuilderDistributorObject" executed="True" result="Success" success="True" time="0.1152" asserts="0" description="New-AzImageBuilderDistributorObject">
            <results>
              <test-case description="VhdDistributor" name="New-AzImageBuilderDistributorObject.VhdDistributor" time="0.0125" asserts="0" success="True" result="Success" executed="True" />
              <test-case description="ManagedImageDistributor" name="New-AzImageBuilderDistributorObject.ManagedImageDistributor" time="0.0207" asserts="0" success="True" result="Success" executed="True" />
              <test-case description="SharedImageDistributor" name="New-AzImageBuilderDistributorObject.SharedImageDistributor" time="0.0062" asserts="0" success="True" result="Success" executed="True" />
            </results>
          </test-suite>
        </results>
      </test-suite>
      <test-suite type="TestFixture" name="C:\Azure\fork\azure-powershell\src\ImageBuilder\test\New-AzImageBuilderTemplateSourceObject.Tests.ps1" executed="True" result="Success" success="True" time="0.4324" asserts="0" description="C:\Azure\fork\azure-powershell\src\ImageBuilder\test\New-AzImageBuilderTemplateSourceObject.Tests.ps1">
        <results>
          <test-suite type="TestFixture" name="New-AzImageBuilderTemplateSourceObject" executed="True" result="Success" success="True" time="0.1182" asserts="0" description="New-AzImageBuilderTemplateSourceObject">
            <results>
              <test-case description="PlatformImage" name="New-AzImageBuilderTemplateSourceObject.PlatformImage" time="0.0212" asserts="0" success="True" result="Success" executed="True" />
              <test-case description="ManagedImage" name="New-AzImageBuilderTemplateSourceObject.ManagedImage" time="0.0095" asserts="0" success="True" result="Success" executed="True" />
              <test-case description="SharedImageVersion" name="New-AzImageBuilderTemplateSourceObject.SharedImageVersion" time="0.0087" asserts="0" success="True" result="Success" executed="True" />
            </results>
          </test-suite>
        </results>
      </test-suite>
      <test-suite type="TestFixture" name="C:\Azure\fork\azure-powershell\src\ImageBuilder\test\New-AzImageBuilderTemplateValidatorObject.Tests.ps1" executed="True" result="Ignored" success="True" time="0.3188" asserts="0" description="C:\Azure\fork\azure-powershell\src\ImageBuilder\test\New-AzImageBuilderTemplateValidatorObject.Tests.ps1">
        <results>
          <test-suite type="TestFixture" name="New-AzImageBuilderTemplateValidatorObject" executed="True" result="Ignored" success="True" time="0.0756" asserts="0" description="New-AzImageBuilderTemplateValidatorObject">
            <results>
              <test-case description="PowerShellValidator" name="New-AzImageBuilderTemplateValidatorObject.PowerShellValidator" time="0" asserts="0" success="True" result="Ignored" executed="False" />
              <test-case description="ShellValidator" name="New-AzImageBuilderTemplateValidatorObject.ShellValidator" time="0" asserts="0" success="True" result="Ignored" executed="False" />
            </results>
          </test-suite>
        </results>
      </test-suite>
      <test-suite type="TestFixture" name="C:\Azure\fork\azure-powershell\src\ImageBuilder\test\Remove-AzImageBuilderTemplate.Tests.ps1" executed="True" result="Success" success="True" time="0.4073" asserts="0" description="C:\Azure\fork\azure-powershell\src\ImageBuilder\test\Remove-AzImageBuilderTemplate.Tests.ps1">
        <results>
          <test-suite type="TestFixture" name="Remove-AzImageBuilderTemplate" executed="True" result="Success" success="True" time="0.1755" asserts="0" description="Remove-AzImageBuilderTemplate">
            <results>
              <test-case description="Delete" name="Remove-AzImageBuilderTemplate.Delete" time="0.0573" asserts="0" success="True" result="Success" executed="True" />
              <test-case description="DeleteViaIdentity" name="Remove-AzImageBuilderTemplate.DeleteViaIdentity" time="0.0392" asserts="0" success="True" result="Success" executed="True" />
            </results>
          </test-suite>
        </results>
      </test-suite>
      <test-suite type="TestFixture" name="C:\Azure\fork\azure-powershell\src\ImageBuilder\test\Start-AzImageBuilderTemplate.Tests.ps1" executed="True" result="Ignored" success="True" time="0.5269" asserts="0" description="C:\Azure\fork\azure-powershell\src\ImageBuilder\test\Start-AzImageBuilderTemplate.Tests.ps1">
        <results>
          <test-suite type="TestFixture" name="Start-AzImageBuilderTemplate" executed="True" result="Ignored" success="True" time="0.2905" asserts="0" description="Start-AzImageBuilderTemplate">
            <results>
              <test-case description="Run" name="Start-AzImageBuilderTemplate.Run" time="0.224" asserts="0" success="True" result="Success" executed="True" />
              <test-case description="RunViaIdentity" name="Start-AzImageBuilderTemplate.RunViaIdentity" time="0" asserts="0" success="True" result="Ignored" executed="False" />
            </results>
          </test-suite>
        </results>
      </test-suite>
      <test-suite type="TestFixture" name="C:\Azure\fork\azure-powershell\src\ImageBuilder\test\Stop-AzImageBuilderTemplate.Tests.ps1" executed="True" result="Ignored" success="True" time="0.3579" asserts="0" description="C:\Azure\fork\azure-powershell\src\ImageBuilder\test\Stop-AzImageBuilderTemplate.Tests.ps1">
        <results>
          <test-suite type="TestFixture" name="Stop-AzImageBuilderTemplate" executed="True" result="Ignored" success="True" time="0.1108" asserts="0" description="Stop-AzImageBuilderTemplate">
            <results>
              <test-case description="Cancel" name="Stop-AzImageBuilderTemplate.Cancel" time="0.0403" asserts="0" success="True" result="Success" executed="True" />
              <test-case description="CancelViaIdentity" name="Stop-AzImageBuilderTemplate.CancelViaIdentity" time="0" asserts="0" success="True" result="Ignored" executed="False" />
            </results>
          </test-suite>
        </results>
      </test-suite>
    </results>
  </test-suite>
</test-results>