<?xml version="1.0" encoding="utf-8" standalone="no"?>
<test-results xmlns:xsi="http://www.w3.org/2001/XMLSchema-instance" xsi:noNamespaceSchemaLocation="nunit_schema_2.5.xsd" name="Pester" total="30" errors="0" failures="0" not-run="0" inconclusive="0" ignored="14" skipped="0" invalid="0" date="2023-08-29" time="14:45:32">
  <environment cwd="D:\_code\1\azure-powershell\src\ImageBuilder" user="v-jinpel" platform="Microsoft Windows 11 企业版|C:\WINDOWS|\Device\Harddisk0\Partition3" clr-version="Unknown" nunit-version="2.5.8.0" machine-name="MCI-V-JINPEL" os-version="10.0.22621" user-domain="FAREAST" />
  <culture-info current-culture="zh-CN" current-uiculture="zh-CN" />
  <test-suite type="TestFixture" name="Pester" executed="True" result="Ignored" success="True" time="16.9805" asserts="0" description="Pester">
    <results>
      <test-suite type="TestFixture" name="D:\_code\1\azure-powershell\src\ImageBuilder\test\Get-AzImageBuilderTemplate.Tests.ps1" executed="True" result="Success" success="True" time="4.8639" asserts="0" description="D:\_code\1\azure-powershell\src\ImageBuilder\test\Get-AzImageBuilderTemplate.Tests.ps1">
        <results>
          <test-suite type="TestFixture" name="Get-AzImageBuilderTemplate" executed="True" result="Success" success="True" time="4.708" asserts="0" description="Get-AzImageBuilderTemplate">
            <results>
              <test-case description="List" name="Get-AzImageBuilderTemplate.List" time="2.5783" asserts="0" success="True" result="Success" executed="True" />
              <test-case description="List1" name="Get-AzImageBuilderTemplate.List1" time="0.5892" asserts="0" success="True" result="Success" executed="True" />
              <test-case description="Get" name="Get-AzImageBuilderTemplate.Get" time="0.582" asserts="0" success="True" result="Success" executed="True" />
              <test-case description="GetViaIdentity" name="Get-AzImageBuilderTemplate.GetViaIdentity" time="0.6428" asserts="0" success="True" result="Success" executed="True" />
            </results>
          </test-suite>
        </results>
      </test-suite>
      <test-suite type="TestFixture" name="D:\_code\1\azure-powershell\src\ImageBuilder\test\Get-AzImageBuilderTemplateRunOutput.Tests.ps1" executed="True" result="Ignored" success="True" time="0.1361" asserts="0" description="D:\_code\1\azure-powershell\src\ImageBuilder\test\Get-AzImageBuilderTemplateRunOutput.Tests.ps1">
        <results>
          <test-suite type="TestFixture" name="Get-AzImageBuilderRunOutput" executed="True" result="Ignored" success="True" time="0.0433" asserts="0" description="Get-AzImageBuilderRunOutput">
            <results>
              <test-case description="List" name="Get-AzImageBuilderRunOutput.List" time="0" asserts="0" success="True" result="Ignored" executed="False" />
              <test-case description="Get" name="Get-AzImageBuilderRunOutput.Get" time="0" asserts="0" success="True" result="Ignored" executed="False" />
            </results>
          </test-suite>
        </results>
      </test-suite>
      <test-suite type="TestFixture" name="D:\_code\1\azure-powershell\src\ImageBuilder\test\Get-AzImageBuilderTrigger.Tests.ps1" executed="True" result="Success" success="True" time="0.7043" asserts="0" description="D:\_code\1\azure-powershell\src\ImageBuilder\test\Get-AzImageBuilderTrigger.Tests.ps1">
        <results>
          <test-suite type="TestFixture" name="Get-AzImageBuilderTrigger" executed="True" result="Success" success="True" time="0.624" asserts="0" description="Get-AzImageBuilderTrigger">
            <results>
              <test-case description="List" name="Get-AzImageBuilderTrigger.List" time="0.2761" asserts="0" success="True" result="Success" executed="True" />
              <test-case description="Get" name="Get-AzImageBuilderTrigger.Get" time="0.3036" asserts="0" success="True" result="Success" executed="True" />
            </results>
          </test-suite>
        </results>
      </test-suite>
      <test-suite type="TestFixture" name="D:\_code\1\azure-powershell\src\ImageBuilder\test\New-AzImageBuilderTemplate.Tests.ps1" executed="True" result="Ignored" success="True" time="2.5366" asserts="0" description="D:\_code\1\azure-powershell\src\ImageBuilder\test\New-AzImageBuilderTemplate.Tests.ps1">
        <results>
          <test-suite type="TestFixture" name="New-AzImageBuilderTemplate" executed="True" result="Ignored" success="True" time="2.4312" asserts="0" description="New-AzImageBuilderTemplate">
            <results>
              <test-case description="ExpandedParameterSet" name="New-AzImageBuilderTemplate.ExpandedParameterSet" time="1.3088" asserts="0" success="True" result="Success" executed="True" />
              <test-case description="FromJsonFile" name="New-AzImageBuilderTemplate.FromJsonFile" time="0.5115" asserts="0" success="True" result="Success" executed="True" />
              <test-case description="FromJsonString" name="New-AzImageBuilderTemplate.FromJsonString" time="0.5329" asserts="0" success="True" result="Success" executed="True" />
              <test-case description="platformimg-managedimg" name="New-AzImageBuilderTemplate.platformimg-managedimg" time="0" asserts="0" success="True" result="Ignored" executed="False" />
              <test-case description="platformimg-vhd" name="New-AzImageBuilderTemplate.platformimg-vhd" time="0" asserts="0" success="True" result="Ignored" executed="False" />
              <test-case description="platformimg-sharedimg" name="New-AzImageBuilderTemplate.platformimg-sharedimg" time="0" asserts="0" success="True" result="Ignored" executed="False" />
              <test-case description="managedimg-managedimg" name="New-AzImageBuilderTemplate.managedimg-managedimg" time="0" asserts="0" success="True" result="Ignored" executed="False" />
              <test-case description="managedimg-vhd" name="New-AzImageBuilderTemplate.managedimg-vhd" time="0" asserts="0" success="True" result="Ignored" executed="False" />
              <test-case description="managedimg-sharedimg" name="New-AzImageBuilderTemplate.managedimg-sharedimg" time="0" asserts="0" success="True" result="Ignored" executed="False" />
              <test-case description="sharedimg-managedimg" name="New-AzImageBuilderTemplate.sharedimg-managedimg" time="0" asserts="0" success="True" result="Ignored" executed="False" />
              <test-case description="sharedimg-vhd" name="New-AzImageBuilderTemplate.sharedimg-vhd" time="0" asserts="0" success="True" result="Ignored" executed="False" />
              <test-case description="sharedImage-sharedimg" name="New-AzImageBuilderTemplate.sharedImage-sharedimg" time="0" asserts="0" success="True" result="Ignored" executed="False" />
            </results>
          </test-suite>
        </results>
      </test-suite>
      <test-suite type="TestFixture" name="D:\_code\1\azure-powershell\src\ImageBuilder\test\New-AzImageBuilderTemplateCustomizerObject.Tests.ps1" executed="True" result="Success" success="True" time="1.4176" asserts="0" description="D:\_code\1\azure-powershell\src\ImageBuilder\test\New-AzImageBuilderTemplateCustomizerObject.Tests.ps1">
        <results>
          <test-suite type="TestFixture" name="New-AzImageBuilderTemplateCustomizerObject" executed="True" result="Success" success="True" time="1.3223" asserts="0" description="New-AzImageBuilderTemplateCustomizerObject">
            <results>
              <test-case description="WindowsUpdateCustomizer" name="New-AzImageBuilderTemplateCustomizerObject.WindowsUpdateCustomizer" time="0.25" asserts="0" success="True" result="Success" executed="True" />
              <test-case description="FileCustomizer" name="New-AzImageBuilderTemplateCustomizerObject.FileCustomizer" time="0.2409" asserts="0" success="True" result="Success" executed="True" />
              <test-case description="ShellCustomizer" name="New-AzImageBuilderTemplateCustomizerObject.ShellCustomizer" time="0.2249" asserts="0" success="True" result="Success" executed="True" />
              <test-case description="PowerShellCustomizer" name="New-AzImageBuilderTemplateCustomizerObject.PowerShellCustomizer" time="0.2992" asserts="0" success="True" result="Success" executed="True" />
              <test-case description="RestartCustomizer" name="New-AzImageBuilderTemplateCustomizerObject.RestartCustomizer" time="0.2448" asserts="0" success="True" result="Success" executed="True" />
            </results>
          </test-suite>
        </results>
      </test-suite>
      <test-suite type="TestFixture" name="D:\_code\1\azure-powershell\src\ImageBuilder\test\New-AzImageBuilderTemplateDistributeVersionerLatestObject.Tests.ps1" executed="True" result="Success" success="True" time="0.3721" asserts="0" description="D:\_code\1\azure-powershell\src\ImageBuilder\test\New-AzImageBuilderTemplateDistributeVersionerLatestObject.Tests.ps1">
        <results>
          <test-suite type="TestFixture" name="New-AzImageBuilderTemplateDistributeVersionerLatestObject" executed="True" result="Success" success="True" time="0.2877" asserts="0" description="New-AzImageBuilderTemplateDistributeVersionerLatestObject">
            <results>
              <test-case description="__AllParameterSets" name="New-AzImageBuilderTemplateDistributeVersionerLatestObject.__AllParameterSets" time="0.2509" asserts="0" success="True" result="Success" executed="True" />
            </results>
          </test-suite>
        </results>
      </test-suite>
      <test-suite type="TestFixture" name="D:\_code\1\azure-powershell\src\ImageBuilder\test\New-AzImageBuilderTemplateDistributeVersionerSourceObject.Tests.ps1" executed="True" result="Success" success="True" time="0.3897" asserts="0" description="D:\_code\1\azure-powershell\src\ImageBuilder\test\New-AzImageBuilderTemplateDistributeVersionerSourceObject.Tests.ps1">
        <results>
          <test-suite type="TestFixture" name="New-AzImageBuilderTemplateDistributeVersionerSourceObject" executed="True" result="Success" success="True" time="0.3119" asserts="0" description="New-AzImageBuilderTemplateDistributeVersionerSourceObject">
            <results>
              <test-case description="__AllParameterSets" name="New-AzImageBuilderTemplateDistributeVersionerSourceObject.__AllParameterSets" time="0.2759" asserts="0" success="True" result="Success" executed="True" />
            </results>
          </test-suite>
        </results>
      </test-suite>
      <test-suite type="TestFixture" name="D:\_code\1\azure-powershell\src\ImageBuilder\test\New-AzImageBuilderTemplateDistributorObject.Tests.ps1" executed="True" result="Success" success="True" time="0.9442" asserts="0" description="D:\_code\1\azure-powershell\src\ImageBuilder\test\New-AzImageBuilderTemplateDistributorObject.Tests.ps1">
        <results>
          <test-suite type="TestFixture" name="New-AzImageBuilderDistributorObject" executed="True" result="Success" success="True" time="0.8573" asserts="0" description="New-AzImageBuilderDistributorObject">
            <results>
              <test-case description="VhdDistributor" name="New-AzImageBuilderDistributorObject.VhdDistributor" time="0.312" asserts="0" success="True" result="Success" executed="True" />
              <test-case description="ManagedImageDistributor" name="New-AzImageBuilderDistributorObject.ManagedImageDistributor" time="0.2716" asserts="0" success="True" result="Success" executed="True" />
              <test-case description="SharedImageDistributor" name="New-AzImageBuilderDistributorObject.SharedImageDistributor" time="0.2292" asserts="0" success="True" result="Success" executed="True" />
            </results>
          </test-suite>
        </results>
      </test-suite>
      <test-suite type="TestFixture" name="D:\_code\1\azure-powershell\src\ImageBuilder\test\New-AzImageBuilderTemplateSourceObject.Tests.ps1" executed="True" result="Success" success="True" time="0.9084" asserts="0" description="D:\_code\1\azure-powershell\src\ImageBuilder\test\New-AzImageBuilderTemplateSourceObject.Tests.ps1">
        <results>
          <test-suite type="TestFixture" name="New-AzImageBuilderTemplateSourceObject" executed="True" result="Success" success="True" time="0.8151" asserts="0" description="New-AzImageBuilderTemplateSourceObject">
            <results>
              <test-case description="PlatformImage" name="New-AzImageBuilderTemplateSourceObject.PlatformImage" time="0.2231" asserts="0" success="True" result="Success" executed="True" />
              <test-case description="ManagedImage" name="New-AzImageBuilderTemplateSourceObject.ManagedImage" time="0.2394" asserts="0" success="True" result="Success" executed="True" />
              <test-case description="SharedImageVersion" name="New-AzImageBuilderTemplateSourceObject.SharedImageVersion" time="0.2898" asserts="0" success="True" result="Success" executed="True" />
            </results>
          </test-suite>
        </results>
      </test-suite>
      <test-suite type="TestFixture" name="D:\_code\1\azure-powershell\src\ImageBuilder\test\New-AzImageBuilderTemplateValidatorObject.Tests.ps1" executed="True" result="Success" success="True" time="0.7022" asserts="0" description="D:\_code\1\azure-powershell\src\ImageBuilder\test\New-AzImageBuilderTemplateValidatorObject.Tests.ps1">
        <results>
          <test-suite type="TestFixture" name="New-AzImageBuilderTemplateValidatorObject" executed="True" result="Success" success="True" time="0.5947" asserts="0" description="New-AzImageBuilderTemplateValidatorObject">
            <results>
              <test-case description="PowerShellValidator" name="New-AzImageBuilderTemplateValidatorObject.PowerShellValidator" time="0.2852" asserts="0" success="True" result="Success" executed="True" />
              <test-case description="ShellValidator" name="New-AzImageBuilderTemplateValidatorObject.ShellValidator" time="0.2554" asserts="0" success="True" result="Success" executed="True" />
            </results>
          </test-suite>
        </results>
      </test-suite>
      <test-suite type="TestFixture" name="D:\_code\1\azure-powershell\src\ImageBuilder\test\New-AzImageBuilderTrigger.Tests.ps1" executed="True" result="Success" success="True" time="0.5276" asserts="0" description="D:\_code\1\azure-powershell\src\ImageBuilder\test\New-AzImageBuilderTrigger.Tests.ps1">
        <results>
          <test-suite type="TestFixture" name="New-AzImageBuilderTrigger" executed="True" result="Success" success="True" time="0.4309" asserts="0" description="New-AzImageBuilderTrigger">
            <results>
              <test-case description="CreateExpanded" name="New-AzImageBuilderTrigger.CreateExpanded" time="0.392" asserts="0" success="True" result="Success" executed="True" />
            </results>
          </test-suite>
        </results>
      </test-suite>
      <test-suite type="TestFixture" name="D:\_code\1\azure-powershell\src\ImageBuilder\test\Remove-AzImageBuilderTemplate.Tests.ps1" executed="True" result="Success" success="True" time="1.4968" asserts="0" description="D:\_code\1\azure-powershell\src\ImageBuilder\test\Remove-AzImageBuilderTemplate.Tests.ps1">
        <results>
          <test-suite type="TestFixture" name="Remove-AzImageBuilderTemplate" executed="True" result="Success" success="True" time="1.4079" asserts="0" description="Remove-AzImageBuilderTemplate">
            <results>
              <test-case description="Delete" name="Remove-AzImageBuilderTemplate.Delete" time="0.513" asserts="0" success="True" result="Success" executed="True" />
              <test-case description="DeleteViaIdentity" name="Remove-AzImageBuilderTemplate.DeleteViaIdentity" time="0.8565" asserts="0" success="True" result="Success" executed="True" />
            </results>
          </test-suite>
        </results>
      </test-suite>
      <test-suite type="TestFixture" name="D:\_code\1\azure-powershell\src\ImageBuilder\test\Remove-AzImageBuilderTrigger.Tests.ps1" executed="True" result="Success" success="True" time="0.3896" asserts="0" description="D:\_code\1\azure-powershell\src\ImageBuilder\test\Remove-AzImageBuilderTrigger.Tests.ps1">
        <results>
          <test-suite type="TestFixture" name="Remove-AzImageBuilderTrigger" executed="True" result="Success" success="True" time="0.3067" asserts="0" description="Remove-AzImageBuilderTrigger">
            <results>
              <test-case description="Delete" name="Remove-AzImageBuilderTrigger.Delete" time="0.27" asserts="0" success="True" result="Success" executed="True" />
            </results>
          </test-suite>
        </results>
      </test-suite>
      <test-suite type="TestFixture" name="D:\_code\1\azure-powershell\src\ImageBuilder\test\Start-AzImageBuilderTemplate.Tests.ps1" executed="True" result="Ignored" success="True" time="0.121" asserts="0" description="D:\_code\1\azure-powershell\src\ImageBuilder\test\Start-AzImageBuilderTemplate.Tests.ps1">
        <results>
          <test-suite type="TestFixture" name="Start-AzImageBuilderTemplate" executed="True" result="Ignored" success="True" time="0.0395" asserts="0" description="Start-AzImageBuilderTemplate">
            <results>
              <test-case description="Run" name="Start-AzImageBuilderTemplate.Run" time="0" asserts="0" success="True" result="Ignored" executed="False" />
              <test-case description="RunViaIdentity" name="Start-AzImageBuilderTemplate.RunViaIdentity" time="0" asserts="0" success="True" result="Ignored" executed="False" />
            </results>
          </test-suite>
        </results>
      </test-suite>
      <test-suite type="TestFixture" name="D:\_code\1\azure-powershell\src\ImageBuilder\test\Stop-AzImageBuilderTemplate.Tests.ps1" executed="True" result="Ignored" success="True" time="0.8329" asserts="0" description="D:\_code\1\azure-powershell\src\ImageBuilder\test\Stop-AzImageBuilderTemplate.Tests.ps1">
        <results>
          <test-suite type="TestFixture" name="Stop-AzImageBuilderTemplate" executed="True" result="Ignored" success="True" time="0.7481" asserts="0" description="Stop-AzImageBuilderTemplate">
            <results>
              <test-case description="Cancel" name="Stop-AzImageBuilderTemplate.Cancel" time="0.7096" asserts="0" success="True" result="Success" executed="True" />
              <test-case description="CancelViaIdentity" name="Stop-AzImageBuilderTemplate.CancelViaIdentity" time="0" asserts="0" success="True" result="Ignored" executed="False" />
            </results>
          </test-suite>
        </results>
      </test-suite>
      <test-suite type="TestFixture" name="D:\_code\1\azure-powershell\src\ImageBuilder\test\Update-AzImageBuilderTemplate.Tests.ps1" executed="True" result="Success" success="True" time="0.6374" asserts="0" description="D:\_code\1\azure-powershell\src\ImageBuilder\test\Update-AzImageBuilderTemplate.Tests.ps1">
        <results>
          <test-suite type="TestFixture" name="Update-AzImageBuilderTemplate" executed="True" result="Success" success="True" time="0.5521" asserts="0" description="Update-AzImageBuilderTemplate">
            <results>
              <test-case description="UpdateExpanded" name="Update-AzImageBuilderTemplate.UpdateExpanded" time="0.5186" asserts="0" success="True" result="Success" executed="True" />
            </results>
          </test-suite>
        </results>
      </test-suite>
    </results>
  </test-suite>
</test-results>