<?xml version="1.0" encoding="utf-8" standalone="no"?>
<test-results xmlns:xsi="http://www.w3.org/2001/XMLSchema-instance" xsi:noNamespaceSchemaLocation="nunit_schema_2.5.xsd" name="Pester" total="30" errors="0" failures="0" not-run="0" inconclusive="0" ignored="14" skipped="0" invalid="0" date="2023-08-29" time="15:11:17">
  <environment user-domain="FAREAST" cwd="D:\_code\1\azure-powershell\src\ImageBuilder" nunit-version="2.5.8.0" machine-name="MCI-V-JINPEL" platform="Microsoft Windows 11 企业版|C:\WINDOWS|\Device\Harddisk0\Partition3" user="v-jinpel" os-version="10.0.22621" clr-version="Unknown" />
  <culture-info current-culture="zh-CN" current-uiculture="zh-CN" />
  <test-suite type="TestFixture" name="Pester" executed="True" result="Ignored" success="True" time="14.5117" asserts="0" description="Pester">
    <results>
      <test-suite type="TestFixture" name="D:\_code\1\azure-powershell\src\ImageBuilder\test\Get-AzImageBuilderTemplate.Tests.ps1" executed="True" result="Success" success="True" time="2.6734" asserts="0" description="D:\_code\1\azure-powershell\src\ImageBuilder\test\Get-AzImageBuilderTemplate.Tests.ps1">
        <results>
          <test-suite type="TestFixture" name="Get-AzImageBuilderTemplate" executed="True" result="Success" success="True" time="2.5078" asserts="0" description="Get-AzImageBuilderTemplate">
            <results>
              <test-case description="List" name="Get-AzImageBuilderTemplate.List" time="1.1884" asserts="0" success="True" result="Success" executed="True" />
              <test-case description="List1" name="Get-AzImageBuilderTemplate.List1" time="0.2293" asserts="0" success="True" result="Success" executed="True" />
              <test-case description="Get" name="Get-AzImageBuilderTemplate.Get" time="0.2863" asserts="0" success="True" result="Success" executed="True" />
              <test-case description="GetViaIdentity" name="Get-AzImageBuilderTemplate.GetViaIdentity" time="0.5046" asserts="0" success="True" result="Success" executed="True" />
            </results>
          </test-suite>
        </results>
      </test-suite>
      <test-suite type="TestFixture" name="D:\_code\1\azure-powershell\src\ImageBuilder\test\Get-AzImageBuilderTemplateRunOutput.Tests.ps1" executed="True" result="Ignored" success="True" time="0.149" asserts="0" description="D:\_code\1\azure-powershell\src\ImageBuilder\test\Get-AzImageBuilderTemplateRunOutput.Tests.ps1">
        <results>
          <test-suite type="TestFixture" name="Get-AzImageBuilderRunOutput" executed="True" result="Ignored" success="True" time="0.0471" asserts="0" description="Get-AzImageBuilderRunOutput">
            <results>
              <test-case description="List" name="Get-AzImageBuilderRunOutput.List" time="0" asserts="0" success="True" result="Ignored" executed="False" />
              <test-case description="Get" name="Get-AzImageBuilderRunOutput.Get" time="0" asserts="0" success="True" result="Ignored" executed="False" />
            </results>
          </test-suite>
        </results>
      </test-suite>
      <test-suite type="TestFixture" name="D:\_code\1\azure-powershell\src\ImageBuilder\test\Get-AzImageBuilderTrigger.Tests.ps1" executed="True" result="Success" success="True" time="0.6597" asserts="0" description="D:\_code\1\azure-powershell\src\ImageBuilder\test\Get-AzImageBuilderTrigger.Tests.ps1">
        <results>
          <test-suite type="TestFixture" name="Get-AzImageBuilderTrigger" executed="True" result="Success" success="True" time="0.5739" asserts="0" description="Get-AzImageBuilderTrigger">
            <results>
              <test-case description="List" name="Get-AzImageBuilderTrigger.List" time="0.2791" asserts="0" success="True" result="Success" executed="True" />
              <test-case description="Get" name="Get-AzImageBuilderTrigger.Get" time="0.2405" asserts="0" success="True" result="Success" executed="True" />
            </results>
          </test-suite>
        </results>
      </test-suite>
      <test-suite type="TestFixture" name="D:\_code\1\azure-powershell\src\ImageBuilder\test\New-AzImageBuilderTemplate.Tests.ps1" executed="True" result="Ignored" success="True" time="2.5735" asserts="0" description="D:\_code\1\azure-powershell\src\ImageBuilder\test\New-AzImageBuilderTemplate.Tests.ps1">
        <results>
          <test-suite type="TestFixture" name="New-AzImageBuilderTemplate" executed="True" result="Ignored" success="True" time="2.4726" asserts="0" description="New-AzImageBuilderTemplate">
            <results>
              <test-case description="ExpandedParameterSet" name="New-AzImageBuilderTemplate.ExpandedParameterSet" time="1.4052" asserts="0" success="True" result="Success" executed="True" />
              <test-case description="FromJsonFile" name="New-AzImageBuilderTemplate.FromJsonFile" time="0.4876" asserts="0" success="True" result="Success" executed="True" />
              <test-case description="FromJsonString" name="New-AzImageBuilderTemplate.FromJsonString" time="0.5047" asserts="0" success="True" result="Success" executed="True" />
              <test-case description="platformimg-managedimg" name="New-AzImageBuilderTemplate.platformimg-managedimg" time="0" asserts="0" success="True" result="Ignored" executed="False" />
              <test-case description="platformimg-vhd" name="New-AzImageBuilderTemplate.platformimg-vhd" time="0" asserts="0" success="True" result="Ignored" executed="False" />
              <test-case description="platformimg-sharedimg" name="New-AzImageBuilderTemplate.platformimg-sharedimg" time="0" asserts="0" success="True" result="Ignored" executed="False" />
              <test-case description="managedimg-managedimg" name="New-AzImageBuilderTemplate.managedimg-managedimg" time="0" asserts="0" success="True" result="Ignored" executed="False" />
              <test-case description="managedimg-vhd" name="New-AzImageBuilderTemplate.managedimg-vhd" time="0" asserts="0" success="True" result="Ignored" executed="False" />
              <test-case description="managedimg-sharedimg" name="New-AzImageBuilderTemplate.managedimg-sharedimg" time="0" asserts="0" success="True" result="Ignored" executed="False" />
              <test-case description="sharedimg-managedimg" name="New-AzImageBuilderTemplate.sharedimg-managedimg" time="0" asserts="0" success="True" result="Ignored" executed="False" />
              <test-case description="sharedimg-vhd" name="New-AzImageBuilderTemplate.sharedimg-vhd" time="0" asserts="0" success="True" result="Ignored" executed="False" />
              <test-case description="sharedImage-sharedimg" name="New-AzImageBuilderTemplate.sharedImage-sharedimg" time="0" asserts="0" success="True" result="Ignored" executed="False" />
            </results>
          </test-suite>
        </results>
      </test-suite>
      <test-suite type="TestFixture" name="D:\_code\1\azure-powershell\src\ImageBuilder\test\New-AzImageBuilderTemplateCustomizerObject.Tests.ps1" executed="True" result="Success" success="True" time="1.4039" asserts="0" description="D:\_code\1\azure-powershell\src\ImageBuilder\test\New-AzImageBuilderTemplateCustomizerObject.Tests.ps1">
        <results>
          <test-suite type="TestFixture" name="New-AzImageBuilderTemplateCustomizerObject" executed="True" result="Success" success="True" time="1.3222" asserts="0" description="New-AzImageBuilderTemplateCustomizerObject">
            <results>
              <test-case description="WindowsUpdateCustomizer" name="New-AzImageBuilderTemplateCustomizerObject.WindowsUpdateCustomizer" time="0.2297" asserts="0" success="True" result="Success" executed="True" />
              <test-case description="FileCustomizer" name="New-AzImageBuilderTemplateCustomizerObject.FileCustomizer" time="0.2663" asserts="0" success="True" result="Success" executed="True" />
              <test-case description="ShellCustomizer" name="New-AzImageBuilderTemplateCustomizerObject.ShellCustomizer" time="0.2491" asserts="0" success="True" result="Success" executed="True" />
              <test-case description="PowerShellCustomizer" name="New-AzImageBuilderTemplateCustomizerObject.PowerShellCustomizer" time="0.2758" asserts="0" success="True" result="Success" executed="True" />
              <test-case description="RestartCustomizer" name="New-AzImageBuilderTemplateCustomizerObject.RestartCustomizer" time="0.2519" asserts="0" success="True" result="Success" executed="True" />
            </results>
          </test-suite>
        </results>
      </test-suite>
      <test-suite type="TestFixture" name="D:\_code\1\azure-powershell\src\ImageBuilder\test\New-AzImageBuilderTemplateDistributeVersionerLatestObject.Tests.ps1" executed="True" result="Success" success="True" time="0.3951" asserts="0" description="D:\_code\1\azure-powershell\src\ImageBuilder\test\New-AzImageBuilderTemplateDistributeVersionerLatestObject.Tests.ps1">
        <results>
          <test-suite type="TestFixture" name="New-AzImageBuilderTemplateDistributeVersionerLatestObject" executed="True" result="Success" success="True" time="0.3111" asserts="0" description="New-AzImageBuilderTemplateDistributeVersionerLatestObject">
            <results>
              <test-case description="__AllParameterSets" name="New-AzImageBuilderTemplateDistributeVersionerLatestObject.__AllParameterSets" time="0.2718" asserts="0" success="True" result="Success" executed="True" />
            </results>
          </test-suite>
        </results>
      </test-suite>
      <test-suite type="TestFixture" name="D:\_code\1\azure-powershell\src\ImageBuilder\test\New-AzImageBuilderTemplateDistributeVersionerSourceObject.Tests.ps1" executed="True" result="Success" success="True" time="0.3894" asserts="0" description="D:\_code\1\azure-powershell\src\ImageBuilder\test\New-AzImageBuilderTemplateDistributeVersionerSourceObject.Tests.ps1">
        <results>
          <test-suite type="TestFixture" name="New-AzImageBuilderTemplateDistributeVersionerSourceObject" executed="True" result="Success" success="True" time="0.3005" asserts="0" description="New-AzImageBuilderTemplateDistributeVersionerSourceObject">
            <results>
              <test-case description="__AllParameterSets" name="New-AzImageBuilderTemplateDistributeVersionerSourceObject.__AllParameterSets" time="0.2668" asserts="0" success="True" result="Success" executed="True" />
            </results>
          </test-suite>
        </results>
      </test-suite>
      <test-suite type="TestFixture" name="D:\_code\1\azure-powershell\src\ImageBuilder\test\New-AzImageBuilderTemplateDistributorObject.Tests.ps1" executed="True" result="Success" success="True" time="0.9727" asserts="0" description="D:\_code\1\azure-powershell\src\ImageBuilder\test\New-AzImageBuilderTemplateDistributorObject.Tests.ps1">
        <results>
          <test-suite type="TestFixture" name="New-AzImageBuilderDistributorObject" executed="True" result="Success" success="True" time="0.8892" asserts="0" description="New-AzImageBuilderDistributorObject">
            <results>
              <test-case description="VhdDistributor" name="New-AzImageBuilderDistributorObject.VhdDistributor" time="0.2414" asserts="0" success="True" result="Success" executed="True" />
              <test-case description="ManagedImageDistributor" name="New-AzImageBuilderDistributorObject.ManagedImageDistributor" time="0.34" asserts="0" success="True" result="Success" executed="True" />
              <test-case description="SharedImageDistributor" name="New-AzImageBuilderDistributorObject.SharedImageDistributor" time="0.2666" asserts="0" success="True" result="Success" executed="True" />
            </results>
          </test-suite>
        </results>
      </test-suite>
      <test-suite type="TestFixture" name="D:\_code\1\azure-powershell\src\ImageBuilder\test\New-AzImageBuilderTemplateSourceObject.Tests.ps1" executed="True" result="Success" success="True" time="0.8708" asserts="0" description="D:\_code\1\azure-powershell\src\ImageBuilder\test\New-AzImageBuilderTemplateSourceObject.Tests.ps1">
        <results>
          <test-suite type="TestFixture" name="New-AzImageBuilderTemplateSourceObject" executed="True" result="Success" success="True" time="0.7907" asserts="0" description="New-AzImageBuilderTemplateSourceObject">
            <results>
              <test-case description="PlatformImage" name="New-AzImageBuilderTemplateSourceObject.PlatformImage" time="0.2327" asserts="0" success="True" result="Success" executed="True" />
              <test-case description="ManagedImage" name="New-AzImageBuilderTemplateSourceObject.ManagedImage" time="0.267" asserts="0" success="True" result="Success" executed="True" />
              <test-case description="SharedImageVersion" name="New-AzImageBuilderTemplateSourceObject.SharedImageVersion" time="0.2414" asserts="0" success="True" result="Success" executed="True" />
            </results>
          </test-suite>
        </results>
      </test-suite>
      <test-suite type="TestFixture" name="D:\_code\1\azure-powershell\src\ImageBuilder\test\New-AzImageBuilderTemplateValidatorObject.Tests.ps1" executed="True" result="Success" success="True" time="0.6465" asserts="0" description="D:\_code\1\azure-powershell\src\ImageBuilder\test\New-AzImageBuilderTemplateValidatorObject.Tests.ps1">
        <results>
          <test-suite type="TestFixture" name="New-AzImageBuilderTemplateValidatorObject" executed="True" result="Success" success="True" time="0.5655" asserts="0" description="New-AzImageBuilderTemplateValidatorObject">
            <results>
              <test-case description="PowerShellValidator" name="New-AzImageBuilderTemplateValidatorObject.PowerShellValidator" time="0.271" asserts="0" success="True" result="Success" executed="True" />
              <test-case description="ShellValidator" name="New-AzImageBuilderTemplateValidatorObject.ShellValidator" time="0.2518" asserts="0" success="True" result="Success" executed="True" />
            </results>
          </test-suite>
        </results>
      </test-suite>
      <test-suite type="TestFixture" name="D:\_code\1\azure-powershell\src\ImageBuilder\test\New-AzImageBuilderTrigger.Tests.ps1" executed="True" result="Success" success="True" time="0.3842" asserts="0" description="D:\_code\1\azure-powershell\src\ImageBuilder\test\New-AzImageBuilderTrigger.Tests.ps1">
        <results>
          <test-suite type="TestFixture" name="New-AzImageBuilderTrigger" executed="True" result="Success" success="True" time="0.3046" asserts="0" description="New-AzImageBuilderTrigger">
            <results>
              <test-case description="CreateExpanded" name="New-AzImageBuilderTrigger.CreateExpanded" time="0.2673" asserts="0" success="True" result="Success" executed="True" />
            </results>
          </test-suite>
        </results>
      </test-suite>
      <test-suite type="TestFixture" name="D:\_code\1\azure-powershell\src\ImageBuilder\test\Remove-AzImageBuilderTemplate.Tests.ps1" executed="True" result="Success" success="True" time="1.464" asserts="0" description="D:\_code\1\azure-powershell\src\ImageBuilder\test\Remove-AzImageBuilderTemplate.Tests.ps1">
        <results>
          <test-suite type="TestFixture" name="Remove-AzImageBuilderTemplate" executed="True" result="Success" success="True" time="1.3845" asserts="0" description="Remove-AzImageBuilderTemplate">
            <results>
              <test-case description="Delete" name="Remove-AzImageBuilderTemplate.Delete" time="0.5032" asserts="0" success="True" result="Success" executed="True" />
              <test-case description="DeleteViaIdentity" name="Remove-AzImageBuilderTemplate.DeleteViaIdentity" time="0.8426" asserts="0" success="True" result="Success" executed="True" />
            </results>
          </test-suite>
        </results>
      </test-suite>
      <test-suite type="TestFixture" name="D:\_code\1\azure-powershell\src\ImageBuilder\test\Remove-AzImageBuilderTrigger.Tests.ps1" executed="True" result="Success" success="True" time="0.3577" asserts="0" description="D:\_code\1\azure-powershell\src\ImageBuilder\test\Remove-AzImageBuilderTrigger.Tests.ps1">
        <results>
          <test-suite type="TestFixture" name="Remove-AzImageBuilderTrigger" executed="True" result="Success" success="True" time="0.2751" asserts="0" description="Remove-AzImageBuilderTrigger">
            <results>
              <test-case description="Delete" name="Remove-AzImageBuilderTrigger.Delete" time="0.2366" asserts="0" success="True" result="Success" executed="True" />
            </results>
          </test-suite>
        </results>
      </test-suite>
      <test-suite type="TestFixture" name="D:\_code\1\azure-powershell\src\ImageBuilder\test\Start-AzImageBuilderTemplate.Tests.ps1" executed="True" result="Ignored" success="True" time="0.1243" asserts="0" description="D:\_code\1\azure-powershell\src\ImageBuilder\test\Start-AzImageBuilderTemplate.Tests.ps1">
        <results>
          <test-suite type="TestFixture" name="Start-AzImageBuilderTemplate" executed="True" result="Ignored" success="True" time="0.0418" asserts="0" description="Start-AzImageBuilderTemplate">
            <results>
              <test-case description="Run" name="Start-AzImageBuilderTemplate.Run" time="0" asserts="0" success="True" result="Ignored" executed="False" />
              <test-case description="RunViaIdentity" name="Start-AzImageBuilderTemplate.RunViaIdentity" time="0" asserts="0" success="True" result="Ignored" executed="False" />
            </results>
          </test-suite>
        </results>
      </test-suite>
      <test-suite type="TestFixture" name="D:\_code\1\azure-powershell\src\ImageBuilder\test\Stop-AzImageBuilderTemplate.Tests.ps1" executed="True" result="Ignored" success="True" time="0.8507" asserts="0" description="D:\_code\1\azure-powershell\src\ImageBuilder\test\Stop-AzImageBuilderTemplate.Tests.ps1">
        <results>
          <test-suite type="TestFixture" name="Stop-AzImageBuilderTemplate" executed="True" result="Ignored" success="True" time="0.7645" asserts="0" description="Stop-AzImageBuilderTemplate">
            <results>
              <test-case description="Cancel" name="Stop-AzImageBuilderTemplate.Cancel" time="0.7281" asserts="0" success="True" result="Success" executed="True" />
              <test-case description="CancelViaIdentity" name="Stop-AzImageBuilderTemplate.CancelViaIdentity" time="0" asserts="0" success="True" result="Ignored" executed="False" />
            </results>
          </test-suite>
        </results>
      </test-suite>
      <test-suite type="TestFixture" name="D:\_code\1\azure-powershell\src\ImageBuilder\test\Update-AzImageBuilderTemplate.Tests.ps1" executed="True" result="Success" success="True" time="0.597" asserts="0" description="D:\_code\1\azure-powershell\src\ImageBuilder\test\Update-AzImageBuilderTemplate.Tests.ps1">
        <results>
          <test-suite type="TestFixture" name="Update-AzImageBuilderTemplate" executed="True" result="Success" success="True" time="0.5178" asserts="0" description="Update-AzImageBuilderTemplate">
            <results>
              <test-case description="UpdateExpanded" name="Update-AzImageBuilderTemplate.UpdateExpanded" time="0.4797" asserts="0" success="True" result="Success" executed="True" />
            </results>
          </test-suite>
        </results>
      </test-suite>
    </results>
  </test-suite>
</test-results>