<?xml version="1.0" encoding="utf-8" standalone="no"?>
<test-results xmlns:xsi="http://www.w3.org/2001/XMLSchema-instance" xsi:noNamespaceSchemaLocation="nunit_schema_2.5.xsd" name="Pester" total="25" errors="0" failures="14" not-run="0" inconclusive="0" ignored="18" skipped="0" invalid="0" date="2023-06-27" time="17:38:05">
  <environment platform="Microsoft Windows 11 企业版|C:\WINDOWS|\Device\Harddisk0\Partition3" clr-version="Unknown" nunit-version="2.5.8.0" cwd="D:\_code\3\azure-powershell\src\ImageBuilder" machine-name="MCI-V-JINPEL" os-version="10.0.22621" user="v-jinpel" user-domain="FAREAST" />
  <culture-info current-culture="zh-CN" current-uiculture="zh-CN" />
  <test-suite type="TestFixture" name="Pester" executed="True" result="Failure" success="False" time="12.0182" asserts="0" description="Pester">
    <results>
      <test-suite type="TestFixture" name="D:\_code\3\azure-powershell\src\ImageBuilder\test\Get-AzImageBuilderTemplate.Tests.ps1" executed="True" result="Failure" success="False" time="1.1624" asserts="0" description="D:\_code\3\azure-powershell\src\ImageBuilder\test\Get-AzImageBuilderTemplate.Tests.ps1">
        <results>
          <test-suite type="TestFixture" name="Get-AzImageBuilderTemplate" executed="True" result="Failure" success="False" time="0.963" asserts="0" description="Get-AzImageBuilderTemplate">
            <results>
              <test-case description="List" name="Get-AzImageBuilderTemplate.List" time="0.1499" asserts="0" success="False" result="Failure" executed="True">
                <failure>
                  <message>Missing Request 'Get-AzImageBuilderTemplate+[NoContext]+List+$GET+https://management.azure.com/subscriptions/0b1f6471-1bf0-4dda-aec3-cb9272f09590/providers/Microsoft.VirtualMachineImages/imageTemplates?api-version=2022-07-01+1' in recording file (Parameter 'rqKey')</message>
                  <stack-trace>at &lt;ScriptBlock&gt;, D:\_code\3\azure-powershell\src\ImageBuilder\test\Get-AzImageBuilderTemplate.Tests.ps1: line 16
16:         $templateList = Get-AzImageBuilderTemplate
</stack-trace>
                </failure>
              </test-case>
              <test-case description="List1" name="Get-AzImageBuilderTemplate.List1" time="0.0276" asserts="0" success="False" result="Failure" executed="True">
                <failure>
                  <message>Missing Request 'Get-AzImageBuilderTemplate+[NoContext]+List1+$GET+https://management.azure.com/subscriptions/0b1f6471-1bf0-4dda-aec3-cb9272f09590/resourceGroups/bez-rg-w819xn/providers/Microsoft.VirtualMachineImages/imageTemplates?api-version=2022-07-01+1' in recording file (Parameter 'rqKey')</message>
                  <stack-trace>at &lt;ScriptBlock&gt;, D:\_code\3\azure-powershell\src\ImageBuilder\test\Get-AzImageBuilderTemplate.Tests.ps1: line 20
20:         $templateList = Get-AzImageBuilderTemplate -ResourceGroupName $env.rg
</stack-trace>
                </failure>
              </test-case>
              <test-case description="Get" name="Get-AzImageBuilderTemplate.Get" time="0.0189" asserts="0" success="False" result="Failure" executed="True">
                <failure>
                  <message>Missing Request 'Get-AzImageBuilderTemplate+[NoContext]+Get+$GET+https://management.azure.com/subscriptions/0b1f6471-1bf0-4dda-aec3-cb9272f09590/resourceGroups/bez-rg-w819xn/providers/Microsoft.VirtualMachineImages/imageTemplates/bez-tmp-f8tgd3?api-version=2022-07-01+1' in recording file (Parameter 'rqKey')</message>
                  <stack-trace>at &lt;ScriptBlock&gt;, D:\_code\3\azure-powershell\src\ImageBuilder\test\Get-AzImageBuilderTemplate.Tests.ps1: line 25
25:         $template = Get-AzImageBuilderTemplate -Name $env.templateName -ResourceGroupName $env.rg
</stack-trace>
                </failure>
              </test-case>
              <test-case description="GetViaIdentity" name="Get-AzImageBuilderTemplate.GetViaIdentity" time="0.0153" asserts="0" success="False" result="Failure" executed="True">
                <failure>
                  <message>Missing Request 'Get-AzImageBuilderTemplate+[NoContext]+GetViaIdentity+$GET+https://management.azure.com/subscriptions/0b1f6471-1bf0-4dda-aec3-cb9272f09590/resourceGroups/bez-rg-w819xn/providers/Microsoft.VirtualMachineImages/imageTemplates/bez-tmp-f8tgd3?api-version=2022-07-01+1' in recording file (Parameter 'rqKey')</message>
                  <stack-trace>at &lt;ScriptBlock&gt;, D:\_code\3\azure-powershell\src\ImageBuilder\test\Get-AzImageBuilderTemplate.Tests.ps1: line 30
30:         $template = Get-AzImageBuilderTemplate -Name $env.templateName -ResourceGroupName $env.rg
</stack-trace>
                </failure>
              </test-case>
            </results>
          </test-suite>
        </results>
      </test-suite>
      <test-suite type="TestFixture" name="D:\_code\3\azure-powershell\src\ImageBuilder\test\Get-AzImageBuilderTemplateRunOutput.Tests.ps1" executed="True" result="Failure" success="False" time="0.2611" asserts="0" description="D:\_code\3\azure-powershell\src\ImageBuilder\test\Get-AzImageBuilderTemplateRunOutput.Tests.ps1">
        <results>
          <test-suite type="TestFixture" name="Get-AzImageBuilderRunOutput" executed="True" result="Failure" success="False" time="0.1476" asserts="0" description="Get-AzImageBuilderRunOutput">
            <results>
              <test-case description="List" name="Get-AzImageBuilderRunOutput.List" time="0.0391" asserts="0" success="False" result="Failure" executed="True">
                <failure>
                  <message>Missing Request 'Get-AzImageBuilderRunOutput+[NoContext]+List+$GET+https://management.azure.com/subscriptions/0b1f6471-1bf0-4dda-aec3-cb9272f09590/resourceGroups/bez-rg-w819xn/providers/Microsoft.VirtualMachineImages/imageTemplates/bez-tmp-f8tgd3/runOutputs?api-version=2022-07-01+1' in recording file (Parameter 'rqKey')</message>
                  <stack-trace>at &lt;ScriptBlock&gt;, D:\_code\3\azure-powershell\src\ImageBuilder\test\Get-AzImageBuilderTemplateRunOutput.Tests.ps1: line 16
16:         $resultsList = Get-AzImageBuilderTemplateRunOutput -ImageTemplateName $env.templateName -ResourceGroupName $env.rg
</stack-trace>
                </failure>
              </test-case>
              <test-case description="Get" name="Get-AzImageBuilderRunOutput.Get" time="0.0192" asserts="0" success="False" result="Failure" executed="True">
                <failure>
                  <message>Missing Request 'Get-AzImageBuilderRunOutput+[NoContext]+Get+$GET+https://management.azure.com/subscriptions/0b1f6471-1bf0-4dda-aec3-cb9272f09590/resourceGroups/bez-rg-w819xn/providers/Microsoft.VirtualMachineImages/imageTemplates/bez-tmp-f8tgd3/runOutputs/runOutput1?api-version=2022-07-01+1' in recording file (Parameter 'rqKey')</message>
                  <stack-trace>at &lt;ScriptBlock&gt;, D:\_code\3\azure-powershell\src\ImageBuilder\test\Get-AzImageBuilderTemplateRunOutput.Tests.ps1: line 21
21:         $result = Get-AzImageBuilderTemplateRunOutput -ImageTemplateName $env.templateName -ResourceGroupName $env.rg -Name $env.runOutputName
</stack-trace>
                </failure>
              </test-case>
              <test-case description="GetViaIdentity" name="Get-AzImageBuilderRunOutput.GetViaIdentity" time="0.0161" asserts="0" success="False" result="Failure" executed="True">
                <failure>
                  <message>Missing Request 'Get-AzImageBuilderRunOutput+[NoContext]+GetViaIdentity+$GET+https://management.azure.com/subscriptions/0b1f6471-1bf0-4dda-aec3-cb9272f09590/resourceGroups/bez-rg-w819xn/providers/Microsoft.VirtualMachineImages/imageTemplates/bez-tmp-f8tgd3/runOutputs/runOutput1?api-version=2022-07-01+1' in recording file (Parameter 'rqKey')</message>
                  <stack-trace>at &lt;ScriptBlock&gt;, D:\_code\3\azure-powershell\src\ImageBuilder\test\Get-AzImageBuilderTemplateRunOutput.Tests.ps1: line 26
26:         $object = Get-AzImageBuilderTemplateRunOutput -ImageTemplateName $env.templateName -ResourceGroupName $env.rg -Name $env.runOutputName
</stack-trace>
                </failure>
              </test-case>
            </results>
          </test-suite>
        </results>
      </test-suite>
      <test-suite type="TestFixture" name="D:\_code\3\azure-powershell\src\ImageBuilder\test\Get-AzImageBuilderTrigger.Tests.ps1" executed="True" result="Ignored" success="True" time="0.1793" asserts="0" description="D:\_code\3\azure-powershell\src\ImageBuilder\test\Get-AzImageBuilderTrigger.Tests.ps1">
        <results>
          <test-suite type="TestFixture" name="Get-AzImageBuilderTrigger" executed="True" result="Ignored" success="True" time="0.0601" asserts="0" description="Get-AzImageBuilderTrigger">
            <results>
              <test-case description="List" name="Get-AzImageBuilderTrigger.List" time="0" asserts="0" success="True" result="Ignored" executed="False" />
              <test-case description="Get" name="Get-AzImageBuilderTrigger.Get" time="0" asserts="0" success="True" result="Ignored" executed="False" />
              <test-case description="GetViaIdentity" name="Get-AzImageBuilderTrigger.GetViaIdentity" time="0" asserts="0" success="True" result="Ignored" executed="False" />
            </results>
          </test-suite>
        </results>
      </test-suite>
      <test-suite type="TestFixture" name="D:\_code\3\azure-powershell\src\ImageBuilder\test\New-AzImageBuilderTemplate.Tests.ps1" executed="True" result="Failure" success="False" time="2.0707" asserts="0" description="D:\_code\3\azure-powershell\src\ImageBuilder\test\New-AzImageBuilderTemplate.Tests.ps1">
        <results>
          <test-suite type="TestFixture" name="New-AzImageBuilderTemplate" executed="True" result="Failure" success="False" time="1.9568" asserts="0" description="New-AzImageBuilderTemplate">
            <results>
              <test-case description="ExpandedParameterSet" name="New-AzImageBuilderTemplate.ExpandedParameterSet" time="1.7732" asserts="0" success="False" result="Failure" executed="True">
                <failure>
                  <message>A parameter cannot be found that matches parameter name 'UserAssignedIdentityId'. This error might have been caused by applying the default parameter binding. You can disable the default parameter binding in $PSDefaultParameterValues by setting $PSDefaultParameterValues["Disabled"] to be $true, and then trying again. The following default parameters were successfully bound for this cmdlet when the error occurred: -HttpPipelinePrepend -SubscriptionId</message>
                  <stack-trace>at &lt;ScriptBlock&gt;, D:\_code\3\azure-powershell\src\ImageBuilder\test\New-AzImageBuilderTemplate.Tests.ps1: line 29
29:         New-AzImageBuilderTemplate -Name $env.newTemplateName1 -ResourceGroupName $env.rg -Location $env.location -UserAssignedIdentityId $userAssignedIdentity -Source $source -Customize $customizer -Distribute $distributor  
</stack-trace>
                </failure>
              </test-case>
              <test-case description="FromJsonFile" name="New-AzImageBuilderTemplate.FromJsonFile" time="0.0606" asserts="0" success="False" result="Failure" executed="True">
                <failure>
                  <message>Missing Request 'New-AzImageBuilderTemplate+[NoContext]+FromJsonFile+$PUT+https://management.azure.com/subscriptions/0b1f6471-1bf0-4dda-aec3-cb9272f09590/resourceGroups/bez-rg-w819xn/providers/Microsoft.VirtualMachineImages/imageTemplates/bez-tmp-lx8yt9?api-version=2022-07-01+1' in recording file (Parameter 'rqKey')</message>
                  <stack-trace>at &lt;ScriptBlock&gt;, D:\_code\3\azure-powershell\src\ImageBuilder\custom\New-AzImageBuilderTemplate\New-AzImageBuilderTemplate_JsonTemplatePath.ps1: line 151
151:           Az.ImageBuilder.private\New-AzImageBuilderTemplate_CreateViaJsonString @PSBoundParameters
</stack-trace>
                </failure>
              </test-case>
              <test-case description="FromJsonString" name="New-AzImageBuilderTemplate.FromJsonString" time="0.0229" asserts="0" success="False" result="Failure" executed="True">
                <failure>
                  <message>Missing Request 'New-AzImageBuilderTemplate+[NoContext]+FromJsonString+$PUT+https://management.azure.com/subscriptions/0b1f6471-1bf0-4dda-aec3-cb9272f09590/resourceGroups/bez-rg-w819xn/providers/Microsoft.VirtualMachineImages/imageTemplates/bez-tmp-o1wpk9?api-version=2022-07-01+1' in recording file (Parameter 'rqKey')</message>
                  <stack-trace>at &lt;ScriptBlock&gt;, D:\_code\3\azure-powershell\src\ImageBuilder\test\New-AzImageBuilderTemplate.Tests.ps1: line 43
43:         New-AzImageBuilderTemplate -Name $env.newTemplateName3 -ResourceGroupName $env.rg -JsonString $jsonString
</stack-trace>
                </failure>
              </test-case>
              <test-case description="platformimg-managedimg" name="New-AzImageBuilderTemplate.platformimg-managedimg" time="0" asserts="0" success="True" result="Ignored" executed="False" />
              <test-case description="platformimg-vhd" name="New-AzImageBuilderTemplate.platformimg-vhd" time="0" asserts="0" success="True" result="Ignored" executed="False" />
              <test-case description="platformimg-sharedimg" name="New-AzImageBuilderTemplate.platformimg-sharedimg" time="0" asserts="0" success="True" result="Ignored" executed="False" />
              <test-case description="managedimg-managedimg" name="New-AzImageBuilderTemplate.managedimg-managedimg" time="0" asserts="0" success="True" result="Ignored" executed="False" />
              <test-case description="managedimg-vhd" name="New-AzImageBuilderTemplate.managedimg-vhd" time="0" asserts="0" success="True" result="Ignored" executed="False" />
              <test-case description="managedimg-sharedimg" name="New-AzImageBuilderTemplate.managedimg-sharedimg" time="0" asserts="0" success="True" result="Ignored" executed="False" />
              <test-case description="sharedimg-managedimg" name="New-AzImageBuilderTemplate.sharedimg-managedimg" time="0" asserts="0" success="True" result="Ignored" executed="False" />
              <test-case description="sharedimg-vhd" name="New-AzImageBuilderTemplate.sharedimg-vhd" time="0" asserts="0" success="True" result="Ignored" executed="False" />
              <test-case description="sharedImage-sharedimg" name="New-AzImageBuilderTemplate.sharedImage-sharedimg" time="0" asserts="0" success="True" result="Ignored" executed="False" />
            </results>
          </test-suite>
        </results>
      </test-suite>
      <test-suite type="TestFixture" name="D:\_code\3\azure-powershell\src\ImageBuilder\test\New-AzImageBuilderTemplateCustomizerObject.Tests.ps1" executed="True" result="Success" success="True" time="3.8425" asserts="0" description="D:\_code\3\azure-powershell\src\ImageBuilder\test\New-AzImageBuilderTemplateCustomizerObject.Tests.ps1">
        <results>
          <test-suite type="TestFixture" name="New-AzImageBuilderTemplateCustomizerObject" executed="True" result="Success" success="True" time="3.72" asserts="0" description="New-AzImageBuilderTemplateCustomizerObject">
            <results>
              <test-case description="WindowsUpdateCustomizer" name="New-AzImageBuilderTemplateCustomizerObject.WindowsUpdateCustomizer" time="0.3412" asserts="0" success="True" result="Success" executed="True" />
              <test-case description="FileCustomizer" name="New-AzImageBuilderTemplateCustomizerObject.FileCustomizer" time="0.306" asserts="0" success="True" result="Success" executed="True" />
              <test-case description="ShellCustomizer" name="New-AzImageBuilderTemplateCustomizerObject.ShellCustomizer" time="0.3112" asserts="0" success="True" result="Success" executed="True" />
              <test-case description="PowerShellCustomizer" name="New-AzImageBuilderTemplateCustomizerObject.PowerShellCustomizer" time="1.999" asserts="0" success="True" result="Success" executed="True" />
              <test-case description="RestartCustomizer" name="New-AzImageBuilderTemplateCustomizerObject.RestartCustomizer" time="0.2911" asserts="0" success="True" result="Success" executed="True" />
            </results>
          </test-suite>
        </results>
      </test-suite>
      <test-suite type="TestFixture" name="D:\_code\3\azure-powershell\src\ImageBuilder\test\New-AzImageBuilderTemplateDistributorObject.Tests.ps1" executed="True" result="Success" success="True" time="1.1775" asserts="0" description="D:\_code\3\azure-powershell\src\ImageBuilder\test\New-AzImageBuilderTemplateDistributorObject.Tests.ps1">
        <results>
          <test-suite type="TestFixture" name="New-AzImageBuilderDistributorObject" executed="True" result="Success" success="True" time="1.035" asserts="0" description="New-AzImageBuilderDistributorObject">
            <results>
              <test-case description="VhdDistributor" name="New-AzImageBuilderDistributorObject.VhdDistributor" time="0.2965" asserts="0" success="True" result="Success" executed="True" />
              <test-case description="ManagedImageDistributor" name="New-AzImageBuilderDistributorObject.ManagedImageDistributor" time="0.3057" asserts="0" success="True" result="Success" executed="True" />
              <test-case description="SharedImageDistributor" name="New-AzImageBuilderDistributorObject.SharedImageDistributor" time="0.2701" asserts="0" success="True" result="Success" executed="True" />
            </results>
          </test-suite>
        </results>
      </test-suite>
      <test-suite type="TestFixture" name="D:\_code\3\azure-powershell\src\ImageBuilder\test\New-AzImageBuilderTemplateSourceObject.Tests.ps1" executed="True" result="Success" success="True" time="1.3085" asserts="0" description="D:\_code\3\azure-powershell\src\ImageBuilder\test\New-AzImageBuilderTemplateSourceObject.Tests.ps1">
        <results>
          <test-suite type="TestFixture" name="New-AzImageBuilderTemplateSourceObject" executed="True" result="Success" success="True" time="1.0402" asserts="0" description="New-AzImageBuilderTemplateSourceObject">
            <results>
              <test-case description="PlatformImage" name="New-AzImageBuilderTemplateSourceObject.PlatformImage" time="0.3188" asserts="0" success="True" result="Success" executed="True" />
              <test-case description="ManagedImage" name="New-AzImageBuilderTemplateSourceObject.ManagedImage" time="0.3216" asserts="0" success="True" result="Success" executed="True" />
              <test-case description="SharedImageVersion" name="New-AzImageBuilderTemplateSourceObject.SharedImageVersion" time="0.2869" asserts="0" success="True" result="Success" executed="True" />
            </results>
          </test-suite>
        </results>
      </test-suite>
      <test-suite type="TestFixture" name="D:\_code\3\azure-powershell\src\ImageBuilder\test\New-AzImageBuilderTemplateValidatorObject.Tests.ps1" executed="True" result="Ignored" success="True" time="0.367" asserts="0" description="D:\_code\3\azure-powershell\src\ImageBuilder\test\New-AzImageBuilderTemplateValidatorObject.Tests.ps1">
        <results>
          <test-suite type="TestFixture" name="New-AzImageBuilderTemplateValidatorObject" executed="True" result="Ignored" success="True" time="0.0996" asserts="0" description="New-AzImageBuilderTemplateValidatorObject">
            <results>
              <test-case description="PowerShellValidator" name="New-AzImageBuilderTemplateValidatorObject.PowerShellValidator" time="0" asserts="0" success="True" result="Ignored" executed="False" />
              <test-case description="ShellValidator" name="New-AzImageBuilderTemplateValidatorObject.ShellValidator" time="0" asserts="0" success="True" result="Ignored" executed="False" />
            </results>
          </test-suite>
        </results>
      </test-suite>
      <test-suite type="TestFixture" name="D:\_code\3\azure-powershell\src\ImageBuilder\test\Remove-AzImageBuilderTemplate.Tests.ps1" executed="True" result="Failure" success="False" time="0.4345" asserts="0" description="D:\_code\3\azure-powershell\src\ImageBuilder\test\Remove-AzImageBuilderTemplate.Tests.ps1">
        <results>
          <test-suite type="TestFixture" name="Remove-AzImageBuilderTemplate" executed="True" result="Failure" success="False" time="0.2142" asserts="0" description="Remove-AzImageBuilderTemplate">
            <results>
              <test-case description="Delete" name="Remove-AzImageBuilderTemplate.Delete" time="0.0695" asserts="0" success="False" result="Failure" executed="True">
                <failure>
                  <message>Missing Request 'Remove-AzImageBuilderTemplate+[NoContext]+Delete+$DELETE+https://management.azure.com/subscriptions/0b1f6471-1bf0-4dda-aec3-cb9272f09590/resourceGroups/bez-rg-w819xn/providers/Microsoft.VirtualMachineImages/imageTemplates/bez-tmp-8i29ej?api-version=2022-07-01+1' in recording file (Parameter 'rqKey')</message>
                  <stack-trace>at &lt;ScriptBlock&gt;, D:\_code\3\azure-powershell\src\ImageBuilder\test\Remove-AzImageBuilderTemplate.Tests.ps1: line 16
16:         Remove-AzImageBuilderTemplate -Name $env.newTemplateName1 -ResourceGroupName $env.rg
</stack-trace>
                </failure>
              </test-case>
              <test-case description="DeleteViaIdentity" name="Remove-AzImageBuilderTemplate.DeleteViaIdentity" time="0.0304" asserts="0" success="False" result="Failure" executed="True">
                <failure>
                  <message>Missing Request 'Remove-AzImageBuilderTemplate+[NoContext]+DeleteViaIdentity+$GET+https://management.azure.com/subscriptions/0b1f6471-1bf0-4dda-aec3-cb9272f09590/resourceGroups/bez-rg-w819xn/providers/Microsoft.VirtualMachineImages/imageTemplates/bez-tmp-lx8yt9?api-version=2022-07-01+1' in recording file (Parameter 'rqKey')</message>
                  <stack-trace>at &lt;ScriptBlock&gt;, D:\_code\3\azure-powershell\src\ImageBuilder\test\Remove-AzImageBuilderTemplate.Tests.ps1: line 22
22:         $template2 =  Get-AzImageBuilderTemplate -Name $env.newTemplateName2 -ResourceGroupName $env.rg
</stack-trace>
                </failure>
              </test-case>
            </results>
          </test-suite>
        </results>
      </test-suite>
      <test-suite type="TestFixture" name="D:\_code\3\azure-powershell\src\ImageBuilder\test\Remove-AzImageBuilderTrigger.Tests.ps1" executed="True" result="Ignored" success="True" time="0.2812" asserts="0" description="D:\_code\3\azure-powershell\src\ImageBuilder\test\Remove-AzImageBuilderTrigger.Tests.ps1">
        <results>
          <test-suite type="TestFixture" name="Remove-AzImageBuilderTrigger" executed="True" result="Ignored" success="True" time="0.101" asserts="0" description="Remove-AzImageBuilderTrigger">
            <results>
              <test-case description="Delete" name="Remove-AzImageBuilderTrigger.Delete" time="0" asserts="0" success="True" result="Ignored" executed="False" />
              <test-case description="DeleteViaIdentity" name="Remove-AzImageBuilderTrigger.DeleteViaIdentity" time="0" asserts="0" success="True" result="Ignored" executed="False" />
            </results>
          </test-suite>
        </results>
      </test-suite>
      <test-suite type="TestFixture" name="D:\_code\3\azure-powershell\src\ImageBuilder\test\Start-AzImageBuilderTemplate.Tests.ps1" executed="True" result="Failure" success="False" time="0.5875" asserts="0" description="D:\_code\3\azure-powershell\src\ImageBuilder\test\Start-AzImageBuilderTemplate.Tests.ps1">
        <results>
          <test-suite type="TestFixture" name="Start-AzImageBuilderTemplate" executed="True" result="Failure" success="False" time="0.2673" asserts="0" description="Start-AzImageBuilderTemplate">
            <results>
              <test-case description="Run" name="Start-AzImageBuilderTemplate.Run" time="0.1102" asserts="0" success="False" result="Failure" executed="True">
                <failure>
                  <message>Missing Request 'Start-AzImageBuilderTemplate+[NoContext]+Run+$POST+https://management.azure.com/subscriptions/0b1f6471-1bf0-4dda-aec3-cb9272f09590/resourceGroups/bez-rg-w819xn/providers/Microsoft.VirtualMachineImages/imageTemplates/bez-tmp-f8tgd3/run?api-version=2022-07-01+1' in recording file (Parameter 'rqKey')</message>
                  <stack-trace>at &lt;ScriptBlock&gt;, D:\_code\3\azure-powershell\src\ImageBuilder\test\Start-AzImageBuilderTemplate.Tests.ps1: line 16
16:         Start-AzImageBuilderTemplate -Name $env.templateName -ResourceGroupName $env.rg
</stack-trace>
                </failure>
              </test-case>
              <test-case description="RunViaIdentity" name="Start-AzImageBuilderTemplate.RunViaIdentity" time="0" asserts="0" success="True" result="Ignored" executed="False" />
            </results>
          </test-suite>
        </results>
      </test-suite>
      <test-suite type="TestFixture" name="D:\_code\3\azure-powershell\src\ImageBuilder\test\Stop-AzImageBuilderTemplate.Tests.ps1" executed="True" result="Failure" success="False" time="0.346" asserts="0" description="D:\_code\3\azure-powershell\src\ImageBuilder\test\Stop-AzImageBuilderTemplate.Tests.ps1">
        <results>
          <test-suite type="TestFixture" name="Stop-AzImageBuilderTemplate" executed="True" result="Failure" success="False" time="0.1202" asserts="0" description="Stop-AzImageBuilderTemplate">
            <results>
              <test-case description="Cancel" name="Stop-AzImageBuilderTemplate.Cancel" time="0.0325" asserts="0" success="False" result="Failure" executed="True">
                <failure>
                  <message>Missing Request 'Stop-AzImageBuilderTemplate+[NoContext]+Cancel+$GET+https://management.azure.com/subscriptions/0b1f6471-1bf0-4dda-aec3-cb9272f09590/resourceGroups/bez-rg-w819xn/providers/Microsoft.VirtualMachineImages/imageTemplates/bez-tmp-f8tgd3?api-version=2022-07-01+1' in recording file (Parameter 'rqKey')</message>
                  <stack-trace>at &lt;ScriptBlock&gt;, D:\_code\3\azure-powershell\src\ImageBuilder\test\Stop-AzImageBuilderTemplate.Tests.ps1: line 16
16:         $template = Get-AzImageBuilderTemplate -Name $env.templateName -ResourceGroupName $env.rg
</stack-trace>
                </failure>
              </test-case>
              <test-case description="CancelViaIdentity" name="Stop-AzImageBuilderTemplate.CancelViaIdentity" time="0" asserts="0" success="True" result="Ignored" executed="False" />
            </results>
          </test-suite>
        </results>
      </test-suite>
    </results>
  </test-suite>
</test-results>