<?xml version="1.0" encoding="utf-8" standalone="no"?>
<test-results xmlns:xsi="http://www.w3.org/2001/XMLSchema-instance" xsi:noNamespaceSchemaLocation="nunit_schema_2.5.xsd" name="Pester" total="21" errors="0" failures="0" not-run="0" inconclusive="0" ignored="2" skipped="0" invalid="0" date="2021-08-03" time="06:32:45">
  <environment user="root" machine-name="aab49e8052d5" user-domain="" clr-version="Unknown" cwd="/src/src/DataBox" os-version="5.10.16.3-microsoft-standard-WSL2" platform="Linux" nunit-version="2.5.8.0" />
  <culture-info current-culture="en-US" current-uiculture="en-US" />
  <test-suite type="TestFixture" name="Pester" executed="True" result="Ignored" success="True" time="540.7154" asserts="0" description="Pester">
    <results>
      <test-suite type="TestFixture" name="/src/src/DataBox/test/Get-AzDataBoxJob.Tests.ps1" executed="True" result="Success" success="True" time="14.706" asserts="0" description="/src/src/DataBox/test/Get-AzDataBoxJob.Tests.ps1">
        <results>
          <test-suite type="TestFixture" name="Get-AzDataBoxJob" executed="True" result="Success" success="True" time="2.3093" asserts="0" description="Get-AzDataBoxJob">
            <results>
              <test-case description="Get" name="Get-AzDataBoxJob.Get" time="1.0745" asserts="0" success="True" result="Success" executed="True" />
            </results>
          </test-suite>
        </results>
      </test-suite>
      <test-suite type="TestFixture" name="/src/src/DataBox/test/Get-AzDataBoxJobCredential.Tests.ps1" executed="True" result="Ignored" success="True" time="10.1097" asserts="0" description="/src/src/DataBox/test/Get-AzDataBoxJobCredential.Tests.ps1">
        <results>
          <test-suite type="TestFixture" name="Get-AzDataBoxJobCredential" executed="True" result="Ignored" success="True" time="0.0492" asserts="0" description="Get-AzDataBoxJobCredential">
            <results>
              <test-case description="List" name="Get-AzDataBoxJobCredential.List" time="0" asserts="0" success="True" result="Ignored" executed="False" />
            </results>
          </test-suite>
        </results>
      </test-suite>
      <test-suite type="TestFixture" name="/src/src/DataBox/test/New-AzDataBoxContactDetailsObject.Tests.ps1" executed="True" result="Success" success="True" time="8.4252" asserts="0" description="/src/src/DataBox/test/New-AzDataBoxContactDetailsObject.Tests.ps1">
        <results>
          <test-suite type="TestFixture" name="New-AzDataBoxContactDetailsObject" executed="True" result="Success" success="True" time="0.0742" asserts="0" description="New-AzDataBoxContactDetailsObject">
            <results>
              <test-case description="Create contact object" name="New-AzDataBoxContactDetailsObject.Create contact object" time="0.0266" asserts="0" success="True" result="Success" executed="True" />
            </results>
          </test-suite>
        </results>
      </test-suite>
      <test-suite type="TestFixture" name="/src/src/DataBox/test/New-AzDataBoxDiskJobDetailsObject.Tests.ps1" executed="True" result="Success" success="True" time="8.3064" asserts="0" description="/src/src/DataBox/test/New-AzDataBoxDiskJobDetailsObject.Tests.ps1">
        <results>
          <test-suite type="TestFixture" name="New-AzDataBoxDiskJobDetailsObject" executed="True" result="Success" success="True" time="0.1771" asserts="0" description="New-AzDataBoxDiskJobDetailsObject">
            <results>
              <test-case description="__AllParameterSets" name="New-AzDataBoxDiskJobDetailsObject.__AllParameterSets" time="0.1331" asserts="0" success="True" result="Success" executed="True" />
            </results>
          </test-suite>
        </results>
      </test-suite>
      <test-suite type="TestFixture" name="/src/src/DataBox/test/New-AzDataBoxHeavyJobDetailsObject.Tests.ps1" executed="True" result="Success" success="True" time="8.7687" asserts="0" description="/src/src/DataBox/test/New-AzDataBoxHeavyJobDetailsObject.Tests.ps1">
        <results>
          <test-suite type="TestFixture" name="New-AzDataBoxHeavyJobDetailsObject" executed="True" result="Success" success="True" time="0.1008" asserts="0" description="New-AzDataBoxHeavyJobDetailsObject">
            <results>
              <test-case description="__AllParameterSets" name="New-AzDataBoxHeavyJobDetailsObject.__AllParameterSets" time="0.0604" asserts="0" success="True" result="Success" executed="True" />
            </results>
          </test-suite>
        </results>
      </test-suite>
      <test-suite type="TestFixture" name="/src/src/DataBox/test/New-AzDataBoxJob.Tests.ps1" executed="True" result="Success" success="True" time="192.6185" asserts="0" description="/src/src/DataBox/test/New-AzDataBoxJob.Tests.ps1">
        <results>
          <test-suite type="TestFixture" name="New-AzDataBoxJob" executed="True" result="Success" success="True" time="184.9556" asserts="0" description="New-AzDataBoxJob">
            <results>
              <test-case description="Import Job Test" name="New-AzDataBoxJob.Import Job Test" time="28.8344" asserts="0" success="True" result="Success" executed="True" />
              <test-case description="Import Job with managed disk" name="New-AzDataBoxJob.Import Job with managed disk" time="24.7365" asserts="0" success="True" result="Success" executed="True" />
              <test-case description="Export Job Test" name="New-AzDataBoxJob.Export Job Test" time="24.5514" asserts="0" success="True" result="Success" executed="True" />
              <test-case description="Import Job UAI Test" name="New-AzDataBoxJob.Import Job UAI Test" time="29.4638" asserts="0" success="True" result="Success" executed="True" />
              <test-case description="Schedule Job Test" name="New-AzDataBoxJob.Schedule Job Test" time="29.517" asserts="0" success="True" result="Success" executed="True" />
              <test-case description="Create databox heavy order" name="New-AzDataBoxJob.Create databox heavy order" time="23.9211" asserts="0" success="True" result="Success" executed="True" />
              <test-case description="Create disk order" name="New-AzDataBoxJob.Create disk order" time="23.708" asserts="0" success="True" result="Success" executed="True" />
            </results>
          </test-suite>
        </results>
      </test-suite>
      <test-suite type="TestFixture" name="/src/src/DataBox/test/New-AzDataBoxJobDetailsObject.Tests.ps1" executed="True" result="Success" success="True" time="8.8836" asserts="0" description="/src/src/DataBox/test/New-AzDataBoxJobDetailsObject.Tests.ps1">
        <results>
          <test-suite type="TestFixture" name="New-AzDataBoxJobDetailsObject" executed="True" result="Success" success="True" time="0.0761" asserts="0" description="New-AzDataBoxJobDetailsObject">
            <results>
              <test-case description="__AllParameterSets" name="New-AzDataBoxJobDetailsObject.__AllParameterSets" time="0.0261" asserts="0" success="True" result="Success" executed="True" />
            </results>
          </test-suite>
        </results>
      </test-suite>
      <test-suite type="TestFixture" name="/src/src/DataBox/test/New-AzDataBoxKeyEncryptionKeyObject.Tests.ps1" executed="True" result="Success" success="True" time="9.0118" asserts="0" description="/src/src/DataBox/test/New-AzDataBoxKeyEncryptionKeyObject.Tests.ps1">
        <results>
          <test-suite type="TestFixture" name="New-AzDataBoxKeyEncryptionKeyObject" executed="True" result="Success" success="True" time="0.0995" asserts="0" description="New-AzDataBoxKeyEncryptionKeyObject">
            <results>
              <test-case description="__AllParameterSets" name="New-AzDataBoxKeyEncryptionKeyObject.__AllParameterSets" time="0.0303" asserts="0" success="True" result="Success" executed="True" />
            </results>
          </test-suite>
        </results>
      </test-suite>
      <test-suite type="TestFixture" name="/src/src/DataBox/test/New-AzDataBoxManagedDiskDetailsObject.Tests.ps1" executed="True" result="Success" success="True" time="9.1336" asserts="0" description="/src/src/DataBox/test/New-AzDataBoxManagedDiskDetailsObject.Tests.ps1">
        <results>
          <test-suite type="TestFixture" name="New-AzDataBoxManagedDiskDetailsObject" executed="True" result="Success" success="True" time="0.0946" asserts="0" description="New-AzDataBoxManagedDiskDetailsObject">
            <results>
              <test-case description="__AllParameterSets" name="New-AzDataBoxManagedDiskDetailsObject.__AllParameterSets" time="0.0422" asserts="0" success="True" result="Success" executed="True" />
            </results>
          </test-suite>
        </results>
      </test-suite>
      <test-suite type="TestFixture" name="/src/src/DataBox/test/New-AzDataBoxShippingAddressObject.Tests.ps1" executed="True" result="Success" success="True" time="9.4697" asserts="0" description="/src/src/DataBox/test/New-AzDataBoxShippingAddressObject.Tests.ps1">
        <results>
          <test-suite type="TestFixture" name="New-AzDataBoxShippingAddressObject" executed="True" result="Success" success="True" time="0.1187" asserts="0" description="New-AzDataBoxShippingAddressObject">
            <results>
              <test-case description="__AllParameterSets" name="New-AzDataBoxShippingAddressObject.__AllParameterSets" time="0.0347" asserts="0" success="True" result="Success" executed="True" />
            </results>
          </test-suite>
        </results>
      </test-suite>
      <test-suite type="TestFixture" name="/src/src/DataBox/test/New-AzDataBoxStorageAccountDetailsObject.Tests.ps1" executed="True" result="Success" success="True" time="9.4633" asserts="0" description="/src/src/DataBox/test/New-AzDataBoxStorageAccountDetailsObject.Tests.ps1">
        <results>
          <test-suite type="TestFixture" name="New-AzDataBoxStorageAccountDetailsObject" executed="True" result="Success" success="True" time="0.0729" asserts="0" description="New-AzDataBoxStorageAccountDetailsObject">
            <results>
              <test-case description="__AllParameterSets" name="New-AzDataBoxStorageAccountDetailsObject.__AllParameterSets" time="0.0268" asserts="0" success="True" result="Success" executed="True" />
            </results>
          </test-suite>
        </results>
      </test-suite>
      <test-suite type="TestFixture" name="/src/src/DataBox/test/New-AzDataBoxTransferConfigurationObject.Tests.ps1" executed="True" result="Success" success="True" time="8.6408" asserts="0" description="/src/src/DataBox/test/New-AzDataBoxTransferConfigurationObject.Tests.ps1">
        <results>
          <test-suite type="TestFixture" name="New-AzDataBoxTransferConfigurationObject" executed="True" result="Success" success="True" time="0.0953" asserts="0" description="New-AzDataBoxTransferConfigurationObject">
            <results>
              <test-case description="__AllParameterSets" name="New-AzDataBoxTransferConfigurationObject.__AllParameterSets" time="0.0457" asserts="0" success="True" result="Success" executed="True" />
            </results>
          </test-suite>
        </results>
      </test-suite>
      <test-suite type="TestFixture" name="/src/src/DataBox/test/Quit-AzDataBoxJob.Tests.ps1" executed="True" result="Success" success="True" time="17.5553" asserts="0" description="/src/src/DataBox/test/Quit-AzDataBoxJob.Tests.ps1">
        <results>
          <test-suite type="TestFixture" name="Stop-AzDataBoxJob" executed="True" result="Success" success="True" time="7.9323" asserts="0" description="Stop-AzDataBoxJob">
            <results>
              <test-case description="CancelExpanded" name="Stop-AzDataBoxJob.CancelExpanded" time="7.8809" asserts="0" success="True" result="Success" executed="True" />
            </results>
          </test-suite>
        </results>
      </test-suite>
      <test-suite type="TestFixture" name="/src/src/DataBox/test/Remove-AzDataBoxJob.Tests.ps1" executed="True" result="Success" success="True" time="134.1057" asserts="0" description="/src/src/DataBox/test/Remove-AzDataBoxJob.Tests.ps1">
        <results>
          <test-suite type="TestFixture" name="Remove-AzDataBoxJob" executed="True" result="Success" success="True" time="125.8267" asserts="0" description="Remove-AzDataBoxJob">
            <results>
              <test-case description="Delete" name="Remove-AzDataBoxJob.Delete" time="125.7738" asserts="0" success="True" result="Success" executed="True" />
            </results>
          </test-suite>
        </results>
      </test-suite>
      <test-suite type="TestFixture" name="/src/src/DataBox/test/Update-AzDataBoxJob.Tests.ps1" executed="True" result="Success" success="True" time="82.373" asserts="0" description="/src/src/DataBox/test/Update-AzDataBoxJob.Tests.ps1">
        <results>
          <test-suite type="TestFixture" name="Update-AzDataBoxJob" executed="True" result="Success" success="True" time="73.205" asserts="0" description="Update-AzDataBoxJob">
            <results>
              <test-case description="Microsoft managed to customer managed system assigned" name="Update-AzDataBoxJob.Microsoft managed to customer managed system assigned" time="49.5299" asserts="0" success="True" result="Success" executed="True" />
              <test-case description="System assigned to user assigned" name="Update-AzDataBoxJob.System assigned to user assigned" time="23.573" asserts="0" success="True" result="Success" executed="True" />
            </results>
          </test-suite>
        </results>
      </test-suite>
    </results>
  </test-suite>
</test-results>