<?xml version="1.0" encoding="utf-8" standalone="no"?>
<test-results xmlns:xsi="http://www.w3.org/2001/XMLSchema-instance" xsi:noNamespaceSchemaLocation="nunit_schema_2.5.xsd" name="Pester" total="6" errors="0" failures="0" not-run="0" inconclusive="0" ignored="3" skipped="0" invalid="0" date="2020-06-15" time="08:37:39">
  <environment platform="Linux" cwd="/src/ConnectedKubernetes" user-domain="" os-version="4.19.76-linuxkit" user="root" nunit-version="2.5.8.0" machine-name="fe549a81fe32" clr-version="Unknown" />
  <culture-info current-culture="en-US" current-uiculture="en-US" />
  <test-suite type="TestFixture" name="Pester" executed="True" result="Ignored" success="True" time="4.9749" asserts="0" description="Pester">
    <results>
      <test-suite type="TestFixture" name="/src/ConnectedKubernetes/test/Get-AzConnectedKubernetes.Tests.ps1" executed="True" result="Success" success="True" time="4.258" asserts="0" description="/src/ConnectedKubernetes/test/Get-AzConnectedKubernetes.Tests.ps1">
        <results>
          <test-suite type="TestFixture" name="Get-AzConnectedKubernetes" executed="True" result="Success" success="True" time="0.4923" asserts="0" description="Get-AzConnectedKubernetes">
            <results>
              <test-case description="List1" name="Get-AzConnectedKubernetes.List1" time="0.1869" asserts="0" success="True" result="Success" executed="True" />
              <test-case description="List" name="Get-AzConnectedKubernetes.List" time="0.0201" asserts="0" success="True" result="Success" executed="True" />
              <test-case description="Get" name="Get-AzConnectedKubernetes.Get" time="0.0557" asserts="0" success="True" result="Success" executed="True" />
              <test-case description="GetViaIdentity" name="Get-AzConnectedKubernetes.GetViaIdentity" time="0.0465" asserts="0" success="True" result="Success" executed="True" />
            </results>
          </test-suite>
        </results>
      </test-suite>
      <test-suite type="TestFixture" name="/src/ConnectedKubernetes/test/New-AzConnectedKubernetes.Tests.ps1" executed="True" result="Ignored" success="True" time="0.2262" asserts="0" description="/src/ConnectedKubernetes/test/New-AzConnectedKubernetes.Tests.ps1">
        <results>
          <test-suite type="TestFixture" name="New-AzConnectedKubernetes" executed="True" result="Ignored" success="True" time="0.0231" asserts="0" description="New-AzConnectedKubernetes">
            <results>
              <test-case description="CreateExpanded" name="New-AzConnectedKubernetes.CreateExpanded" time="0" asserts="0" success="True" result="Ignored" executed="False" />
            </results>
          </test-suite>
        </results>
      </test-suite>
      <test-suite type="TestFixture" name="/src/ConnectedKubernetes/test/Remove-AzConnectedKubernetes.Tests.ps1" executed="True" result="Ignored" success="True" time="0.1996" asserts="0" description="/src/ConnectedKubernetes/test/Remove-AzConnectedKubernetes.Tests.ps1">
        <results>
          <test-suite type="TestFixture" name="Remove-AzConnectedKubernetes" executed="True" result="Ignored" success="True" time="0.0228" asserts="0" description="Remove-AzConnectedKubernetes">
            <results>
              <test-case description="Delete" name="Remove-AzConnectedKubernetes.Delete" time="0" asserts="0" success="True" result="Ignored" executed="False" />
              <test-case description="DeleteViaIdentity" name="Remove-AzConnectedKubernetes.DeleteViaIdentity" time="0" asserts="0" success="True" result="Ignored" executed="False" />
            </results>
          </test-suite>
        </results>
      </test-suite>
      <test-suite type="TestFixture" name="/src/ConnectedKubernetes/test/Update-AzConnectedKubernetes.Tests.ps1" executed="True" result="Success" success="True" time="0.2911" asserts="0" description="/src/ConnectedKubernetes/test/Update-AzConnectedKubernetes.Tests.ps1">
        <results>
          <test-suite type="TestFixture" name="Update-AzConnectedKubernetes" executed="True" result="Success" success="True" time="0.1141" asserts="0" description="Update-AzConnectedKubernetes">
            <results>
              <test-case description="UpdateExpanded" name="Update-AzConnectedKubernetes.UpdateExpanded" time="0.0618" asserts="0" success="True" result="Success" executed="True" />
              <test-case description="UpdateViaIdentityExpanded" name="Update-AzConnectedKubernetes.UpdateViaIdentityExpanded" time="0.0255" asserts="0" success="True" result="Success" executed="True" />
            </results>
          </test-suite>
        </results>
      </test-suite>
    </results>
  </test-suite>
</test-results>